[2025-07-30T14:36:05.920+0000] {processor.py:161} INFO - Started process (PID=199) to work on /opt/airflow/dags/bike_hour_dag.py
[2025-07-30T14:36:05.921+0000] {processor.py:830} INFO - Processing file /opt/airflow/dags/bike_hour_dag.py for tasks to queue
[2025-07-30T14:36:05.923+0000] {logging_mixin.py:188} INFO - [2025-07-30T14:36:05.923+0000] {dagbag.py:540} INFO - Filling up the DagBag from /opt/airflow/dags/bike_hour_dag.py
[2025-07-30T14:36:05.945+0000] {processor.py:840} INFO - DAG(s) 'bike_hour_pipeline' retrieved from /opt/airflow/dags/bike_hour_dag.py
[2025-07-30T14:36:05.960+0000] {logging_mixin.py:188} INFO - [2025-07-30T14:36:05.959+0000] {dag.py:3096} INFO - Sync 1 DAGs
[2025-07-30T14:36:05.986+0000] {logging_mixin.py:188} INFO - [2025-07-30T14:36:05.986+0000] {dag.py:3954} INFO - Setting next_dagrun for bike_hour_pipeline to 2025-07-30 00:00:00+00:00, run_after=2025-07-31 00:00:00+00:00
[2025-07-30T14:36:06.006+0000] {processor.py:183} INFO - Processing /opt/airflow/dags/bike_hour_dag.py took 0.091 seconds
[2025-07-30T14:36:36.896+0000] {processor.py:161} INFO - Started process (PID=234) to work on /opt/airflow/dags/bike_hour_dag.py
[2025-07-30T14:36:36.898+0000] {processor.py:830} INFO - Processing file /opt/airflow/dags/bike_hour_dag.py for tasks to queue
[2025-07-30T14:36:36.900+0000] {logging_mixin.py:188} INFO - [2025-07-30T14:36:36.900+0000] {dagbag.py:540} INFO - Filling up the DagBag from /opt/airflow/dags/bike_hour_dag.py
[2025-07-30T14:36:36.958+0000] {processor.py:840} INFO - DAG(s) 'bike_hour_pipeline' retrieved from /opt/airflow/dags/bike_hour_dag.py
[2025-07-30T14:36:37.286+0000] {logging_mixin.py:188} INFO - [2025-07-30T14:36:37.284+0000] {dag.py:3096} INFO - Sync 1 DAGs
[2025-07-30T14:36:37.342+0000] {logging_mixin.py:188} INFO - [2025-07-30T14:36:37.341+0000] {dag.py:3954} INFO - Setting next_dagrun for bike_hour_pipeline to 2025-07-30 00:00:00+00:00, run_after=2025-07-31 00:00:00+00:00
[2025-07-30T14:36:37.386+0000] {processor.py:183} INFO - Processing /opt/airflow/dags/bike_hour_dag.py took 0.500 seconds
[2025-07-30T14:37:08.072+0000] {processor.py:161} INFO - Started process (PID=269) to work on /opt/airflow/dags/bike_hour_dag.py
[2025-07-30T14:37:08.073+0000] {processor.py:830} INFO - Processing file /opt/airflow/dags/bike_hour_dag.py for tasks to queue
[2025-07-30T14:37:08.075+0000] {logging_mixin.py:188} INFO - [2025-07-30T14:37:08.074+0000] {dagbag.py:540} INFO - Filling up the DagBag from /opt/airflow/dags/bike_hour_dag.py
[2025-07-30T14:37:08.096+0000] {processor.py:840} INFO - DAG(s) 'bike_hour_pipeline' retrieved from /opt/airflow/dags/bike_hour_dag.py
[2025-07-30T14:37:08.126+0000] {logging_mixin.py:188} INFO - [2025-07-30T14:37:08.125+0000] {dag.py:3096} INFO - Sync 1 DAGs
[2025-07-30T14:37:08.148+0000] {logging_mixin.py:188} INFO - [2025-07-30T14:37:08.148+0000] {dag.py:3954} INFO - Setting next_dagrun for bike_hour_pipeline to 2025-07-30 00:00:00+00:00, run_after=2025-07-31 00:00:00+00:00
[2025-07-30T14:37:08.169+0000] {processor.py:183} INFO - Processing /opt/airflow/dags/bike_hour_dag.py took 0.103 seconds
[2025-07-30T14:37:38.465+0000] {processor.py:161} INFO - Started process (PID=304) to work on /opt/airflow/dags/bike_hour_dag.py
[2025-07-30T14:37:38.466+0000] {processor.py:830} INFO - Processing file /opt/airflow/dags/bike_hour_dag.py for tasks to queue
[2025-07-30T14:37:38.467+0000] {logging_mixin.py:188} INFO - [2025-07-30T14:37:38.467+0000] {dagbag.py:540} INFO - Filling up the DagBag from /opt/airflow/dags/bike_hour_dag.py
[2025-07-30T14:37:38.488+0000] {processor.py:840} INFO - DAG(s) 'bike_hour_pipeline' retrieved from /opt/airflow/dags/bike_hour_dag.py
[2025-07-30T14:37:38.518+0000] {logging_mixin.py:188} INFO - [2025-07-30T14:37:38.517+0000] {dag.py:3096} INFO - Sync 1 DAGs
[2025-07-30T14:37:38.542+0000] {logging_mixin.py:188} INFO - [2025-07-30T14:37:38.542+0000] {dag.py:3954} INFO - Setting next_dagrun for bike_hour_pipeline to 2025-07-30 00:00:00+00:00, run_after=2025-07-31 00:00:00+00:00
[2025-07-30T14:37:38.560+0000] {processor.py:183} INFO - Processing /opt/airflow/dags/bike_hour_dag.py took 0.101 seconds
[2025-07-30T14:38:08.686+0000] {processor.py:161} INFO - Started process (PID=339) to work on /opt/airflow/dags/bike_hour_dag.py
[2025-07-30T14:38:08.686+0000] {processor.py:830} INFO - Processing file /opt/airflow/dags/bike_hour_dag.py for tasks to queue
[2025-07-30T14:38:08.688+0000] {logging_mixin.py:188} INFO - [2025-07-30T14:38:08.688+0000] {dagbag.py:540} INFO - Filling up the DagBag from /opt/airflow/dags/bike_hour_dag.py
[2025-07-30T14:38:08.707+0000] {processor.py:840} INFO - DAG(s) 'bike_hour_pipeline' retrieved from /opt/airflow/dags/bike_hour_dag.py
[2025-07-30T14:38:08.733+0000] {logging_mixin.py:188} INFO - [2025-07-30T14:38:08.733+0000] {dag.py:3096} INFO - Sync 1 DAGs
[2025-07-30T14:38:08.754+0000] {logging_mixin.py:188} INFO - [2025-07-30T14:38:08.754+0000] {dag.py:3954} INFO - Setting next_dagrun for bike_hour_pipeline to 2025-07-30 00:00:00+00:00, run_after=2025-07-31 00:00:00+00:00
[2025-07-30T14:38:08.774+0000] {processor.py:183} INFO - Processing /opt/airflow/dags/bike_hour_dag.py took 0.093 seconds
[2025-07-30T14:38:39.120+0000] {processor.py:161} INFO - Started process (PID=374) to work on /opt/airflow/dags/bike_hour_dag.py
[2025-07-30T14:38:39.121+0000] {processor.py:830} INFO - Processing file /opt/airflow/dags/bike_hour_dag.py for tasks to queue
[2025-07-30T14:38:39.123+0000] {logging_mixin.py:188} INFO - [2025-07-30T14:38:39.123+0000] {dagbag.py:540} INFO - Filling up the DagBag from /opt/airflow/dags/bike_hour_dag.py
[2025-07-30T14:38:39.150+0000] {processor.py:840} INFO - DAG(s) 'bike_hour_pipeline' retrieved from /opt/airflow/dags/bike_hour_dag.py
[2025-07-30T14:38:39.176+0000] {logging_mixin.py:188} INFO - [2025-07-30T14:38:39.176+0000] {dag.py:3096} INFO - Sync 1 DAGs
[2025-07-30T14:38:39.199+0000] {logging_mixin.py:188} INFO - [2025-07-30T14:38:39.199+0000] {dag.py:3954} INFO - Setting next_dagrun for bike_hour_pipeline to 2025-07-30 00:00:00+00:00, run_after=2025-07-31 00:00:00+00:00
[2025-07-30T14:38:39.221+0000] {processor.py:183} INFO - Processing /opt/airflow/dags/bike_hour_dag.py took 0.107 seconds
[2025-07-30T14:39:09.489+0000] {processor.py:161} INFO - Started process (PID=409) to work on /opt/airflow/dags/bike_hour_dag.py
[2025-07-30T14:39:09.490+0000] {processor.py:830} INFO - Processing file /opt/airflow/dags/bike_hour_dag.py for tasks to queue
[2025-07-30T14:39:09.492+0000] {logging_mixin.py:188} INFO - [2025-07-30T14:39:09.491+0000] {dagbag.py:540} INFO - Filling up the DagBag from /opt/airflow/dags/bike_hour_dag.py
[2025-07-30T14:39:09.510+0000] {processor.py:840} INFO - DAG(s) 'bike_hour_pipeline' retrieved from /opt/airflow/dags/bike_hour_dag.py
[2025-07-30T14:39:09.535+0000] {logging_mixin.py:188} INFO - [2025-07-30T14:39:09.534+0000] {dag.py:3096} INFO - Sync 1 DAGs
[2025-07-30T14:39:09.554+0000] {logging_mixin.py:188} INFO - [2025-07-30T14:39:09.553+0000] {dag.py:3954} INFO - Setting next_dagrun for bike_hour_pipeline to 2025-07-30 00:00:00+00:00, run_after=2025-07-31 00:00:00+00:00
[2025-07-30T14:39:09.569+0000] {processor.py:183} INFO - Processing /opt/airflow/dags/bike_hour_dag.py took 0.084 seconds
[2025-07-30T14:39:39.701+0000] {processor.py:161} INFO - Started process (PID=446) to work on /opt/airflow/dags/bike_hour_dag.py
[2025-07-30T14:39:39.702+0000] {processor.py:830} INFO - Processing file /opt/airflow/dags/bike_hour_dag.py for tasks to queue
[2025-07-30T14:39:39.704+0000] {logging_mixin.py:188} INFO - [2025-07-30T14:39:39.704+0000] {dagbag.py:540} INFO - Filling up the DagBag from /opt/airflow/dags/bike_hour_dag.py
[2025-07-30T14:39:39.724+0000] {processor.py:840} INFO - DAG(s) 'bike_hour_pipeline' retrieved from /opt/airflow/dags/bike_hour_dag.py
[2025-07-30T14:39:39.747+0000] {logging_mixin.py:188} INFO - [2025-07-30T14:39:39.747+0000] {dag.py:3096} INFO - Sync 1 DAGs
[2025-07-30T14:39:39.764+0000] {logging_mixin.py:188} INFO - [2025-07-30T14:39:39.764+0000] {dag.py:3954} INFO - Setting next_dagrun for bike_hour_pipeline to 2025-07-30 00:00:00+00:00, run_after=2025-07-31 00:00:00+00:00
[2025-07-30T14:39:39.780+0000] {processor.py:183} INFO - Processing /opt/airflow/dags/bike_hour_dag.py took 0.085 seconds
[2025-07-30T14:40:11.874+0000] {processor.py:161} INFO - Started process (PID=479) to work on /opt/airflow/dags/bike_hour_dag.py
[2025-07-30T14:40:11.875+0000] {processor.py:830} INFO - Processing file /opt/airflow/dags/bike_hour_dag.py for tasks to queue
[2025-07-30T14:40:11.877+0000] {logging_mixin.py:188} INFO - [2025-07-30T14:40:11.877+0000] {dagbag.py:540} INFO - Filling up the DagBag from /opt/airflow/dags/bike_hour_dag.py
[2025-07-30T14:40:11.896+0000] {processor.py:840} INFO - DAG(s) 'bike_hour_pipeline' retrieved from /opt/airflow/dags/bike_hour_dag.py
[2025-07-30T14:40:11.920+0000] {logging_mixin.py:188} INFO - [2025-07-30T14:40:11.919+0000] {dag.py:3096} INFO - Sync 1 DAGs
[2025-07-30T14:40:11.939+0000] {logging_mixin.py:188} INFO - [2025-07-30T14:40:11.939+0000] {dag.py:3954} INFO - Setting next_dagrun for bike_hour_pipeline to 2025-07-30 00:00:00+00:00, run_after=2025-07-31 00:00:00+00:00
[2025-07-30T14:40:11.954+0000] {processor.py:183} INFO - Processing /opt/airflow/dags/bike_hour_dag.py took 0.084 seconds
[2025-07-30T14:40:44.920+0000] {processor.py:161} INFO - Started process (PID=514) to work on /opt/airflow/dags/bike_hour_dag.py
[2025-07-30T14:40:44.921+0000] {processor.py:830} INFO - Processing file /opt/airflow/dags/bike_hour_dag.py for tasks to queue
[2025-07-30T14:40:44.923+0000] {logging_mixin.py:188} INFO - [2025-07-30T14:40:44.923+0000] {dagbag.py:540} INFO - Filling up the DagBag from /opt/airflow/dags/bike_hour_dag.py
[2025-07-30T14:40:44.943+0000] {processor.py:840} INFO - DAG(s) 'bike_hour_pipeline' retrieved from /opt/airflow/dags/bike_hour_dag.py
[2025-07-30T14:40:44.968+0000] {logging_mixin.py:188} INFO - [2025-07-30T14:40:44.968+0000] {dag.py:3096} INFO - Sync 1 DAGs
[2025-07-30T14:40:44.996+0000] {logging_mixin.py:188} INFO - [2025-07-30T14:40:44.995+0000] {dag.py:3954} INFO - Setting next_dagrun for bike_hour_pipeline to 2025-07-30 00:00:00+00:00, run_after=2025-07-31 00:00:00+00:00
[2025-07-30T14:40:45.025+0000] {processor.py:183} INFO - Processing /opt/airflow/dags/bike_hour_dag.py took 0.110 seconds
[2025-07-30T14:44:12.427+0000] {processor.py:161} INFO - Started process (PID=200) to work on /opt/airflow/dags/bike_hour_dag.py
[2025-07-30T14:44:12.428+0000] {processor.py:830} INFO - Processing file /opt/airflow/dags/bike_hour_dag.py for tasks to queue
[2025-07-30T14:44:12.430+0000] {logging_mixin.py:188} INFO - [2025-07-30T14:44:12.430+0000] {dagbag.py:540} INFO - Filling up the DagBag from /opt/airflow/dags/bike_hour_dag.py
[2025-07-30T14:44:12.448+0000] {processor.py:840} INFO - DAG(s) 'bike_hour_pipeline' retrieved from /opt/airflow/dags/bike_hour_dag.py
[2025-07-30T14:44:12.463+0000] {logging_mixin.py:188} INFO - [2025-07-30T14:44:12.462+0000] {dag.py:3096} INFO - Sync 1 DAGs
[2025-07-30T14:44:12.487+0000] {logging_mixin.py:188} INFO - [2025-07-30T14:44:12.487+0000] {dag.py:3954} INFO - Setting next_dagrun for bike_hour_pipeline to 2025-07-30 00:00:00+00:00, run_after=2025-07-31 00:00:00+00:00
[2025-07-30T14:44:12.504+0000] {processor.py:183} INFO - Processing /opt/airflow/dags/bike_hour_dag.py took 0.081 seconds
[2025-07-30T14:44:42.798+0000] {processor.py:161} INFO - Started process (PID=235) to work on /opt/airflow/dags/bike_hour_dag.py
[2025-07-30T14:44:42.799+0000] {processor.py:830} INFO - Processing file /opt/airflow/dags/bike_hour_dag.py for tasks to queue
[2025-07-30T14:44:42.800+0000] {logging_mixin.py:188} INFO - [2025-07-30T14:44:42.800+0000] {dagbag.py:540} INFO - Filling up the DagBag from /opt/airflow/dags/bike_hour_dag.py
[2025-07-30T14:44:42.820+0000] {processor.py:840} INFO - DAG(s) 'bike_hour_pipeline' retrieved from /opt/airflow/dags/bike_hour_dag.py
[2025-07-30T14:44:42.917+0000] {logging_mixin.py:188} INFO - [2025-07-30T14:44:42.916+0000] {dag.py:3096} INFO - Sync 1 DAGs
[2025-07-30T14:44:42.934+0000] {logging_mixin.py:188} INFO - [2025-07-30T14:44:42.934+0000] {dag.py:3954} INFO - Setting next_dagrun for bike_hour_pipeline to 2025-07-30 00:00:00+00:00, run_after=2025-07-31 00:00:00+00:00
[2025-07-30T14:44:42.953+0000] {processor.py:183} INFO - Processing /opt/airflow/dags/bike_hour_dag.py took 0.160 seconds
[2025-07-30T14:45:13.114+0000] {processor.py:161} INFO - Started process (PID=270) to work on /opt/airflow/dags/bike_hour_dag.py
[2025-07-30T14:45:13.115+0000] {processor.py:830} INFO - Processing file /opt/airflow/dags/bike_hour_dag.py for tasks to queue
[2025-07-30T14:45:13.117+0000] {logging_mixin.py:188} INFO - [2025-07-30T14:45:13.117+0000] {dagbag.py:540} INFO - Filling up the DagBag from /opt/airflow/dags/bike_hour_dag.py
[2025-07-30T14:45:13.136+0000] {processor.py:840} INFO - DAG(s) 'bike_hour_pipeline' retrieved from /opt/airflow/dags/bike_hour_dag.py
[2025-07-30T14:45:13.162+0000] {logging_mixin.py:188} INFO - [2025-07-30T14:45:13.162+0000] {dag.py:3096} INFO - Sync 1 DAGs
[2025-07-30T14:45:13.188+0000] {logging_mixin.py:188} INFO - [2025-07-30T14:45:13.188+0000] {dag.py:3954} INFO - Setting next_dagrun for bike_hour_pipeline to 2025-07-30 00:00:00+00:00, run_after=2025-07-31 00:00:00+00:00
[2025-07-30T14:45:13.213+0000] {processor.py:183} INFO - Processing /opt/airflow/dags/bike_hour_dag.py took 0.104 seconds
[2025-07-30T14:45:43.471+0000] {processor.py:161} INFO - Started process (PID=307) to work on /opt/airflow/dags/bike_hour_dag.py
[2025-07-30T14:45:43.472+0000] {processor.py:830} INFO - Processing file /opt/airflow/dags/bike_hour_dag.py for tasks to queue
[2025-07-30T14:45:43.474+0000] {logging_mixin.py:188} INFO - [2025-07-30T14:45:43.474+0000] {dagbag.py:540} INFO - Filling up the DagBag from /opt/airflow/dags/bike_hour_dag.py
[2025-07-30T14:45:43.500+0000] {processor.py:840} INFO - DAG(s) 'bike_hour_pipeline' retrieved from /opt/airflow/dags/bike_hour_dag.py
[2025-07-30T14:45:43.525+0000] {logging_mixin.py:188} INFO - [2025-07-30T14:45:43.524+0000] {dag.py:3096} INFO - Sync 1 DAGs
[2025-07-30T14:45:43.544+0000] {logging_mixin.py:188} INFO - [2025-07-30T14:45:43.544+0000] {dag.py:3954} INFO - Setting next_dagrun for bike_hour_pipeline to 2025-07-30 00:00:00+00:00, run_after=2025-07-31 00:00:00+00:00
[2025-07-30T14:45:43.563+0000] {processor.py:183} INFO - Processing /opt/airflow/dags/bike_hour_dag.py took 0.099 seconds
[2025-07-30T14:46:13.713+0000] {processor.py:161} INFO - Started process (PID=340) to work on /opt/airflow/dags/bike_hour_dag.py
[2025-07-30T14:46:13.714+0000] {processor.py:830} INFO - Processing file /opt/airflow/dags/bike_hour_dag.py for tasks to queue
[2025-07-30T14:46:13.717+0000] {logging_mixin.py:188} INFO - [2025-07-30T14:46:13.716+0000] {dagbag.py:540} INFO - Filling up the DagBag from /opt/airflow/dags/bike_hour_dag.py
[2025-07-30T14:46:13.738+0000] {processor.py:840} INFO - DAG(s) 'bike_hour_pipeline' retrieved from /opt/airflow/dags/bike_hour_dag.py
[2025-07-30T14:46:13.765+0000] {logging_mixin.py:188} INFO - [2025-07-30T14:46:13.765+0000] {dag.py:3096} INFO - Sync 1 DAGs
[2025-07-30T14:46:13.785+0000] {logging_mixin.py:188} INFO - [2025-07-30T14:46:13.785+0000] {dag.py:3954} INFO - Setting next_dagrun for bike_hour_pipeline to 2025-07-30 00:00:00+00:00, run_after=2025-07-31 00:00:00+00:00
[2025-07-30T14:46:13.803+0000] {processor.py:183} INFO - Processing /opt/airflow/dags/bike_hour_dag.py took 0.095 seconds
[2025-07-30T14:46:46.075+0000] {processor.py:161} INFO - Started process (PID=375) to work on /opt/airflow/dags/bike_hour_dag.py
[2025-07-30T14:46:46.077+0000] {processor.py:830} INFO - Processing file /opt/airflow/dags/bike_hour_dag.py for tasks to queue
[2025-07-30T14:46:46.080+0000] {logging_mixin.py:188} INFO - [2025-07-30T14:46:46.079+0000] {dagbag.py:540} INFO - Filling up the DagBag from /opt/airflow/dags/bike_hour_dag.py
[2025-07-30T14:46:46.130+0000] {processor.py:840} INFO - DAG(s) 'bike_hour_pipeline' retrieved from /opt/airflow/dags/bike_hour_dag.py
[2025-07-30T14:46:46.205+0000] {logging_mixin.py:188} INFO - [2025-07-30T14:46:46.204+0000] {dag.py:3096} INFO - Sync 1 DAGs
[2025-07-30T14:46:46.381+0000] {logging_mixin.py:188} INFO - [2025-07-30T14:46:46.380+0000] {dag.py:3954} INFO - Setting next_dagrun for bike_hour_pipeline to 2025-07-30 00:00:00+00:00, run_after=2025-07-31 00:00:00+00:00
[2025-07-30T14:46:46.427+0000] {processor.py:183} INFO - Processing /opt/airflow/dags/bike_hour_dag.py took 0.364 seconds
[2025-07-30T14:47:20.335+0000] {processor.py:161} INFO - Started process (PID=201) to work on /opt/airflow/dags/bike_hour_dag.py
[2025-07-30T14:47:20.336+0000] {processor.py:830} INFO - Processing file /opt/airflow/dags/bike_hour_dag.py for tasks to queue
[2025-07-30T14:47:20.338+0000] {logging_mixin.py:188} INFO - [2025-07-30T14:47:20.338+0000] {dagbag.py:540} INFO - Filling up the DagBag from /opt/airflow/dags/bike_hour_dag.py
[2025-07-30T14:47:20.360+0000] {processor.py:840} INFO - DAG(s) 'bike_hour_pipeline' retrieved from /opt/airflow/dags/bike_hour_dag.py
[2025-07-30T14:47:20.381+0000] {logging_mixin.py:188} INFO - [2025-07-30T14:47:20.380+0000] {dag.py:3096} INFO - Sync 1 DAGs
[2025-07-30T14:47:20.421+0000] {logging_mixin.py:188} INFO - [2025-07-30T14:47:20.421+0000] {dag.py:3954} INFO - Setting next_dagrun for bike_hour_pipeline to 2025-07-30 00:00:00+00:00, run_after=2025-07-31 00:00:00+00:00
[2025-07-30T14:47:20.448+0000] {processor.py:183} INFO - Processing /opt/airflow/dags/bike_hour_dag.py took 0.119 seconds
[2025-07-30T14:47:50.821+0000] {processor.py:161} INFO - Started process (PID=236) to work on /opt/airflow/dags/bike_hour_dag.py
[2025-07-30T14:47:50.822+0000] {processor.py:830} INFO - Processing file /opt/airflow/dags/bike_hour_dag.py for tasks to queue
[2025-07-30T14:47:50.824+0000] {logging_mixin.py:188} INFO - [2025-07-30T14:47:50.824+0000] {dagbag.py:540} INFO - Filling up the DagBag from /opt/airflow/dags/bike_hour_dag.py
[2025-07-30T14:47:50.845+0000] {processor.py:840} INFO - DAG(s) 'bike_hour_pipeline' retrieved from /opt/airflow/dags/bike_hour_dag.py
[2025-07-30T14:47:50.940+0000] {logging_mixin.py:188} INFO - [2025-07-30T14:47:50.939+0000] {dag.py:3096} INFO - Sync 1 DAGs
[2025-07-30T14:47:50.958+0000] {logging_mixin.py:188} INFO - [2025-07-30T14:47:50.958+0000] {dag.py:3954} INFO - Setting next_dagrun for bike_hour_pipeline to 2025-07-30 00:00:00+00:00, run_after=2025-07-31 00:00:00+00:00
[2025-07-30T14:47:50.979+0000] {processor.py:183} INFO - Processing /opt/airflow/dags/bike_hour_dag.py took 0.163 seconds
[2025-07-30T14:48:21.075+0000] {processor.py:161} INFO - Started process (PID=271) to work on /opt/airflow/dags/bike_hour_dag.py
[2025-07-30T14:48:21.077+0000] {processor.py:830} INFO - Processing file /opt/airflow/dags/bike_hour_dag.py for tasks to queue
[2025-07-30T14:48:21.078+0000] {logging_mixin.py:188} INFO - [2025-07-30T14:48:21.078+0000] {dagbag.py:540} INFO - Filling up the DagBag from /opt/airflow/dags/bike_hour_dag.py
[2025-07-30T14:48:21.099+0000] {processor.py:840} INFO - DAG(s) 'bike_hour_pipeline' retrieved from /opt/airflow/dags/bike_hour_dag.py
[2025-07-30T14:48:21.122+0000] {logging_mixin.py:188} INFO - [2025-07-30T14:48:21.122+0000] {dag.py:3096} INFO - Sync 1 DAGs
[2025-07-30T14:48:21.140+0000] {logging_mixin.py:188} INFO - [2025-07-30T14:48:21.140+0000] {dag.py:3954} INFO - Setting next_dagrun for bike_hour_pipeline to 2025-07-30 00:00:00+00:00, run_after=2025-07-31 00:00:00+00:00
[2025-07-30T14:48:21.156+0000] {processor.py:183} INFO - Processing /opt/airflow/dags/bike_hour_dag.py took 0.086 seconds
[2025-07-30T14:48:51.354+0000] {processor.py:161} INFO - Started process (PID=306) to work on /opt/airflow/dags/bike_hour_dag.py
[2025-07-30T14:48:51.356+0000] {processor.py:830} INFO - Processing file /opt/airflow/dags/bike_hour_dag.py for tasks to queue
[2025-07-30T14:48:51.358+0000] {logging_mixin.py:188} INFO - [2025-07-30T14:48:51.358+0000] {dagbag.py:540} INFO - Filling up the DagBag from /opt/airflow/dags/bike_hour_dag.py
[2025-07-30T14:48:51.381+0000] {processor.py:840} INFO - DAG(s) 'bike_hour_pipeline' retrieved from /opt/airflow/dags/bike_hour_dag.py
[2025-07-30T14:48:51.406+0000] {logging_mixin.py:188} INFO - [2025-07-30T14:48:51.405+0000] {dag.py:3096} INFO - Sync 1 DAGs
[2025-07-30T14:48:51.428+0000] {logging_mixin.py:188} INFO - [2025-07-30T14:48:51.428+0000] {dag.py:3954} INFO - Setting next_dagrun for bike_hour_pipeline to 2025-07-30 00:00:00+00:00, run_after=2025-07-31 00:00:00+00:00
[2025-07-30T14:48:51.446+0000] {processor.py:183} INFO - Processing /opt/airflow/dags/bike_hour_dag.py took 0.097 seconds
[2025-07-30T14:49:23.905+0000] {processor.py:161} INFO - Started process (PID=341) to work on /opt/airflow/dags/bike_hour_dag.py
[2025-07-30T14:49:23.907+0000] {processor.py:830} INFO - Processing file /opt/airflow/dags/bike_hour_dag.py for tasks to queue
[2025-07-30T14:49:23.909+0000] {logging_mixin.py:188} INFO - [2025-07-30T14:49:23.909+0000] {dagbag.py:540} INFO - Filling up the DagBag from /opt/airflow/dags/bike_hour_dag.py
[2025-07-30T14:49:23.948+0000] {processor.py:840} INFO - DAG(s) 'bike_hour_pipeline' retrieved from /opt/airflow/dags/bike_hour_dag.py
[2025-07-30T14:49:23.973+0000] {logging_mixin.py:188} INFO - [2025-07-30T14:49:23.973+0000] {dag.py:3096} INFO - Sync 1 DAGs
[2025-07-30T14:49:23.997+0000] {logging_mixin.py:188} INFO - [2025-07-30T14:49:23.997+0000] {dag.py:3954} INFO - Setting next_dagrun for bike_hour_pipeline to 2025-07-30 00:00:00+00:00, run_after=2025-07-31 00:00:00+00:00
[2025-07-30T14:49:24.019+0000] {processor.py:183} INFO - Processing /opt/airflow/dags/bike_hour_dag.py took 0.120 seconds
[2025-07-30T14:49:56.437+0000] {processor.py:161} INFO - Started process (PID=378) to work on /opt/airflow/dags/bike_hour_dag.py
[2025-07-30T14:49:56.439+0000] {processor.py:830} INFO - Processing file /opt/airflow/dags/bike_hour_dag.py for tasks to queue
[2025-07-30T14:49:56.442+0000] {logging_mixin.py:188} INFO - [2025-07-30T14:49:56.442+0000] {dagbag.py:540} INFO - Filling up the DagBag from /opt/airflow/dags/bike_hour_dag.py
[2025-07-30T14:49:56.469+0000] {processor.py:840} INFO - DAG(s) 'bike_hour_pipeline' retrieved from /opt/airflow/dags/bike_hour_dag.py
[2025-07-30T14:49:56.497+0000] {logging_mixin.py:188} INFO - [2025-07-30T14:49:56.497+0000] {dag.py:3096} INFO - Sync 1 DAGs
[2025-07-30T14:49:56.526+0000] {logging_mixin.py:188} INFO - [2025-07-30T14:49:56.525+0000] {dag.py:3954} INFO - Setting next_dagrun for bike_hour_pipeline to 2025-07-30 00:00:00+00:00, run_after=2025-07-31 00:00:00+00:00
[2025-07-30T14:49:56.545+0000] {processor.py:183} INFO - Processing /opt/airflow/dags/bike_hour_dag.py took 0.114 seconds
[2025-07-30T14:50:28.633+0000] {processor.py:161} INFO - Started process (PID=411) to work on /opt/airflow/dags/bike_hour_dag.py
[2025-07-30T14:50:28.634+0000] {processor.py:830} INFO - Processing file /opt/airflow/dags/bike_hour_dag.py for tasks to queue
[2025-07-30T14:50:28.636+0000] {logging_mixin.py:188} INFO - [2025-07-30T14:50:28.635+0000] {dagbag.py:540} INFO - Filling up the DagBag from /opt/airflow/dags/bike_hour_dag.py
[2025-07-30T14:50:28.654+0000] {processor.py:840} INFO - DAG(s) 'bike_hour_pipeline' retrieved from /opt/airflow/dags/bike_hour_dag.py
[2025-07-30T14:50:28.679+0000] {logging_mixin.py:188} INFO - [2025-07-30T14:50:28.678+0000] {dag.py:3096} INFO - Sync 1 DAGs
[2025-07-30T14:50:28.699+0000] {logging_mixin.py:188} INFO - [2025-07-30T14:50:28.699+0000] {dag.py:3954} INFO - Setting next_dagrun for bike_hour_pipeline to 2025-07-30 00:00:00+00:00, run_after=2025-07-31 00:00:00+00:00
[2025-07-30T14:50:28.715+0000] {processor.py:183} INFO - Processing /opt/airflow/dags/bike_hour_dag.py took 0.087 seconds
[2025-07-30T14:51:00.982+0000] {processor.py:161} INFO - Started process (PID=448) to work on /opt/airflow/dags/bike_hour_dag.py
[2025-07-30T14:51:00.983+0000] {processor.py:830} INFO - Processing file /opt/airflow/dags/bike_hour_dag.py for tasks to queue
[2025-07-30T14:51:00.985+0000] {logging_mixin.py:188} INFO - [2025-07-30T14:51:00.985+0000] {dagbag.py:540} INFO - Filling up the DagBag from /opt/airflow/dags/bike_hour_dag.py
[2025-07-30T14:51:01.003+0000] {processor.py:840} INFO - DAG(s) 'bike_hour_pipeline' retrieved from /opt/airflow/dags/bike_hour_dag.py
[2025-07-30T14:51:01.026+0000] {logging_mixin.py:188} INFO - [2025-07-30T14:51:01.026+0000] {dag.py:3096} INFO - Sync 1 DAGs
[2025-07-30T14:51:01.042+0000] {logging_mixin.py:188} INFO - [2025-07-30T14:51:01.042+0000] {dag.py:3954} INFO - Setting next_dagrun for bike_hour_pipeline to 2025-07-30 00:00:00+00:00, run_after=2025-07-31 00:00:00+00:00
[2025-07-30T14:51:01.058+0000] {processor.py:183} INFO - Processing /opt/airflow/dags/bike_hour_dag.py took 0.082 seconds
[2025-07-30T14:51:39.045+0000] {processor.py:161} INFO - Started process (PID=201) to work on /opt/airflow/dags/bike_hour_dag.py
[2025-07-30T14:51:39.046+0000] {processor.py:830} INFO - Processing file /opt/airflow/dags/bike_hour_dag.py for tasks to queue
[2025-07-30T14:51:39.048+0000] {logging_mixin.py:188} INFO - [2025-07-30T14:51:39.048+0000] {dagbag.py:540} INFO - Filling up the DagBag from /opt/airflow/dags/bike_hour_dag.py
[2025-07-30T14:51:39.067+0000] {processor.py:840} INFO - DAG(s) 'bike_hour_pipeline' retrieved from /opt/airflow/dags/bike_hour_dag.py
[2025-07-30T14:51:39.083+0000] {logging_mixin.py:188} INFO - [2025-07-30T14:51:39.083+0000] {dag.py:3096} INFO - Sync 1 DAGs
[2025-07-30T14:51:39.120+0000] {logging_mixin.py:188} INFO - [2025-07-30T14:51:39.119+0000] {dag.py:3954} INFO - Setting next_dagrun for bike_hour_pipeline to 2025-07-30 00:00:00+00:00, run_after=2025-07-31 00:00:00+00:00
[2025-07-30T14:51:39.137+0000] {processor.py:183} INFO - Processing /opt/airflow/dags/bike_hour_dag.py took 0.097 seconds
[2025-07-30T14:52:09.747+0000] {processor.py:161} INFO - Started process (PID=238) to work on /opt/airflow/dags/bike_hour_dag.py
[2025-07-30T14:52:09.748+0000] {processor.py:830} INFO - Processing file /opt/airflow/dags/bike_hour_dag.py for tasks to queue
[2025-07-30T14:52:09.750+0000] {logging_mixin.py:188} INFO - [2025-07-30T14:52:09.750+0000] {dagbag.py:540} INFO - Filling up the DagBag from /opt/airflow/dags/bike_hour_dag.py
[2025-07-30T14:52:09.771+0000] {processor.py:840} INFO - DAG(s) 'bike_hour_pipeline' retrieved from /opt/airflow/dags/bike_hour_dag.py
[2025-07-30T14:52:09.853+0000] {logging_mixin.py:188} INFO - [2025-07-30T14:52:09.852+0000] {dag.py:3096} INFO - Sync 1 DAGs
[2025-07-30T14:52:09.869+0000] {logging_mixin.py:188} INFO - [2025-07-30T14:52:09.869+0000] {dag.py:3954} INFO - Setting next_dagrun for bike_hour_pipeline to 2025-07-30 00:00:00+00:00, run_after=2025-07-31 00:00:00+00:00
[2025-07-30T14:52:09.886+0000] {processor.py:183} INFO - Processing /opt/airflow/dags/bike_hour_dag.py took 0.147 seconds
[2025-07-30T14:52:40.086+0000] {processor.py:161} INFO - Started process (PID=337) to work on /opt/airflow/dags/bike_hour_dag.py
[2025-07-30T14:52:40.087+0000] {processor.py:830} INFO - Processing file /opt/airflow/dags/bike_hour_dag.py for tasks to queue
[2025-07-30T14:52:40.092+0000] {logging_mixin.py:188} INFO - [2025-07-30T14:52:40.091+0000] {dagbag.py:540} INFO - Filling up the DagBag from /opt/airflow/dags/bike_hour_dag.py
[2025-07-30T14:52:40.110+0000] {processor.py:840} INFO - DAG(s) 'bike_hour_pipeline' retrieved from /opt/airflow/dags/bike_hour_dag.py
[2025-07-30T14:52:40.187+0000] {logging_mixin.py:188} INFO - [2025-07-30T14:52:40.186+0000] {dag.py:3096} INFO - Sync 1 DAGs
[2025-07-30T14:52:40.194+0000] {logging_mixin.py:188} INFO - [2025-07-30T14:52:40.194+0000] {dag.py:3118} INFO - Creating ORM DAG for bike_hour_pipeline
[2025-07-30T14:52:40.203+0000] {logging_mixin.py:188} INFO - [2025-07-30T14:52:40.203+0000] {dag.py:3954} INFO - Setting next_dagrun for bike_hour_pipeline to 2025-07-29 00:00:00+00:00, run_after=2025-07-30 00:00:00+00:00
[2025-07-30T14:52:40.221+0000] {processor.py:183} INFO - Processing /opt/airflow/dags/bike_hour_dag.py took 0.142 seconds
[2025-07-30T14:54:12.765+0000] {processor.py:161} INFO - Started process (PID=200) to work on /opt/airflow/dags/bike_hour_dag.py
[2025-07-30T14:54:12.767+0000] {processor.py:830} INFO - Processing file /opt/airflow/dags/bike_hour_dag.py for tasks to queue
[2025-07-30T14:54:12.769+0000] {logging_mixin.py:188} INFO - [2025-07-30T14:54:12.769+0000] {dagbag.py:540} INFO - Filling up the DagBag from /opt/airflow/dags/bike_hour_dag.py
[2025-07-30T14:54:12.795+0000] {processor.py:840} INFO - DAG(s) 'bike_hour_pipeline' retrieved from /opt/airflow/dags/bike_hour_dag.py
[2025-07-30T14:54:12.809+0000] {logging_mixin.py:188} INFO - [2025-07-30T14:54:12.808+0000] {dag.py:3096} INFO - Sync 1 DAGs
[2025-07-30T14:54:12.843+0000] {logging_mixin.py:188} INFO - [2025-07-30T14:54:12.843+0000] {dag.py:3954} INFO - Setting next_dagrun for bike_hour_pipeline to 2025-07-29 00:00:00+00:00, run_after=2025-07-30 00:00:00+00:00
[2025-07-30T14:54:13.875+0000] {processor.py:183} INFO - Processing /opt/airflow/dags/bike_hour_dag.py took 0.103 seconds
[2025-07-30T14:54:44.246+0000] {processor.py:161} INFO - Started process (PID=237) to work on /opt/airflow/dags/bike_hour_dag.py
[2025-07-30T14:54:44.248+0000] {processor.py:830} INFO - Processing file /opt/airflow/dags/bike_hour_dag.py for tasks to queue
[2025-07-30T14:54:44.250+0000] {logging_mixin.py:188} INFO - [2025-07-30T14:54:44.250+0000] {dagbag.py:540} INFO - Filling up the DagBag from /opt/airflow/dags/bike_hour_dag.py
[2025-07-30T14:54:44.278+0000] {processor.py:840} INFO - DAG(s) 'bike_hour_pipeline' retrieved from /opt/airflow/dags/bike_hour_dag.py
[2025-07-30T14:54:44.362+0000] {logging_mixin.py:188} INFO - [2025-07-30T14:54:44.362+0000] {dag.py:3096} INFO - Sync 1 DAGs
[2025-07-30T14:54:44.381+0000] {logging_mixin.py:188} INFO - [2025-07-30T14:54:44.380+0000] {dag.py:3954} INFO - Setting next_dagrun for bike_hour_pipeline to 2025-07-29 00:00:00+00:00, run_after=2025-07-30 00:00:00+00:00
[2025-07-30T14:54:44.399+0000] {processor.py:183} INFO - Processing /opt/airflow/dags/bike_hour_dag.py took 0.158 seconds
[2025-07-30T14:55:14.492+0000] {processor.py:161} INFO - Started process (PID=272) to work on /opt/airflow/dags/bike_hour_dag.py
[2025-07-30T14:55:14.493+0000] {processor.py:830} INFO - Processing file /opt/airflow/dags/bike_hour_dag.py for tasks to queue
[2025-07-30T14:55:14.495+0000] {logging_mixin.py:188} INFO - [2025-07-30T14:55:14.495+0000] {dagbag.py:540} INFO - Filling up the DagBag from /opt/airflow/dags/bike_hour_dag.py
[2025-07-30T14:55:14.513+0000] {processor.py:840} INFO - DAG(s) 'bike_hour_pipeline' retrieved from /opt/airflow/dags/bike_hour_dag.py
[2025-07-30T14:55:14.536+0000] {logging_mixin.py:188} INFO - [2025-07-30T14:55:14.536+0000] {dag.py:3096} INFO - Sync 1 DAGs
[2025-07-30T14:55:14.553+0000] {logging_mixin.py:188} INFO - [2025-07-30T14:55:14.553+0000] {dag.py:3954} INFO - Setting next_dagrun for bike_hour_pipeline to 2025-07-29 00:00:00+00:00, run_after=2025-07-30 00:00:00+00:00
[2025-07-30T14:55:14.574+0000] {processor.py:183} INFO - Processing /opt/airflow/dags/bike_hour_dag.py took 0.087 seconds
[2025-07-30T14:55:44.799+0000] {processor.py:161} INFO - Started process (PID=307) to work on /opt/airflow/dags/bike_hour_dag.py
[2025-07-30T14:55:44.801+0000] {processor.py:830} INFO - Processing file /opt/airflow/dags/bike_hour_dag.py for tasks to queue
[2025-07-30T14:55:44.803+0000] {logging_mixin.py:188} INFO - [2025-07-30T14:55:44.803+0000] {dagbag.py:540} INFO - Filling up the DagBag from /opt/airflow/dags/bike_hour_dag.py
[2025-07-30T14:55:44.825+0000] {processor.py:840} INFO - DAG(s) 'bike_hour_pipeline' retrieved from /opt/airflow/dags/bike_hour_dag.py
[2025-07-30T14:55:44.849+0000] {logging_mixin.py:188} INFO - [2025-07-30T14:55:44.849+0000] {dag.py:3096} INFO - Sync 1 DAGs
[2025-07-30T14:55:44.865+0000] {logging_mixin.py:188} INFO - [2025-07-30T14:55:44.865+0000] {dag.py:3954} INFO - Setting next_dagrun for bike_hour_pipeline to 2025-07-29 00:00:00+00:00, run_after=2025-07-30 00:00:00+00:00
[2025-07-30T14:55:44.884+0000] {processor.py:183} INFO - Processing /opt/airflow/dags/bike_hour_dag.py took 0.092 seconds
[2025-07-30T14:56:15.169+0000] {processor.py:161} INFO - Started process (PID=342) to work on /opt/airflow/dags/bike_hour_dag.py
[2025-07-30T14:56:15.170+0000] {processor.py:830} INFO - Processing file /opt/airflow/dags/bike_hour_dag.py for tasks to queue
[2025-07-30T14:56:15.171+0000] {logging_mixin.py:188} INFO - [2025-07-30T14:56:15.171+0000] {dagbag.py:540} INFO - Filling up the DagBag from /opt/airflow/dags/bike_hour_dag.py
[2025-07-30T14:56:15.193+0000] {processor.py:840} INFO - DAG(s) 'bike_hour_pipeline' retrieved from /opt/airflow/dags/bike_hour_dag.py
[2025-07-30T14:56:15.215+0000] {logging_mixin.py:188} INFO - [2025-07-30T14:56:15.215+0000] {dag.py:3096} INFO - Sync 1 DAGs
[2025-07-30T14:56:15.232+0000] {logging_mixin.py:188} INFO - [2025-07-30T14:56:15.232+0000] {dag.py:3954} INFO - Setting next_dagrun for bike_hour_pipeline to 2025-07-29 00:00:00+00:00, run_after=2025-07-30 00:00:00+00:00
[2025-07-30T14:56:15.248+0000] {processor.py:183} INFO - Processing /opt/airflow/dags/bike_hour_dag.py took 0.084 seconds
[2025-07-30T14:56:45.471+0000] {processor.py:161} INFO - Started process (PID=382) to work on /opt/airflow/dags/bike_hour_dag.py
[2025-07-30T14:56:45.472+0000] {processor.py:830} INFO - Processing file /opt/airflow/dags/bike_hour_dag.py for tasks to queue
[2025-07-30T14:56:45.474+0000] {logging_mixin.py:188} INFO - [2025-07-30T14:56:45.473+0000] {dagbag.py:540} INFO - Filling up the DagBag from /opt/airflow/dags/bike_hour_dag.py
[2025-07-30T14:56:45.491+0000] {processor.py:840} INFO - DAG(s) 'bike_hour_pipeline' retrieved from /opt/airflow/dags/bike_hour_dag.py
[2025-07-30T14:56:45.514+0000] {logging_mixin.py:188} INFO - [2025-07-30T14:56:45.513+0000] {dag.py:3096} INFO - Sync 1 DAGs
[2025-07-30T14:56:45.530+0000] {logging_mixin.py:188} INFO - [2025-07-30T14:56:45.530+0000] {dag.py:3954} INFO - Setting next_dagrun for bike_hour_pipeline to 2025-07-29 00:00:00+00:00, run_after=2025-07-30 00:00:00+00:00
[2025-07-30T14:56:45.545+0000] {processor.py:183} INFO - Processing /opt/airflow/dags/bike_hour_dag.py took 0.079 seconds
[2025-07-30T14:57:15.699+0000] {processor.py:161} INFO - Started process (PID=417) to work on /opt/airflow/dags/bike_hour_dag.py
[2025-07-30T14:57:15.700+0000] {processor.py:830} INFO - Processing file /opt/airflow/dags/bike_hour_dag.py for tasks to queue
[2025-07-30T14:57:15.702+0000] {logging_mixin.py:188} INFO - [2025-07-30T14:57:15.702+0000] {dagbag.py:540} INFO - Filling up the DagBag from /opt/airflow/dags/bike_hour_dag.py
[2025-07-30T14:57:15.721+0000] {processor.py:840} INFO - DAG(s) 'bike_hour_pipeline' retrieved from /opt/airflow/dags/bike_hour_dag.py
[2025-07-30T14:57:15.745+0000] {logging_mixin.py:188} INFO - [2025-07-30T14:57:15.745+0000] {dag.py:3096} INFO - Sync 1 DAGs
[2025-07-30T14:57:15.763+0000] {logging_mixin.py:188} INFO - [2025-07-30T14:57:15.763+0000] {dag.py:3954} INFO - Setting next_dagrun for bike_hour_pipeline to 2025-07-29 00:00:00+00:00, run_after=2025-07-30 00:00:00+00:00
[2025-07-30T14:57:15.779+0000] {processor.py:183} INFO - Processing /opt/airflow/dags/bike_hour_dag.py took 0.088 seconds
[2025-07-30T14:57:49.400+0000] {processor.py:161} INFO - Started process (PID=200) to work on /opt/airflow/dags/bike_hour_dag.py
[2025-07-30T14:57:49.401+0000] {processor.py:830} INFO - Processing file /opt/airflow/dags/bike_hour_dag.py for tasks to queue
[2025-07-30T14:57:49.403+0000] {logging_mixin.py:188} INFO - [2025-07-30T14:57:49.403+0000] {dagbag.py:540} INFO - Filling up the DagBag from /opt/airflow/dags/bike_hour_dag.py
[2025-07-30T14:57:49.425+0000] {processor.py:840} INFO - DAG(s) 'bike_hour_pipeline' retrieved from /opt/airflow/dags/bike_hour_dag.py
[2025-07-30T14:57:49.440+0000] {logging_mixin.py:188} INFO - [2025-07-30T14:57:49.440+0000] {dag.py:3096} INFO - Sync 1 DAGs
[2025-07-30T14:57:49.472+0000] {logging_mixin.py:188} INFO - [2025-07-30T14:57:49.472+0000] {dag.py:3954} INFO - Setting next_dagrun for bike_hour_pipeline to 2025-07-29 00:00:00+00:00, run_after=2025-07-30 00:00:00+00:00
[2025-07-30T14:57:49.490+0000] {processor.py:183} INFO - Processing /opt/airflow/dags/bike_hour_dag.py took 0.096 seconds
[2025-07-30T14:58:20.027+0000] {processor.py:161} INFO - Started process (PID=237) to work on /opt/airflow/dags/bike_hour_dag.py
[2025-07-30T14:58:20.028+0000] {processor.py:830} INFO - Processing file /opt/airflow/dags/bike_hour_dag.py for tasks to queue
[2025-07-30T14:58:20.030+0000] {logging_mixin.py:188} INFO - [2025-07-30T14:58:20.030+0000] {dagbag.py:540} INFO - Filling up the DagBag from /opt/airflow/dags/bike_hour_dag.py
[2025-07-30T14:58:20.051+0000] {processor.py:840} INFO - DAG(s) 'bike_hour_pipeline' retrieved from /opt/airflow/dags/bike_hour_dag.py
[2025-07-30T14:58:20.154+0000] {logging_mixin.py:188} INFO - [2025-07-30T14:58:20.153+0000] {dag.py:3096} INFO - Sync 1 DAGs
[2025-07-30T14:58:20.172+0000] {logging_mixin.py:188} INFO - [2025-07-30T14:58:20.172+0000] {dag.py:3954} INFO - Setting next_dagrun for bike_hour_pipeline to 2025-07-29 00:00:00+00:00, run_after=2025-07-30 00:00:00+00:00
[2025-07-30T14:58:20.194+0000] {processor.py:183} INFO - Processing /opt/airflow/dags/bike_hour_dag.py took 0.173 seconds
[2025-07-30T14:58:50.350+0000] {processor.py:161} INFO - Started process (PID=272) to work on /opt/airflow/dags/bike_hour_dag.py
[2025-07-30T14:58:50.352+0000] {processor.py:830} INFO - Processing file /opt/airflow/dags/bike_hour_dag.py for tasks to queue
[2025-07-30T14:58:50.354+0000] {logging_mixin.py:188} INFO - [2025-07-30T14:58:50.353+0000] {dagbag.py:540} INFO - Filling up the DagBag from /opt/airflow/dags/bike_hour_dag.py
[2025-07-30T14:58:50.376+0000] {processor.py:840} INFO - DAG(s) 'bike_hour_pipeline' retrieved from /opt/airflow/dags/bike_hour_dag.py
[2025-07-30T14:58:50.401+0000] {logging_mixin.py:188} INFO - [2025-07-30T14:58:50.400+0000] {dag.py:3096} INFO - Sync 1 DAGs
[2025-07-30T14:58:50.419+0000] {logging_mixin.py:188} INFO - [2025-07-30T14:58:50.419+0000] {dag.py:3954} INFO - Setting next_dagrun for bike_hour_pipeline to 2025-07-29 00:00:00+00:00, run_after=2025-07-30 00:00:00+00:00
[2025-07-30T14:58:50.434+0000] {processor.py:183} INFO - Processing /opt/airflow/dags/bike_hour_dag.py took 0.089 seconds
[2025-07-30T14:59:21.145+0000] {processor.py:161} INFO - Started process (PID=320) to work on /opt/airflow/dags/bike_hour_dag.py
[2025-07-30T14:59:21.146+0000] {processor.py:830} INFO - Processing file /opt/airflow/dags/bike_hour_dag.py for tasks to queue
[2025-07-30T14:59:21.148+0000] {logging_mixin.py:188} INFO - [2025-07-30T14:59:21.148+0000] {dagbag.py:540} INFO - Filling up the DagBag from /opt/airflow/dags/bike_hour_dag.py
[2025-07-30T14:59:21.169+0000] {processor.py:840} INFO - DAG(s) 'bike_hour_pipeline' retrieved from /opt/airflow/dags/bike_hour_dag.py
[2025-07-30T14:59:21.192+0000] {logging_mixin.py:188} INFO - [2025-07-30T14:59:21.192+0000] {dag.py:3096} INFO - Sync 1 DAGs
[2025-07-30T14:59:21.212+0000] {logging_mixin.py:188} INFO - [2025-07-30T14:59:21.211+0000] {dag.py:3954} INFO - Setting next_dagrun for bike_hour_pipeline to 2025-07-29 00:00:00+00:00, run_after=2025-07-30 00:00:00+00:00
[2025-07-30T14:59:21.230+0000] {processor.py:183} INFO - Processing /opt/airflow/dags/bike_hour_dag.py took 0.090 seconds
[2025-07-30T14:59:52.060+0000] {processor.py:161} INFO - Started process (PID=378) to work on /opt/airflow/dags/bike_hour_dag.py
[2025-07-30T14:59:52.061+0000] {processor.py:830} INFO - Processing file /opt/airflow/dags/bike_hour_dag.py for tasks to queue
[2025-07-30T14:59:52.063+0000] {logging_mixin.py:188} INFO - [2025-07-30T14:59:52.063+0000] {dagbag.py:540} INFO - Filling up the DagBag from /opt/airflow/dags/bike_hour_dag.py
[2025-07-30T14:59:52.090+0000] {processor.py:840} INFO - DAG(s) 'bike_hour_pipeline' retrieved from /opt/airflow/dags/bike_hour_dag.py
[2025-07-30T14:59:52.121+0000] {logging_mixin.py:188} INFO - [2025-07-30T14:59:52.120+0000] {dag.py:3096} INFO - Sync 1 DAGs
[2025-07-30T14:59:52.145+0000] {logging_mixin.py:188} INFO - [2025-07-30T14:59:52.145+0000] {dag.py:3954} INFO - Setting next_dagrun for bike_hour_pipeline to 2025-07-29 00:00:00+00:00, run_after=2025-07-30 00:00:00+00:00
[2025-07-30T14:59:52.163+0000] {processor.py:183} INFO - Processing /opt/airflow/dags/bike_hour_dag.py took 0.108 seconds
[2025-07-30T15:00:22.736+0000] {processor.py:161} INFO - Started process (PID=430) to work on /opt/airflow/dags/bike_hour_dag.py
[2025-07-30T15:00:22.740+0000] {processor.py:830} INFO - Processing file /opt/airflow/dags/bike_hour_dag.py for tasks to queue
[2025-07-30T15:00:22.749+0000] {logging_mixin.py:188} INFO - [2025-07-30T15:00:22.747+0000] {dagbag.py:540} INFO - Filling up the DagBag from /opt/airflow/dags/bike_hour_dag.py
[2025-07-30T15:00:22.831+0000] {processor.py:840} INFO - DAG(s) 'bike_hour_pipeline' retrieved from /opt/airflow/dags/bike_hour_dag.py
[2025-07-30T15:00:22.899+0000] {logging_mixin.py:188} INFO - [2025-07-30T15:00:22.898+0000] {dag.py:3096} INFO - Sync 1 DAGs
[2025-07-30T15:00:22.935+0000] {logging_mixin.py:188} INFO - [2025-07-30T15:00:22.934+0000] {dag.py:3954} INFO - Setting next_dagrun for bike_hour_pipeline to 2025-07-29 00:00:00+00:00, run_after=2025-07-30 00:00:00+00:00
[2025-07-30T15:00:23.006+0000] {processor.py:183} INFO - Processing /opt/airflow/dags/bike_hour_dag.py took 0.304 seconds
[2025-07-30T15:00:53.782+0000] {processor.py:161} INFO - Started process (PID=480) to work on /opt/airflow/dags/bike_hour_dag.py
[2025-07-30T15:00:53.783+0000] {processor.py:830} INFO - Processing file /opt/airflow/dags/bike_hour_dag.py for tasks to queue
[2025-07-30T15:00:53.785+0000] {logging_mixin.py:188} INFO - [2025-07-30T15:00:53.785+0000] {dagbag.py:540} INFO - Filling up the DagBag from /opt/airflow/dags/bike_hour_dag.py
[2025-07-30T15:00:53.804+0000] {processor.py:840} INFO - DAG(s) 'bike_hour_pipeline' retrieved from /opt/airflow/dags/bike_hour_dag.py
[2025-07-30T15:00:53.870+0000] {logging_mixin.py:188} INFO - [2025-07-30T15:00:53.869+0000] {dag.py:3096} INFO - Sync 1 DAGs
[2025-07-30T15:00:53.907+0000] {logging_mixin.py:188} INFO - [2025-07-30T15:00:53.906+0000] {dag.py:3954} INFO - Setting next_dagrun for bike_hour_pipeline to 2025-07-29 00:00:00+00:00, run_after=2025-07-30 00:00:00+00:00
[2025-07-30T15:00:53.937+0000] {processor.py:183} INFO - Processing /opt/airflow/dags/bike_hour_dag.py took 0.160 seconds
[2025-07-30T15:01:24.235+0000] {processor.py:161} INFO - Started process (PID=515) to work on /opt/airflow/dags/bike_hour_dag.py
[2025-07-30T15:01:24.236+0000] {processor.py:830} INFO - Processing file /opt/airflow/dags/bike_hour_dag.py for tasks to queue
[2025-07-30T15:01:24.238+0000] {logging_mixin.py:188} INFO - [2025-07-30T15:01:24.238+0000] {dagbag.py:540} INFO - Filling up the DagBag from /opt/airflow/dags/bike_hour_dag.py
[2025-07-30T15:01:24.260+0000] {processor.py:840} INFO - DAG(s) 'bike_hour_pipeline' retrieved from /opt/airflow/dags/bike_hour_dag.py
[2025-07-30T15:01:24.291+0000] {logging_mixin.py:188} INFO - [2025-07-30T15:01:24.290+0000] {dag.py:3096} INFO - Sync 1 DAGs
[2025-07-30T15:01:24.313+0000] {logging_mixin.py:188} INFO - [2025-07-30T15:01:24.313+0000] {dag.py:3954} INFO - Setting next_dagrun for bike_hour_pipeline to 2025-07-29 00:00:00+00:00, run_after=2025-07-30 00:00:00+00:00
[2025-07-30T15:01:24.346+0000] {processor.py:183} INFO - Processing /opt/airflow/dags/bike_hour_dag.py took 0.115 seconds
[2025-07-30T15:01:54.441+0000] {processor.py:161} INFO - Started process (PID=550) to work on /opt/airflow/dags/bike_hour_dag.py
[2025-07-30T15:01:54.442+0000] {processor.py:830} INFO - Processing file /opt/airflow/dags/bike_hour_dag.py for tasks to queue
[2025-07-30T15:01:54.444+0000] {logging_mixin.py:188} INFO - [2025-07-30T15:01:54.444+0000] {dagbag.py:540} INFO - Filling up the DagBag from /opt/airflow/dags/bike_hour_dag.py
[2025-07-30T15:01:54.462+0000] {processor.py:840} INFO - DAG(s) 'bike_hour_pipeline' retrieved from /opt/airflow/dags/bike_hour_dag.py
[2025-07-30T15:01:54.482+0000] {logging_mixin.py:188} INFO - [2025-07-30T15:01:54.482+0000] {dag.py:3096} INFO - Sync 1 DAGs
[2025-07-30T15:01:54.500+0000] {logging_mixin.py:188} INFO - [2025-07-30T15:01:54.499+0000] {dag.py:3954} INFO - Setting next_dagrun for bike_hour_pipeline to 2025-07-29 00:00:00+00:00, run_after=2025-07-30 00:00:00+00:00
[2025-07-30T15:01:54.516+0000] {processor.py:183} INFO - Processing /opt/airflow/dags/bike_hour_dag.py took 0.080 seconds
[2025-07-30T15:02:24.775+0000] {processor.py:161} INFO - Started process (PID=585) to work on /opt/airflow/dags/bike_hour_dag.py
[2025-07-30T15:02:24.777+0000] {processor.py:830} INFO - Processing file /opt/airflow/dags/bike_hour_dag.py for tasks to queue
[2025-07-30T15:02:24.779+0000] {logging_mixin.py:188} INFO - [2025-07-30T15:02:24.778+0000] {dagbag.py:540} INFO - Filling up the DagBag from /opt/airflow/dags/bike_hour_dag.py
[2025-07-30T15:02:24.802+0000] {processor.py:840} INFO - DAG(s) 'bike_hour_pipeline' retrieved from /opt/airflow/dags/bike_hour_dag.py
[2025-07-30T15:02:24.830+0000] {logging_mixin.py:188} INFO - [2025-07-30T15:02:24.829+0000] {dag.py:3096} INFO - Sync 1 DAGs
[2025-07-30T15:02:24.848+0000] {logging_mixin.py:188} INFO - [2025-07-30T15:02:24.848+0000] {dag.py:3954} INFO - Setting next_dagrun for bike_hour_pipeline to 2025-07-29 00:00:00+00:00, run_after=2025-07-30 00:00:00+00:00
[2025-07-30T15:02:24.868+0000] {processor.py:183} INFO - Processing /opt/airflow/dags/bike_hour_dag.py took 0.097 seconds
[2025-07-30T15:02:56.301+0000] {processor.py:161} INFO - Started process (PID=620) to work on /opt/airflow/dags/bike_hour_dag.py
[2025-07-30T15:02:56.302+0000] {processor.py:830} INFO - Processing file /opt/airflow/dags/bike_hour_dag.py for tasks to queue
[2025-07-30T15:02:56.305+0000] {logging_mixin.py:188} INFO - [2025-07-30T15:02:56.305+0000] {dagbag.py:540} INFO - Filling up the DagBag from /opt/airflow/dags/bike_hour_dag.py
[2025-07-30T15:02:56.328+0000] {processor.py:840} INFO - DAG(s) 'bike_hour_pipeline' retrieved from /opt/airflow/dags/bike_hour_dag.py
[2025-07-30T15:02:56.352+0000] {logging_mixin.py:188} INFO - [2025-07-30T15:02:56.352+0000] {dag.py:3096} INFO - Sync 1 DAGs
[2025-07-30T15:02:56.372+0000] {logging_mixin.py:188} INFO - [2025-07-30T15:02:56.372+0000] {dag.py:3954} INFO - Setting next_dagrun for bike_hour_pipeline to 2025-07-29 00:00:00+00:00, run_after=2025-07-30 00:00:00+00:00
[2025-07-30T15:02:56.389+0000] {processor.py:183} INFO - Processing /opt/airflow/dags/bike_hour_dag.py took 0.094 seconds
[2025-07-30T15:03:28.402+0000] {processor.py:161} INFO - Started process (PID=655) to work on /opt/airflow/dags/bike_hour_dag.py
[2025-07-30T15:03:28.403+0000] {processor.py:830} INFO - Processing file /opt/airflow/dags/bike_hour_dag.py for tasks to queue
[2025-07-30T15:03:28.406+0000] {logging_mixin.py:188} INFO - [2025-07-30T15:03:28.405+0000] {dagbag.py:540} INFO - Filling up the DagBag from /opt/airflow/dags/bike_hour_dag.py
[2025-07-30T15:03:28.426+0000] {processor.py:840} INFO - DAG(s) 'bike_hour_pipeline' retrieved from /opt/airflow/dags/bike_hour_dag.py
[2025-07-30T15:03:28.451+0000] {logging_mixin.py:188} INFO - [2025-07-30T15:03:28.451+0000] {dag.py:3096} INFO - Sync 1 DAGs
[2025-07-30T15:03:28.470+0000] {logging_mixin.py:188} INFO - [2025-07-30T15:03:28.469+0000] {dag.py:3954} INFO - Setting next_dagrun for bike_hour_pipeline to 2025-07-29 00:00:00+00:00, run_after=2025-07-30 00:00:00+00:00
[2025-07-30T15:03:28.488+0000] {processor.py:183} INFO - Processing /opt/airflow/dags/bike_hour_dag.py took 0.092 seconds
[2025-07-30T15:04:00.572+0000] {processor.py:161} INFO - Started process (PID=703) to work on /opt/airflow/dags/bike_hour_dag.py
[2025-07-30T15:04:00.573+0000] {processor.py:830} INFO - Processing file /opt/airflow/dags/bike_hour_dag.py for tasks to queue
[2025-07-30T15:04:00.575+0000] {logging_mixin.py:188} INFO - [2025-07-30T15:04:00.575+0000] {dagbag.py:540} INFO - Filling up the DagBag from /opt/airflow/dags/bike_hour_dag.py
[2025-07-30T15:04:00.596+0000] {processor.py:840} INFO - DAG(s) 'bike_hour_pipeline' retrieved from /opt/airflow/dags/bike_hour_dag.py
[2025-07-30T15:04:00.633+0000] {logging_mixin.py:188} INFO - [2025-07-30T15:04:00.632+0000] {dag.py:3096} INFO - Sync 1 DAGs
[2025-07-30T15:04:00.663+0000] {logging_mixin.py:188} INFO - [2025-07-30T15:04:00.662+0000] {dag.py:3954} INFO - Setting next_dagrun for bike_hour_pipeline to 2025-07-29 00:00:00+00:00, run_after=2025-07-30 00:00:00+00:00
[2025-07-30T15:04:00.705+0000] {processor.py:183} INFO - Processing /opt/airflow/dags/bike_hour_dag.py took 0.139 seconds
[2025-07-30T15:04:31.332+0000] {processor.py:161} INFO - Started process (PID=738) to work on /opt/airflow/dags/bike_hour_dag.py
[2025-07-30T15:04:31.333+0000] {processor.py:830} INFO - Processing file /opt/airflow/dags/bike_hour_dag.py for tasks to queue
[2025-07-30T15:04:31.334+0000] {logging_mixin.py:188} INFO - [2025-07-30T15:04:31.334+0000] {dagbag.py:540} INFO - Filling up the DagBag from /opt/airflow/dags/bike_hour_dag.py
[2025-07-30T15:04:31.354+0000] {processor.py:840} INFO - DAG(s) 'bike_hour_pipeline' retrieved from /opt/airflow/dags/bike_hour_dag.py
[2025-07-30T15:04:31.378+0000] {logging_mixin.py:188} INFO - [2025-07-30T15:04:31.378+0000] {dag.py:3096} INFO - Sync 1 DAGs
[2025-07-30T15:04:31.403+0000] {logging_mixin.py:188} INFO - [2025-07-30T15:04:31.402+0000] {dag.py:3954} INFO - Setting next_dagrun for bike_hour_pipeline to 2025-07-29 00:00:00+00:00, run_after=2025-07-30 00:00:00+00:00
[2025-07-30T15:04:31.420+0000] {processor.py:183} INFO - Processing /opt/airflow/dags/bike_hour_dag.py took 0.094 seconds
[2025-07-30T15:05:08.371+0000] {processor.py:161} INFO - Started process (PID=202) to work on /opt/airflow/dags/bike_hour_dag.py
[2025-07-30T15:05:08.373+0000] {processor.py:830} INFO - Processing file /opt/airflow/dags/bike_hour_dag.py for tasks to queue
[2025-07-30T15:05:08.375+0000] {logging_mixin.py:188} INFO - [2025-07-30T15:05:08.375+0000] {dagbag.py:540} INFO - Filling up the DagBag from /opt/airflow/dags/bike_hour_dag.py
[2025-07-30T15:05:08.396+0000] {processor.py:840} INFO - DAG(s) 'bike_hour_pipeline' retrieved from /opt/airflow/dags/bike_hour_dag.py
[2025-07-30T15:05:08.410+0000] {logging_mixin.py:188} INFO - [2025-07-30T15:05:08.409+0000] {dag.py:3096} INFO - Sync 1 DAGs
[2025-07-30T15:05:08.431+0000] {logging_mixin.py:188} INFO - [2025-07-30T15:05:08.431+0000] {dag.py:3954} INFO - Setting next_dagrun for bike_hour_pipeline to 2025-07-29 00:00:00+00:00, run_after=2025-07-30 00:00:00+00:00
[2025-07-30T15:05:08.451+0000] {processor.py:183} INFO - Processing /opt/airflow/dags/bike_hour_dag.py took 0.084 seconds
[2025-07-30T15:05:38.803+0000] {processor.py:161} INFO - Started process (PID=252) to work on /opt/airflow/dags/bike_hour_dag.py
[2025-07-30T15:05:38.804+0000] {processor.py:830} INFO - Processing file /opt/airflow/dags/bike_hour_dag.py for tasks to queue
[2025-07-30T15:05:38.806+0000] {logging_mixin.py:188} INFO - [2025-07-30T15:05:38.806+0000] {dagbag.py:540} INFO - Filling up the DagBag from /opt/airflow/dags/bike_hour_dag.py
[2025-07-30T15:05:38.824+0000] {processor.py:840} INFO - DAG(s) 'bike_hour_pipeline' retrieved from /opt/airflow/dags/bike_hour_dag.py
[2025-07-30T15:05:38.903+0000] {logging_mixin.py:188} INFO - [2025-07-30T15:05:38.903+0000] {dag.py:3096} INFO - Sync 1 DAGs
[2025-07-30T15:05:38.919+0000] {logging_mixin.py:188} INFO - [2025-07-30T15:05:38.918+0000] {dag.py:3954} INFO - Setting next_dagrun for bike_hour_pipeline to 2025-07-29 00:00:00+00:00, run_after=2025-07-30 00:00:00+00:00
[2025-07-30T15:05:38.935+0000] {processor.py:183} INFO - Processing /opt/airflow/dags/bike_hour_dag.py took 0.137 seconds
[2025-07-30T15:06:09.554+0000] {processor.py:161} INFO - Started process (PID=287) to work on /opt/airflow/dags/bike_hour_dag.py
[2025-07-30T15:06:09.555+0000] {processor.py:830} INFO - Processing file /opt/airflow/dags/bike_hour_dag.py for tasks to queue
[2025-07-30T15:06:09.560+0000] {logging_mixin.py:188} INFO - [2025-07-30T15:06:09.560+0000] {dagbag.py:540} INFO - Filling up the DagBag from /opt/airflow/dags/bike_hour_dag.py
[2025-07-30T15:06:09.582+0000] {processor.py:840} INFO - DAG(s) 'bike_hour_pipeline' retrieved from /opt/airflow/dags/bike_hour_dag.py
[2025-07-30T15:06:09.604+0000] {logging_mixin.py:188} INFO - [2025-07-30T15:06:09.604+0000] {dag.py:3096} INFO - Sync 1 DAGs
[2025-07-30T15:06:09.620+0000] {logging_mixin.py:188} INFO - [2025-07-30T15:06:09.620+0000] {dag.py:3954} INFO - Setting next_dagrun for bike_hour_pipeline to 2025-07-29 00:00:00+00:00, run_after=2025-07-30 00:00:00+00:00
[2025-07-30T15:06:09.637+0000] {processor.py:183} INFO - Processing /opt/airflow/dags/bike_hour_dag.py took 0.089 seconds
[2025-07-30T15:06:42.904+0000] {processor.py:161} INFO - Started process (PID=335) to work on /opt/airflow/dags/bike_hour_dag.py
[2025-07-30T15:06:42.905+0000] {processor.py:830} INFO - Processing file /opt/airflow/dags/bike_hour_dag.py for tasks to queue
[2025-07-30T15:06:42.907+0000] {logging_mixin.py:188} INFO - [2025-07-30T15:06:42.907+0000] {dagbag.py:540} INFO - Filling up the DagBag from /opt/airflow/dags/bike_hour_dag.py
[2025-07-30T15:06:42.927+0000] {processor.py:840} INFO - DAG(s) 'bike_hour_pipeline' retrieved from /opt/airflow/dags/bike_hour_dag.py
[2025-07-30T15:06:42.950+0000] {logging_mixin.py:188} INFO - [2025-07-30T15:06:42.950+0000] {dag.py:3096} INFO - Sync 1 DAGs
[2025-07-30T15:06:42.970+0000] {logging_mixin.py:188} INFO - [2025-07-30T15:06:42.970+0000] {dag.py:3954} INFO - Setting next_dagrun for bike_hour_pipeline to 2025-07-29 00:00:00+00:00, run_after=2025-07-30 00:00:00+00:00
[2025-07-30T15:06:42.986+0000] {processor.py:183} INFO - Processing /opt/airflow/dags/bike_hour_dag.py took 0.087 seconds
[2025-07-30T15:07:15.083+0000] {processor.py:161} INFO - Started process (PID=370) to work on /opt/airflow/dags/bike_hour_dag.py
[2025-07-30T15:07:15.085+0000] {processor.py:830} INFO - Processing file /opt/airflow/dags/bike_hour_dag.py for tasks to queue
[2025-07-30T15:07:15.086+0000] {logging_mixin.py:188} INFO - [2025-07-30T15:07:15.086+0000] {dagbag.py:540} INFO - Filling up the DagBag from /opt/airflow/dags/bike_hour_dag.py
[2025-07-30T15:07:15.108+0000] {processor.py:840} INFO - DAG(s) 'bike_hour_pipeline' retrieved from /opt/airflow/dags/bike_hour_dag.py
[2025-07-30T15:07:15.142+0000] {logging_mixin.py:188} INFO - [2025-07-30T15:07:15.140+0000] {dag.py:3096} INFO - Sync 1 DAGs
[2025-07-30T15:07:15.169+0000] {logging_mixin.py:188} INFO - [2025-07-30T15:07:15.169+0000] {dag.py:3954} INFO - Setting next_dagrun for bike_hour_pipeline to 2025-07-29 00:00:00+00:00, run_after=2025-07-30 00:00:00+00:00
[2025-07-30T15:07:15.208+0000] {processor.py:183} INFO - Processing /opt/airflow/dags/bike_hour_dag.py took 0.130 seconds
[2025-07-30T15:07:47.447+0000] {processor.py:161} INFO - Started process (PID=407) to work on /opt/airflow/dags/bike_hour_dag.py
[2025-07-30T15:07:47.448+0000] {processor.py:830} INFO - Processing file /opt/airflow/dags/bike_hour_dag.py for tasks to queue
[2025-07-30T15:07:47.450+0000] {logging_mixin.py:188} INFO - [2025-07-30T15:07:47.449+0000] {dagbag.py:540} INFO - Filling up the DagBag from /opt/airflow/dags/bike_hour_dag.py
[2025-07-30T15:07:47.469+0000] {processor.py:840} INFO - DAG(s) 'bike_hour_pipeline' retrieved from /opt/airflow/dags/bike_hour_dag.py
[2025-07-30T15:07:47.492+0000] {logging_mixin.py:188} INFO - [2025-07-30T15:07:47.492+0000] {dag.py:3096} INFO - Sync 1 DAGs
[2025-07-30T15:07:47.510+0000] {logging_mixin.py:188} INFO - [2025-07-30T15:07:47.510+0000] {dag.py:3954} INFO - Setting next_dagrun for bike_hour_pipeline to 2025-07-29 00:00:00+00:00, run_after=2025-07-30 00:00:00+00:00
[2025-07-30T15:07:47.530+0000] {processor.py:183} INFO - Processing /opt/airflow/dags/bike_hour_dag.py took 0.089 seconds
[2025-07-30T15:08:20.098+0000] {processor.py:161} INFO - Started process (PID=440) to work on /opt/airflow/dags/bike_hour_dag.py
[2025-07-30T15:08:20.098+0000] {processor.py:830} INFO - Processing file /opt/airflow/dags/bike_hour_dag.py for tasks to queue
[2025-07-30T15:08:20.100+0000] {logging_mixin.py:188} INFO - [2025-07-30T15:08:20.100+0000] {dagbag.py:540} INFO - Filling up the DagBag from /opt/airflow/dags/bike_hour_dag.py
[2025-07-30T15:08:20.118+0000] {processor.py:840} INFO - DAG(s) 'bike_hour_pipeline' retrieved from /opt/airflow/dags/bike_hour_dag.py
[2025-07-30T15:08:20.142+0000] {logging_mixin.py:188} INFO - [2025-07-30T15:08:20.141+0000] {dag.py:3096} INFO - Sync 1 DAGs
[2025-07-30T15:08:20.161+0000] {logging_mixin.py:188} INFO - [2025-07-30T15:08:20.161+0000] {dag.py:3954} INFO - Setting next_dagrun for bike_hour_pipeline to 2025-07-29 00:00:00+00:00, run_after=2025-07-30 00:00:00+00:00
[2025-07-30T15:08:20.183+0000] {processor.py:183} INFO - Processing /opt/airflow/dags/bike_hour_dag.py took 0.090 seconds
[2025-07-30T15:08:52.236+0000] {processor.py:161} INFO - Started process (PID=475) to work on /opt/airflow/dags/bike_hour_dag.py
[2025-07-30T15:08:52.237+0000] {processor.py:830} INFO - Processing file /opt/airflow/dags/bike_hour_dag.py for tasks to queue
[2025-07-30T15:08:52.239+0000] {logging_mixin.py:188} INFO - [2025-07-30T15:08:52.239+0000] {dagbag.py:540} INFO - Filling up the DagBag from /opt/airflow/dags/bike_hour_dag.py
[2025-07-30T15:08:52.257+0000] {processor.py:840} INFO - DAG(s) 'bike_hour_pipeline' retrieved from /opt/airflow/dags/bike_hour_dag.py
[2025-07-30T15:08:52.280+0000] {logging_mixin.py:188} INFO - [2025-07-30T15:08:52.280+0000] {dag.py:3096} INFO - Sync 1 DAGs
[2025-07-30T15:08:52.299+0000] {logging_mixin.py:188} INFO - [2025-07-30T15:08:52.299+0000] {dag.py:3954} INFO - Setting next_dagrun for bike_hour_pipeline to 2025-07-29 00:00:00+00:00, run_after=2025-07-30 00:00:00+00:00
[2025-07-30T15:08:52.319+0000] {processor.py:183} INFO - Processing /opt/airflow/dags/bike_hour_dag.py took 0.087 seconds
[2025-07-30T15:09:24.522+0000] {processor.py:161} INFO - Started process (PID=510) to work on /opt/airflow/dags/bike_hour_dag.py
[2025-07-30T15:09:24.523+0000] {processor.py:830} INFO - Processing file /opt/airflow/dags/bike_hour_dag.py for tasks to queue
[2025-07-30T15:09:24.526+0000] {logging_mixin.py:188} INFO - [2025-07-30T15:09:24.525+0000] {dagbag.py:540} INFO - Filling up the DagBag from /opt/airflow/dags/bike_hour_dag.py
[2025-07-30T15:09:24.552+0000] {processor.py:840} INFO - DAG(s) 'bike_hour_pipeline' retrieved from /opt/airflow/dags/bike_hour_dag.py
[2025-07-30T15:09:24.578+0000] {logging_mixin.py:188} INFO - [2025-07-30T15:09:24.578+0000] {dag.py:3096} INFO - Sync 1 DAGs
[2025-07-30T15:09:24.599+0000] {logging_mixin.py:188} INFO - [2025-07-30T15:09:24.598+0000] {dag.py:3954} INFO - Setting next_dagrun for bike_hour_pipeline to 2025-07-29 00:00:00+00:00, run_after=2025-07-30 00:00:00+00:00
[2025-07-30T15:09:24.619+0000] {processor.py:183} INFO - Processing /opt/airflow/dags/bike_hour_dag.py took 0.104 seconds
[2025-07-30T15:09:56.752+0000] {processor.py:161} INFO - Started process (PID=545) to work on /opt/airflow/dags/bike_hour_dag.py
[2025-07-30T15:09:56.752+0000] {processor.py:830} INFO - Processing file /opt/airflow/dags/bike_hour_dag.py for tasks to queue
[2025-07-30T15:09:56.754+0000] {logging_mixin.py:188} INFO - [2025-07-30T15:09:56.754+0000] {dagbag.py:540} INFO - Filling up the DagBag from /opt/airflow/dags/bike_hour_dag.py
[2025-07-30T15:09:56.772+0000] {processor.py:840} INFO - DAG(s) 'bike_hour_pipeline' retrieved from /opt/airflow/dags/bike_hour_dag.py
[2025-07-30T15:09:56.797+0000] {logging_mixin.py:188} INFO - [2025-07-30T15:09:56.796+0000] {dag.py:3096} INFO - Sync 1 DAGs
[2025-07-30T15:09:56.815+0000] {logging_mixin.py:188} INFO - [2025-07-30T15:09:56.815+0000] {dag.py:3954} INFO - Setting next_dagrun for bike_hour_pipeline to 2025-07-29 00:00:00+00:00, run_after=2025-07-30 00:00:00+00:00
[2025-07-30T15:09:56.834+0000] {processor.py:183} INFO - Processing /opt/airflow/dags/bike_hour_dag.py took 0.087 seconds
[2025-07-30T15:10:29.883+0000] {processor.py:161} INFO - Started process (PID=580) to work on /opt/airflow/dags/bike_hour_dag.py
[2025-07-30T15:10:29.884+0000] {processor.py:830} INFO - Processing file /opt/airflow/dags/bike_hour_dag.py for tasks to queue
[2025-07-30T15:10:29.886+0000] {logging_mixin.py:188} INFO - [2025-07-30T15:10:29.885+0000] {dagbag.py:540} INFO - Filling up the DagBag from /opt/airflow/dags/bike_hour_dag.py
[2025-07-30T15:10:29.910+0000] {processor.py:840} INFO - DAG(s) 'bike_hour_pipeline' retrieved from /opt/airflow/dags/bike_hour_dag.py
[2025-07-30T15:10:29.945+0000] {logging_mixin.py:188} INFO - [2025-07-30T15:10:29.944+0000] {dag.py:3096} INFO - Sync 1 DAGs
[2025-07-30T15:10:29.970+0000] {logging_mixin.py:188} INFO - [2025-07-30T15:10:29.969+0000] {dag.py:3954} INFO - Setting next_dagrun for bike_hour_pipeline to 2025-07-29 00:00:00+00:00, run_after=2025-07-30 00:00:00+00:00
[2025-07-30T15:10:29.988+0000] {processor.py:183} INFO - Processing /opt/airflow/dags/bike_hour_dag.py took 0.110 seconds
[2025-07-30T15:11:02.193+0000] {processor.py:161} INFO - Started process (PID=615) to work on /opt/airflow/dags/bike_hour_dag.py
[2025-07-30T15:11:02.195+0000] {processor.py:830} INFO - Processing file /opt/airflow/dags/bike_hour_dag.py for tasks to queue
[2025-07-30T15:11:02.198+0000] {logging_mixin.py:188} INFO - [2025-07-30T15:11:02.197+0000] {dagbag.py:540} INFO - Filling up the DagBag from /opt/airflow/dags/bike_hour_dag.py
[2025-07-30T15:11:02.221+0000] {processor.py:840} INFO - DAG(s) 'bike_hour_pipeline' retrieved from /opt/airflow/dags/bike_hour_dag.py
[2025-07-30T15:11:02.257+0000] {logging_mixin.py:188} INFO - [2025-07-30T15:11:02.256+0000] {dag.py:3096} INFO - Sync 1 DAGs
[2025-07-30T15:11:02.279+0000] {logging_mixin.py:188} INFO - [2025-07-30T15:11:02.278+0000] {dag.py:3954} INFO - Setting next_dagrun for bike_hour_pipeline to 2025-07-29 00:00:00+00:00, run_after=2025-07-30 00:00:00+00:00
[2025-07-30T15:11:02.297+0000] {processor.py:183} INFO - Processing /opt/airflow/dags/bike_hour_dag.py took 0.110 seconds
[2025-07-30T15:11:34.250+0000] {processor.py:161} INFO - Started process (PID=650) to work on /opt/airflow/dags/bike_hour_dag.py
[2025-07-30T15:11:34.251+0000] {processor.py:830} INFO - Processing file /opt/airflow/dags/bike_hour_dag.py for tasks to queue
[2025-07-30T15:11:34.253+0000] {logging_mixin.py:188} INFO - [2025-07-30T15:11:34.252+0000] {dagbag.py:540} INFO - Filling up the DagBag from /opt/airflow/dags/bike_hour_dag.py
[2025-07-30T15:11:34.272+0000] {processor.py:840} INFO - DAG(s) 'bike_hour_pipeline' retrieved from /opt/airflow/dags/bike_hour_dag.py
[2025-07-30T15:11:34.298+0000] {logging_mixin.py:188} INFO - [2025-07-30T15:11:34.298+0000] {dag.py:3096} INFO - Sync 1 DAGs
[2025-07-30T15:11:34.317+0000] {logging_mixin.py:188} INFO - [2025-07-30T15:11:34.317+0000] {dag.py:3954} INFO - Setting next_dagrun for bike_hour_pipeline to 2025-07-29 00:00:00+00:00, run_after=2025-07-30 00:00:00+00:00
[2025-07-30T15:11:34.334+0000] {processor.py:183} INFO - Processing /opt/airflow/dags/bike_hour_dag.py took 0.090 seconds
[2025-07-30T15:12:06.459+0000] {processor.py:161} INFO - Started process (PID=683) to work on /opt/airflow/dags/bike_hour_dag.py
[2025-07-30T15:12:06.461+0000] {processor.py:830} INFO - Processing file /opt/airflow/dags/bike_hour_dag.py for tasks to queue
[2025-07-30T15:12:06.463+0000] {logging_mixin.py:188} INFO - [2025-07-30T15:12:06.463+0000] {dagbag.py:540} INFO - Filling up the DagBag from /opt/airflow/dags/bike_hour_dag.py
[2025-07-30T15:12:06.490+0000] {processor.py:840} INFO - DAG(s) 'bike_hour_pipeline' retrieved from /opt/airflow/dags/bike_hour_dag.py
[2025-07-30T15:12:06.524+0000] {logging_mixin.py:188} INFO - [2025-07-30T15:12:06.524+0000] {dag.py:3096} INFO - Sync 1 DAGs
[2025-07-30T15:12:06.548+0000] {logging_mixin.py:188} INFO - [2025-07-30T15:12:06.547+0000] {dag.py:3954} INFO - Setting next_dagrun for bike_hour_pipeline to 2025-07-29 00:00:00+00:00, run_after=2025-07-30 00:00:00+00:00
[2025-07-30T15:12:06.568+0000] {processor.py:183} INFO - Processing /opt/airflow/dags/bike_hour_dag.py took 0.116 seconds
[2025-07-30T15:12:37.108+0000] {processor.py:161} INFO - Started process (PID=720) to work on /opt/airflow/dags/bike_hour_dag.py
[2025-07-30T15:12:37.109+0000] {processor.py:830} INFO - Processing file /opt/airflow/dags/bike_hour_dag.py for tasks to queue
[2025-07-30T15:12:37.111+0000] {logging_mixin.py:188} INFO - [2025-07-30T15:12:37.111+0000] {dagbag.py:540} INFO - Filling up the DagBag from /opt/airflow/dags/bike_hour_dag.py
[2025-07-30T15:12:37.133+0000] {processor.py:840} INFO - DAG(s) 'bike_hour_pipeline' retrieved from /opt/airflow/dags/bike_hour_dag.py
[2025-07-30T15:12:38.687+0000] {logging_mixin.py:188} INFO - [2025-07-30T15:12:38.687+0000] {dag.py:3096} INFO - Sync 1 DAGs
[2025-07-30T15:12:38.707+0000] {logging_mixin.py:188} INFO - [2025-07-30T15:12:38.707+0000] {dag.py:3954} INFO - Setting next_dagrun for bike_hour_pipeline to 2025-07-29 00:00:00+00:00, run_after=2025-07-30 00:00:00+00:00
[2025-07-30T15:12:38.723+0000] {processor.py:183} INFO - Processing /opt/airflow/dags/bike_hour_dag.py took 0.092 seconds
[2025-07-30T15:13:11.119+0000] {processor.py:161} INFO - Started process (PID=755) to work on /opt/airflow/dags/bike_hour_dag.py
[2025-07-30T15:13:11.119+0000] {processor.py:830} INFO - Processing file /opt/airflow/dags/bike_hour_dag.py for tasks to queue
[2025-07-30T15:13:11.121+0000] {logging_mixin.py:188} INFO - [2025-07-30T15:13:11.121+0000] {dagbag.py:540} INFO - Filling up the DagBag from /opt/airflow/dags/bike_hour_dag.py
[2025-07-30T15:13:11.142+0000] {processor.py:840} INFO - DAG(s) 'bike_hour_pipeline' retrieved from /opt/airflow/dags/bike_hour_dag.py
[2025-07-30T15:13:11.170+0000] {logging_mixin.py:188} INFO - [2025-07-30T15:13:11.170+0000] {dag.py:3096} INFO - Sync 1 DAGs
[2025-07-30T15:13:11.190+0000] {logging_mixin.py:188} INFO - [2025-07-30T15:13:11.190+0000] {dag.py:3954} INFO - Setting next_dagrun for bike_hour_pipeline to 2025-07-29 00:00:00+00:00, run_after=2025-07-30 00:00:00+00:00
[2025-07-30T15:13:11.210+0000] {processor.py:183} INFO - Processing /opt/airflow/dags/bike_hour_dag.py took 0.096 seconds
[2025-07-30T15:13:41.999+0000] {processor.py:161} INFO - Started process (PID=790) to work on /opt/airflow/dags/bike_hour_dag.py
[2025-07-30T15:13:42.001+0000] {processor.py:830} INFO - Processing file /opt/airflow/dags/bike_hour_dag.py for tasks to queue
[2025-07-30T15:13:42.006+0000] {logging_mixin.py:188} INFO - [2025-07-30T15:13:42.006+0000] {dagbag.py:540} INFO - Filling up the DagBag from /opt/airflow/dags/bike_hour_dag.py
[2025-07-30T15:13:42.062+0000] {processor.py:840} INFO - DAG(s) 'bike_hour_pipeline' retrieved from /opt/airflow/dags/bike_hour_dag.py
[2025-07-30T15:13:42.096+0000] {logging_mixin.py:188} INFO - [2025-07-30T15:13:42.095+0000] {dag.py:3096} INFO - Sync 1 DAGs
[2025-07-30T15:13:42.125+0000] {logging_mixin.py:188} INFO - [2025-07-30T15:13:42.125+0000] {dag.py:3954} INFO - Setting next_dagrun for bike_hour_pipeline to 2025-07-29 00:00:00+00:00, run_after=2025-07-30 00:00:00+00:00
[2025-07-30T15:13:42.144+0000] {processor.py:183} INFO - Processing /opt/airflow/dags/bike_hour_dag.py took 0.158 seconds
[2025-07-30T15:14:12.442+0000] {processor.py:161} INFO - Started process (PID=825) to work on /opt/airflow/dags/bike_hour_dag.py
[2025-07-30T15:14:12.442+0000] {processor.py:830} INFO - Processing file /opt/airflow/dags/bike_hour_dag.py for tasks to queue
[2025-07-30T15:14:12.445+0000] {logging_mixin.py:188} INFO - [2025-07-30T15:14:12.444+0000] {dagbag.py:540} INFO - Filling up the DagBag from /opt/airflow/dags/bike_hour_dag.py
[2025-07-30T15:14:12.466+0000] {processor.py:840} INFO - DAG(s) 'bike_hour_pipeline' retrieved from /opt/airflow/dags/bike_hour_dag.py
[2025-07-30T15:14:12.493+0000] {logging_mixin.py:188} INFO - [2025-07-30T15:14:12.492+0000] {dag.py:3096} INFO - Sync 1 DAGs
[2025-07-30T15:14:12.515+0000] {logging_mixin.py:188} INFO - [2025-07-30T15:14:12.515+0000] {dag.py:3954} INFO - Setting next_dagrun for bike_hour_pipeline to 2025-07-29 00:00:00+00:00, run_after=2025-07-30 00:00:00+00:00
[2025-07-30T15:14:12.531+0000] {processor.py:183} INFO - Processing /opt/airflow/dags/bike_hour_dag.py took 0.095 seconds
[2025-07-30T15:14:43.479+0000] {processor.py:161} INFO - Started process (PID=860) to work on /opt/airflow/dags/bike_hour_dag.py
[2025-07-30T15:14:43.480+0000] {processor.py:830} INFO - Processing file /opt/airflow/dags/bike_hour_dag.py for tasks to queue
[2025-07-30T15:14:43.482+0000] {logging_mixin.py:188} INFO - [2025-07-30T15:14:43.482+0000] {dagbag.py:540} INFO - Filling up the DagBag from /opt/airflow/dags/bike_hour_dag.py
[2025-07-30T15:14:43.505+0000] {processor.py:840} INFO - DAG(s) 'bike_hour_pipeline' retrieved from /opt/airflow/dags/bike_hour_dag.py
[2025-07-30T15:14:43.542+0000] {logging_mixin.py:188} INFO - [2025-07-30T15:14:43.542+0000] {dag.py:3096} INFO - Sync 1 DAGs
[2025-07-30T15:14:43.564+0000] {logging_mixin.py:188} INFO - [2025-07-30T15:14:43.564+0000] {dag.py:3954} INFO - Setting next_dagrun for bike_hour_pipeline to 2025-07-29 00:00:00+00:00, run_after=2025-07-30 00:00:00+00:00
[2025-07-30T15:14:43.587+0000] {processor.py:183} INFO - Processing /opt/airflow/dags/bike_hour_dag.py took 0.117 seconds
[2025-07-30T15:15:13.962+0000] {processor.py:161} INFO - Started process (PID=895) to work on /opt/airflow/dags/bike_hour_dag.py
[2025-07-30T15:15:13.963+0000] {processor.py:830} INFO - Processing file /opt/airflow/dags/bike_hour_dag.py for tasks to queue
[2025-07-30T15:15:13.966+0000] {logging_mixin.py:188} INFO - [2025-07-30T15:15:13.966+0000] {dagbag.py:540} INFO - Filling up the DagBag from /opt/airflow/dags/bike_hour_dag.py
[2025-07-30T15:15:13.996+0000] {processor.py:840} INFO - DAG(s) 'bike_hour_pipeline' retrieved from /opt/airflow/dags/bike_hour_dag.py
[2025-07-30T15:15:14.045+0000] {logging_mixin.py:188} INFO - [2025-07-30T15:15:14.044+0000] {dag.py:3096} INFO - Sync 1 DAGs
[2025-07-30T15:15:14.072+0000] {logging_mixin.py:188} INFO - [2025-07-30T15:15:14.072+0000] {dag.py:3954} INFO - Setting next_dagrun for bike_hour_pipeline to 2025-07-29 00:00:00+00:00, run_after=2025-07-30 00:00:00+00:00
[2025-07-30T15:15:14.093+0000] {processor.py:183} INFO - Processing /opt/airflow/dags/bike_hour_dag.py took 0.142 seconds
[2025-07-30T15:15:44.530+0000] {processor.py:161} INFO - Started process (PID=930) to work on /opt/airflow/dags/bike_hour_dag.py
[2025-07-30T15:15:44.531+0000] {processor.py:830} INFO - Processing file /opt/airflow/dags/bike_hour_dag.py for tasks to queue
[2025-07-30T15:15:44.534+0000] {logging_mixin.py:188} INFO - [2025-07-30T15:15:44.534+0000] {dagbag.py:540} INFO - Filling up the DagBag from /opt/airflow/dags/bike_hour_dag.py
[2025-07-30T15:15:44.559+0000] {processor.py:840} INFO - DAG(s) 'bike_hour_pipeline' retrieved from /opt/airflow/dags/bike_hour_dag.py
[2025-07-30T15:15:44.592+0000] {logging_mixin.py:188} INFO - [2025-07-30T15:15:44.591+0000] {dag.py:3096} INFO - Sync 1 DAGs
[2025-07-30T15:15:44.616+0000] {logging_mixin.py:188} INFO - [2025-07-30T15:15:44.616+0000] {dag.py:3954} INFO - Setting next_dagrun for bike_hour_pipeline to 2025-07-29 00:00:00+00:00, run_after=2025-07-30 00:00:00+00:00
[2025-07-30T15:15:44.639+0000] {processor.py:183} INFO - Processing /opt/airflow/dags/bike_hour_dag.py took 0.116 seconds
[2025-07-30T15:16:14.755+0000] {processor.py:161} INFO - Started process (PID=965) to work on /opt/airflow/dags/bike_hour_dag.py
[2025-07-30T15:16:14.757+0000] {processor.py:830} INFO - Processing file /opt/airflow/dags/bike_hour_dag.py for tasks to queue
[2025-07-30T15:16:14.760+0000] {logging_mixin.py:188} INFO - [2025-07-30T15:16:14.759+0000] {dagbag.py:540} INFO - Filling up the DagBag from /opt/airflow/dags/bike_hour_dag.py
[2025-07-30T15:16:14.781+0000] {processor.py:840} INFO - DAG(s) 'bike_hour_pipeline' retrieved from /opt/airflow/dags/bike_hour_dag.py
[2025-07-30T15:16:14.811+0000] {logging_mixin.py:188} INFO - [2025-07-30T15:16:14.811+0000] {dag.py:3096} INFO - Sync 1 DAGs
[2025-07-30T15:16:14.834+0000] {logging_mixin.py:188} INFO - [2025-07-30T15:16:14.833+0000] {dag.py:3954} INFO - Setting next_dagrun for bike_hour_pipeline to 2025-07-29 00:00:00+00:00, run_after=2025-07-30 00:00:00+00:00
[2025-07-30T15:16:14.851+0000] {processor.py:183} INFO - Processing /opt/airflow/dags/bike_hour_dag.py took 0.101 seconds
[2025-07-30T15:16:45.165+0000] {processor.py:161} INFO - Started process (PID=1000) to work on /opt/airflow/dags/bike_hour_dag.py
[2025-07-30T15:16:45.166+0000] {processor.py:830} INFO - Processing file /opt/airflow/dags/bike_hour_dag.py for tasks to queue
[2025-07-30T15:16:45.169+0000] {logging_mixin.py:188} INFO - [2025-07-30T15:16:45.169+0000] {dagbag.py:540} INFO - Filling up the DagBag from /opt/airflow/dags/bike_hour_dag.py
[2025-07-30T15:16:45.191+0000] {processor.py:840} INFO - DAG(s) 'bike_hour_pipeline' retrieved from /opt/airflow/dags/bike_hour_dag.py
[2025-07-30T15:16:45.227+0000] {logging_mixin.py:188} INFO - [2025-07-30T15:16:45.227+0000] {dag.py:3096} INFO - Sync 1 DAGs
[2025-07-30T15:16:45.254+0000] {logging_mixin.py:188} INFO - [2025-07-30T15:16:45.253+0000] {dag.py:3954} INFO - Setting next_dagrun for bike_hour_pipeline to 2025-07-29 00:00:00+00:00, run_after=2025-07-30 00:00:00+00:00
[2025-07-30T15:16:45.281+0000] {processor.py:183} INFO - Processing /opt/airflow/dags/bike_hour_dag.py took 0.125 seconds
[2025-07-30T15:17:15.370+0000] {processor.py:161} INFO - Started process (PID=1035) to work on /opt/airflow/dags/bike_hour_dag.py
[2025-07-30T15:17:15.371+0000] {processor.py:830} INFO - Processing file /opt/airflow/dags/bike_hour_dag.py for tasks to queue
[2025-07-30T15:17:15.373+0000] {logging_mixin.py:188} INFO - [2025-07-30T15:17:15.372+0000] {dagbag.py:540} INFO - Filling up the DagBag from /opt/airflow/dags/bike_hour_dag.py
[2025-07-30T15:17:15.393+0000] {processor.py:840} INFO - DAG(s) 'bike_hour_pipeline' retrieved from /opt/airflow/dags/bike_hour_dag.py
[2025-07-30T15:17:15.422+0000] {logging_mixin.py:188} INFO - [2025-07-30T15:17:15.422+0000] {dag.py:3096} INFO - Sync 1 DAGs
[2025-07-30T15:17:15.444+0000] {logging_mixin.py:188} INFO - [2025-07-30T15:17:15.444+0000] {dag.py:3954} INFO - Setting next_dagrun for bike_hour_pipeline to 2025-07-29 00:00:00+00:00, run_after=2025-07-30 00:00:00+00:00
[2025-07-30T15:17:15.468+0000] {processor.py:183} INFO - Processing /opt/airflow/dags/bike_hour_dag.py took 0.103 seconds
[2025-07-30T15:17:45.585+0000] {processor.py:161} INFO - Started process (PID=1072) to work on /opt/airflow/dags/bike_hour_dag.py
[2025-07-30T15:17:45.586+0000] {processor.py:830} INFO - Processing file /opt/airflow/dags/bike_hour_dag.py for tasks to queue
[2025-07-30T15:17:45.588+0000] {logging_mixin.py:188} INFO - [2025-07-30T15:17:45.587+0000] {dagbag.py:540} INFO - Filling up the DagBag from /opt/airflow/dags/bike_hour_dag.py
[2025-07-30T15:17:45.605+0000] {processor.py:840} INFO - DAG(s) 'bike_hour_pipeline' retrieved from /opt/airflow/dags/bike_hour_dag.py
[2025-07-30T15:17:45.625+0000] {logging_mixin.py:188} INFO - [2025-07-30T15:17:45.625+0000] {dag.py:3096} INFO - Sync 1 DAGs
[2025-07-30T15:17:45.640+0000] {logging_mixin.py:188} INFO - [2025-07-30T15:17:45.640+0000] {dag.py:3954} INFO - Setting next_dagrun for bike_hour_pipeline to 2025-07-29 00:00:00+00:00, run_after=2025-07-30 00:00:00+00:00
[2025-07-30T15:17:45.658+0000] {processor.py:183} INFO - Processing /opt/airflow/dags/bike_hour_dag.py took 0.078 seconds
[2025-07-30T15:18:15.764+0000] {processor.py:161} INFO - Started process (PID=1107) to work on /opt/airflow/dags/bike_hour_dag.py
[2025-07-30T15:18:15.765+0000] {processor.py:830} INFO - Processing file /opt/airflow/dags/bike_hour_dag.py for tasks to queue
[2025-07-30T15:18:15.766+0000] {logging_mixin.py:188} INFO - [2025-07-30T15:18:15.766+0000] {dagbag.py:540} INFO - Filling up the DagBag from /opt/airflow/dags/bike_hour_dag.py
[2025-07-30T15:18:15.784+0000] {processor.py:840} INFO - DAG(s) 'bike_hour_pipeline' retrieved from /opt/airflow/dags/bike_hour_dag.py
[2025-07-30T15:18:15.808+0000] {logging_mixin.py:188} INFO - [2025-07-30T15:18:15.807+0000] {dag.py:3096} INFO - Sync 1 DAGs
[2025-07-30T15:18:15.824+0000] {logging_mixin.py:188} INFO - [2025-07-30T15:18:15.824+0000] {dag.py:3954} INFO - Setting next_dagrun for bike_hour_pipeline to 2025-07-29 00:00:00+00:00, run_after=2025-07-30 00:00:00+00:00
[2025-07-30T15:18:15.840+0000] {processor.py:183} INFO - Processing /opt/airflow/dags/bike_hour_dag.py took 0.082 seconds
[2025-07-30T15:18:45.951+0000] {processor.py:161} INFO - Started process (PID=1142) to work on /opt/airflow/dags/bike_hour_dag.py
[2025-07-30T15:18:45.952+0000] {processor.py:830} INFO - Processing file /opt/airflow/dags/bike_hour_dag.py for tasks to queue
[2025-07-30T15:18:45.954+0000] {logging_mixin.py:188} INFO - [2025-07-30T15:18:45.954+0000] {dagbag.py:540} INFO - Filling up the DagBag from /opt/airflow/dags/bike_hour_dag.py
[2025-07-30T15:18:45.972+0000] {processor.py:840} INFO - DAG(s) 'bike_hour_pipeline' retrieved from /opt/airflow/dags/bike_hour_dag.py
[2025-07-30T15:18:45.995+0000] {logging_mixin.py:188} INFO - [2025-07-30T15:18:45.994+0000] {dag.py:3096} INFO - Sync 1 DAGs
[2025-07-30T15:18:46.009+0000] {logging_mixin.py:188} INFO - [2025-07-30T15:18:46.009+0000] {dag.py:3954} INFO - Setting next_dagrun for bike_hour_pipeline to 2025-07-29 00:00:00+00:00, run_after=2025-07-30 00:00:00+00:00
[2025-07-30T15:18:46.024+0000] {processor.py:183} INFO - Processing /opt/airflow/dags/bike_hour_dag.py took 0.077 seconds
[2025-07-30T15:19:16.326+0000] {processor.py:161} INFO - Started process (PID=1175) to work on /opt/airflow/dags/bike_hour_dag.py
[2025-07-30T15:19:16.327+0000] {processor.py:830} INFO - Processing file /opt/airflow/dags/bike_hour_dag.py for tasks to queue
[2025-07-30T15:19:16.329+0000] {logging_mixin.py:188} INFO - [2025-07-30T15:19:16.329+0000] {dagbag.py:540} INFO - Filling up the DagBag from /opt/airflow/dags/bike_hour_dag.py
[2025-07-30T15:19:16.356+0000] {processor.py:840} INFO - DAG(s) 'bike_hour_pipeline' retrieved from /opt/airflow/dags/bike_hour_dag.py
[2025-07-30T15:19:16.385+0000] {logging_mixin.py:188} INFO - [2025-07-30T15:19:16.384+0000] {dag.py:3096} INFO - Sync 1 DAGs
[2025-07-30T15:19:16.410+0000] {logging_mixin.py:188} INFO - [2025-07-30T15:19:16.410+0000] {dag.py:3954} INFO - Setting next_dagrun for bike_hour_pipeline to 2025-07-29 00:00:00+00:00, run_after=2025-07-30 00:00:00+00:00
[2025-07-30T15:19:16.429+0000] {processor.py:183} INFO - Processing /opt/airflow/dags/bike_hour_dag.py took 0.110 seconds
[2025-07-30T15:19:46.571+0000] {processor.py:161} INFO - Started process (PID=1210) to work on /opt/airflow/dags/bike_hour_dag.py
[2025-07-30T15:19:46.571+0000] {processor.py:830} INFO - Processing file /opt/airflow/dags/bike_hour_dag.py for tasks to queue
[2025-07-30T15:19:46.573+0000] {logging_mixin.py:188} INFO - [2025-07-30T15:19:46.573+0000] {dagbag.py:540} INFO - Filling up the DagBag from /opt/airflow/dags/bike_hour_dag.py
[2025-07-30T15:19:46.591+0000] {processor.py:840} INFO - DAG(s) 'bike_hour_pipeline' retrieved from /opt/airflow/dags/bike_hour_dag.py
[2025-07-30T15:19:46.614+0000] {logging_mixin.py:188} INFO - [2025-07-30T15:19:46.614+0000] {dag.py:3096} INFO - Sync 1 DAGs
[2025-07-30T15:19:46.632+0000] {logging_mixin.py:188} INFO - [2025-07-30T15:19:46.632+0000] {dag.py:3954} INFO - Setting next_dagrun for bike_hour_pipeline to 2025-07-29 00:00:00+00:00, run_after=2025-07-30 00:00:00+00:00
[2025-07-30T15:19:46.650+0000] {processor.py:183} INFO - Processing /opt/airflow/dags/bike_hour_dag.py took 0.084 seconds
[2025-07-30T15:20:16.763+0000] {processor.py:161} INFO - Started process (PID=1245) to work on /opt/airflow/dags/bike_hour_dag.py
[2025-07-30T15:20:16.764+0000] {processor.py:830} INFO - Processing file /opt/airflow/dags/bike_hour_dag.py for tasks to queue
[2025-07-30T15:20:16.766+0000] {logging_mixin.py:188} INFO - [2025-07-30T15:20:16.766+0000] {dagbag.py:540} INFO - Filling up the DagBag from /opt/airflow/dags/bike_hour_dag.py
[2025-07-30T15:20:16.786+0000] {processor.py:840} INFO - DAG(s) 'bike_hour_pipeline' retrieved from /opt/airflow/dags/bike_hour_dag.py
[2025-07-30T15:20:16.811+0000] {logging_mixin.py:188} INFO - [2025-07-30T15:20:16.810+0000] {dag.py:3096} INFO - Sync 1 DAGs
[2025-07-30T15:20:16.829+0000] {logging_mixin.py:188} INFO - [2025-07-30T15:20:16.829+0000] {dag.py:3954} INFO - Setting next_dagrun for bike_hour_pipeline to 2025-07-29 00:00:00+00:00, run_after=2025-07-30 00:00:00+00:00
[2025-07-30T15:20:16.848+0000] {processor.py:183} INFO - Processing /opt/airflow/dags/bike_hour_dag.py took 0.090 seconds
[2025-07-30T15:20:46.908+0000] {processor.py:161} INFO - Started process (PID=1280) to work on /opt/airflow/dags/bike_hour_dag.py
[2025-07-30T15:20:46.909+0000] {processor.py:830} INFO - Processing file /opt/airflow/dags/bike_hour_dag.py for tasks to queue
[2025-07-30T15:20:46.911+0000] {logging_mixin.py:188} INFO - [2025-07-30T15:20:46.911+0000] {dagbag.py:540} INFO - Filling up the DagBag from /opt/airflow/dags/bike_hour_dag.py
[2025-07-30T15:20:46.937+0000] {processor.py:840} INFO - DAG(s) 'bike_hour_pipeline' retrieved from /opt/airflow/dags/bike_hour_dag.py
[2025-07-30T15:20:46.965+0000] {logging_mixin.py:188} INFO - [2025-07-30T15:20:46.965+0000] {dag.py:3096} INFO - Sync 1 DAGs
[2025-07-30T15:20:46.988+0000] {logging_mixin.py:188} INFO - [2025-07-30T15:20:46.987+0000] {dag.py:3954} INFO - Setting next_dagrun for bike_hour_pipeline to 2025-07-29 00:00:00+00:00, run_after=2025-07-30 00:00:00+00:00
[2025-07-30T15:20:47.007+0000] {processor.py:183} INFO - Processing /opt/airflow/dags/bike_hour_dag.py took 0.104 seconds
[2025-07-30T15:21:18.206+0000] {processor.py:161} INFO - Started process (PID=1315) to work on /opt/airflow/dags/bike_hour_dag.py
[2025-07-30T15:21:18.207+0000] {processor.py:830} INFO - Processing file /opt/airflow/dags/bike_hour_dag.py for tasks to queue
[2025-07-30T15:21:18.209+0000] {logging_mixin.py:188} INFO - [2025-07-30T15:21:18.209+0000] {dagbag.py:540} INFO - Filling up the DagBag from /opt/airflow/dags/bike_hour_dag.py
[2025-07-30T15:21:18.227+0000] {processor.py:840} INFO - DAG(s) 'bike_hour_pipeline' retrieved from /opt/airflow/dags/bike_hour_dag.py
[2025-07-30T15:21:18.253+0000] {logging_mixin.py:188} INFO - [2025-07-30T15:21:18.253+0000] {dag.py:3096} INFO - Sync 1 DAGs
[2025-07-30T15:21:18.276+0000] {logging_mixin.py:188} INFO - [2025-07-30T15:21:18.276+0000] {dag.py:3954} INFO - Setting next_dagrun for bike_hour_pipeline to 2025-07-29 00:00:00+00:00, run_after=2025-07-30 00:00:00+00:00
[2025-07-30T15:21:18.291+0000] {processor.py:183} INFO - Processing /opt/airflow/dags/bike_hour_dag.py took 0.090 seconds
[2025-07-30T15:21:49.031+0000] {processor.py:161} INFO - Started process (PID=1350) to work on /opt/airflow/dags/bike_hour_dag.py
[2025-07-30T15:21:49.032+0000] {processor.py:830} INFO - Processing file /opt/airflow/dags/bike_hour_dag.py for tasks to queue
[2025-07-30T15:21:49.033+0000] {logging_mixin.py:188} INFO - [2025-07-30T15:21:49.033+0000] {dagbag.py:540} INFO - Filling up the DagBag from /opt/airflow/dags/bike_hour_dag.py
[2025-07-30T15:21:49.056+0000] {processor.py:840} INFO - DAG(s) 'bike_hour_pipeline' retrieved from /opt/airflow/dags/bike_hour_dag.py
[2025-07-30T15:21:49.087+0000] {logging_mixin.py:188} INFO - [2025-07-30T15:21:49.086+0000] {dag.py:3096} INFO - Sync 1 DAGs
[2025-07-30T15:21:49.112+0000] {logging_mixin.py:188} INFO - [2025-07-30T15:21:49.112+0000] {dag.py:3954} INFO - Setting next_dagrun for bike_hour_pipeline to 2025-07-29 00:00:00+00:00, run_after=2025-07-30 00:00:00+00:00
[2025-07-30T15:21:49.134+0000] {processor.py:183} INFO - Processing /opt/airflow/dags/bike_hour_dag.py took 0.108 seconds
[2025-07-30T15:22:19.235+0000] {processor.py:161} INFO - Started process (PID=1385) to work on /opt/airflow/dags/bike_hour_dag.py
[2025-07-30T15:22:19.236+0000] {processor.py:830} INFO - Processing file /opt/airflow/dags/bike_hour_dag.py for tasks to queue
[2025-07-30T15:22:19.237+0000] {logging_mixin.py:188} INFO - [2025-07-30T15:22:19.237+0000] {dagbag.py:540} INFO - Filling up the DagBag from /opt/airflow/dags/bike_hour_dag.py
[2025-07-30T15:22:19.257+0000] {processor.py:840} INFO - DAG(s) 'bike_hour_pipeline' retrieved from /opt/airflow/dags/bike_hour_dag.py
[2025-07-30T15:22:19.282+0000] {logging_mixin.py:188} INFO - [2025-07-30T15:22:19.281+0000] {dag.py:3096} INFO - Sync 1 DAGs
[2025-07-30T15:22:19.303+0000] {logging_mixin.py:188} INFO - [2025-07-30T15:22:19.302+0000] {dag.py:3954} INFO - Setting next_dagrun for bike_hour_pipeline to 2025-07-29 00:00:00+00:00, run_after=2025-07-30 00:00:00+00:00
[2025-07-30T15:22:19.321+0000] {processor.py:183} INFO - Processing /opt/airflow/dags/bike_hour_dag.py took 0.091 seconds
[2025-07-30T15:22:49.429+0000] {processor.py:161} INFO - Started process (PID=1425) to work on /opt/airflow/dags/bike_hour_dag.py
[2025-07-30T15:22:49.430+0000] {processor.py:830} INFO - Processing file /opt/airflow/dags/bike_hour_dag.py for tasks to queue
[2025-07-30T15:22:49.431+0000] {logging_mixin.py:188} INFO - [2025-07-30T15:22:49.431+0000] {dagbag.py:540} INFO - Filling up the DagBag from /opt/airflow/dags/bike_hour_dag.py
[2025-07-30T15:22:49.449+0000] {processor.py:840} INFO - DAG(s) 'bike_hour_pipeline' retrieved from /opt/airflow/dags/bike_hour_dag.py
[2025-07-30T15:22:49.476+0000] {logging_mixin.py:188} INFO - [2025-07-30T15:22:49.476+0000] {dag.py:3096} INFO - Sync 1 DAGs
[2025-07-30T15:22:49.499+0000] {logging_mixin.py:188} INFO - [2025-07-30T15:22:49.498+0000] {dag.py:3954} INFO - Setting next_dagrun for bike_hour_pipeline to 2025-07-29 00:00:00+00:00, run_after=2025-07-30 00:00:00+00:00
[2025-07-30T15:22:49.517+0000] {processor.py:183} INFO - Processing /opt/airflow/dags/bike_hour_dag.py took 0.094 seconds
[2025-07-30T15:23:19.585+0000] {processor.py:161} INFO - Started process (PID=1460) to work on /opt/airflow/dags/bike_hour_dag.py
[2025-07-30T15:23:19.586+0000] {processor.py:830} INFO - Processing file /opt/airflow/dags/bike_hour_dag.py for tasks to queue
[2025-07-30T15:23:19.590+0000] {logging_mixin.py:188} INFO - [2025-07-30T15:23:19.589+0000] {dagbag.py:540} INFO - Filling up the DagBag from /opt/airflow/dags/bike_hour_dag.py
[2025-07-30T15:23:19.615+0000] {processor.py:840} INFO - DAG(s) 'bike_hour_pipeline' retrieved from /opt/airflow/dags/bike_hour_dag.py
[2025-07-30T15:23:19.664+0000] {logging_mixin.py:188} INFO - [2025-07-30T15:23:19.664+0000] {dag.py:3096} INFO - Sync 1 DAGs
[2025-07-30T15:23:19.693+0000] {logging_mixin.py:188} INFO - [2025-07-30T15:23:19.693+0000] {dag.py:3954} INFO - Setting next_dagrun for bike_hour_pipeline to 2025-07-29 00:00:00+00:00, run_after=2025-07-30 00:00:00+00:00
[2025-07-30T15:23:19.772+0000] {processor.py:183} INFO - Processing /opt/airflow/dags/bike_hour_dag.py took 0.194 seconds
[2025-07-30T15:23:49.852+0000] {processor.py:161} INFO - Started process (PID=1500) to work on /opt/airflow/dags/bike_hour_dag.py
[2025-07-30T15:23:49.853+0000] {processor.py:830} INFO - Processing file /opt/airflow/dags/bike_hour_dag.py for tasks to queue
[2025-07-30T15:23:49.855+0000] {logging_mixin.py:188} INFO - [2025-07-30T15:23:49.854+0000] {dagbag.py:540} INFO - Filling up the DagBag from /opt/airflow/dags/bike_hour_dag.py
[2025-07-30T15:23:49.875+0000] {processor.py:840} INFO - DAG(s) 'bike_hour_pipeline' retrieved from /opt/airflow/dags/bike_hour_dag.py
[2025-07-30T15:23:49.908+0000] {logging_mixin.py:188} INFO - [2025-07-30T15:23:49.908+0000] {dag.py:3096} INFO - Sync 1 DAGs
[2025-07-30T15:23:49.929+0000] {logging_mixin.py:188} INFO - [2025-07-30T15:23:49.929+0000] {dag.py:3954} INFO - Setting next_dagrun for bike_hour_pipeline to 2025-07-29 00:00:00+00:00, run_after=2025-07-30 00:00:00+00:00
[2025-07-30T15:23:49.946+0000] {processor.py:183} INFO - Processing /opt/airflow/dags/bike_hour_dag.py took 0.100 seconds
[2025-07-30T15:24:20.022+0000] {processor.py:161} INFO - Started process (PID=1535) to work on /opt/airflow/dags/bike_hour_dag.py
[2025-07-30T15:24:20.023+0000] {processor.py:830} INFO - Processing file /opt/airflow/dags/bike_hour_dag.py for tasks to queue
[2025-07-30T15:24:20.025+0000] {logging_mixin.py:188} INFO - [2025-07-30T15:24:20.025+0000] {dagbag.py:540} INFO - Filling up the DagBag from /opt/airflow/dags/bike_hour_dag.py
[2025-07-30T15:24:20.048+0000] {processor.py:840} INFO - DAG(s) 'bike_hour_pipeline' retrieved from /opt/airflow/dags/bike_hour_dag.py
[2025-07-30T15:24:20.083+0000] {logging_mixin.py:188} INFO - [2025-07-30T15:24:20.083+0000] {dag.py:3096} INFO - Sync 1 DAGs
[2025-07-30T15:24:20.109+0000] {logging_mixin.py:188} INFO - [2025-07-30T15:24:20.109+0000] {dag.py:3954} INFO - Setting next_dagrun for bike_hour_pipeline to 2025-07-29 00:00:00+00:00, run_after=2025-07-30 00:00:00+00:00
[2025-07-30T15:24:20.124+0000] {processor.py:183} INFO - Processing /opt/airflow/dags/bike_hour_dag.py took 0.110 seconds
[2025-07-30T15:24:50.289+0000] {processor.py:161} INFO - Started process (PID=1570) to work on /opt/airflow/dags/bike_hour_dag.py
[2025-07-30T15:24:50.290+0000] {processor.py:830} INFO - Processing file /opt/airflow/dags/bike_hour_dag.py for tasks to queue
[2025-07-30T15:24:50.292+0000] {logging_mixin.py:188} INFO - [2025-07-30T15:24:50.292+0000] {dagbag.py:540} INFO - Filling up the DagBag from /opt/airflow/dags/bike_hour_dag.py
[2025-07-30T15:24:50.310+0000] {processor.py:840} INFO - DAG(s) 'bike_hour_pipeline' retrieved from /opt/airflow/dags/bike_hour_dag.py
[2025-07-30T15:24:50.336+0000] {logging_mixin.py:188} INFO - [2025-07-30T15:24:50.336+0000] {dag.py:3096} INFO - Sync 1 DAGs
[2025-07-30T15:24:50.357+0000] {logging_mixin.py:188} INFO - [2025-07-30T15:24:50.357+0000] {dag.py:3954} INFO - Setting next_dagrun for bike_hour_pipeline to 2025-07-29 00:00:00+00:00, run_after=2025-07-30 00:00:00+00:00
[2025-07-30T15:24:50.379+0000] {processor.py:183} INFO - Processing /opt/airflow/dags/bike_hour_dag.py took 0.094 seconds
[2025-07-30T15:25:20.639+0000] {processor.py:161} INFO - Started process (PID=1605) to work on /opt/airflow/dags/bike_hour_dag.py
[2025-07-30T15:25:20.640+0000] {processor.py:830} INFO - Processing file /opt/airflow/dags/bike_hour_dag.py for tasks to queue
[2025-07-30T15:25:20.642+0000] {logging_mixin.py:188} INFO - [2025-07-30T15:25:20.642+0000] {dagbag.py:540} INFO - Filling up the DagBag from /opt/airflow/dags/bike_hour_dag.py
[2025-07-30T15:25:20.660+0000] {processor.py:840} INFO - DAG(s) 'bike_hour_pipeline' retrieved from /opt/airflow/dags/bike_hour_dag.py
[2025-07-30T15:25:20.875+0000] {logging_mixin.py:188} INFO - [2025-07-30T15:25:20.874+0000] {dag.py:3096} INFO - Sync 1 DAGs
[2025-07-30T15:25:20.978+0000] {logging_mixin.py:188} INFO - [2025-07-30T15:25:20.977+0000] {dag.py:3954} INFO - Setting next_dagrun for bike_hour_pipeline to 2025-07-29 00:00:00+00:00, run_after=2025-07-30 00:00:00+00:00
[2025-07-30T15:25:21.039+0000] {processor.py:183} INFO - Processing /opt/airflow/dags/bike_hour_dag.py took 0.405 seconds
[2025-07-30T15:25:51.449+0000] {processor.py:161} INFO - Started process (PID=1640) to work on /opt/airflow/dags/bike_hour_dag.py
[2025-07-30T15:25:51.450+0000] {processor.py:830} INFO - Processing file /opt/airflow/dags/bike_hour_dag.py for tasks to queue
[2025-07-30T15:25:51.452+0000] {logging_mixin.py:188} INFO - [2025-07-30T15:25:51.452+0000] {dagbag.py:540} INFO - Filling up the DagBag from /opt/airflow/dags/bike_hour_dag.py
[2025-07-30T15:25:51.469+0000] {processor.py:840} INFO - DAG(s) 'bike_hour_pipeline' retrieved from /opt/airflow/dags/bike_hour_dag.py
[2025-07-30T15:25:51.498+0000] {logging_mixin.py:188} INFO - [2025-07-30T15:25:51.497+0000] {dag.py:3096} INFO - Sync 1 DAGs
[2025-07-30T15:25:51.526+0000] {logging_mixin.py:188} INFO - [2025-07-30T15:25:51.526+0000] {dag.py:3954} INFO - Setting next_dagrun for bike_hour_pipeline to 2025-07-29 00:00:00+00:00, run_after=2025-07-30 00:00:00+00:00
[2025-07-30T15:25:51.553+0000] {processor.py:183} INFO - Processing /opt/airflow/dags/bike_hour_dag.py took 0.109 seconds
[2025-07-30T15:26:21.700+0000] {processor.py:161} INFO - Started process (PID=1675) to work on /opt/airflow/dags/bike_hour_dag.py
[2025-07-30T15:26:21.701+0000] {processor.py:830} INFO - Processing file /opt/airflow/dags/bike_hour_dag.py for tasks to queue
[2025-07-30T15:26:21.704+0000] {logging_mixin.py:188} INFO - [2025-07-30T15:26:21.703+0000] {dagbag.py:540} INFO - Filling up the DagBag from /opt/airflow/dags/bike_hour_dag.py
[2025-07-30T15:26:21.720+0000] {processor.py:840} INFO - DAG(s) 'bike_hour_pipeline' retrieved from /opt/airflow/dags/bike_hour_dag.py
[2025-07-30T15:26:21.749+0000] {logging_mixin.py:188} INFO - [2025-07-30T15:26:21.749+0000] {dag.py:3096} INFO - Sync 1 DAGs
[2025-07-30T15:26:21.780+0000] {logging_mixin.py:188} INFO - [2025-07-30T15:26:21.779+0000] {dag.py:3954} INFO - Setting next_dagrun for bike_hour_pipeline to 2025-07-29 00:00:00+00:00, run_after=2025-07-30 00:00:00+00:00
[2025-07-30T15:26:21.797+0000] {processor.py:183} INFO - Processing /opt/airflow/dags/bike_hour_dag.py took 0.102 seconds
[2025-07-30T15:26:52.201+0000] {processor.py:161} INFO - Started process (PID=1710) to work on /opt/airflow/dags/bike_hour_dag.py
[2025-07-30T15:26:52.209+0000] {processor.py:830} INFO - Processing file /opt/airflow/dags/bike_hour_dag.py for tasks to queue
[2025-07-30T15:26:52.216+0000] {logging_mixin.py:188} INFO - [2025-07-30T15:26:52.215+0000] {dagbag.py:540} INFO - Filling up the DagBag from /opt/airflow/dags/bike_hour_dag.py
[2025-07-30T15:26:52.365+0000] {processor.py:840} INFO - DAG(s) 'bike_hour_pipeline' retrieved from /opt/airflow/dags/bike_hour_dag.py
[2025-07-30T15:26:52.433+0000] {logging_mixin.py:188} INFO - [2025-07-30T15:26:52.432+0000] {dag.py:3096} INFO - Sync 1 DAGs
[2025-07-30T15:26:52.460+0000] {logging_mixin.py:188} INFO - [2025-07-30T15:26:52.460+0000] {dag.py:3954} INFO - Setting next_dagrun for bike_hour_pipeline to 2025-07-29 00:00:00+00:00, run_after=2025-07-30 00:00:00+00:00
[2025-07-30T15:26:52.484+0000] {processor.py:183} INFO - Processing /opt/airflow/dags/bike_hour_dag.py took 0.325 seconds
