[2025-07-30T14:36:05.803+0000] {processor.py:161} INFO - Started process (PID=191) to work on /opt/airflow/dags/clean_day_data.py
[2025-07-30T14:36:05.804+0000] {processor.py:830} INFO - Processing file /opt/airflow/dags/clean_day_data.py for tasks to queue
[2025-07-30T14:36:05.805+0000] {logging_mixin.py:188} INFO - [2025-07-30T14:36:05.805+0000] {dagbag.py:540} INFO - Filling up the DagBag from /opt/airflow/dags/clean_day_data.py
[2025-07-30T14:36:05.830+0000] {processor.py:840} INFO - DAG(s) 'clean_day_data' retrieved from /opt/airflow/dags/clean_day_data.py
[2025-07-30T14:36:05.843+0000] {logging_mixin.py:188} INFO - [2025-07-30T14:36:05.843+0000] {dag.py:3096} INFO - Sync 1 DAGs
[2025-07-30T14:36:05.855+0000] {logging_mixin.py:188} INFO - [2025-07-30T14:36:05.854+0000] {dag.py:3954} INFO - Setting next_dagrun for clean_day_data to None, run_after=None
[2025-07-30T14:36:05.871+0000] {processor.py:183} INFO - Processing /opt/airflow/dags/clean_day_data.py took 0.073 seconds
[2025-07-30T14:36:36.615+0000] {processor.py:161} INFO - Started process (PID=226) to work on /opt/airflow/dags/clean_day_data.py
[2025-07-30T14:36:36.617+0000] {processor.py:830} INFO - Processing file /opt/airflow/dags/clean_day_data.py for tasks to queue
[2025-07-30T14:36:36.620+0000] {logging_mixin.py:188} INFO - [2025-07-30T14:36:36.620+0000] {dagbag.py:540} INFO - Filling up the DagBag from /opt/airflow/dags/clean_day_data.py
[2025-07-30T14:36:36.652+0000] {processor.py:840} INFO - DAG(s) 'clean_day_data' retrieved from /opt/airflow/dags/clean_day_data.py
[2025-07-30T14:36:36.783+0000] {logging_mixin.py:188} INFO - [2025-07-30T14:36:36.781+0000] {dag.py:3096} INFO - Sync 1 DAGs
[2025-07-30T14:36:36.797+0000] {logging_mixin.py:188} INFO - [2025-07-30T14:36:36.795+0000] {dag.py:3954} INFO - Setting next_dagrun for clean_day_data to None, run_after=None
[2025-07-30T14:36:36.818+0000] {processor.py:183} INFO - Processing /opt/airflow/dags/clean_day_data.py took 0.209 seconds
[2025-07-30T14:37:06.962+0000] {processor.py:161} INFO - Started process (PID=259) to work on /opt/airflow/dags/clean_day_data.py
[2025-07-30T14:37:06.963+0000] {processor.py:830} INFO - Processing file /opt/airflow/dags/clean_day_data.py for tasks to queue
[2025-07-30T14:37:06.966+0000] {logging_mixin.py:188} INFO - [2025-07-30T14:37:06.965+0000] {dagbag.py:540} INFO - Filling up the DagBag from /opt/airflow/dags/clean_day_data.py
[2025-07-30T14:37:06.987+0000] {processor.py:840} INFO - DAG(s) 'clean_day_data' retrieved from /opt/airflow/dags/clean_day_data.py
[2025-07-30T14:37:07.017+0000] {logging_mixin.py:188} INFO - [2025-07-30T14:37:07.016+0000] {dag.py:3096} INFO - Sync 1 DAGs
[2025-07-30T14:37:07.028+0000] {logging_mixin.py:188} INFO - [2025-07-30T14:37:07.028+0000] {dag.py:3954} INFO - Setting next_dagrun for clean_day_data to None, run_after=None
[2025-07-30T14:37:07.047+0000] {processor.py:183} INFO - Processing /opt/airflow/dags/clean_day_data.py took 0.091 seconds
[2025-07-30T14:37:37.366+0000] {processor.py:161} INFO - Started process (PID=294) to work on /opt/airflow/dags/clean_day_data.py
[2025-07-30T14:37:37.367+0000] {processor.py:830} INFO - Processing file /opt/airflow/dags/clean_day_data.py for tasks to queue
[2025-07-30T14:37:37.369+0000] {logging_mixin.py:188} INFO - [2025-07-30T14:37:37.369+0000] {dagbag.py:540} INFO - Filling up the DagBag from /opt/airflow/dags/clean_day_data.py
[2025-07-30T14:37:37.387+0000] {processor.py:840} INFO - DAG(s) 'clean_day_data' retrieved from /opt/airflow/dags/clean_day_data.py
[2025-07-30T14:37:37.416+0000] {logging_mixin.py:188} INFO - [2025-07-30T14:37:37.415+0000] {dag.py:3096} INFO - Sync 1 DAGs
[2025-07-30T14:37:37.441+0000] {logging_mixin.py:188} INFO - [2025-07-30T14:37:37.440+0000] {dag.py:3954} INFO - Setting next_dagrun for clean_day_data to None, run_after=None
[2025-07-30T14:37:37.484+0000] {processor.py:183} INFO - Processing /opt/airflow/dags/clean_day_data.py took 0.124 seconds
[2025-07-30T14:38:07.573+0000] {processor.py:161} INFO - Started process (PID=329) to work on /opt/airflow/dags/clean_day_data.py
[2025-07-30T14:38:07.574+0000] {processor.py:830} INFO - Processing file /opt/airflow/dags/clean_day_data.py for tasks to queue
[2025-07-30T14:38:07.575+0000] {logging_mixin.py:188} INFO - [2025-07-30T14:38:07.575+0000] {dagbag.py:540} INFO - Filling up the DagBag from /opt/airflow/dags/clean_day_data.py
[2025-07-30T14:38:07.591+0000] {processor.py:840} INFO - DAG(s) 'clean_day_data' retrieved from /opt/airflow/dags/clean_day_data.py
[2025-07-30T14:38:07.617+0000] {logging_mixin.py:188} INFO - [2025-07-30T14:38:07.617+0000] {dag.py:3096} INFO - Sync 1 DAGs
[2025-07-30T14:38:07.629+0000] {logging_mixin.py:188} INFO - [2025-07-30T14:38:07.628+0000] {dag.py:3954} INFO - Setting next_dagrun for clean_day_data to None, run_after=None
[2025-07-30T14:38:07.651+0000] {processor.py:183} INFO - Processing /opt/airflow/dags/clean_day_data.py took 0.082 seconds
[2025-07-30T14:38:37.930+0000] {processor.py:161} INFO - Started process (PID=364) to work on /opt/airflow/dags/clean_day_data.py
[2025-07-30T14:38:37.933+0000] {processor.py:830} INFO - Processing file /opt/airflow/dags/clean_day_data.py for tasks to queue
[2025-07-30T14:38:37.938+0000] {logging_mixin.py:188} INFO - [2025-07-30T14:38:37.937+0000] {dagbag.py:540} INFO - Filling up the DagBag from /opt/airflow/dags/clean_day_data.py
[2025-07-30T14:38:37.970+0000] {processor.py:840} INFO - DAG(s) 'clean_day_data' retrieved from /opt/airflow/dags/clean_day_data.py
[2025-07-30T14:38:38.008+0000] {logging_mixin.py:188} INFO - [2025-07-30T14:38:38.007+0000] {dag.py:3096} INFO - Sync 1 DAGs
[2025-07-30T14:38:38.030+0000] {logging_mixin.py:188} INFO - [2025-07-30T14:38:38.030+0000] {dag.py:3954} INFO - Setting next_dagrun for clean_day_data to None, run_after=None
[2025-07-30T14:38:38.063+0000] {processor.py:183} INFO - Processing /opt/airflow/dags/clean_day_data.py took 0.145 seconds
[2025-07-30T14:39:08.338+0000] {processor.py:161} INFO - Started process (PID=399) to work on /opt/airflow/dags/clean_day_data.py
[2025-07-30T14:39:08.339+0000] {processor.py:830} INFO - Processing file /opt/airflow/dags/clean_day_data.py for tasks to queue
[2025-07-30T14:39:08.341+0000] {logging_mixin.py:188} INFO - [2025-07-30T14:39:08.341+0000] {dagbag.py:540} INFO - Filling up the DagBag from /opt/airflow/dags/clean_day_data.py
[2025-07-30T14:39:08.363+0000] {processor.py:840} INFO - DAG(s) 'clean_day_data' retrieved from /opt/airflow/dags/clean_day_data.py
[2025-07-30T14:39:08.396+0000] {logging_mixin.py:188} INFO - [2025-07-30T14:39:08.396+0000] {dag.py:3096} INFO - Sync 1 DAGs
[2025-07-30T14:39:08.414+0000] {logging_mixin.py:188} INFO - [2025-07-30T14:39:08.413+0000] {dag.py:3954} INFO - Setting next_dagrun for clean_day_data to None, run_after=None
[2025-07-30T14:39:08.436+0000] {processor.py:183} INFO - Processing /opt/airflow/dags/clean_day_data.py took 0.105 seconds
[2025-07-30T14:39:39.582+0000] {processor.py:161} INFO - Started process (PID=436) to work on /opt/airflow/dags/clean_day_data.py
[2025-07-30T14:39:39.583+0000] {processor.py:830} INFO - Processing file /opt/airflow/dags/clean_day_data.py for tasks to queue
[2025-07-30T14:39:39.584+0000] {logging_mixin.py:188} INFO - [2025-07-30T14:39:39.584+0000] {dagbag.py:540} INFO - Filling up the DagBag from /opt/airflow/dags/clean_day_data.py
[2025-07-30T14:39:39.604+0000] {processor.py:840} INFO - DAG(s) 'clean_day_data' retrieved from /opt/airflow/dags/clean_day_data.py
[2025-07-30T14:39:39.629+0000] {logging_mixin.py:188} INFO - [2025-07-30T14:39:39.629+0000] {dag.py:3096} INFO - Sync 1 DAGs
[2025-07-30T14:39:39.641+0000] {logging_mixin.py:188} INFO - [2025-07-30T14:39:39.641+0000] {dag.py:3954} INFO - Setting next_dagrun for clean_day_data to None, run_after=None
[2025-07-30T14:39:39.658+0000] {processor.py:183} INFO - Processing /opt/airflow/dags/clean_day_data.py took 0.081 seconds
[2025-07-30T14:40:11.761+0000] {processor.py:161} INFO - Started process (PID=469) to work on /opt/airflow/dags/clean_day_data.py
[2025-07-30T14:40:11.762+0000] {processor.py:830} INFO - Processing file /opt/airflow/dags/clean_day_data.py for tasks to queue
[2025-07-30T14:40:11.764+0000] {logging_mixin.py:188} INFO - [2025-07-30T14:40:11.764+0000] {dagbag.py:540} INFO - Filling up the DagBag from /opt/airflow/dags/clean_day_data.py
[2025-07-30T14:40:11.783+0000] {processor.py:840} INFO - DAG(s) 'clean_day_data' retrieved from /opt/airflow/dags/clean_day_data.py
[2025-07-30T14:40:11.809+0000] {logging_mixin.py:188} INFO - [2025-07-30T14:40:11.809+0000] {dag.py:3096} INFO - Sync 1 DAGs
[2025-07-30T14:40:11.821+0000] {logging_mixin.py:188} INFO - [2025-07-30T14:40:11.820+0000] {dag.py:3954} INFO - Setting next_dagrun for clean_day_data to None, run_after=None
[2025-07-30T14:40:11.838+0000] {processor.py:183} INFO - Processing /opt/airflow/dags/clean_day_data.py took 0.082 seconds
[2025-07-30T14:40:44.772+0000] {processor.py:161} INFO - Started process (PID=506) to work on /opt/airflow/dags/clean_day_data.py
[2025-07-30T14:40:44.772+0000] {processor.py:830} INFO - Processing file /opt/airflow/dags/clean_day_data.py for tasks to queue
[2025-07-30T14:40:44.774+0000] {logging_mixin.py:188} INFO - [2025-07-30T14:40:44.774+0000] {dagbag.py:540} INFO - Filling up the DagBag from /opt/airflow/dags/clean_day_data.py
[2025-07-30T14:40:44.790+0000] {processor.py:840} INFO - DAG(s) 'clean_day_data' retrieved from /opt/airflow/dags/clean_day_data.py
[2025-07-30T14:40:44.814+0000] {logging_mixin.py:188} INFO - [2025-07-30T14:40:44.814+0000] {dag.py:3096} INFO - Sync 1 DAGs
[2025-07-30T14:40:44.823+0000] {logging_mixin.py:188} INFO - [2025-07-30T14:40:44.823+0000] {dag.py:3954} INFO - Setting next_dagrun for clean_day_data to None, run_after=None
[2025-07-30T14:40:44.839+0000] {processor.py:183} INFO - Processing /opt/airflow/dags/clean_day_data.py took 0.073 seconds
[2025-07-30T14:44:12.311+0000] {processor.py:161} INFO - Started process (PID=192) to work on /opt/airflow/dags/clean_day_data.py
[2025-07-30T14:44:12.312+0000] {processor.py:830} INFO - Processing file /opt/airflow/dags/clean_day_data.py for tasks to queue
[2025-07-30T14:44:12.315+0000] {logging_mixin.py:188} INFO - [2025-07-30T14:44:12.314+0000] {dagbag.py:540} INFO - Filling up the DagBag from /opt/airflow/dags/clean_day_data.py
[2025-07-30T14:44:12.339+0000] {processor.py:840} INFO - DAG(s) 'clean_day_data' retrieved from /opt/airflow/dags/clean_day_data.py
[2025-07-30T14:44:12.352+0000] {logging_mixin.py:188} INFO - [2025-07-30T14:44:12.352+0000] {dag.py:3096} INFO - Sync 1 DAGs
[2025-07-30T14:44:12.364+0000] {logging_mixin.py:188} INFO - [2025-07-30T14:44:12.364+0000] {dag.py:3954} INFO - Setting next_dagrun for clean_day_data to None, run_after=None
[2025-07-30T14:44:12.380+0000] {processor.py:183} INFO - Processing /opt/airflow/dags/clean_day_data.py took 0.075 seconds
[2025-07-30T14:44:42.636+0000] {processor.py:161} INFO - Started process (PID=227) to work on /opt/airflow/dags/clean_day_data.py
[2025-07-30T14:44:42.636+0000] {processor.py:830} INFO - Processing file /opt/airflow/dags/clean_day_data.py for tasks to queue
[2025-07-30T14:44:42.638+0000] {logging_mixin.py:188} INFO - [2025-07-30T14:44:42.637+0000] {dagbag.py:540} INFO - Filling up the DagBag from /opt/airflow/dags/clean_day_data.py
[2025-07-30T14:44:42.655+0000] {processor.py:840} INFO - DAG(s) 'clean_day_data' retrieved from /opt/airflow/dags/clean_day_data.py
[2025-07-30T14:44:42.733+0000] {logging_mixin.py:188} INFO - [2025-07-30T14:44:42.732+0000] {dag.py:3096} INFO - Sync 1 DAGs
[2025-07-30T14:44:42.740+0000] {logging_mixin.py:188} INFO - [2025-07-30T14:44:42.740+0000] {dag.py:3954} INFO - Setting next_dagrun for clean_day_data to None, run_after=None
[2025-07-30T14:44:42.756+0000] {processor.py:183} INFO - Processing /opt/airflow/dags/clean_day_data.py took 0.126 seconds
[2025-07-30T14:45:12.996+0000] {processor.py:161} INFO - Started process (PID=260) to work on /opt/airflow/dags/clean_day_data.py
[2025-07-30T14:45:12.998+0000] {processor.py:830} INFO - Processing file /opt/airflow/dags/clean_day_data.py for tasks to queue
[2025-07-30T14:45:13.000+0000] {logging_mixin.py:188} INFO - [2025-07-30T14:45:13.000+0000] {dagbag.py:540} INFO - Filling up the DagBag from /opt/airflow/dags/clean_day_data.py
[2025-07-30T14:45:13.018+0000] {processor.py:840} INFO - DAG(s) 'clean_day_data' retrieved from /opt/airflow/dags/clean_day_data.py
[2025-07-30T14:45:13.046+0000] {logging_mixin.py:188} INFO - [2025-07-30T14:45:13.045+0000] {dag.py:3096} INFO - Sync 1 DAGs
[2025-07-30T14:45:13.058+0000] {logging_mixin.py:188} INFO - [2025-07-30T14:45:13.057+0000] {dag.py:3954} INFO - Setting next_dagrun for clean_day_data to None, run_after=None
[2025-07-30T14:45:13.076+0000] {processor.py:183} INFO - Processing /opt/airflow/dags/clean_day_data.py took 0.085 seconds
[2025-07-30T14:45:43.207+0000] {processor.py:161} INFO - Started process (PID=295) to work on /opt/airflow/dags/clean_day_data.py
[2025-07-30T14:45:43.208+0000] {processor.py:830} INFO - Processing file /opt/airflow/dags/clean_day_data.py for tasks to queue
[2025-07-30T14:45:43.210+0000] {logging_mixin.py:188} INFO - [2025-07-30T14:45:43.210+0000] {dagbag.py:540} INFO - Filling up the DagBag from /opt/airflow/dags/clean_day_data.py
[2025-07-30T14:45:43.232+0000] {processor.py:840} INFO - DAG(s) 'clean_day_data' retrieved from /opt/airflow/dags/clean_day_data.py
[2025-07-30T14:45:43.265+0000] {logging_mixin.py:188} INFO - [2025-07-30T14:45:43.265+0000] {dag.py:3096} INFO - Sync 1 DAGs
[2025-07-30T14:45:43.280+0000] {logging_mixin.py:188} INFO - [2025-07-30T14:45:43.279+0000] {dag.py:3954} INFO - Setting next_dagrun for clean_day_data to None, run_after=None
[2025-07-30T14:45:43.301+0000] {processor.py:183} INFO - Processing /opt/airflow/dags/clean_day_data.py took 0.099 seconds
[2025-07-30T14:46:13.528+0000] {processor.py:161} INFO - Started process (PID=330) to work on /opt/airflow/dags/clean_day_data.py
[2025-07-30T14:46:13.529+0000] {processor.py:830} INFO - Processing file /opt/airflow/dags/clean_day_data.py for tasks to queue
[2025-07-30T14:46:13.532+0000] {logging_mixin.py:188} INFO - [2025-07-30T14:46:13.532+0000] {dagbag.py:540} INFO - Filling up the DagBag from /opt/airflow/dags/clean_day_data.py
[2025-07-30T14:46:13.560+0000] {processor.py:840} INFO - DAG(s) 'clean_day_data' retrieved from /opt/airflow/dags/clean_day_data.py
[2025-07-30T14:46:13.610+0000] {logging_mixin.py:188} INFO - [2025-07-30T14:46:13.608+0000] {dag.py:3096} INFO - Sync 1 DAGs
[2025-07-30T14:46:13.630+0000] {logging_mixin.py:188} INFO - [2025-07-30T14:46:13.630+0000] {dag.py:3954} INFO - Setting next_dagrun for clean_day_data to None, run_after=None
[2025-07-30T14:46:13.657+0000] {processor.py:183} INFO - Processing /opt/airflow/dags/clean_day_data.py took 0.137 seconds
[2025-07-30T14:46:45.445+0000] {processor.py:161} INFO - Started process (PID=365) to work on /opt/airflow/dags/clean_day_data.py
[2025-07-30T14:46:45.448+0000] {processor.py:830} INFO - Processing file /opt/airflow/dags/clean_day_data.py for tasks to queue
[2025-07-30T14:46:45.452+0000] {logging_mixin.py:188} INFO - [2025-07-30T14:46:45.451+0000] {dagbag.py:540} INFO - Filling up the DagBag from /opt/airflow/dags/clean_day_data.py
[2025-07-30T14:46:45.511+0000] {processor.py:840} INFO - DAG(s) 'clean_day_data' retrieved from /opt/airflow/dags/clean_day_data.py
[2025-07-30T14:46:45.914+0000] {logging_mixin.py:188} INFO - [2025-07-30T14:46:45.911+0000] {dag.py:3096} INFO - Sync 1 DAGs
[2025-07-30T14:46:45.954+0000] {logging_mixin.py:188} INFO - [2025-07-30T14:46:45.954+0000] {dag.py:3954} INFO - Setting next_dagrun for clean_day_data to None, run_after=None
[2025-07-30T14:46:45.992+0000] {processor.py:183} INFO - Processing /opt/airflow/dags/clean_day_data.py took 0.560 seconds
[2025-07-30T14:47:20.205+0000] {processor.py:161} INFO - Started process (PID=193) to work on /opt/airflow/dags/clean_day_data.py
[2025-07-30T14:47:20.206+0000] {processor.py:830} INFO - Processing file /opt/airflow/dags/clean_day_data.py for tasks to queue
[2025-07-30T14:47:20.208+0000] {logging_mixin.py:188} INFO - [2025-07-30T14:47:20.208+0000] {dagbag.py:540} INFO - Filling up the DagBag from /opt/airflow/dags/clean_day_data.py
[2025-07-30T14:47:20.233+0000] {processor.py:840} INFO - DAG(s) 'clean_day_data' retrieved from /opt/airflow/dags/clean_day_data.py
[2025-07-30T14:47:20.248+0000] {logging_mixin.py:188} INFO - [2025-07-30T14:47:20.247+0000] {dag.py:3096} INFO - Sync 1 DAGs
[2025-07-30T14:47:20.262+0000] {logging_mixin.py:188} INFO - [2025-07-30T14:47:20.262+0000] {dag.py:3954} INFO - Setting next_dagrun for clean_day_data to None, run_after=None
[2025-07-30T14:47:20.280+0000] {processor.py:183} INFO - Processing /opt/airflow/dags/clean_day_data.py took 0.081 seconds
[2025-07-30T14:47:50.621+0000] {processor.py:161} INFO - Started process (PID=228) to work on /opt/airflow/dags/clean_day_data.py
[2025-07-30T14:47:50.622+0000] {processor.py:830} INFO - Processing file /opt/airflow/dags/clean_day_data.py for tasks to queue
[2025-07-30T14:47:50.624+0000] {logging_mixin.py:188} INFO - [2025-07-30T14:47:50.624+0000] {dagbag.py:540} INFO - Filling up the DagBag from /opt/airflow/dags/clean_day_data.py
[2025-07-30T14:47:50.649+0000] {processor.py:840} INFO - DAG(s) 'clean_day_data' retrieved from /opt/airflow/dags/clean_day_data.py
[2025-07-30T14:47:50.747+0000] {logging_mixin.py:188} INFO - [2025-07-30T14:47:50.747+0000] {dag.py:3096} INFO - Sync 1 DAGs
[2025-07-30T14:47:50.756+0000] {logging_mixin.py:188} INFO - [2025-07-30T14:47:50.756+0000] {dag.py:3954} INFO - Setting next_dagrun for clean_day_data to None, run_after=None
[2025-07-30T14:47:50.776+0000] {processor.py:183} INFO - Processing /opt/airflow/dags/clean_day_data.py took 0.161 seconds
[2025-07-30T14:48:20.935+0000] {processor.py:161} INFO - Started process (PID=261) to work on /opt/airflow/dags/clean_day_data.py
[2025-07-30T14:48:20.937+0000] {processor.py:830} INFO - Processing file /opt/airflow/dags/clean_day_data.py for tasks to queue
[2025-07-30T14:48:20.938+0000] {logging_mixin.py:188} INFO - [2025-07-30T14:48:20.938+0000] {dagbag.py:540} INFO - Filling up the DagBag from /opt/airflow/dags/clean_day_data.py
[2025-07-30T14:48:20.961+0000] {processor.py:840} INFO - DAG(s) 'clean_day_data' retrieved from /opt/airflow/dags/clean_day_data.py
[2025-07-30T14:48:21.000+0000] {logging_mixin.py:188} INFO - [2025-07-30T14:48:20.999+0000] {dag.py:3096} INFO - Sync 1 DAGs
[2025-07-30T14:48:21.014+0000] {logging_mixin.py:188} INFO - [2025-07-30T14:48:21.014+0000] {dag.py:3954} INFO - Setting next_dagrun for clean_day_data to None, run_after=None
[2025-07-30T14:48:21.033+0000] {processor.py:183} INFO - Processing /opt/airflow/dags/clean_day_data.py took 0.103 seconds
[2025-07-30T14:48:51.204+0000] {processor.py:161} INFO - Started process (PID=296) to work on /opt/airflow/dags/clean_day_data.py
[2025-07-30T14:48:51.205+0000] {processor.py:830} INFO - Processing file /opt/airflow/dags/clean_day_data.py for tasks to queue
[2025-07-30T14:48:51.207+0000] {logging_mixin.py:188} INFO - [2025-07-30T14:48:51.207+0000] {dagbag.py:540} INFO - Filling up the DagBag from /opt/airflow/dags/clean_day_data.py
[2025-07-30T14:48:51.229+0000] {processor.py:840} INFO - DAG(s) 'clean_day_data' retrieved from /opt/airflow/dags/clean_day_data.py
[2025-07-30T14:48:51.260+0000] {logging_mixin.py:188} INFO - [2025-07-30T14:48:51.259+0000] {dag.py:3096} INFO - Sync 1 DAGs
[2025-07-30T14:48:51.277+0000] {logging_mixin.py:188} INFO - [2025-07-30T14:48:51.276+0000] {dag.py:3954} INFO - Setting next_dagrun for clean_day_data to None, run_after=None
[2025-07-30T14:48:51.301+0000] {processor.py:183} INFO - Processing /opt/airflow/dags/clean_day_data.py took 0.104 seconds
[2025-07-30T14:49:23.760+0000] {processor.py:161} INFO - Started process (PID=331) to work on /opt/airflow/dags/clean_day_data.py
[2025-07-30T14:49:23.761+0000] {processor.py:830} INFO - Processing file /opt/airflow/dags/clean_day_data.py for tasks to queue
[2025-07-30T14:49:23.763+0000] {logging_mixin.py:188} INFO - [2025-07-30T14:49:23.762+0000] {dagbag.py:540} INFO - Filling up the DagBag from /opt/airflow/dags/clean_day_data.py
[2025-07-30T14:49:23.784+0000] {processor.py:840} INFO - DAG(s) 'clean_day_data' retrieved from /opt/airflow/dags/clean_day_data.py
[2025-07-30T14:49:23.818+0000] {logging_mixin.py:188} INFO - [2025-07-30T14:49:23.817+0000] {dag.py:3096} INFO - Sync 1 DAGs
[2025-07-30T14:49:23.833+0000] {logging_mixin.py:188} INFO - [2025-07-30T14:49:23.833+0000] {dag.py:3954} INFO - Setting next_dagrun for clean_day_data to None, run_after=None
[2025-07-30T14:49:23.858+0000] {processor.py:183} INFO - Processing /opt/airflow/dags/clean_day_data.py took 0.103 seconds
[2025-07-30T14:49:56.155+0000] {processor.py:161} INFO - Started process (PID=366) to work on /opt/airflow/dags/clean_day_data.py
[2025-07-30T14:49:56.157+0000] {processor.py:830} INFO - Processing file /opt/airflow/dags/clean_day_data.py for tasks to queue
[2025-07-30T14:49:56.159+0000] {logging_mixin.py:188} INFO - [2025-07-30T14:49:56.159+0000] {dagbag.py:540} INFO - Filling up the DagBag from /opt/airflow/dags/clean_day_data.py
[2025-07-30T14:49:56.190+0000] {processor.py:840} INFO - DAG(s) 'clean_day_data' retrieved from /opt/airflow/dags/clean_day_data.py
[2025-07-30T14:49:56.235+0000] {logging_mixin.py:188} INFO - [2025-07-30T14:49:56.235+0000] {dag.py:3096} INFO - Sync 1 DAGs
[2025-07-30T14:49:56.252+0000] {logging_mixin.py:188} INFO - [2025-07-30T14:49:56.252+0000] {dag.py:3954} INFO - Setting next_dagrun for clean_day_data to None, run_after=None
[2025-07-30T14:49:56.277+0000] {processor.py:183} INFO - Processing /opt/airflow/dags/clean_day_data.py took 0.128 seconds
[2025-07-30T14:50:28.505+0000] {processor.py:161} INFO - Started process (PID=401) to work on /opt/airflow/dags/clean_day_data.py
[2025-07-30T14:50:28.508+0000] {processor.py:830} INFO - Processing file /opt/airflow/dags/clean_day_data.py for tasks to queue
[2025-07-30T14:50:28.510+0000] {logging_mixin.py:188} INFO - [2025-07-30T14:50:28.509+0000] {dagbag.py:540} INFO - Filling up the DagBag from /opt/airflow/dags/clean_day_data.py
[2025-07-30T14:50:28.530+0000] {processor.py:840} INFO - DAG(s) 'clean_day_data' retrieved from /opt/airflow/dags/clean_day_data.py
[2025-07-30T14:50:28.567+0000] {logging_mixin.py:188} INFO - [2025-07-30T14:50:28.566+0000] {dag.py:3096} INFO - Sync 1 DAGs
[2025-07-30T14:50:28.579+0000] {logging_mixin.py:188} INFO - [2025-07-30T14:50:28.578+0000] {dag.py:3954} INFO - Setting next_dagrun for clean_day_data to None, run_after=None
[2025-07-30T14:50:28.596+0000] {processor.py:183} INFO - Processing /opt/airflow/dags/clean_day_data.py took 0.096 seconds
[2025-07-30T14:51:00.766+0000] {processor.py:161} INFO - Started process (PID=436) to work on /opt/airflow/dags/clean_day_data.py
[2025-07-30T14:51:00.767+0000] {processor.py:830} INFO - Processing file /opt/airflow/dags/clean_day_data.py for tasks to queue
[2025-07-30T14:51:00.769+0000] {logging_mixin.py:188} INFO - [2025-07-30T14:51:00.769+0000] {dagbag.py:540} INFO - Filling up the DagBag from /opt/airflow/dags/clean_day_data.py
[2025-07-30T14:51:00.787+0000] {processor.py:840} INFO - DAG(s) 'clean_day_data' retrieved from /opt/airflow/dags/clean_day_data.py
[2025-07-30T14:51:00.812+0000] {logging_mixin.py:188} INFO - [2025-07-30T14:51:00.811+0000] {dag.py:3096} INFO - Sync 1 DAGs
[2025-07-30T14:51:00.823+0000] {logging_mixin.py:188} INFO - [2025-07-30T14:51:00.823+0000] {dag.py:3954} INFO - Setting next_dagrun for clean_day_data to None, run_after=None
[2025-07-30T14:51:00.841+0000] {processor.py:183} INFO - Processing /opt/airflow/dags/clean_day_data.py took 0.080 seconds
[2025-07-30T14:51:38.929+0000] {processor.py:161} INFO - Started process (PID=193) to work on /opt/airflow/dags/clean_day_data.py
[2025-07-30T14:51:38.930+0000] {processor.py:830} INFO - Processing file /opt/airflow/dags/clean_day_data.py for tasks to queue
[2025-07-30T14:51:38.932+0000] {logging_mixin.py:188} INFO - [2025-07-30T14:51:38.931+0000] {dagbag.py:540} INFO - Filling up the DagBag from /opt/airflow/dags/clean_day_data.py
[2025-07-30T14:51:38.948+0000] {processor.py:840} INFO - DAG(s) 'clean_day_data' retrieved from /opt/airflow/dags/clean_day_data.py
[2025-07-30T14:51:38.961+0000] {logging_mixin.py:188} INFO - [2025-07-30T14:51:38.960+0000] {dag.py:3096} INFO - Sync 1 DAGs
[2025-07-30T14:51:38.974+0000] {logging_mixin.py:188} INFO - [2025-07-30T14:51:38.973+0000] {dag.py:3954} INFO - Setting next_dagrun for clean_day_data to None, run_after=None
[2025-07-30T14:51:38.994+0000] {processor.py:183} INFO - Processing /opt/airflow/dags/clean_day_data.py took 0.070 seconds
[2025-07-30T14:52:09.525+0000] {processor.py:161} INFO - Started process (PID=228) to work on /opt/airflow/dags/clean_day_data.py
[2025-07-30T14:52:09.526+0000] {processor.py:830} INFO - Processing file /opt/airflow/dags/clean_day_data.py for tasks to queue
[2025-07-30T14:52:09.528+0000] {logging_mixin.py:188} INFO - [2025-07-30T14:52:09.527+0000] {dagbag.py:540} INFO - Filling up the DagBag from /opt/airflow/dags/clean_day_data.py
[2025-07-30T14:52:09.546+0000] {processor.py:840} INFO - DAG(s) 'clean_day_data' retrieved from /opt/airflow/dags/clean_day_data.py
[2025-07-30T14:52:09.650+0000] {logging_mixin.py:188} INFO - [2025-07-30T14:52:09.650+0000] {dag.py:3096} INFO - Sync 1 DAGs
[2025-07-30T14:52:09.664+0000] {logging_mixin.py:188} INFO - [2025-07-30T14:52:09.664+0000] {dag.py:3954} INFO - Setting next_dagrun for clean_day_data to None, run_after=None
[2025-07-30T14:52:09.685+0000] {processor.py:183} INFO - Processing /opt/airflow/dags/clean_day_data.py took 0.166 seconds
[2025-07-30T14:52:39.901+0000] {processor.py:161} INFO - Started process (PID=327) to work on /opt/airflow/dags/clean_day_data.py
[2025-07-30T14:52:39.902+0000] {processor.py:830} INFO - Processing file /opt/airflow/dags/clean_day_data.py for tasks to queue
[2025-07-30T14:52:39.906+0000] {logging_mixin.py:188} INFO - [2025-07-30T14:52:39.905+0000] {dagbag.py:540} INFO - Filling up the DagBag from /opt/airflow/dags/clean_day_data.py
[2025-07-30T14:52:39.927+0000] {processor.py:840} INFO - DAG(s) 'clean_day_data' retrieved from /opt/airflow/dags/clean_day_data.py
[2025-07-30T14:52:40.012+0000] {logging_mixin.py:188} INFO - [2025-07-30T14:52:40.012+0000] {dag.py:3096} INFO - Sync 1 DAGs
[2025-07-30T14:52:40.021+0000] {logging_mixin.py:188} INFO - [2025-07-30T14:52:40.021+0000] {dag.py:3118} INFO - Creating ORM DAG for clean_day_data
[2025-07-30T14:52:40.022+0000] {logging_mixin.py:188} INFO - [2025-07-30T14:52:40.022+0000] {dag.py:3954} INFO - Setting next_dagrun for clean_day_data to None, run_after=None
[2025-07-30T14:52:40.040+0000] {processor.py:183} INFO - Processing /opt/airflow/dags/clean_day_data.py took 0.145 seconds
[2025-07-30T14:54:12.629+0000] {processor.py:161} INFO - Started process (PID=192) to work on /opt/airflow/dags/clean_day_data.py
[2025-07-30T14:54:12.631+0000] {processor.py:830} INFO - Processing file /opt/airflow/dags/clean_day_data.py for tasks to queue
[2025-07-30T14:54:12.634+0000] {logging_mixin.py:188} INFO - [2025-07-30T14:54:12.634+0000] {dagbag.py:540} INFO - Filling up the DagBag from /opt/airflow/dags/clean_day_data.py
[2025-07-30T14:54:12.669+0000] {processor.py:840} INFO - DAG(s) 'clean_day_data' retrieved from /opt/airflow/dags/clean_day_data.py
[2025-07-30T14:54:12.683+0000] {logging_mixin.py:188} INFO - [2025-07-30T14:54:12.682+0000] {dag.py:3096} INFO - Sync 1 DAGs
[2025-07-30T14:54:12.697+0000] {logging_mixin.py:188} INFO - [2025-07-30T14:54:12.697+0000] {dag.py:3954} INFO - Setting next_dagrun for clean_day_data to None, run_after=None
[2025-07-30T14:54:12.718+0000] {processor.py:183} INFO - Processing /opt/airflow/dags/clean_day_data.py took 0.095 seconds
[2025-07-30T14:54:43.053+0000] {processor.py:161} INFO - Started process (PID=227) to work on /opt/airflow/dags/clean_day_data.py
[2025-07-30T14:54:43.055+0000] {processor.py:830} INFO - Processing file /opt/airflow/dags/clean_day_data.py for tasks to queue
[2025-07-30T14:54:43.056+0000] {logging_mixin.py:188} INFO - [2025-07-30T14:54:43.056+0000] {dagbag.py:540} INFO - Filling up the DagBag from /opt/airflow/dags/clean_day_data.py
[2025-07-30T14:54:43.075+0000] {processor.py:840} INFO - DAG(s) 'clean_day_data' retrieved from /opt/airflow/dags/clean_day_data.py
[2025-07-30T14:54:43.158+0000] {logging_mixin.py:188} INFO - [2025-07-30T14:54:43.157+0000] {dag.py:3096} INFO - Sync 1 DAGs
[2025-07-30T14:54:43.165+0000] {logging_mixin.py:188} INFO - [2025-07-30T14:54:43.165+0000] {dag.py:3954} INFO - Setting next_dagrun for clean_day_data to None, run_after=None
[2025-07-30T14:54:43.181+0000] {processor.py:183} INFO - Processing /opt/airflow/dags/clean_day_data.py took 0.133 seconds
[2025-07-30T14:55:13.364+0000] {processor.py:161} INFO - Started process (PID=262) to work on /opt/airflow/dags/clean_day_data.py
[2025-07-30T14:55:13.365+0000] {processor.py:830} INFO - Processing file /opt/airflow/dags/clean_day_data.py for tasks to queue
[2025-07-30T14:55:13.367+0000] {logging_mixin.py:188} INFO - [2025-07-30T14:55:13.367+0000] {dagbag.py:540} INFO - Filling up the DagBag from /opt/airflow/dags/clean_day_data.py
[2025-07-30T14:55:13.385+0000] {processor.py:840} INFO - DAG(s) 'clean_day_data' retrieved from /opt/airflow/dags/clean_day_data.py
[2025-07-30T14:55:13.410+0000] {logging_mixin.py:188} INFO - [2025-07-30T14:55:13.409+0000] {dag.py:3096} INFO - Sync 1 DAGs
[2025-07-30T14:55:13.420+0000] {logging_mixin.py:188} INFO - [2025-07-30T14:55:13.420+0000] {dag.py:3954} INFO - Setting next_dagrun for clean_day_data to None, run_after=None
[2025-07-30T14:55:13.437+0000] {processor.py:183} INFO - Processing /opt/airflow/dags/clean_day_data.py took 0.078 seconds
[2025-07-30T14:55:43.660+0000] {processor.py:161} INFO - Started process (PID=297) to work on /opt/airflow/dags/clean_day_data.py
[2025-07-30T14:55:43.661+0000] {processor.py:830} INFO - Processing file /opt/airflow/dags/clean_day_data.py for tasks to queue
[2025-07-30T14:55:43.663+0000] {logging_mixin.py:188} INFO - [2025-07-30T14:55:43.662+0000] {dagbag.py:540} INFO - Filling up the DagBag from /opt/airflow/dags/clean_day_data.py
[2025-07-30T14:55:43.682+0000] {processor.py:840} INFO - DAG(s) 'clean_day_data' retrieved from /opt/airflow/dags/clean_day_data.py
[2025-07-30T14:55:43.706+0000] {logging_mixin.py:188} INFO - [2025-07-30T14:55:43.706+0000] {dag.py:3096} INFO - Sync 1 DAGs
[2025-07-30T14:55:43.717+0000] {logging_mixin.py:188} INFO - [2025-07-30T14:55:43.717+0000] {dag.py:3954} INFO - Setting next_dagrun for clean_day_data to None, run_after=None
[2025-07-30T14:55:43.734+0000] {processor.py:183} INFO - Processing /opt/airflow/dags/clean_day_data.py took 0.079 seconds
[2025-07-30T14:56:14.040+0000] {processor.py:161} INFO - Started process (PID=332) to work on /opt/airflow/dags/clean_day_data.py
[2025-07-30T14:56:14.041+0000] {processor.py:830} INFO - Processing file /opt/airflow/dags/clean_day_data.py for tasks to queue
[2025-07-30T14:56:14.043+0000] {logging_mixin.py:188} INFO - [2025-07-30T14:56:14.043+0000] {dagbag.py:540} INFO - Filling up the DagBag from /opt/airflow/dags/clean_day_data.py
[2025-07-30T14:56:14.061+0000] {processor.py:840} INFO - DAG(s) 'clean_day_data' retrieved from /opt/airflow/dags/clean_day_data.py
[2025-07-30T14:56:14.084+0000] {logging_mixin.py:188} INFO - [2025-07-30T14:56:14.084+0000] {dag.py:3096} INFO - Sync 1 DAGs
[2025-07-30T14:56:14.095+0000] {logging_mixin.py:188} INFO - [2025-07-30T14:56:14.095+0000] {dag.py:3954} INFO - Setting next_dagrun for clean_day_data to None, run_after=None
[2025-07-30T14:56:14.110+0000] {processor.py:183} INFO - Processing /opt/airflow/dags/clean_day_data.py took 0.076 seconds
[2025-07-30T14:56:44.434+0000] {processor.py:161} INFO - Started process (PID=372) to work on /opt/airflow/dags/clean_day_data.py
[2025-07-30T14:56:44.436+0000] {processor.py:830} INFO - Processing file /opt/airflow/dags/clean_day_data.py for tasks to queue
[2025-07-30T14:56:44.437+0000] {logging_mixin.py:188} INFO - [2025-07-30T14:56:44.437+0000] {dagbag.py:540} INFO - Filling up the DagBag from /opt/airflow/dags/clean_day_data.py
[2025-07-30T14:56:44.458+0000] {processor.py:840} INFO - DAG(s) 'clean_day_data' retrieved from /opt/airflow/dags/clean_day_data.py
[2025-07-30T14:56:44.486+0000] {logging_mixin.py:188} INFO - [2025-07-30T14:56:44.486+0000] {dag.py:3096} INFO - Sync 1 DAGs
[2025-07-30T14:56:44.498+0000] {logging_mixin.py:188} INFO - [2025-07-30T14:56:44.498+0000] {dag.py:3954} INFO - Setting next_dagrun for clean_day_data to None, run_after=None
[2025-07-30T14:56:44.517+0000] {processor.py:183} INFO - Processing /opt/airflow/dags/clean_day_data.py took 0.088 seconds
[2025-07-30T14:57:14.557+0000] {processor.py:161} INFO - Started process (PID=407) to work on /opt/airflow/dags/clean_day_data.py
[2025-07-30T14:57:14.558+0000] {processor.py:830} INFO - Processing file /opt/airflow/dags/clean_day_data.py for tasks to queue
[2025-07-30T14:57:14.559+0000] {logging_mixin.py:188} INFO - [2025-07-30T14:57:14.559+0000] {dagbag.py:540} INFO - Filling up the DagBag from /opt/airflow/dags/clean_day_data.py
[2025-07-30T14:57:14.576+0000] {processor.py:840} INFO - DAG(s) 'clean_day_data' retrieved from /opt/airflow/dags/clean_day_data.py
[2025-07-30T14:57:14.602+0000] {logging_mixin.py:188} INFO - [2025-07-30T14:57:14.601+0000] {dag.py:3096} INFO - Sync 1 DAGs
[2025-07-30T14:57:14.612+0000] {logging_mixin.py:188} INFO - [2025-07-30T14:57:14.612+0000] {dag.py:3954} INFO - Setting next_dagrun for clean_day_data to None, run_after=None
[2025-07-30T14:57:14.628+0000] {processor.py:183} INFO - Processing /opt/airflow/dags/clean_day_data.py took 0.076 seconds
[2025-07-30T14:57:49.276+0000] {processor.py:161} INFO - Started process (PID=192) to work on /opt/airflow/dags/clean_day_data.py
[2025-07-30T14:57:49.278+0000] {processor.py:830} INFO - Processing file /opt/airflow/dags/clean_day_data.py for tasks to queue
[2025-07-30T14:57:49.281+0000] {logging_mixin.py:188} INFO - [2025-07-30T14:57:49.280+0000] {dagbag.py:540} INFO - Filling up the DagBag from /opt/airflow/dags/clean_day_data.py
[2025-07-30T14:57:49.300+0000] {processor.py:840} INFO - DAG(s) 'clean_day_data' retrieved from /opt/airflow/dags/clean_day_data.py
[2025-07-30T14:57:49.313+0000] {logging_mixin.py:188} INFO - [2025-07-30T14:57:49.313+0000] {dag.py:3096} INFO - Sync 1 DAGs
[2025-07-30T14:57:49.327+0000] {logging_mixin.py:188} INFO - [2025-07-30T14:57:49.327+0000] {dag.py:3954} INFO - Setting next_dagrun for clean_day_data to None, run_after=None
[2025-07-30T14:57:49.350+0000] {processor.py:183} INFO - Processing /opt/airflow/dags/clean_day_data.py took 0.080 seconds
[2025-07-30T14:58:19.812+0000] {processor.py:161} INFO - Started process (PID=227) to work on /opt/airflow/dags/clean_day_data.py
[2025-07-30T14:58:19.813+0000] {processor.py:830} INFO - Processing file /opt/airflow/dags/clean_day_data.py for tasks to queue
[2025-07-30T14:58:19.816+0000] {logging_mixin.py:188} INFO - [2025-07-30T14:58:19.816+0000] {dagbag.py:540} INFO - Filling up the DagBag from /opt/airflow/dags/clean_day_data.py
[2025-07-30T14:58:19.841+0000] {processor.py:840} INFO - DAG(s) 'clean_day_data' retrieved from /opt/airflow/dags/clean_day_data.py
[2025-07-30T14:58:19.954+0000] {logging_mixin.py:188} INFO - [2025-07-30T14:58:19.954+0000] {dag.py:3096} INFO - Sync 1 DAGs
[2025-07-30T14:58:19.963+0000] {logging_mixin.py:188} INFO - [2025-07-30T14:58:19.963+0000] {dag.py:3954} INFO - Setting next_dagrun for clean_day_data to None, run_after=None
[2025-07-30T14:58:19.984+0000] {processor.py:183} INFO - Processing /opt/airflow/dags/clean_day_data.py took 0.179 seconds
[2025-07-30T14:58:50.166+0000] {processor.py:161} INFO - Started process (PID=262) to work on /opt/airflow/dags/clean_day_data.py
[2025-07-30T14:58:50.168+0000] {processor.py:830} INFO - Processing file /opt/airflow/dags/clean_day_data.py for tasks to queue
[2025-07-30T14:58:50.169+0000] {logging_mixin.py:188} INFO - [2025-07-30T14:58:50.169+0000] {dagbag.py:540} INFO - Filling up the DagBag from /opt/airflow/dags/clean_day_data.py
[2025-07-30T14:58:50.188+0000] {processor.py:840} INFO - DAG(s) 'clean_day_data' retrieved from /opt/airflow/dags/clean_day_data.py
[2025-07-30T14:58:50.252+0000] {logging_mixin.py:188} INFO - [2025-07-30T14:58:50.251+0000] {dag.py:3096} INFO - Sync 1 DAGs
[2025-07-30T14:58:50.275+0000] {logging_mixin.py:188} INFO - [2025-07-30T14:58:50.275+0000] {dag.py:3954} INFO - Setting next_dagrun for clean_day_data to None, run_after=None
[2025-07-30T14:58:50.304+0000] {processor.py:183} INFO - Processing /opt/airflow/dags/clean_day_data.py took 0.143 seconds
[2025-07-30T14:59:21.026+0000] {processor.py:161} INFO - Started process (PID=312) to work on /opt/airflow/dags/clean_day_data.py
[2025-07-30T14:59:21.027+0000] {processor.py:830} INFO - Processing file /opt/airflow/dags/clean_day_data.py for tasks to queue
[2025-07-30T14:59:21.029+0000] {logging_mixin.py:188} INFO - [2025-07-30T14:59:21.029+0000] {dagbag.py:540} INFO - Filling up the DagBag from /opt/airflow/dags/clean_day_data.py
[2025-07-30T14:59:21.048+0000] {processor.py:840} INFO - DAG(s) 'clean_day_data' retrieved from /opt/airflow/dags/clean_day_data.py
[2025-07-30T14:59:21.070+0000] {logging_mixin.py:188} INFO - [2025-07-30T14:59:21.070+0000] {dag.py:3096} INFO - Sync 1 DAGs
[2025-07-30T14:59:21.079+0000] {logging_mixin.py:188} INFO - [2025-07-30T14:59:21.079+0000] {dag.py:3954} INFO - Setting next_dagrun for clean_day_data to None, run_after=None
[2025-07-30T14:59:21.096+0000] {processor.py:183} INFO - Processing /opt/airflow/dags/clean_day_data.py took 0.075 seconds
[2025-07-30T14:59:51.743+0000] {processor.py:161} INFO - Started process (PID=366) to work on /opt/airflow/dags/clean_day_data.py
[2025-07-30T14:59:51.745+0000] {processor.py:830} INFO - Processing file /opt/airflow/dags/clean_day_data.py for tasks to queue
[2025-07-30T14:59:51.749+0000] {logging_mixin.py:188} INFO - [2025-07-30T14:59:51.748+0000] {dagbag.py:540} INFO - Filling up the DagBag from /opt/airflow/dags/clean_day_data.py
[2025-07-30T14:59:51.775+0000] {processor.py:840} INFO - DAG(s) 'clean_day_data' retrieved from /opt/airflow/dags/clean_day_data.py
[2025-07-30T14:59:51.807+0000] {logging_mixin.py:188} INFO - [2025-07-30T14:59:51.806+0000] {dag.py:3096} INFO - Sync 1 DAGs
[2025-07-30T14:59:51.830+0000] {logging_mixin.py:188} INFO - [2025-07-30T14:59:51.829+0000] {dag.py:3954} INFO - Setting next_dagrun for clean_day_data to None, run_after=None
[2025-07-30T14:59:51.892+0000] {processor.py:183} INFO - Processing /opt/airflow/dags/clean_day_data.py took 0.155 seconds
[2025-07-30T15:00:22.268+0000] {processor.py:161} INFO - Started process (PID=418) to work on /opt/airflow/dags/clean_day_data.py
[2025-07-30T15:00:22.270+0000] {processor.py:830} INFO - Processing file /opt/airflow/dags/clean_day_data.py for tasks to queue
[2025-07-30T15:00:22.273+0000] {logging_mixin.py:188} INFO - [2025-07-30T15:00:22.272+0000] {dagbag.py:540} INFO - Filling up the DagBag from /opt/airflow/dags/clean_day_data.py
[2025-07-30T15:00:22.314+0000] {processor.py:840} INFO - DAG(s) 'clean_day_data' retrieved from /opt/airflow/dags/clean_day_data.py
[2025-07-30T15:00:22.351+0000] {logging_mixin.py:188} INFO - [2025-07-30T15:00:22.351+0000] {dag.py:3096} INFO - Sync 1 DAGs
[2025-07-30T15:00:22.372+0000] {logging_mixin.py:188} INFO - [2025-07-30T15:00:22.371+0000] {dag.py:3954} INFO - Setting next_dagrun for clean_day_data to None, run_after=None
[2025-07-30T15:00:22.417+0000] {processor.py:183} INFO - Processing /opt/airflow/dags/clean_day_data.py took 0.160 seconds
[2025-07-30T15:00:52.755+0000] {processor.py:161} INFO - Started process (PID=470) to work on /opt/airflow/dags/clean_day_data.py
[2025-07-30T15:00:52.756+0000] {processor.py:830} INFO - Processing file /opt/airflow/dags/clean_day_data.py for tasks to queue
[2025-07-30T15:00:52.759+0000] {logging_mixin.py:188} INFO - [2025-07-30T15:00:52.758+0000] {dagbag.py:540} INFO - Filling up the DagBag from /opt/airflow/dags/clean_day_data.py
[2025-07-30T15:00:52.782+0000] {processor.py:840} INFO - DAG(s) 'clean_day_data' retrieved from /opt/airflow/dags/clean_day_data.py
[2025-07-30T15:00:52.813+0000] {logging_mixin.py:188} INFO - [2025-07-30T15:00:52.813+0000] {dag.py:3096} INFO - Sync 1 DAGs
[2025-07-30T15:00:52.825+0000] {logging_mixin.py:188} INFO - [2025-07-30T15:00:52.825+0000] {dag.py:3954} INFO - Setting next_dagrun for clean_day_data to None, run_after=None
[2025-07-30T15:00:52.848+0000] {processor.py:183} INFO - Processing /opt/airflow/dags/clean_day_data.py took 0.099 seconds
[2025-07-30T15:01:23.003+0000] {processor.py:161} INFO - Started process (PID=505) to work on /opt/airflow/dags/clean_day_data.py
[2025-07-30T15:01:23.005+0000] {processor.py:830} INFO - Processing file /opt/airflow/dags/clean_day_data.py for tasks to queue
[2025-07-30T15:01:23.007+0000] {logging_mixin.py:188} INFO - [2025-07-30T15:01:23.006+0000] {dagbag.py:540} INFO - Filling up the DagBag from /opt/airflow/dags/clean_day_data.py
[2025-07-30T15:01:23.036+0000] {processor.py:840} INFO - DAG(s) 'clean_day_data' retrieved from /opt/airflow/dags/clean_day_data.py
[2025-07-30T15:01:23.101+0000] {logging_mixin.py:188} INFO - [2025-07-30T15:01:23.099+0000] {dag.py:3096} INFO - Sync 1 DAGs
[2025-07-30T15:01:23.125+0000] {logging_mixin.py:188} INFO - [2025-07-30T15:01:23.125+0000] {dag.py:3954} INFO - Setting next_dagrun for clean_day_data to None, run_after=None
[2025-07-30T15:01:23.169+0000] {processor.py:183} INFO - Processing /opt/airflow/dags/clean_day_data.py took 0.173 seconds
[2025-07-30T15:01:53.296+0000] {processor.py:161} INFO - Started process (PID=540) to work on /opt/airflow/dags/clean_day_data.py
[2025-07-30T15:01:53.298+0000] {processor.py:830} INFO - Processing file /opt/airflow/dags/clean_day_data.py for tasks to queue
[2025-07-30T15:01:53.300+0000] {logging_mixin.py:188} INFO - [2025-07-30T15:01:53.299+0000] {dagbag.py:540} INFO - Filling up the DagBag from /opt/airflow/dags/clean_day_data.py
[2025-07-30T15:01:53.316+0000] {processor.py:840} INFO - DAG(s) 'clean_day_data' retrieved from /opt/airflow/dags/clean_day_data.py
[2025-07-30T15:01:53.344+0000] {logging_mixin.py:188} INFO - [2025-07-30T15:01:53.343+0000] {dag.py:3096} INFO - Sync 1 DAGs
[2025-07-30T15:01:53.355+0000] {logging_mixin.py:188} INFO - [2025-07-30T15:01:53.355+0000] {dag.py:3954} INFO - Setting next_dagrun for clean_day_data to None, run_after=None
[2025-07-30T15:01:53.377+0000] {processor.py:183} INFO - Processing /opt/airflow/dags/clean_day_data.py took 0.086 seconds
[2025-07-30T15:02:23.553+0000] {processor.py:161} INFO - Started process (PID=573) to work on /opt/airflow/dags/clean_day_data.py
[2025-07-30T15:02:23.554+0000] {processor.py:830} INFO - Processing file /opt/airflow/dags/clean_day_data.py for tasks to queue
[2025-07-30T15:02:23.558+0000] {logging_mixin.py:188} INFO - [2025-07-30T15:02:23.558+0000] {dagbag.py:540} INFO - Filling up the DagBag from /opt/airflow/dags/clean_day_data.py
[2025-07-30T15:02:23.582+0000] {processor.py:840} INFO - DAG(s) 'clean_day_data' retrieved from /opt/airflow/dags/clean_day_data.py
[2025-07-30T15:02:23.614+0000] {logging_mixin.py:188} INFO - [2025-07-30T15:02:23.614+0000] {dag.py:3096} INFO - Sync 1 DAGs
[2025-07-30T15:02:23.630+0000] {logging_mixin.py:188} INFO - [2025-07-30T15:02:23.629+0000] {dag.py:3954} INFO - Setting next_dagrun for clean_day_data to None, run_after=None
[2025-07-30T15:02:23.677+0000] {processor.py:183} INFO - Processing /opt/airflow/dags/clean_day_data.py took 0.134 seconds
[2025-07-30T15:02:56.040+0000] {processor.py:161} INFO - Started process (PID=608) to work on /opt/airflow/dags/clean_day_data.py
[2025-07-30T15:02:56.042+0000] {processor.py:830} INFO - Processing file /opt/airflow/dags/clean_day_data.py for tasks to queue
[2025-07-30T15:02:56.048+0000] {logging_mixin.py:188} INFO - [2025-07-30T15:02:56.047+0000] {dagbag.py:540} INFO - Filling up the DagBag from /opt/airflow/dags/clean_day_data.py
[2025-07-30T15:02:56.070+0000] {processor.py:840} INFO - DAG(s) 'clean_day_data' retrieved from /opt/airflow/dags/clean_day_data.py
[2025-07-30T15:02:56.099+0000] {logging_mixin.py:188} INFO - [2025-07-30T15:02:56.098+0000] {dag.py:3096} INFO - Sync 1 DAGs
[2025-07-30T15:02:56.113+0000] {logging_mixin.py:188} INFO - [2025-07-30T15:02:56.112+0000] {dag.py:3954} INFO - Setting next_dagrun for clean_day_data to None, run_after=None
[2025-07-30T15:02:56.139+0000] {processor.py:183} INFO - Processing /opt/airflow/dags/clean_day_data.py took 0.107 seconds
[2025-07-30T15:03:28.186+0000] {processor.py:161} INFO - Started process (PID=643) to work on /opt/airflow/dags/clean_day_data.py
[2025-07-30T15:03:28.187+0000] {processor.py:830} INFO - Processing file /opt/airflow/dags/clean_day_data.py for tasks to queue
[2025-07-30T15:03:28.189+0000] {logging_mixin.py:188} INFO - [2025-07-30T15:03:28.188+0000] {dagbag.py:540} INFO - Filling up the DagBag from /opt/airflow/dags/clean_day_data.py
[2025-07-30T15:03:28.206+0000] {processor.py:840} INFO - DAG(s) 'clean_day_data' retrieved from /opt/airflow/dags/clean_day_data.py
[2025-07-30T15:03:28.231+0000] {logging_mixin.py:188} INFO - [2025-07-30T15:03:28.231+0000] {dag.py:3096} INFO - Sync 1 DAGs
[2025-07-30T15:03:28.242+0000] {logging_mixin.py:188} INFO - [2025-07-30T15:03:28.242+0000] {dag.py:3954} INFO - Setting next_dagrun for clean_day_data to None, run_after=None
[2025-07-30T15:03:28.261+0000] {processor.py:183} INFO - Processing /opt/airflow/dags/clean_day_data.py took 0.081 seconds
[2025-07-30T15:04:00.458+0000] {processor.py:161} INFO - Started process (PID=693) to work on /opt/airflow/dags/clean_day_data.py
[2025-07-30T15:04:00.459+0000] {processor.py:830} INFO - Processing file /opt/airflow/dags/clean_day_data.py for tasks to queue
[2025-07-30T15:04:00.461+0000] {logging_mixin.py:188} INFO - [2025-07-30T15:04:00.461+0000] {dagbag.py:540} INFO - Filling up the DagBag from /opt/airflow/dags/clean_day_data.py
[2025-07-30T15:04:00.478+0000] {processor.py:840} INFO - DAG(s) 'clean_day_data' retrieved from /opt/airflow/dags/clean_day_data.py
[2025-07-30T15:04:00.503+0000] {logging_mixin.py:188} INFO - [2025-07-30T15:04:00.502+0000] {dag.py:3096} INFO - Sync 1 DAGs
[2025-07-30T15:04:00.514+0000] {logging_mixin.py:188} INFO - [2025-07-30T15:04:00.514+0000] {dag.py:3954} INFO - Setting next_dagrun for clean_day_data to None, run_after=None
[2025-07-30T15:04:00.531+0000] {processor.py:183} INFO - Processing /opt/airflow/dags/clean_day_data.py took 0.078 seconds
[2025-07-30T15:04:31.213+0000] {processor.py:161} INFO - Started process (PID=728) to work on /opt/airflow/dags/clean_day_data.py
[2025-07-30T15:04:31.214+0000] {processor.py:830} INFO - Processing file /opt/airflow/dags/clean_day_data.py for tasks to queue
[2025-07-30T15:04:31.216+0000] {logging_mixin.py:188} INFO - [2025-07-30T15:04:31.216+0000] {dagbag.py:540} INFO - Filling up the DagBag from /opt/airflow/dags/clean_day_data.py
[2025-07-30T15:04:31.236+0000] {processor.py:840} INFO - DAG(s) 'clean_day_data' retrieved from /opt/airflow/dags/clean_day_data.py
[2025-07-30T15:04:31.262+0000] {logging_mixin.py:188} INFO - [2025-07-30T15:04:31.261+0000] {dag.py:3096} INFO - Sync 1 DAGs
[2025-07-30T15:04:31.272+0000] {logging_mixin.py:188} INFO - [2025-07-30T15:04:31.272+0000] {dag.py:3954} INFO - Setting next_dagrun for clean_day_data to None, run_after=None
[2025-07-30T15:04:31.291+0000] {processor.py:183} INFO - Processing /opt/airflow/dags/clean_day_data.py took 0.084 seconds
[2025-07-30T15:05:08.257+0000] {processor.py:161} INFO - Started process (PID=192) to work on /opt/airflow/dags/clean_day_data.py
[2025-07-30T15:05:08.258+0000] {processor.py:830} INFO - Processing file /opt/airflow/dags/clean_day_data.py for tasks to queue
[2025-07-30T15:05:08.260+0000] {logging_mixin.py:188} INFO - [2025-07-30T15:05:08.260+0000] {dagbag.py:540} INFO - Filling up the DagBag from /opt/airflow/dags/clean_day_data.py
[2025-07-30T15:05:08.280+0000] {processor.py:840} INFO - DAG(s) 'clean_day_data' retrieved from /opt/airflow/dags/clean_day_data.py
[2025-07-30T15:05:08.294+0000] {logging_mixin.py:188} INFO - [2025-07-30T15:05:08.293+0000] {dag.py:3096} INFO - Sync 1 DAGs
[2025-07-30T15:05:08.309+0000] {logging_mixin.py:188} INFO - [2025-07-30T15:05:08.308+0000] {dag.py:3954} INFO - Setting next_dagrun for clean_day_data to None, run_after=None
[2025-07-30T15:05:08.329+0000] {processor.py:183} INFO - Processing /opt/airflow/dags/clean_day_data.py took 0.078 seconds
[2025-07-30T15:05:38.450+0000] {processor.py:161} INFO - Started process (PID=240) to work on /opt/airflow/dags/clean_day_data.py
[2025-07-30T15:05:38.451+0000] {processor.py:830} INFO - Processing file /opt/airflow/dags/clean_day_data.py for tasks to queue
[2025-07-30T15:05:38.453+0000] {logging_mixin.py:188} INFO - [2025-07-30T15:05:38.453+0000] {dagbag.py:540} INFO - Filling up the DagBag from /opt/airflow/dags/clean_day_data.py
[2025-07-30T15:05:38.471+0000] {processor.py:840} INFO - DAG(s) 'clean_day_data' retrieved from /opt/airflow/dags/clean_day_data.py
[2025-07-30T15:05:38.574+0000] {logging_mixin.py:188} INFO - [2025-07-30T15:05:38.574+0000] {dag.py:3096} INFO - Sync 1 DAGs
[2025-07-30T15:05:38.585+0000] {logging_mixin.py:188} INFO - [2025-07-30T15:05:38.585+0000] {dag.py:3954} INFO - Setting next_dagrun for clean_day_data to None, run_after=None
[2025-07-30T15:05:38.605+0000] {processor.py:183} INFO - Processing /opt/airflow/dags/clean_day_data.py took 0.160 seconds
[2025-07-30T15:06:09.262+0000] {processor.py:161} INFO - Started process (PID=275) to work on /opt/airflow/dags/clean_day_data.py
[2025-07-30T15:06:09.265+0000] {processor.py:830} INFO - Processing file /opt/airflow/dags/clean_day_data.py for tasks to queue
[2025-07-30T15:06:09.274+0000] {logging_mixin.py:188} INFO - [2025-07-30T15:06:09.273+0000] {dagbag.py:540} INFO - Filling up the DagBag from /opt/airflow/dags/clean_day_data.py
[2025-07-30T15:06:09.316+0000] {processor.py:840} INFO - DAG(s) 'clean_day_data' retrieved from /opt/airflow/dags/clean_day_data.py
[2025-07-30T15:06:09.355+0000] {logging_mixin.py:188} INFO - [2025-07-30T15:06:09.354+0000] {dag.py:3096} INFO - Sync 1 DAGs
[2025-07-30T15:06:09.370+0000] {logging_mixin.py:188} INFO - [2025-07-30T15:06:09.370+0000] {dag.py:3954} INFO - Setting next_dagrun for clean_day_data to None, run_after=None
[2025-07-30T15:06:09.393+0000] {processor.py:183} INFO - Processing /opt/airflow/dags/clean_day_data.py took 0.144 seconds
[2025-07-30T15:06:42.762+0000] {processor.py:161} INFO - Started process (PID=325) to work on /opt/airflow/dags/clean_day_data.py
[2025-07-30T15:06:42.763+0000] {processor.py:830} INFO - Processing file /opt/airflow/dags/clean_day_data.py for tasks to queue
[2025-07-30T15:06:42.765+0000] {logging_mixin.py:188} INFO - [2025-07-30T15:06:42.765+0000] {dagbag.py:540} INFO - Filling up the DagBag from /opt/airflow/dags/clean_day_data.py
[2025-07-30T15:06:42.781+0000] {processor.py:840} INFO - DAG(s) 'clean_day_data' retrieved from /opt/airflow/dags/clean_day_data.py
[2025-07-30T15:06:42.824+0000] {logging_mixin.py:188} INFO - [2025-07-30T15:06:42.823+0000] {dag.py:3096} INFO - Sync 1 DAGs
[2025-07-30T15:06:42.839+0000] {logging_mixin.py:188} INFO - [2025-07-30T15:06:42.839+0000] {dag.py:3954} INFO - Setting next_dagrun for clean_day_data to None, run_after=None
[2025-07-30T15:06:42.858+0000] {processor.py:183} INFO - Processing /opt/airflow/dags/clean_day_data.py took 0.101 seconds
[2025-07-30T15:07:14.960+0000] {processor.py:161} INFO - Started process (PID=360) to work on /opt/airflow/dags/clean_day_data.py
[2025-07-30T15:07:14.961+0000] {processor.py:830} INFO - Processing file /opt/airflow/dags/clean_day_data.py for tasks to queue
[2025-07-30T15:07:14.963+0000] {logging_mixin.py:188} INFO - [2025-07-30T15:07:14.963+0000] {dagbag.py:540} INFO - Filling up the DagBag from /opt/airflow/dags/clean_day_data.py
[2025-07-30T15:07:14.981+0000] {processor.py:840} INFO - DAG(s) 'clean_day_data' retrieved from /opt/airflow/dags/clean_day_data.py
[2025-07-30T15:07:15.008+0000] {logging_mixin.py:188} INFO - [2025-07-30T15:07:15.007+0000] {dag.py:3096} INFO - Sync 1 DAGs
[2025-07-30T15:07:15.019+0000] {logging_mixin.py:188} INFO - [2025-07-30T15:07:15.019+0000] {dag.py:3954} INFO - Setting next_dagrun for clean_day_data to None, run_after=None
[2025-07-30T15:07:15.042+0000] {processor.py:183} INFO - Processing /opt/airflow/dags/clean_day_data.py took 0.087 seconds
[2025-07-30T15:07:45.693+0000] {processor.py:161} INFO - Started process (PID=395) to work on /opt/airflow/dags/clean_day_data.py
[2025-07-30T15:07:45.694+0000] {processor.py:830} INFO - Processing file /opt/airflow/dags/clean_day_data.py for tasks to queue
[2025-07-30T15:07:45.695+0000] {logging_mixin.py:188} INFO - [2025-07-30T15:07:45.695+0000] {dagbag.py:540} INFO - Filling up the DagBag from /opt/airflow/dags/clean_day_data.py
[2025-07-30T15:07:45.711+0000] {processor.py:840} INFO - DAG(s) 'clean_day_data' retrieved from /opt/airflow/dags/clean_day_data.py
[2025-07-30T15:07:45.734+0000] {logging_mixin.py:188} INFO - [2025-07-30T15:07:45.734+0000] {dag.py:3096} INFO - Sync 1 DAGs
[2025-07-30T15:07:45.745+0000] {logging_mixin.py:188} INFO - [2025-07-30T15:07:45.745+0000] {dag.py:3954} INFO - Setting next_dagrun for clean_day_data to None, run_after=None
[2025-07-30T15:07:45.766+0000] {processor.py:183} INFO - Processing /opt/airflow/dags/clean_day_data.py took 0.078 seconds
[2025-07-30T15:08:15.865+0000] {processor.py:161} INFO - Started process (PID=430) to work on /opt/airflow/dags/clean_day_data.py
[2025-07-30T15:08:15.866+0000] {processor.py:830} INFO - Processing file /opt/airflow/dags/clean_day_data.py for tasks to queue
[2025-07-30T15:08:15.868+0000] {logging_mixin.py:188} INFO - [2025-07-30T15:08:15.867+0000] {dagbag.py:540} INFO - Filling up the DagBag from /opt/airflow/dags/clean_day_data.py
[2025-07-30T15:08:15.887+0000] {processor.py:840} INFO - DAG(s) 'clean_day_data' retrieved from /opt/airflow/dags/clean_day_data.py
[2025-07-30T15:08:15.914+0000] {logging_mixin.py:188} INFO - [2025-07-30T15:08:15.913+0000] {dag.py:3096} INFO - Sync 1 DAGs
[2025-07-30T15:08:15.928+0000] {logging_mixin.py:188} INFO - [2025-07-30T15:08:15.928+0000] {dag.py:3954} INFO - Setting next_dagrun for clean_day_data to None, run_after=None
[2025-07-30T15:08:15.946+0000] {processor.py:183} INFO - Processing /opt/airflow/dags/clean_day_data.py took 0.087 seconds
[2025-07-30T15:08:46.643+0000] {processor.py:161} INFO - Started process (PID=464) to work on /opt/airflow/dags/clean_day_data.py
[2025-07-30T15:08:46.644+0000] {processor.py:830} INFO - Processing file /opt/airflow/dags/clean_day_data.py for tasks to queue
[2025-07-30T15:08:46.646+0000] {logging_mixin.py:188} INFO - [2025-07-30T15:08:46.646+0000] {dagbag.py:540} INFO - Filling up the DagBag from /opt/airflow/dags/clean_day_data.py
[2025-07-30T15:08:46.663+0000] {processor.py:840} INFO - DAG(s) 'clean_day_data' retrieved from /opt/airflow/dags/clean_day_data.py
[2025-07-30T15:08:46.690+0000] {logging_mixin.py:188} INFO - [2025-07-30T15:08:46.689+0000] {dag.py:3096} INFO - Sync 1 DAGs
[2025-07-30T15:08:46.702+0000] {logging_mixin.py:188} INFO - [2025-07-30T15:08:46.702+0000] {dag.py:3954} INFO - Setting next_dagrun for clean_day_data to None, run_after=None
[2025-07-30T15:08:46.723+0000] {processor.py:183} INFO - Processing /opt/airflow/dags/clean_day_data.py took 0.085 seconds
[2025-07-30T15:09:16.915+0000] {processor.py:161} INFO - Started process (PID=500) to work on /opt/airflow/dags/clean_day_data.py
[2025-07-30T15:09:16.916+0000] {processor.py:830} INFO - Processing file /opt/airflow/dags/clean_day_data.py for tasks to queue
[2025-07-30T15:09:16.918+0000] {logging_mixin.py:188} INFO - [2025-07-30T15:09:16.918+0000] {dagbag.py:540} INFO - Filling up the DagBag from /opt/airflow/dags/clean_day_data.py
[2025-07-30T15:09:16.938+0000] {processor.py:840} INFO - DAG(s) 'clean_day_data' retrieved from /opt/airflow/dags/clean_day_data.py
[2025-07-30T15:09:16.967+0000] {logging_mixin.py:188} INFO - [2025-07-30T15:09:16.967+0000] {dag.py:3096} INFO - Sync 1 DAGs
[2025-07-30T15:09:16.980+0000] {logging_mixin.py:188} INFO - [2025-07-30T15:09:16.980+0000] {dag.py:3954} INFO - Setting next_dagrun for clean_day_data to None, run_after=None
[2025-07-30T15:09:16.999+0000] {processor.py:183} INFO - Processing /opt/airflow/dags/clean_day_data.py took 0.091 seconds
[2025-07-30T15:09:47.131+0000] {processor.py:161} INFO - Started process (PID=535) to work on /opt/airflow/dags/clean_day_data.py
[2025-07-30T15:09:47.133+0000] {processor.py:830} INFO - Processing file /opt/airflow/dags/clean_day_data.py for tasks to queue
[2025-07-30T15:09:47.134+0000] {logging_mixin.py:188} INFO - [2025-07-30T15:09:47.134+0000] {dagbag.py:540} INFO - Filling up the DagBag from /opt/airflow/dags/clean_day_data.py
[2025-07-30T15:09:47.156+0000] {processor.py:840} INFO - DAG(s) 'clean_day_data' retrieved from /opt/airflow/dags/clean_day_data.py
[2025-07-30T15:09:47.197+0000] {logging_mixin.py:188} INFO - [2025-07-30T15:09:47.197+0000] {dag.py:3096} INFO - Sync 1 DAGs
[2025-07-30T15:09:47.215+0000] {logging_mixin.py:188} INFO - [2025-07-30T15:09:47.214+0000] {dag.py:3954} INFO - Setting next_dagrun for clean_day_data to None, run_after=None
[2025-07-30T15:09:47.243+0000] {processor.py:183} INFO - Processing /opt/airflow/dags/clean_day_data.py took 0.117 seconds
[2025-07-30T15:10:17.310+0000] {processor.py:161} INFO - Started process (PID=570) to work on /opt/airflow/dags/clean_day_data.py
[2025-07-30T15:10:17.311+0000] {processor.py:830} INFO - Processing file /opt/airflow/dags/clean_day_data.py for tasks to queue
[2025-07-30T15:10:17.312+0000] {logging_mixin.py:188} INFO - [2025-07-30T15:10:17.312+0000] {dagbag.py:540} INFO - Filling up the DagBag from /opt/airflow/dags/clean_day_data.py
[2025-07-30T15:10:17.330+0000] {processor.py:840} INFO - DAG(s) 'clean_day_data' retrieved from /opt/airflow/dags/clean_day_data.py
[2025-07-30T15:10:17.354+0000] {logging_mixin.py:188} INFO - [2025-07-30T15:10:17.354+0000] {dag.py:3096} INFO - Sync 1 DAGs
[2025-07-30T15:10:17.365+0000] {logging_mixin.py:188} INFO - [2025-07-30T15:10:17.365+0000] {dag.py:3954} INFO - Setting next_dagrun for clean_day_data to None, run_after=None
[2025-07-30T15:10:17.382+0000] {processor.py:183} INFO - Processing /opt/airflow/dags/clean_day_data.py took 0.077 seconds
[2025-07-30T15:10:47.455+0000] {processor.py:161} INFO - Started process (PID=605) to work on /opt/airflow/dags/clean_day_data.py
[2025-07-30T15:10:47.456+0000] {processor.py:830} INFO - Processing file /opt/airflow/dags/clean_day_data.py for tasks to queue
[2025-07-30T15:10:47.458+0000] {logging_mixin.py:188} INFO - [2025-07-30T15:10:47.458+0000] {dagbag.py:540} INFO - Filling up the DagBag from /opt/airflow/dags/clean_day_data.py
[2025-07-30T15:10:47.475+0000] {processor.py:840} INFO - DAG(s) 'clean_day_data' retrieved from /opt/airflow/dags/clean_day_data.py
[2025-07-30T15:10:47.501+0000] {logging_mixin.py:188} INFO - [2025-07-30T15:10:47.501+0000] {dag.py:3096} INFO - Sync 1 DAGs
[2025-07-30T15:10:47.514+0000] {logging_mixin.py:188} INFO - [2025-07-30T15:10:47.514+0000] {dag.py:3954} INFO - Setting next_dagrun for clean_day_data to None, run_after=None
[2025-07-30T15:10:47.532+0000] {processor.py:183} INFO - Processing /opt/airflow/dags/clean_day_data.py took 0.081 seconds
[2025-07-30T15:11:17.668+0000] {processor.py:161} INFO - Started process (PID=640) to work on /opt/airflow/dags/clean_day_data.py
[2025-07-30T15:11:17.669+0000] {processor.py:830} INFO - Processing file /opt/airflow/dags/clean_day_data.py for tasks to queue
[2025-07-30T15:11:17.671+0000] {logging_mixin.py:188} INFO - [2025-07-30T15:11:17.670+0000] {dagbag.py:540} INFO - Filling up the DagBag from /opt/airflow/dags/clean_day_data.py
[2025-07-30T15:11:17.686+0000] {processor.py:840} INFO - DAG(s) 'clean_day_data' retrieved from /opt/airflow/dags/clean_day_data.py
[2025-07-30T15:11:17.708+0000] {logging_mixin.py:188} INFO - [2025-07-30T15:11:17.708+0000] {dag.py:3096} INFO - Sync 1 DAGs
[2025-07-30T15:11:17.719+0000] {logging_mixin.py:188} INFO - [2025-07-30T15:11:17.719+0000] {dag.py:3954} INFO - Setting next_dagrun for clean_day_data to None, run_after=None
[2025-07-30T15:11:17.735+0000] {processor.py:183} INFO - Processing /opt/airflow/dags/clean_day_data.py took 0.071 seconds
[2025-07-30T15:11:48.725+0000] {processor.py:161} INFO - Started process (PID=675) to work on /opt/airflow/dags/clean_day_data.py
[2025-07-30T15:11:48.726+0000] {processor.py:830} INFO - Processing file /opt/airflow/dags/clean_day_data.py for tasks to queue
[2025-07-30T15:11:48.728+0000] {logging_mixin.py:188} INFO - [2025-07-30T15:11:48.728+0000] {dagbag.py:540} INFO - Filling up the DagBag from /opt/airflow/dags/clean_day_data.py
[2025-07-30T15:11:48.745+0000] {processor.py:840} INFO - DAG(s) 'clean_day_data' retrieved from /opt/airflow/dags/clean_day_data.py
[2025-07-30T15:11:48.770+0000] {logging_mixin.py:188} INFO - [2025-07-30T15:11:48.770+0000] {dag.py:3096} INFO - Sync 1 DAGs
[2025-07-30T15:11:48.782+0000] {logging_mixin.py:188} INFO - [2025-07-30T15:11:48.781+0000] {dag.py:3954} INFO - Setting next_dagrun for clean_day_data to None, run_after=None
[2025-07-30T15:11:48.800+0000] {processor.py:183} INFO - Processing /opt/airflow/dags/clean_day_data.py took 0.080 seconds
[2025-07-30T15:12:18.996+0000] {processor.py:161} INFO - Started process (PID=710) to work on /opt/airflow/dags/clean_day_data.py
[2025-07-30T15:12:18.997+0000] {processor.py:830} INFO - Processing file /opt/airflow/dags/clean_day_data.py for tasks to queue
[2025-07-30T15:12:18.999+0000] {logging_mixin.py:188} INFO - [2025-07-30T15:12:18.999+0000] {dagbag.py:540} INFO - Filling up the DagBag from /opt/airflow/dags/clean_day_data.py
[2025-07-30T15:12:19.025+0000] {processor.py:840} INFO - DAG(s) 'clean_day_data' retrieved from /opt/airflow/dags/clean_day_data.py
[2025-07-30T15:12:19.073+0000] {logging_mixin.py:188} INFO - [2025-07-30T15:12:19.072+0000] {dag.py:3096} INFO - Sync 1 DAGs
[2025-07-30T15:12:19.091+0000] {logging_mixin.py:188} INFO - [2025-07-30T15:12:19.090+0000] {dag.py:3954} INFO - Setting next_dagrun for clean_day_data to None, run_after=None
[2025-07-30T15:12:19.110+0000] {processor.py:183} INFO - Processing /opt/airflow/dags/clean_day_data.py took 0.120 seconds
[2025-07-30T15:12:49.512+0000] {processor.py:161} INFO - Started process (PID=747) to work on /opt/airflow/dags/clean_day_data.py
[2025-07-30T15:12:49.513+0000] {processor.py:830} INFO - Processing file /opt/airflow/dags/clean_day_data.py for tasks to queue
[2025-07-30T15:12:49.515+0000] {logging_mixin.py:188} INFO - [2025-07-30T15:12:49.515+0000] {dagbag.py:540} INFO - Filling up the DagBag from /opt/airflow/dags/clean_day_data.py
[2025-07-30T15:12:49.536+0000] {processor.py:840} INFO - DAG(s) 'clean_day_data' retrieved from /opt/airflow/dags/clean_day_data.py
[2025-07-30T15:12:49.560+0000] {logging_mixin.py:188} INFO - [2025-07-30T15:12:49.560+0000] {dag.py:3096} INFO - Sync 1 DAGs
[2025-07-30T15:12:49.570+0000] {logging_mixin.py:188} INFO - [2025-07-30T15:12:49.570+0000] {dag.py:3954} INFO - Setting next_dagrun for clean_day_data to None, run_after=None
[2025-07-30T15:12:49.594+0000] {processor.py:183} INFO - Processing /opt/airflow/dags/clean_day_data.py took 0.093 seconds
[2025-07-30T15:13:19.746+0000] {processor.py:161} INFO - Started process (PID=782) to work on /opt/airflow/dags/clean_day_data.py
[2025-07-30T15:13:19.747+0000] {processor.py:830} INFO - Processing file /opt/airflow/dags/clean_day_data.py for tasks to queue
[2025-07-30T15:13:19.749+0000] {logging_mixin.py:188} INFO - [2025-07-30T15:13:19.748+0000] {dagbag.py:540} INFO - Filling up the DagBag from /opt/airflow/dags/clean_day_data.py
[2025-07-30T15:13:19.772+0000] {processor.py:840} INFO - DAG(s) 'clean_day_data' retrieved from /opt/airflow/dags/clean_day_data.py
[2025-07-30T15:13:19.801+0000] {logging_mixin.py:188} INFO - [2025-07-30T15:13:19.800+0000] {dag.py:3096} INFO - Sync 1 DAGs
[2025-07-30T15:13:19.811+0000] {logging_mixin.py:188} INFO - [2025-07-30T15:13:19.811+0000] {dag.py:3954} INFO - Setting next_dagrun for clean_day_data to None, run_after=None
[2025-07-30T15:13:19.828+0000] {processor.py:183} INFO - Processing /opt/airflow/dags/clean_day_data.py took 0.088 seconds
[2025-07-30T15:13:50.444+0000] {processor.py:161} INFO - Started process (PID=815) to work on /opt/airflow/dags/clean_day_data.py
[2025-07-30T15:13:50.444+0000] {processor.py:830} INFO - Processing file /opt/airflow/dags/clean_day_data.py for tasks to queue
[2025-07-30T15:13:50.446+0000] {logging_mixin.py:188} INFO - [2025-07-30T15:13:50.446+0000] {dagbag.py:540} INFO - Filling up the DagBag from /opt/airflow/dags/clean_day_data.py
[2025-07-30T15:13:50.465+0000] {processor.py:840} INFO - DAG(s) 'clean_day_data' retrieved from /opt/airflow/dags/clean_day_data.py
[2025-07-30T15:13:50.499+0000] {logging_mixin.py:188} INFO - [2025-07-30T15:13:50.498+0000] {dag.py:3096} INFO - Sync 1 DAGs
[2025-07-30T15:13:50.513+0000] {logging_mixin.py:188} INFO - [2025-07-30T15:13:50.513+0000] {dag.py:3954} INFO - Setting next_dagrun for clean_day_data to None, run_after=None
[2025-07-30T15:13:50.531+0000] {processor.py:183} INFO - Processing /opt/airflow/dags/clean_day_data.py took 0.092 seconds
[2025-07-30T15:14:21.082+0000] {processor.py:161} INFO - Started process (PID=850) to work on /opt/airflow/dags/clean_day_data.py
[2025-07-30T15:14:21.083+0000] {processor.py:830} INFO - Processing file /opt/airflow/dags/clean_day_data.py for tasks to queue
[2025-07-30T15:14:21.085+0000] {logging_mixin.py:188} INFO - [2025-07-30T15:14:21.085+0000] {dagbag.py:540} INFO - Filling up the DagBag from /opt/airflow/dags/clean_day_data.py
[2025-07-30T15:14:21.103+0000] {processor.py:840} INFO - DAG(s) 'clean_day_data' retrieved from /opt/airflow/dags/clean_day_data.py
[2025-07-30T15:14:21.137+0000] {logging_mixin.py:188} INFO - [2025-07-30T15:14:21.137+0000] {dag.py:3096} INFO - Sync 1 DAGs
[2025-07-30T15:14:21.153+0000] {logging_mixin.py:188} INFO - [2025-07-30T15:14:21.153+0000] {dag.py:3954} INFO - Setting next_dagrun for clean_day_data to None, run_after=None
[2025-07-30T15:14:21.175+0000] {processor.py:183} INFO - Processing /opt/airflow/dags/clean_day_data.py took 0.098 seconds
[2025-07-30T15:14:51.710+0000] {processor.py:161} INFO - Started process (PID=887) to work on /opt/airflow/dags/clean_day_data.py
[2025-07-30T15:14:51.712+0000] {processor.py:830} INFO - Processing file /opt/airflow/dags/clean_day_data.py for tasks to queue
[2025-07-30T15:14:51.715+0000] {logging_mixin.py:188} INFO - [2025-07-30T15:14:51.714+0000] {dagbag.py:540} INFO - Filling up the DagBag from /opt/airflow/dags/clean_day_data.py
[2025-07-30T15:14:51.741+0000] {processor.py:840} INFO - DAG(s) 'clean_day_data' retrieved from /opt/airflow/dags/clean_day_data.py
[2025-07-30T15:14:51.771+0000] {logging_mixin.py:188} INFO - [2025-07-30T15:14:51.771+0000] {dag.py:3096} INFO - Sync 1 DAGs
[2025-07-30T15:14:51.785+0000] {logging_mixin.py:188} INFO - [2025-07-30T15:14:51.785+0000] {dag.py:3954} INFO - Setting next_dagrun for clean_day_data to None, run_after=None
[2025-07-30T15:14:51.814+0000] {processor.py:183} INFO - Processing /opt/airflow/dags/clean_day_data.py took 0.110 seconds
[2025-07-30T15:15:22.292+0000] {processor.py:161} INFO - Started process (PID=922) to work on /opt/airflow/dags/clean_day_data.py
[2025-07-30T15:15:22.294+0000] {processor.py:830} INFO - Processing file /opt/airflow/dags/clean_day_data.py for tasks to queue
[2025-07-30T15:15:22.296+0000] {logging_mixin.py:188} INFO - [2025-07-30T15:15:22.295+0000] {dagbag.py:540} INFO - Filling up the DagBag from /opt/airflow/dags/clean_day_data.py
[2025-07-30T15:15:22.323+0000] {processor.py:840} INFO - DAG(s) 'clean_day_data' retrieved from /opt/airflow/dags/clean_day_data.py
[2025-07-30T15:15:22.353+0000] {logging_mixin.py:188} INFO - [2025-07-30T15:15:22.353+0000] {dag.py:3096} INFO - Sync 1 DAGs
[2025-07-30T15:15:22.367+0000] {logging_mixin.py:188} INFO - [2025-07-30T15:15:22.367+0000] {dag.py:3954} INFO - Setting next_dagrun for clean_day_data to None, run_after=None
[2025-07-30T15:15:22.389+0000] {processor.py:183} INFO - Processing /opt/airflow/dags/clean_day_data.py took 0.104 seconds
[2025-07-30T15:15:54.360+0000] {processor.py:161} INFO - Started process (PID=955) to work on /opt/airflow/dags/clean_day_data.py
[2025-07-30T15:15:54.361+0000] {processor.py:830} INFO - Processing file /opt/airflow/dags/clean_day_data.py for tasks to queue
[2025-07-30T15:15:54.363+0000] {logging_mixin.py:188} INFO - [2025-07-30T15:15:54.362+0000] {dagbag.py:540} INFO - Filling up the DagBag from /opt/airflow/dags/clean_day_data.py
[2025-07-30T15:15:54.384+0000] {processor.py:840} INFO - DAG(s) 'clean_day_data' retrieved from /opt/airflow/dags/clean_day_data.py
[2025-07-30T15:15:54.445+0000] {logging_mixin.py:188} INFO - [2025-07-30T15:15:54.444+0000] {dag.py:3096} INFO - Sync 1 DAGs
[2025-07-30T15:15:54.466+0000] {logging_mixin.py:188} INFO - [2025-07-30T15:15:54.466+0000] {dag.py:3954} INFO - Setting next_dagrun for clean_day_data to None, run_after=None
[2025-07-30T15:15:54.493+0000] {processor.py:183} INFO - Processing /opt/airflow/dags/clean_day_data.py took 0.139 seconds
[2025-07-30T15:16:26.813+0000] {processor.py:161} INFO - Started process (PID=990) to work on /opt/airflow/dags/clean_day_data.py
[2025-07-30T15:16:26.815+0000] {processor.py:830} INFO - Processing file /opt/airflow/dags/clean_day_data.py for tasks to queue
[2025-07-30T15:16:26.817+0000] {logging_mixin.py:188} INFO - [2025-07-30T15:16:26.817+0000] {dagbag.py:540} INFO - Filling up the DagBag from /opt/airflow/dags/clean_day_data.py
[2025-07-30T15:16:26.843+0000] {processor.py:840} INFO - DAG(s) 'clean_day_data' retrieved from /opt/airflow/dags/clean_day_data.py
[2025-07-30T15:16:26.878+0000] {logging_mixin.py:188} INFO - [2025-07-30T15:16:26.878+0000] {dag.py:3096} INFO - Sync 1 DAGs
[2025-07-30T15:16:26.897+0000] {logging_mixin.py:188} INFO - [2025-07-30T15:16:26.896+0000] {dag.py:3954} INFO - Setting next_dagrun for clean_day_data to None, run_after=None
[2025-07-30T15:16:26.937+0000] {processor.py:183} INFO - Processing /opt/airflow/dags/clean_day_data.py took 0.130 seconds
[2025-07-30T15:16:59.037+0000] {processor.py:161} INFO - Started process (PID=1025) to work on /opt/airflow/dags/clean_day_data.py
[2025-07-30T15:16:59.037+0000] {processor.py:830} INFO - Processing file /opt/airflow/dags/clean_day_data.py for tasks to queue
[2025-07-30T15:16:59.039+0000] {logging_mixin.py:188} INFO - [2025-07-30T15:16:59.039+0000] {dagbag.py:540} INFO - Filling up the DagBag from /opt/airflow/dags/clean_day_data.py
[2025-07-30T15:16:59.056+0000] {processor.py:840} INFO - DAG(s) 'clean_day_data' retrieved from /opt/airflow/dags/clean_day_data.py
[2025-07-30T15:16:59.097+0000] {logging_mixin.py:188} INFO - [2025-07-30T15:16:59.097+0000] {dag.py:3096} INFO - Sync 1 DAGs
[2025-07-30T15:16:59.110+0000] {logging_mixin.py:188} INFO - [2025-07-30T15:16:59.110+0000] {dag.py:3954} INFO - Setting next_dagrun for clean_day_data to None, run_after=None
[2025-07-30T15:16:59.131+0000] {processor.py:183} INFO - Processing /opt/airflow/dags/clean_day_data.py took 0.099 seconds
[2025-07-30T15:17:31.278+0000] {processor.py:161} INFO - Started process (PID=1060) to work on /opt/airflow/dags/clean_day_data.py
[2025-07-30T15:17:31.279+0000] {processor.py:830} INFO - Processing file /opt/airflow/dags/clean_day_data.py for tasks to queue
[2025-07-30T15:17:31.281+0000] {logging_mixin.py:188} INFO - [2025-07-30T15:17:31.281+0000] {dagbag.py:540} INFO - Filling up the DagBag from /opt/airflow/dags/clean_day_data.py
[2025-07-30T15:17:31.299+0000] {processor.py:840} INFO - DAG(s) 'clean_day_data' retrieved from /opt/airflow/dags/clean_day_data.py
[2025-07-30T15:17:31.323+0000] {logging_mixin.py:188} INFO - [2025-07-30T15:17:31.322+0000] {dag.py:3096} INFO - Sync 1 DAGs
[2025-07-30T15:17:31.333+0000] {logging_mixin.py:188} INFO - [2025-07-30T15:17:31.332+0000] {dag.py:3954} INFO - Setting next_dagrun for clean_day_data to None, run_after=None
[2025-07-30T15:17:31.347+0000] {processor.py:183} INFO - Processing /opt/airflow/dags/clean_day_data.py took 0.075 seconds
[2025-07-30T15:18:03.427+0000] {processor.py:161} INFO - Started process (PID=1095) to work on /opt/airflow/dags/clean_day_data.py
[2025-07-30T15:18:03.428+0000] {processor.py:830} INFO - Processing file /opt/airflow/dags/clean_day_data.py for tasks to queue
[2025-07-30T15:18:03.430+0000] {logging_mixin.py:188} INFO - [2025-07-30T15:18:03.429+0000] {dagbag.py:540} INFO - Filling up the DagBag from /opt/airflow/dags/clean_day_data.py
[2025-07-30T15:18:03.448+0000] {processor.py:840} INFO - DAG(s) 'clean_day_data' retrieved from /opt/airflow/dags/clean_day_data.py
[2025-07-30T15:18:03.474+0000] {logging_mixin.py:188} INFO - [2025-07-30T15:18:03.474+0000] {dag.py:3096} INFO - Sync 1 DAGs
[2025-07-30T15:18:03.485+0000] {logging_mixin.py:188} INFO - [2025-07-30T15:18:03.485+0000] {dag.py:3954} INFO - Setting next_dagrun for clean_day_data to None, run_after=None
[2025-07-30T15:18:03.501+0000] {processor.py:183} INFO - Processing /opt/airflow/dags/clean_day_data.py took 0.079 seconds
[2025-07-30T15:18:35.609+0000] {processor.py:161} INFO - Started process (PID=1130) to work on /opt/airflow/dags/clean_day_data.py
[2025-07-30T15:18:35.610+0000] {processor.py:830} INFO - Processing file /opt/airflow/dags/clean_day_data.py for tasks to queue
[2025-07-30T15:18:35.612+0000] {logging_mixin.py:188} INFO - [2025-07-30T15:18:35.612+0000] {dagbag.py:540} INFO - Filling up the DagBag from /opt/airflow/dags/clean_day_data.py
[2025-07-30T15:18:35.630+0000] {processor.py:840} INFO - DAG(s) 'clean_day_data' retrieved from /opt/airflow/dags/clean_day_data.py
[2025-07-30T15:18:35.655+0000] {logging_mixin.py:188} INFO - [2025-07-30T15:18:35.655+0000] {dag.py:3096} INFO - Sync 1 DAGs
[2025-07-30T15:18:35.667+0000] {logging_mixin.py:188} INFO - [2025-07-30T15:18:35.667+0000] {dag.py:3954} INFO - Setting next_dagrun for clean_day_data to None, run_after=None
[2025-07-30T15:18:35.684+0000] {processor.py:183} INFO - Processing /opt/airflow/dags/clean_day_data.py took 0.080 seconds
[2025-07-30T15:19:06.537+0000] {processor.py:161} INFO - Started process (PID=1165) to work on /opt/airflow/dags/clean_day_data.py
[2025-07-30T15:19:06.538+0000] {processor.py:830} INFO - Processing file /opt/airflow/dags/clean_day_data.py for tasks to queue
[2025-07-30T15:19:06.540+0000] {logging_mixin.py:188} INFO - [2025-07-30T15:19:06.539+0000] {dagbag.py:540} INFO - Filling up the DagBag from /opt/airflow/dags/clean_day_data.py
[2025-07-30T15:19:06.557+0000] {processor.py:840} INFO - DAG(s) 'clean_day_data' retrieved from /opt/airflow/dags/clean_day_data.py
[2025-07-30T15:19:06.595+0000] {logging_mixin.py:188} INFO - [2025-07-30T15:19:06.595+0000] {dag.py:3096} INFO - Sync 1 DAGs
[2025-07-30T15:19:06.613+0000] {logging_mixin.py:188} INFO - [2025-07-30T15:19:06.612+0000] {dag.py:3954} INFO - Setting next_dagrun for clean_day_data to None, run_after=None
[2025-07-30T15:19:06.645+0000] {processor.py:183} INFO - Processing /opt/airflow/dags/clean_day_data.py took 0.113 seconds
[2025-07-30T15:19:36.838+0000] {processor.py:161} INFO - Started process (PID=1200) to work on /opt/airflow/dags/clean_day_data.py
[2025-07-30T15:19:36.839+0000] {processor.py:830} INFO - Processing file /opt/airflow/dags/clean_day_data.py for tasks to queue
[2025-07-30T15:19:36.841+0000] {logging_mixin.py:188} INFO - [2025-07-30T15:19:36.841+0000] {dagbag.py:540} INFO - Filling up the DagBag from /opt/airflow/dags/clean_day_data.py
[2025-07-30T15:19:36.858+0000] {processor.py:840} INFO - DAG(s) 'clean_day_data' retrieved from /opt/airflow/dags/clean_day_data.py
[2025-07-30T15:19:36.882+0000] {logging_mixin.py:188} INFO - [2025-07-30T15:19:36.881+0000] {dag.py:3096} INFO - Sync 1 DAGs
[2025-07-30T15:19:36.894+0000] {logging_mixin.py:188} INFO - [2025-07-30T15:19:36.893+0000] {dag.py:3954} INFO - Setting next_dagrun for clean_day_data to None, run_after=None
[2025-07-30T15:19:36.911+0000] {processor.py:183} INFO - Processing /opt/airflow/dags/clean_day_data.py took 0.079 seconds
[2025-07-30T15:20:07.023+0000] {processor.py:161} INFO - Started process (PID=1235) to work on /opt/airflow/dags/clean_day_data.py
[2025-07-30T15:20:07.024+0000] {processor.py:830} INFO - Processing file /opt/airflow/dags/clean_day_data.py for tasks to queue
[2025-07-30T15:20:07.026+0000] {logging_mixin.py:188} INFO - [2025-07-30T15:20:07.026+0000] {dagbag.py:540} INFO - Filling up the DagBag from /opt/airflow/dags/clean_day_data.py
[2025-07-30T15:20:07.044+0000] {processor.py:840} INFO - DAG(s) 'clean_day_data' retrieved from /opt/airflow/dags/clean_day_data.py
[2025-07-30T15:20:07.071+0000] {logging_mixin.py:188} INFO - [2025-07-30T15:20:07.070+0000] {dag.py:3096} INFO - Sync 1 DAGs
[2025-07-30T15:20:07.083+0000] {logging_mixin.py:188} INFO - [2025-07-30T15:20:07.083+0000] {dag.py:3954} INFO - Setting next_dagrun for clean_day_data to None, run_after=None
[2025-07-30T15:20:07.101+0000] {processor.py:183} INFO - Processing /opt/airflow/dags/clean_day_data.py took 0.082 seconds
[2025-07-30T15:20:37.283+0000] {processor.py:161} INFO - Started process (PID=1270) to work on /opt/airflow/dags/clean_day_data.py
[2025-07-30T15:20:37.284+0000] {processor.py:830} INFO - Processing file /opt/airflow/dags/clean_day_data.py for tasks to queue
[2025-07-30T15:20:37.287+0000] {logging_mixin.py:188} INFO - [2025-07-30T15:20:37.287+0000] {dagbag.py:540} INFO - Filling up the DagBag from /opt/airflow/dags/clean_day_data.py
[2025-07-30T15:20:37.305+0000] {processor.py:840} INFO - DAG(s) 'clean_day_data' retrieved from /opt/airflow/dags/clean_day_data.py
[2025-07-30T15:20:37.332+0000] {logging_mixin.py:188} INFO - [2025-07-30T15:20:37.331+0000] {dag.py:3096} INFO - Sync 1 DAGs
[2025-07-30T15:20:37.343+0000] {logging_mixin.py:188} INFO - [2025-07-30T15:20:37.343+0000] {dag.py:3954} INFO - Setting next_dagrun for clean_day_data to None, run_after=None
[2025-07-30T15:20:37.362+0000] {processor.py:183} INFO - Processing /opt/airflow/dags/clean_day_data.py took 0.084 seconds
[2025-07-30T15:21:07.511+0000] {processor.py:161} INFO - Started process (PID=1305) to work on /opt/airflow/dags/clean_day_data.py
[2025-07-30T15:21:07.513+0000] {processor.py:830} INFO - Processing file /opt/airflow/dags/clean_day_data.py for tasks to queue
[2025-07-30T15:21:07.515+0000] {logging_mixin.py:188} INFO - [2025-07-30T15:21:07.515+0000] {dagbag.py:540} INFO - Filling up the DagBag from /opt/airflow/dags/clean_day_data.py
[2025-07-30T15:21:07.536+0000] {processor.py:840} INFO - DAG(s) 'clean_day_data' retrieved from /opt/airflow/dags/clean_day_data.py
[2025-07-30T15:21:07.566+0000] {logging_mixin.py:188} INFO - [2025-07-30T15:21:07.566+0000] {dag.py:3096} INFO - Sync 1 DAGs
[2025-07-30T15:21:07.580+0000] {logging_mixin.py:188} INFO - [2025-07-30T15:21:07.580+0000] {dag.py:3954} INFO - Setting next_dagrun for clean_day_data to None, run_after=None
[2025-07-30T15:21:07.599+0000] {processor.py:183} INFO - Processing /opt/airflow/dags/clean_day_data.py took 0.093 seconds
[2025-07-30T15:21:37.704+0000] {processor.py:161} INFO - Started process (PID=1340) to work on /opt/airflow/dags/clean_day_data.py
[2025-07-30T15:21:37.705+0000] {processor.py:830} INFO - Processing file /opt/airflow/dags/clean_day_data.py for tasks to queue
[2025-07-30T15:21:37.707+0000] {logging_mixin.py:188} INFO - [2025-07-30T15:21:37.707+0000] {dagbag.py:540} INFO - Filling up the DagBag from /opt/airflow/dags/clean_day_data.py
[2025-07-30T15:21:37.726+0000] {processor.py:840} INFO - DAG(s) 'clean_day_data' retrieved from /opt/airflow/dags/clean_day_data.py
[2025-07-30T15:21:37.755+0000] {logging_mixin.py:188} INFO - [2025-07-30T15:21:37.755+0000] {dag.py:3096} INFO - Sync 1 DAGs
[2025-07-30T15:21:37.768+0000] {logging_mixin.py:188} INFO - [2025-07-30T15:21:37.768+0000] {dag.py:3954} INFO - Setting next_dagrun for clean_day_data to None, run_after=None
[2025-07-30T15:21:37.787+0000] {processor.py:183} INFO - Processing /opt/airflow/dags/clean_day_data.py took 0.089 seconds
[2025-07-30T15:22:08.003+0000] {processor.py:161} INFO - Started process (PID=1375) to work on /opt/airflow/dags/clean_day_data.py
[2025-07-30T15:22:08.004+0000] {processor.py:830} INFO - Processing file /opt/airflow/dags/clean_day_data.py for tasks to queue
[2025-07-30T15:22:08.006+0000] {logging_mixin.py:188} INFO - [2025-07-30T15:22:08.006+0000] {dagbag.py:540} INFO - Filling up the DagBag from /opt/airflow/dags/clean_day_data.py
[2025-07-30T15:22:08.025+0000] {processor.py:840} INFO - DAG(s) 'clean_day_data' retrieved from /opt/airflow/dags/clean_day_data.py
[2025-07-30T15:22:08.053+0000] {logging_mixin.py:188} INFO - [2025-07-30T15:22:08.053+0000] {dag.py:3096} INFO - Sync 1 DAGs
[2025-07-30T15:22:08.065+0000] {logging_mixin.py:188} INFO - [2025-07-30T15:22:08.065+0000] {dag.py:3954} INFO - Setting next_dagrun for clean_day_data to None, run_after=None
[2025-07-30T15:22:08.083+0000] {processor.py:183} INFO - Processing /opt/airflow/dags/clean_day_data.py took 0.086 seconds
[2025-07-30T15:22:38.161+0000] {processor.py:161} INFO - Started process (PID=1410) to work on /opt/airflow/dags/clean_day_data.py
[2025-07-30T15:22:38.162+0000] {processor.py:830} INFO - Processing file /opt/airflow/dags/clean_day_data.py for tasks to queue
[2025-07-30T15:22:38.164+0000] {logging_mixin.py:188} INFO - [2025-07-30T15:22:38.163+0000] {dagbag.py:540} INFO - Filling up the DagBag from /opt/airflow/dags/clean_day_data.py
[2025-07-30T15:22:38.180+0000] {processor.py:840} INFO - DAG(s) 'clean_day_data' retrieved from /opt/airflow/dags/clean_day_data.py
[2025-07-30T15:22:38.206+0000] {logging_mixin.py:188} INFO - [2025-07-30T15:22:38.206+0000] {dag.py:3096} INFO - Sync 1 DAGs
[2025-07-30T15:22:38.219+0000] {logging_mixin.py:188} INFO - [2025-07-30T15:22:38.219+0000] {dag.py:3954} INFO - Setting next_dagrun for clean_day_data to None, run_after=None
[2025-07-30T15:22:38.240+0000] {processor.py:183} INFO - Processing /opt/airflow/dags/clean_day_data.py took 0.083 seconds
[2025-07-30T15:22:42.263+0000] {processor.py:161} INFO - Started process (PID=1417) to work on /opt/airflow/dags/clean_day_data.py
[2025-07-30T15:22:42.264+0000] {processor.py:830} INFO - Processing file /opt/airflow/dags/clean_day_data.py for tasks to queue
[2025-07-30T15:22:42.267+0000] {logging_mixin.py:188} INFO - [2025-07-30T15:22:42.267+0000] {dagbag.py:540} INFO - Filling up the DagBag from /opt/airflow/dags/clean_day_data.py
[2025-07-30T15:22:42.301+0000] {processor.py:840} INFO - DAG(s) 'clean_day_data' retrieved from /opt/airflow/dags/clean_day_data.py
[2025-07-30T15:22:42.327+0000] {logging_mixin.py:188} INFO - [2025-07-30T15:22:42.327+0000] {dag.py:3096} INFO - Sync 1 DAGs
[2025-07-30T15:22:42.339+0000] {logging_mixin.py:188} INFO - [2025-07-30T15:22:42.339+0000] {dag.py:3954} INFO - Setting next_dagrun for clean_day_data to None, run_after=None
[2025-07-30T15:22:42.360+0000] {processor.py:183} INFO - Processing /opt/airflow/dags/clean_day_data.py took 0.104 seconds
[2025-07-30T15:23:12.493+0000] {processor.py:161} INFO - Started process (PID=1452) to work on /opt/airflow/dags/clean_day_data.py
[2025-07-30T15:23:12.494+0000] {processor.py:830} INFO - Processing file /opt/airflow/dags/clean_day_data.py for tasks to queue
[2025-07-30T15:23:12.496+0000] {logging_mixin.py:188} INFO - [2025-07-30T15:23:12.496+0000] {dagbag.py:540} INFO - Filling up the DagBag from /opt/airflow/dags/clean_day_data.py
[2025-07-30T15:23:12.512+0000] {processor.py:840} INFO - DAG(s) 'clean_day_data' retrieved from /opt/airflow/dags/clean_day_data.py
[2025-07-30T15:23:12.538+0000] {logging_mixin.py:188} INFO - [2025-07-30T15:23:12.537+0000] {dag.py:3096} INFO - Sync 1 DAGs
[2025-07-30T15:23:12.550+0000] {logging_mixin.py:188} INFO - [2025-07-30T15:23:12.550+0000] {dag.py:3954} INFO - Setting next_dagrun for clean_day_data to None, run_after=None
[2025-07-30T15:23:12.566+0000] {processor.py:183} INFO - Processing /opt/airflow/dags/clean_day_data.py took 0.080 seconds
[2025-07-30T15:23:42.648+0000] {processor.py:161} INFO - Started process (PID=1487) to work on /opt/airflow/dags/clean_day_data.py
[2025-07-30T15:23:42.649+0000] {processor.py:830} INFO - Processing file /opt/airflow/dags/clean_day_data.py for tasks to queue
[2025-07-30T15:23:42.651+0000] {logging_mixin.py:188} INFO - [2025-07-30T15:23:42.651+0000] {dagbag.py:540} INFO - Filling up the DagBag from /opt/airflow/dags/clean_day_data.py
[2025-07-30T15:23:42.665+0000] {processor.py:840} INFO - DAG(s) 'clean_day_data' retrieved from /opt/airflow/dags/clean_day_data.py
[2025-07-30T15:23:42.691+0000] {logging_mixin.py:188} INFO - [2025-07-30T15:23:42.691+0000] {dag.py:3096} INFO - Sync 1 DAGs
[2025-07-30T15:23:42.702+0000] {logging_mixin.py:188} INFO - [2025-07-30T15:23:42.702+0000] {dag.py:3954} INFO - Setting next_dagrun for clean_day_data to None, run_after=None
[2025-07-30T15:23:42.718+0000] {processor.py:183} INFO - Processing /opt/airflow/dags/clean_day_data.py took 0.077 seconds
[2025-07-30T15:23:46.715+0000] {processor.py:161} INFO - Started process (PID=1492) to work on /opt/airflow/dags/clean_day_data.py
[2025-07-30T15:23:46.716+0000] {processor.py:830} INFO - Processing file /opt/airflow/dags/clean_day_data.py for tasks to queue
[2025-07-30T15:23:46.717+0000] {logging_mixin.py:188} INFO - [2025-07-30T15:23:46.717+0000] {dagbag.py:540} INFO - Filling up the DagBag from /opt/airflow/dags/clean_day_data.py
[2025-07-30T15:23:46.739+0000] {processor.py:840} INFO - DAG(s) 'clean_day_data' retrieved from /opt/airflow/dags/clean_day_data.py
[2025-07-30T15:23:46.765+0000] {logging_mixin.py:188} INFO - [2025-07-30T15:23:46.764+0000] {dag.py:3096} INFO - Sync 1 DAGs
[2025-07-30T15:23:46.781+0000] {logging_mixin.py:188} INFO - [2025-07-30T15:23:46.780+0000] {dag.py:3954} INFO - Setting next_dagrun for clean_day_data to None, run_after=None
[2025-07-30T15:23:46.810+0000] {processor.py:183} INFO - Processing /opt/airflow/dags/clean_day_data.py took 0.101 seconds
[2025-07-30T15:24:16.869+0000] {processor.py:161} INFO - Started process (PID=1527) to work on /opt/airflow/dags/clean_day_data.py
[2025-07-30T15:24:16.870+0000] {processor.py:830} INFO - Processing file /opt/airflow/dags/clean_day_data.py for tasks to queue
[2025-07-30T15:24:16.872+0000] {logging_mixin.py:188} INFO - [2025-07-30T15:24:16.872+0000] {dagbag.py:540} INFO - Filling up the DagBag from /opt/airflow/dags/clean_day_data.py
[2025-07-30T15:24:16.888+0000] {processor.py:840} INFO - DAG(s) 'clean_day_data' retrieved from /opt/airflow/dags/clean_day_data.py
[2025-07-30T15:24:16.915+0000] {logging_mixin.py:188} INFO - [2025-07-30T15:24:16.914+0000] {dag.py:3096} INFO - Sync 1 DAGs
[2025-07-30T15:24:16.925+0000] {logging_mixin.py:188} INFO - [2025-07-30T15:24:16.925+0000] {dag.py:3954} INFO - Setting next_dagrun for clean_day_data to None, run_after=None
[2025-07-30T15:24:16.942+0000] {processor.py:183} INFO - Processing /opt/airflow/dags/clean_day_data.py took 0.081 seconds
[2025-07-30T15:24:47.201+0000] {processor.py:161} INFO - Started process (PID=1562) to work on /opt/airflow/dags/clean_day_data.py
[2025-07-30T15:24:47.202+0000] {processor.py:830} INFO - Processing file /opt/airflow/dags/clean_day_data.py for tasks to queue
[2025-07-30T15:24:47.206+0000] {logging_mixin.py:188} INFO - [2025-07-30T15:24:47.206+0000] {dagbag.py:540} INFO - Filling up the DagBag from /opt/airflow/dags/clean_day_data.py
[2025-07-30T15:24:47.230+0000] {processor.py:840} INFO - DAG(s) 'clean_day_data' retrieved from /opt/airflow/dags/clean_day_data.py
[2025-07-30T15:24:47.265+0000] {logging_mixin.py:188} INFO - [2025-07-30T15:24:47.264+0000] {dag.py:3096} INFO - Sync 1 DAGs
[2025-07-30T15:24:47.280+0000] {logging_mixin.py:188} INFO - [2025-07-30T15:24:47.280+0000] {dag.py:3954} INFO - Setting next_dagrun for clean_day_data to None, run_after=None
[2025-07-30T15:24:47.309+0000] {processor.py:183} INFO - Processing /opt/airflow/dags/clean_day_data.py took 0.116 seconds
[2025-07-30T15:25:17.491+0000] {processor.py:161} INFO - Started process (PID=1597) to work on /opt/airflow/dags/clean_day_data.py
[2025-07-30T15:25:17.492+0000] {processor.py:830} INFO - Processing file /opt/airflow/dags/clean_day_data.py for tasks to queue
[2025-07-30T15:25:17.495+0000] {logging_mixin.py:188} INFO - [2025-07-30T15:25:17.494+0000] {dagbag.py:540} INFO - Filling up the DagBag from /opt/airflow/dags/clean_day_data.py
[2025-07-30T15:25:17.515+0000] {processor.py:840} INFO - DAG(s) 'clean_day_data' retrieved from /opt/airflow/dags/clean_day_data.py
[2025-07-30T15:25:17.543+0000] {logging_mixin.py:188} INFO - [2025-07-30T15:25:17.543+0000] {dag.py:3096} INFO - Sync 1 DAGs
[2025-07-30T15:25:17.555+0000] {logging_mixin.py:188} INFO - [2025-07-30T15:25:17.555+0000] {dag.py:3954} INFO - Setting next_dagrun for clean_day_data to None, run_after=None
[2025-07-30T15:25:17.622+0000] {processor.py:183} INFO - Processing /opt/airflow/dags/clean_day_data.py took 0.138 seconds
[2025-07-30T15:25:48.384+0000] {processor.py:161} INFO - Started process (PID=1632) to work on /opt/airflow/dags/clean_day_data.py
[2025-07-30T15:25:48.385+0000] {processor.py:830} INFO - Processing file /opt/airflow/dags/clean_day_data.py for tasks to queue
[2025-07-30T15:25:48.388+0000] {logging_mixin.py:188} INFO - [2025-07-30T15:25:48.387+0000] {dagbag.py:540} INFO - Filling up the DagBag from /opt/airflow/dags/clean_day_data.py
[2025-07-30T15:25:48.416+0000] {processor.py:840} INFO - DAG(s) 'clean_day_data' retrieved from /opt/airflow/dags/clean_day_data.py
[2025-07-30T15:25:48.443+0000] {logging_mixin.py:188} INFO - [2025-07-30T15:25:48.443+0000] {dag.py:3096} INFO - Sync 1 DAGs
[2025-07-30T15:25:48.455+0000] {logging_mixin.py:188} INFO - [2025-07-30T15:25:48.455+0000] {dag.py:3954} INFO - Setting next_dagrun for clean_day_data to None, run_after=None
[2025-07-30T15:25:48.475+0000] {processor.py:183} INFO - Processing /opt/airflow/dags/clean_day_data.py took 0.098 seconds
[2025-07-30T15:26:18.618+0000] {processor.py:161} INFO - Started process (PID=1667) to work on /opt/airflow/dags/clean_day_data.py
[2025-07-30T15:26:18.619+0000] {processor.py:830} INFO - Processing file /opt/airflow/dags/clean_day_data.py for tasks to queue
[2025-07-30T15:26:18.621+0000] {logging_mixin.py:188} INFO - [2025-07-30T15:26:18.621+0000] {dagbag.py:540} INFO - Filling up the DagBag from /opt/airflow/dags/clean_day_data.py
[2025-07-30T15:26:18.636+0000] {processor.py:840} INFO - DAG(s) 'clean_day_data' retrieved from /opt/airflow/dags/clean_day_data.py
[2025-07-30T15:26:18.660+0000] {logging_mixin.py:188} INFO - [2025-07-30T15:26:18.659+0000] {dag.py:3096} INFO - Sync 1 DAGs
[2025-07-30T15:26:18.669+0000] {logging_mixin.py:188} INFO - [2025-07-30T15:26:18.669+0000] {dag.py:3954} INFO - Setting next_dagrun for clean_day_data to None, run_after=None
[2025-07-30T15:26:18.684+0000] {processor.py:183} INFO - Processing /opt/airflow/dags/clean_day_data.py took 0.071 seconds
[2025-07-30T15:26:48.920+0000] {processor.py:161} INFO - Started process (PID=1702) to work on /opt/airflow/dags/clean_day_data.py
[2025-07-30T15:26:48.921+0000] {processor.py:830} INFO - Processing file /opt/airflow/dags/clean_day_data.py for tasks to queue
[2025-07-30T15:26:48.924+0000] {logging_mixin.py:188} INFO - [2025-07-30T15:26:48.923+0000] {dagbag.py:540} INFO - Filling up the DagBag from /opt/airflow/dags/clean_day_data.py
[2025-07-30T15:26:48.944+0000] {processor.py:840} INFO - DAG(s) 'clean_day_data' retrieved from /opt/airflow/dags/clean_day_data.py
[2025-07-30T15:26:48.969+0000] {logging_mixin.py:188} INFO - [2025-07-30T15:26:48.969+0000] {dag.py:3096} INFO - Sync 1 DAGs
[2025-07-30T15:26:48.981+0000] {logging_mixin.py:188} INFO - [2025-07-30T15:26:48.981+0000] {dag.py:3954} INFO - Setting next_dagrun for clean_day_data to None, run_after=None
[2025-07-30T15:26:48.998+0000] {processor.py:183} INFO - Processing /opt/airflow/dags/clean_day_data.py took 0.085 seconds
