[2025-07-30T14:36:05.915+0000] {processor.py:161} INFO - Started process (PID=196) to work on /opt/airflow/dags/clean_hour_data.py
[2025-07-30T14:36:05.916+0000] {processor.py:830} INFO - Processing file /opt/airflow/dags/clean_hour_data.py for tasks to queue
[2025-07-30T14:36:05.918+0000] {logging_mixin.py:188} INFO - [2025-07-30T14:36:05.918+0000] {dagbag.py:540} INFO - Filling up the DagBag from /opt/airflow/dags/clean_hour_data.py
[2025-07-30T14:36:05.937+0000] {processor.py:840} INFO - DAG(s) 'clean_hour_data' retrieved from /opt/airflow/dags/clean_hour_data.py
[2025-07-30T14:36:05.952+0000] {logging_mixin.py:188} INFO - [2025-07-30T14:36:05.952+0000] {dag.py:3096} INFO - Sync 1 DAGs
[2025-07-30T14:36:05.968+0000] {logging_mixin.py:188} INFO - [2025-07-30T14:36:05.968+0000] {dag.py:3954} INFO - Setting next_dagrun for clean_hour_data to None, run_after=None
[2025-07-30T14:36:05.987+0000] {processor.py:183} INFO - Processing /opt/airflow/dags/clean_hour_data.py took 0.078 seconds
[2025-07-30T14:36:36.878+0000] {processor.py:161} INFO - Started process (PID=231) to work on /opt/airflow/dags/clean_hour_data.py
[2025-07-30T14:36:36.880+0000] {processor.py:830} INFO - Processing file /opt/airflow/dags/clean_hour_data.py for tasks to queue
[2025-07-30T14:36:36.882+0000] {logging_mixin.py:188} INFO - [2025-07-30T14:36:36.882+0000] {dagbag.py:540} INFO - Filling up the DagBag from /opt/airflow/dags/clean_hour_data.py
[2025-07-30T14:36:36.914+0000] {processor.py:840} INFO - DAG(s) 'clean_hour_data' retrieved from /opt/airflow/dags/clean_hour_data.py
[2025-07-30T14:36:37.232+0000] {logging_mixin.py:188} INFO - [2025-07-30T14:36:37.230+0000] {dag.py:3096} INFO - Sync 1 DAGs
[2025-07-30T14:36:37.278+0000] {logging_mixin.py:188} INFO - [2025-07-30T14:36:37.277+0000] {dag.py:3954} INFO - Setting next_dagrun for clean_hour_data to None, run_after=None
[2025-07-30T14:36:37.310+0000] {processor.py:183} INFO - Processing /opt/airflow/dags/clean_hour_data.py took 0.441 seconds
[2025-07-30T14:37:08.062+0000] {processor.py:161} INFO - Started process (PID=266) to work on /opt/airflow/dags/clean_hour_data.py
[2025-07-30T14:37:08.064+0000] {processor.py:830} INFO - Processing file /opt/airflow/dags/clean_hour_data.py for tasks to queue
[2025-07-30T14:37:08.066+0000] {logging_mixin.py:188} INFO - [2025-07-30T14:37:08.065+0000] {dagbag.py:540} INFO - Filling up the DagBag from /opt/airflow/dags/clean_hour_data.py
[2025-07-30T14:37:08.086+0000] {processor.py:840} INFO - DAG(s) 'clean_hour_data' retrieved from /opt/airflow/dags/clean_hour_data.py
[2025-07-30T14:37:08.116+0000] {logging_mixin.py:188} INFO - [2025-07-30T14:37:08.115+0000] {dag.py:3096} INFO - Sync 1 DAGs
[2025-07-30T14:37:08.131+0000] {logging_mixin.py:188} INFO - [2025-07-30T14:37:08.131+0000] {dag.py:3954} INFO - Setting next_dagrun for clean_hour_data to None, run_after=None
[2025-07-30T14:37:08.151+0000] {processor.py:183} INFO - Processing /opt/airflow/dags/clean_hour_data.py took 0.094 seconds
[2025-07-30T14:37:38.457+0000] {processor.py:161} INFO - Started process (PID=301) to work on /opt/airflow/dags/clean_hour_data.py
[2025-07-30T14:37:38.458+0000] {processor.py:830} INFO - Processing file /opt/airflow/dags/clean_hour_data.py for tasks to queue
[2025-07-30T14:37:38.460+0000] {logging_mixin.py:188} INFO - [2025-07-30T14:37:38.460+0000] {dagbag.py:540} INFO - Filling up the DagBag from /opt/airflow/dags/clean_hour_data.py
[2025-07-30T14:37:38.479+0000] {processor.py:840} INFO - DAG(s) 'clean_hour_data' retrieved from /opt/airflow/dags/clean_hour_data.py
[2025-07-30T14:37:38.506+0000] {logging_mixin.py:188} INFO - [2025-07-30T14:37:38.505+0000] {dag.py:3096} INFO - Sync 1 DAGs
[2025-07-30T14:37:38.519+0000] {logging_mixin.py:188} INFO - [2025-07-30T14:37:38.519+0000] {dag.py:3954} INFO - Setting next_dagrun for clean_hour_data to None, run_after=None
[2025-07-30T14:37:38.538+0000] {processor.py:183} INFO - Processing /opt/airflow/dags/clean_hour_data.py took 0.086 seconds
[2025-07-30T14:38:08.675+0000] {processor.py:161} INFO - Started process (PID=336) to work on /opt/airflow/dags/clean_hour_data.py
[2025-07-30T14:38:08.676+0000] {processor.py:830} INFO - Processing file /opt/airflow/dags/clean_hour_data.py for tasks to queue
[2025-07-30T14:38:08.678+0000] {logging_mixin.py:188} INFO - [2025-07-30T14:38:08.678+0000] {dagbag.py:540} INFO - Filling up the DagBag from /opt/airflow/dags/clean_hour_data.py
[2025-07-30T14:38:08.697+0000] {processor.py:840} INFO - DAG(s) 'clean_hour_data' retrieved from /opt/airflow/dags/clean_hour_data.py
[2025-07-30T14:38:08.723+0000] {logging_mixin.py:188} INFO - [2025-07-30T14:38:08.723+0000] {dag.py:3096} INFO - Sync 1 DAGs
[2025-07-30T14:38:08.735+0000] {logging_mixin.py:188} INFO - [2025-07-30T14:38:08.735+0000] {dag.py:3954} INFO - Setting next_dagrun for clean_hour_data to None, run_after=None
[2025-07-30T14:38:08.754+0000] {processor.py:183} INFO - Processing /opt/airflow/dags/clean_hour_data.py took 0.083 seconds
[2025-07-30T14:38:39.107+0000] {processor.py:161} INFO - Started process (PID=371) to work on /opt/airflow/dags/clean_hour_data.py
[2025-07-30T14:38:39.108+0000] {processor.py:830} INFO - Processing file /opt/airflow/dags/clean_hour_data.py for tasks to queue
[2025-07-30T14:38:39.110+0000] {logging_mixin.py:188} INFO - [2025-07-30T14:38:39.110+0000] {dagbag.py:540} INFO - Filling up the DagBag from /opt/airflow/dags/clean_hour_data.py
[2025-07-30T14:38:39.132+0000] {processor.py:840} INFO - DAG(s) 'clean_hour_data' retrieved from /opt/airflow/dags/clean_hour_data.py
[2025-07-30T14:38:39.164+0000] {logging_mixin.py:188} INFO - [2025-07-30T14:38:39.164+0000] {dag.py:3096} INFO - Sync 1 DAGs
[2025-07-30T14:38:39.177+0000] {logging_mixin.py:188} INFO - [2025-07-30T14:38:39.176+0000] {dag.py:3954} INFO - Setting next_dagrun for clean_hour_data to None, run_after=None
[2025-07-30T14:38:39.195+0000] {processor.py:183} INFO - Processing /opt/airflow/dags/clean_hour_data.py took 0.095 seconds
[2025-07-30T14:39:09.482+0000] {processor.py:161} INFO - Started process (PID=406) to work on /opt/airflow/dags/clean_hour_data.py
[2025-07-30T14:39:09.483+0000] {processor.py:830} INFO - Processing file /opt/airflow/dags/clean_hour_data.py for tasks to queue
[2025-07-30T14:39:09.485+0000] {logging_mixin.py:188} INFO - [2025-07-30T14:39:09.485+0000] {dagbag.py:540} INFO - Filling up the DagBag from /opt/airflow/dags/clean_hour_data.py
[2025-07-30T14:39:09.502+0000] {processor.py:840} INFO - DAG(s) 'clean_hour_data' retrieved from /opt/airflow/dags/clean_hour_data.py
[2025-07-30T14:39:09.527+0000] {logging_mixin.py:188} INFO - [2025-07-30T14:39:09.526+0000] {dag.py:3096} INFO - Sync 1 DAGs
[2025-07-30T14:39:09.537+0000] {logging_mixin.py:188} INFO - [2025-07-30T14:39:09.537+0000] {dag.py:3954} INFO - Setting next_dagrun for clean_hour_data to None, run_after=None
[2025-07-30T14:39:09.552+0000] {processor.py:183} INFO - Processing /opt/airflow/dags/clean_hour_data.py took 0.074 seconds
[2025-07-30T14:39:39.602+0000] {processor.py:161} INFO - Started process (PID=439) to work on /opt/airflow/dags/clean_hour_data.py
[2025-07-30T14:39:39.603+0000] {processor.py:830} INFO - Processing file /opt/airflow/dags/clean_hour_data.py for tasks to queue
[2025-07-30T14:39:39.605+0000] {logging_mixin.py:188} INFO - [2025-07-30T14:39:39.605+0000] {dagbag.py:540} INFO - Filling up the DagBag from /opt/airflow/dags/clean_hour_data.py
[2025-07-30T14:39:39.628+0000] {processor.py:840} INFO - DAG(s) 'clean_hour_data' retrieved from /opt/airflow/dags/clean_hour_data.py
[2025-07-30T14:39:39.654+0000] {logging_mixin.py:188} INFO - [2025-07-30T14:39:39.654+0000] {dag.py:3096} INFO - Sync 1 DAGs
[2025-07-30T14:39:39.665+0000] {logging_mixin.py:188} INFO - [2025-07-30T14:39:39.665+0000] {dag.py:3954} INFO - Setting next_dagrun for clean_hour_data to None, run_after=None
[2025-07-30T14:39:39.682+0000] {processor.py:183} INFO - Processing /opt/airflow/dags/clean_hour_data.py took 0.086 seconds
[2025-07-30T14:40:11.858+0000] {processor.py:161} INFO - Started process (PID=476) to work on /opt/airflow/dags/clean_hour_data.py
[2025-07-30T14:40:11.859+0000] {processor.py:830} INFO - Processing file /opt/airflow/dags/clean_hour_data.py for tasks to queue
[2025-07-30T14:40:11.861+0000] {logging_mixin.py:188} INFO - [2025-07-30T14:40:11.860+0000] {dagbag.py:540} INFO - Filling up the DagBag from /opt/airflow/dags/clean_hour_data.py
[2025-07-30T14:40:11.879+0000] {processor.py:840} INFO - DAG(s) 'clean_hour_data' retrieved from /opt/airflow/dags/clean_hour_data.py
[2025-07-30T14:40:11.902+0000] {logging_mixin.py:188} INFO - [2025-07-30T14:40:11.902+0000] {dag.py:3096} INFO - Sync 1 DAGs
[2025-07-30T14:40:11.912+0000] {logging_mixin.py:188} INFO - [2025-07-30T14:40:11.912+0000] {dag.py:3954} INFO - Setting next_dagrun for clean_hour_data to None, run_after=None
[2025-07-30T14:40:11.928+0000] {processor.py:183} INFO - Processing /opt/airflow/dags/clean_hour_data.py took 0.075 seconds
[2025-07-30T14:40:44.877+0000] {processor.py:161} INFO - Started process (PID=511) to work on /opt/airflow/dags/clean_hour_data.py
[2025-07-30T14:40:44.878+0000] {processor.py:830} INFO - Processing file /opt/airflow/dags/clean_hour_data.py for tasks to queue
[2025-07-30T14:40:44.879+0000] {logging_mixin.py:188} INFO - [2025-07-30T14:40:44.879+0000] {dagbag.py:540} INFO - Filling up the DagBag from /opt/airflow/dags/clean_hour_data.py
[2025-07-30T14:40:44.898+0000] {processor.py:840} INFO - DAG(s) 'clean_hour_data' retrieved from /opt/airflow/dags/clean_hour_data.py
[2025-07-30T14:40:44.920+0000] {logging_mixin.py:188} INFO - [2025-07-30T14:40:44.920+0000] {dag.py:3096} INFO - Sync 1 DAGs
[2025-07-30T14:40:44.931+0000] {logging_mixin.py:188} INFO - [2025-07-30T14:40:44.931+0000] {dag.py:3954} INFO - Setting next_dagrun for clean_hour_data to None, run_after=None
[2025-07-30T14:40:44.948+0000] {processor.py:183} INFO - Processing /opt/airflow/dags/clean_hour_data.py took 0.076 seconds
[2025-07-30T14:44:12.421+0000] {processor.py:161} INFO - Started process (PID=197) to work on /opt/airflow/dags/clean_hour_data.py
[2025-07-30T14:44:12.422+0000] {processor.py:830} INFO - Processing file /opt/airflow/dags/clean_hour_data.py for tasks to queue
[2025-07-30T14:44:12.424+0000] {logging_mixin.py:188} INFO - [2025-07-30T14:44:12.424+0000] {dagbag.py:540} INFO - Filling up the DagBag from /opt/airflow/dags/clean_hour_data.py
[2025-07-30T14:44:12.440+0000] {processor.py:840} INFO - DAG(s) 'clean_hour_data' retrieved from /opt/airflow/dags/clean_hour_data.py
[2025-07-30T14:44:12.453+0000] {logging_mixin.py:188} INFO - [2025-07-30T14:44:12.452+0000] {dag.py:3096} INFO - Sync 1 DAGs
[2025-07-30T14:44:12.467+0000] {logging_mixin.py:188} INFO - [2025-07-30T14:44:12.467+0000] {dag.py:3954} INFO - Setting next_dagrun for clean_hour_data to None, run_after=None
[2025-07-30T14:44:12.486+0000] {processor.py:183} INFO - Processing /opt/airflow/dags/clean_hour_data.py took 0.070 seconds
[2025-07-30T14:44:42.791+0000] {processor.py:161} INFO - Started process (PID=232) to work on /opt/airflow/dags/clean_hour_data.py
[2025-07-30T14:44:42.792+0000] {processor.py:830} INFO - Processing file /opt/airflow/dags/clean_hour_data.py for tasks to queue
[2025-07-30T14:44:42.793+0000] {logging_mixin.py:188} INFO - [2025-07-30T14:44:42.793+0000] {dagbag.py:540} INFO - Filling up the DagBag from /opt/airflow/dags/clean_hour_data.py
[2025-07-30T14:44:42.811+0000] {processor.py:840} INFO - DAG(s) 'clean_hour_data' retrieved from /opt/airflow/dags/clean_hour_data.py
[2025-07-30T14:44:42.904+0000] {logging_mixin.py:188} INFO - [2025-07-30T14:44:42.903+0000] {dag.py:3096} INFO - Sync 1 DAGs
[2025-07-30T14:44:42.913+0000] {logging_mixin.py:188} INFO - [2025-07-30T14:44:42.913+0000] {dag.py:3954} INFO - Setting next_dagrun for clean_hour_data to None, run_after=None
[2025-07-30T14:44:42.933+0000] {processor.py:183} INFO - Processing /opt/airflow/dags/clean_hour_data.py took 0.147 seconds
[2025-07-30T14:45:13.083+0000] {processor.py:161} INFO - Started process (PID=265) to work on /opt/airflow/dags/clean_hour_data.py
[2025-07-30T14:45:13.084+0000] {processor.py:830} INFO - Processing file /opt/airflow/dags/clean_hour_data.py for tasks to queue
[2025-07-30T14:45:13.087+0000] {logging_mixin.py:188} INFO - [2025-07-30T14:45:13.086+0000] {dagbag.py:540} INFO - Filling up the DagBag from /opt/airflow/dags/clean_hour_data.py
[2025-07-30T14:45:13.108+0000] {processor.py:840} INFO - DAG(s) 'clean_hour_data' retrieved from /opt/airflow/dags/clean_hour_data.py
[2025-07-30T14:45:13.131+0000] {logging_mixin.py:188} INFO - [2025-07-30T14:45:13.131+0000] {dag.py:3096} INFO - Sync 1 DAGs
[2025-07-30T14:45:13.142+0000] {logging_mixin.py:188} INFO - [2025-07-30T14:45:13.141+0000] {dag.py:3954} INFO - Setting next_dagrun for clean_hour_data to None, run_after=None
[2025-07-30T14:45:13.159+0000] {processor.py:183} INFO - Processing /opt/airflow/dags/clean_hour_data.py took 0.081 seconds
[2025-07-30T14:45:43.329+0000] {processor.py:161} INFO - Started process (PID=302) to work on /opt/airflow/dags/clean_hour_data.py
[2025-07-30T14:45:43.331+0000] {processor.py:830} INFO - Processing file /opt/airflow/dags/clean_hour_data.py for tasks to queue
[2025-07-30T14:45:43.333+0000] {logging_mixin.py:188} INFO - [2025-07-30T14:45:43.332+0000] {dagbag.py:540} INFO - Filling up the DagBag from /opt/airflow/dags/clean_hour_data.py
[2025-07-30T14:45:43.351+0000] {processor.py:840} INFO - DAG(s) 'clean_hour_data' retrieved from /opt/airflow/dags/clean_hour_data.py
[2025-07-30T14:45:43.376+0000] {logging_mixin.py:188} INFO - [2025-07-30T14:45:43.375+0000] {dag.py:3096} INFO - Sync 1 DAGs
[2025-07-30T14:45:43.387+0000] {logging_mixin.py:188} INFO - [2025-07-30T14:45:43.386+0000] {dag.py:3954} INFO - Setting next_dagrun for clean_hour_data to None, run_after=None
[2025-07-30T14:45:43.413+0000] {processor.py:183} INFO - Processing /opt/airflow/dags/clean_hour_data.py took 0.089 seconds
[2025-07-30T14:46:13.659+0000] {processor.py:161} INFO - Started process (PID=335) to work on /opt/airflow/dags/clean_hour_data.py
[2025-07-30T14:46:13.660+0000] {processor.py:830} INFO - Processing file /opt/airflow/dags/clean_hour_data.py for tasks to queue
[2025-07-30T14:46:13.663+0000] {logging_mixin.py:188} INFO - [2025-07-30T14:46:13.663+0000] {dagbag.py:540} INFO - Filling up the DagBag from /opt/airflow/dags/clean_hour_data.py
[2025-07-30T14:46:13.687+0000] {processor.py:840} INFO - DAG(s) 'clean_hour_data' retrieved from /opt/airflow/dags/clean_hour_data.py
[2025-07-30T14:46:13.714+0000] {logging_mixin.py:188} INFO - [2025-07-30T14:46:13.713+0000] {dag.py:3096} INFO - Sync 1 DAGs
[2025-07-30T14:46:13.726+0000] {logging_mixin.py:188} INFO - [2025-07-30T14:46:13.725+0000] {dag.py:3954} INFO - Setting next_dagrun for clean_hour_data to None, run_after=None
[2025-07-30T14:46:13.746+0000] {processor.py:183} INFO - Processing /opt/airflow/dags/clean_hour_data.py took 0.096 seconds
[2025-07-30T14:46:46.017+0000] {processor.py:161} INFO - Started process (PID=370) to work on /opt/airflow/dags/clean_hour_data.py
[2025-07-30T14:46:46.020+0000] {processor.py:830} INFO - Processing file /opt/airflow/dags/clean_hour_data.py for tasks to queue
[2025-07-30T14:46:46.026+0000] {logging_mixin.py:188} INFO - [2025-07-30T14:46:46.025+0000] {dagbag.py:540} INFO - Filling up the DagBag from /opt/airflow/dags/clean_hour_data.py
[2025-07-30T14:46:46.083+0000] {processor.py:840} INFO - DAG(s) 'clean_hour_data' retrieved from /opt/airflow/dags/clean_hour_data.py
[2025-07-30T14:46:46.142+0000] {logging_mixin.py:188} INFO - [2025-07-30T14:46:46.140+0000] {dag.py:3096} INFO - Sync 1 DAGs
[2025-07-30T14:46:46.184+0000] {logging_mixin.py:188} INFO - [2025-07-30T14:46:46.183+0000] {dag.py:3954} INFO - Setting next_dagrun for clean_hour_data to None, run_after=None
[2025-07-30T14:46:46.280+0000] {processor.py:183} INFO - Processing /opt/airflow/dags/clean_hour_data.py took 0.282 seconds
[2025-07-30T14:47:20.325+0000] {processor.py:161} INFO - Started process (PID=198) to work on /opt/airflow/dags/clean_hour_data.py
[2025-07-30T14:47:20.326+0000] {processor.py:830} INFO - Processing file /opt/airflow/dags/clean_hour_data.py for tasks to queue
[2025-07-30T14:47:20.328+0000] {logging_mixin.py:188} INFO - [2025-07-30T14:47:20.328+0000] {dagbag.py:540} INFO - Filling up the DagBag from /opt/airflow/dags/clean_hour_data.py
[2025-07-30T14:47:20.348+0000] {processor.py:840} INFO - DAG(s) 'clean_hour_data' retrieved from /opt/airflow/dags/clean_hour_data.py
[2025-07-30T14:47:20.363+0000] {logging_mixin.py:188} INFO - [2025-07-30T14:47:20.362+0000] {dag.py:3096} INFO - Sync 1 DAGs
[2025-07-30T14:47:20.389+0000] {logging_mixin.py:188} INFO - [2025-07-30T14:47:20.388+0000] {dag.py:3954} INFO - Setting next_dagrun for clean_hour_data to None, run_after=None
[2025-07-30T14:47:20.418+0000] {processor.py:183} INFO - Processing /opt/airflow/dags/clean_hour_data.py took 0.099 seconds
[2025-07-30T14:47:50.814+0000] {processor.py:161} INFO - Started process (PID=233) to work on /opt/airflow/dags/clean_hour_data.py
[2025-07-30T14:47:50.815+0000] {processor.py:830} INFO - Processing file /opt/airflow/dags/clean_hour_data.py for tasks to queue
[2025-07-30T14:47:50.817+0000] {logging_mixin.py:188} INFO - [2025-07-30T14:47:50.816+0000] {dagbag.py:540} INFO - Filling up the DagBag from /opt/airflow/dags/clean_hour_data.py
[2025-07-30T14:47:50.837+0000] {processor.py:840} INFO - DAG(s) 'clean_hour_data' retrieved from /opt/airflow/dags/clean_hour_data.py
[2025-07-30T14:47:50.935+0000] {logging_mixin.py:188} INFO - [2025-07-30T14:47:50.935+0000] {dag.py:3096} INFO - Sync 1 DAGs
[2025-07-30T14:47:50.945+0000] {logging_mixin.py:188} INFO - [2025-07-30T14:47:50.945+0000] {dag.py:3954} INFO - Setting next_dagrun for clean_hour_data to None, run_after=None
[2025-07-30T14:47:50.964+0000] {processor.py:183} INFO - Processing /opt/airflow/dags/clean_hour_data.py took 0.155 seconds
[2025-07-30T14:48:21.032+0000] {processor.py:161} INFO - Started process (PID=266) to work on /opt/airflow/dags/clean_hour_data.py
[2025-07-30T14:48:21.033+0000] {processor.py:830} INFO - Processing file /opt/airflow/dags/clean_hour_data.py for tasks to queue
[2025-07-30T14:48:21.037+0000] {logging_mixin.py:188} INFO - [2025-07-30T14:48:21.037+0000] {dagbag.py:540} INFO - Filling up the DagBag from /opt/airflow/dags/clean_hour_data.py
[2025-07-30T14:48:21.058+0000] {processor.py:840} INFO - DAG(s) 'clean_hour_data' retrieved from /opt/airflow/dags/clean_hour_data.py
[2025-07-30T14:48:21.083+0000] {logging_mixin.py:188} INFO - [2025-07-30T14:48:21.082+0000] {dag.py:3096} INFO - Sync 1 DAGs
[2025-07-30T14:48:21.093+0000] {logging_mixin.py:188} INFO - [2025-07-30T14:48:21.093+0000] {dag.py:3954} INFO - Setting next_dagrun for clean_hour_data to None, run_after=None
[2025-07-30T14:48:21.110+0000] {processor.py:183} INFO - Processing /opt/airflow/dags/clean_hour_data.py took 0.083 seconds
[2025-07-30T14:48:51.330+0000] {processor.py:161} INFO - Started process (PID=303) to work on /opt/airflow/dags/clean_hour_data.py
[2025-07-30T14:48:51.331+0000] {processor.py:830} INFO - Processing file /opt/airflow/dags/clean_hour_data.py for tasks to queue
[2025-07-30T14:48:51.334+0000] {logging_mixin.py:188} INFO - [2025-07-30T14:48:51.334+0000] {dagbag.py:540} INFO - Filling up the DagBag from /opt/airflow/dags/clean_hour_data.py
[2025-07-30T14:48:51.357+0000] {processor.py:840} INFO - DAG(s) 'clean_hour_data' retrieved from /opt/airflow/dags/clean_hour_data.py
[2025-07-30T14:48:51.388+0000] {logging_mixin.py:188} INFO - [2025-07-30T14:48:51.388+0000] {dag.py:3096} INFO - Sync 1 DAGs
[2025-07-30T14:48:51.399+0000] {logging_mixin.py:188} INFO - [2025-07-30T14:48:51.399+0000] {dag.py:3954} INFO - Setting next_dagrun for clean_hour_data to None, run_after=None
[2025-07-30T14:48:51.416+0000] {processor.py:183} INFO - Processing /opt/airflow/dags/clean_hour_data.py took 0.092 seconds
[2025-07-30T14:49:23.882+0000] {processor.py:161} INFO - Started process (PID=338) to work on /opt/airflow/dags/clean_hour_data.py
[2025-07-30T14:49:23.884+0000] {processor.py:830} INFO - Processing file /opt/airflow/dags/clean_hour_data.py for tasks to queue
[2025-07-30T14:49:23.887+0000] {logging_mixin.py:188} INFO - [2025-07-30T14:49:23.886+0000] {dagbag.py:540} INFO - Filling up the DagBag from /opt/airflow/dags/clean_hour_data.py
[2025-07-30T14:49:23.934+0000] {processor.py:840} INFO - DAG(s) 'clean_hour_data' retrieved from /opt/airflow/dags/clean_hour_data.py
[2025-07-30T14:49:23.963+0000] {logging_mixin.py:188} INFO - [2025-07-30T14:49:23.962+0000] {dag.py:3096} INFO - Sync 1 DAGs
[2025-07-30T14:49:23.973+0000] {logging_mixin.py:188} INFO - [2025-07-30T14:49:23.973+0000] {dag.py:3954} INFO - Setting next_dagrun for clean_hour_data to None, run_after=None
[2025-07-30T14:49:23.992+0000] {processor.py:183} INFO - Processing /opt/airflow/dags/clean_hour_data.py took 0.118 seconds
[2025-07-30T14:49:56.305+0000] {processor.py:161} INFO - Started process (PID=373) to work on /opt/airflow/dags/clean_hour_data.py
[2025-07-30T14:49:56.306+0000] {processor.py:830} INFO - Processing file /opt/airflow/dags/clean_hour_data.py for tasks to queue
[2025-07-30T14:49:56.308+0000] {logging_mixin.py:188} INFO - [2025-07-30T14:49:56.308+0000] {dagbag.py:540} INFO - Filling up the DagBag from /opt/airflow/dags/clean_hour_data.py
[2025-07-30T14:49:56.330+0000] {processor.py:840} INFO - DAG(s) 'clean_hour_data' retrieved from /opt/airflow/dags/clean_hour_data.py
[2025-07-30T14:49:56.356+0000] {logging_mixin.py:188} INFO - [2025-07-30T14:49:56.356+0000] {dag.py:3096} INFO - Sync 1 DAGs
[2025-07-30T14:49:56.368+0000] {logging_mixin.py:188} INFO - [2025-07-30T14:49:56.368+0000] {dag.py:3954} INFO - Setting next_dagrun for clean_hour_data to None, run_after=None
[2025-07-30T14:49:56.386+0000] {processor.py:183} INFO - Processing /opt/airflow/dags/clean_hour_data.py took 0.087 seconds
[2025-07-30T14:50:28.609+0000] {processor.py:161} INFO - Started process (PID=406) to work on /opt/airflow/dags/clean_hour_data.py
[2025-07-30T14:50:28.610+0000] {processor.py:830} INFO - Processing file /opt/airflow/dags/clean_hour_data.py for tasks to queue
[2025-07-30T14:50:28.612+0000] {logging_mixin.py:188} INFO - [2025-07-30T14:50:28.611+0000] {dagbag.py:540} INFO - Filling up the DagBag from /opt/airflow/dags/clean_hour_data.py
[2025-07-30T14:50:28.629+0000] {processor.py:840} INFO - DAG(s) 'clean_hour_data' retrieved from /opt/airflow/dags/clean_hour_data.py
[2025-07-30T14:50:28.652+0000] {logging_mixin.py:188} INFO - [2025-07-30T14:50:28.652+0000] {dag.py:3096} INFO - Sync 1 DAGs
[2025-07-30T14:50:28.663+0000] {logging_mixin.py:188} INFO - [2025-07-30T14:50:28.663+0000] {dag.py:3954} INFO - Setting next_dagrun for clean_hour_data to None, run_after=None
[2025-07-30T14:50:28.679+0000] {processor.py:183} INFO - Processing /opt/airflow/dags/clean_hour_data.py took 0.076 seconds
[2025-07-30T14:51:00.873+0000] {processor.py:161} INFO - Started process (PID=443) to work on /opt/airflow/dags/clean_hour_data.py
[2025-07-30T14:51:00.874+0000] {processor.py:830} INFO - Processing file /opt/airflow/dags/clean_hour_data.py for tasks to queue
[2025-07-30T14:51:00.877+0000] {logging_mixin.py:188} INFO - [2025-07-30T14:51:00.876+0000] {dagbag.py:540} INFO - Filling up the DagBag from /opt/airflow/dags/clean_hour_data.py
[2025-07-30T14:51:00.893+0000] {processor.py:840} INFO - DAG(s) 'clean_hour_data' retrieved from /opt/airflow/dags/clean_hour_data.py
[2025-07-30T14:51:00.917+0000] {logging_mixin.py:188} INFO - [2025-07-30T14:51:00.917+0000] {dag.py:3096} INFO - Sync 1 DAGs
[2025-07-30T14:51:00.927+0000] {logging_mixin.py:188} INFO - [2025-07-30T14:51:00.927+0000] {dag.py:3954} INFO - Setting next_dagrun for clean_hour_data to None, run_after=None
[2025-07-30T14:51:00.944+0000] {processor.py:183} INFO - Processing /opt/airflow/dags/clean_hour_data.py took 0.076 seconds
[2025-07-30T14:51:39.035+0000] {processor.py:161} INFO - Started process (PID=198) to work on /opt/airflow/dags/clean_hour_data.py
[2025-07-30T14:51:39.036+0000] {processor.py:830} INFO - Processing file /opt/airflow/dags/clean_hour_data.py for tasks to queue
[2025-07-30T14:51:39.038+0000] {logging_mixin.py:188} INFO - [2025-07-30T14:51:39.038+0000] {dagbag.py:540} INFO - Filling up the DagBag from /opt/airflow/dags/clean_hour_data.py
[2025-07-30T14:51:39.055+0000] {processor.py:840} INFO - DAG(s) 'clean_hour_data' retrieved from /opt/airflow/dags/clean_hour_data.py
[2025-07-30T14:51:39.069+0000] {logging_mixin.py:188} INFO - [2025-07-30T14:51:39.068+0000] {dag.py:3096} INFO - Sync 1 DAGs
[2025-07-30T14:51:39.082+0000] {logging_mixin.py:188} INFO - [2025-07-30T14:51:39.081+0000] {dag.py:3954} INFO - Setting next_dagrun for clean_hour_data to None, run_after=None
[2025-07-30T14:51:39.103+0000] {processor.py:183} INFO - Processing /opt/airflow/dags/clean_hour_data.py took 0.073 seconds
[2025-07-30T14:52:09.534+0000] {processor.py:161} INFO - Started process (PID=231) to work on /opt/airflow/dags/clean_hour_data.py
[2025-07-30T14:52:09.535+0000] {processor.py:830} INFO - Processing file /opt/airflow/dags/clean_hour_data.py for tasks to queue
[2025-07-30T14:52:09.537+0000] {logging_mixin.py:188} INFO - [2025-07-30T14:52:09.537+0000] {dagbag.py:540} INFO - Filling up the DagBag from /opt/airflow/dags/clean_hour_data.py
[2025-07-30T14:52:09.555+0000] {processor.py:840} INFO - DAG(s) 'clean_hour_data' retrieved from /opt/airflow/dags/clean_hour_data.py
[2025-07-30T14:52:09.665+0000] {logging_mixin.py:188} INFO - [2025-07-30T14:52:09.664+0000] {dag.py:3096} INFO - Sync 1 DAGs
[2025-07-30T14:52:09.679+0000] {logging_mixin.py:188} INFO - [2025-07-30T14:52:09.679+0000] {dag.py:3954} INFO - Setting next_dagrun for clean_hour_data to None, run_after=None
[2025-07-30T14:52:09.706+0000] {processor.py:183} INFO - Processing /opt/airflow/dags/clean_hour_data.py took 0.176 seconds
[2025-07-30T14:52:39.922+0000] {processor.py:161} INFO - Started process (PID=330) to work on /opt/airflow/dags/clean_hour_data.py
[2025-07-30T14:52:39.923+0000] {processor.py:830} INFO - Processing file /opt/airflow/dags/clean_hour_data.py for tasks to queue
[2025-07-30T14:52:39.925+0000] {logging_mixin.py:188} INFO - [2025-07-30T14:52:39.925+0000] {dagbag.py:540} INFO - Filling up the DagBag from /opt/airflow/dags/clean_hour_data.py
[2025-07-30T14:52:39.947+0000] {processor.py:840} INFO - DAG(s) 'clean_hour_data' retrieved from /opt/airflow/dags/clean_hour_data.py
[2025-07-30T14:52:40.034+0000] {logging_mixin.py:188} INFO - [2025-07-30T14:52:40.033+0000] {dag.py:3096} INFO - Sync 1 DAGs
[2025-07-30T14:52:40.043+0000] {logging_mixin.py:188} INFO - [2025-07-30T14:52:40.043+0000] {dag.py:3118} INFO - Creating ORM DAG for clean_hour_data
[2025-07-30T14:52:40.049+0000] {logging_mixin.py:188} INFO - [2025-07-30T14:52:40.048+0000] {dag.py:3954} INFO - Setting next_dagrun for clean_hour_data to None, run_after=None
[2025-07-30T14:52:40.065+0000] {processor.py:183} INFO - Processing /opt/airflow/dags/clean_hour_data.py took 0.148 seconds
[2025-07-30T14:54:12.756+0000] {processor.py:161} INFO - Started process (PID=197) to work on /opt/airflow/dags/clean_hour_data.py
[2025-07-30T14:54:12.757+0000] {processor.py:830} INFO - Processing file /opt/airflow/dags/clean_hour_data.py for tasks to queue
[2025-07-30T14:54:12.760+0000] {logging_mixin.py:188} INFO - [2025-07-30T14:54:12.759+0000] {dagbag.py:540} INFO - Filling up the DagBag from /opt/airflow/dags/clean_hour_data.py
[2025-07-30T14:54:12.782+0000] {processor.py:840} INFO - DAG(s) 'clean_hour_data' retrieved from /opt/airflow/dags/clean_hour_data.py
[2025-07-30T14:54:12.797+0000] {logging_mixin.py:188} INFO - [2025-07-30T14:54:12.796+0000] {dag.py:3096} INFO - Sync 1 DAGs
[2025-07-30T14:54:12.813+0000] {logging_mixin.py:188} INFO - [2025-07-30T14:54:12.812+0000] {dag.py:3954} INFO - Setting next_dagrun for clean_hour_data to None, run_after=None
[2025-07-30T14:54:12.838+0000] {processor.py:183} INFO - Processing /opt/airflow/dags/clean_hour_data.py took 0.086 seconds
[2025-07-30T14:54:43.222+0000] {processor.py:161} INFO - Started process (PID=232) to work on /opt/airflow/dags/clean_hour_data.py
[2025-07-30T14:54:43.224+0000] {processor.py:830} INFO - Processing file /opt/airflow/dags/clean_hour_data.py for tasks to queue
[2025-07-30T14:54:43.226+0000] {logging_mixin.py:188} INFO - [2025-07-30T14:54:43.225+0000] {dagbag.py:540} INFO - Filling up the DagBag from /opt/airflow/dags/clean_hour_data.py
[2025-07-30T14:54:43.244+0000] {processor.py:840} INFO - DAG(s) 'clean_hour_data' retrieved from /opt/airflow/dags/clean_hour_data.py
[2025-07-30T14:54:43.321+0000] {logging_mixin.py:188} INFO - [2025-07-30T14:54:43.320+0000] {dag.py:3096} INFO - Sync 1 DAGs
[2025-07-30T14:54:43.328+0000] {logging_mixin.py:188} INFO - [2025-07-30T14:54:43.328+0000] {dag.py:3954} INFO - Setting next_dagrun for clean_hour_data to None, run_after=None
[2025-07-30T14:54:43.345+0000] {processor.py:183} INFO - Processing /opt/airflow/dags/clean_hour_data.py took 0.128 seconds
[2025-07-30T14:55:13.478+0000] {processor.py:161} INFO - Started process (PID=267) to work on /opt/airflow/dags/clean_hour_data.py
[2025-07-30T14:55:13.479+0000] {processor.py:830} INFO - Processing file /opt/airflow/dags/clean_hour_data.py for tasks to queue
[2025-07-30T14:55:13.481+0000] {logging_mixin.py:188} INFO - [2025-07-30T14:55:13.481+0000] {dagbag.py:540} INFO - Filling up the DagBag from /opt/airflow/dags/clean_hour_data.py
[2025-07-30T14:55:13.498+0000] {processor.py:840} INFO - DAG(s) 'clean_hour_data' retrieved from /opt/airflow/dags/clean_hour_data.py
[2025-07-30T14:55:13.521+0000] {logging_mixin.py:188} INFO - [2025-07-30T14:55:13.520+0000] {dag.py:3096} INFO - Sync 1 DAGs
[2025-07-30T14:55:13.530+0000] {logging_mixin.py:188} INFO - [2025-07-30T14:55:13.530+0000] {dag.py:3954} INFO - Setting next_dagrun for clean_hour_data to None, run_after=None
[2025-07-30T14:55:13.546+0000] {processor.py:183} INFO - Processing /opt/airflow/dags/clean_hour_data.py took 0.072 seconds
[2025-07-30T14:55:43.782+0000] {processor.py:161} INFO - Started process (PID=302) to work on /opt/airflow/dags/clean_hour_data.py
[2025-07-30T14:55:43.784+0000] {processor.py:830} INFO - Processing file /opt/airflow/dags/clean_hour_data.py for tasks to queue
[2025-07-30T14:55:43.787+0000] {logging_mixin.py:188} INFO - [2025-07-30T14:55:43.786+0000] {dagbag.py:540} INFO - Filling up the DagBag from /opt/airflow/dags/clean_hour_data.py
[2025-07-30T14:55:43.808+0000] {processor.py:840} INFO - DAG(s) 'clean_hour_data' retrieved from /opt/airflow/dags/clean_hour_data.py
[2025-07-30T14:55:43.831+0000] {logging_mixin.py:188} INFO - [2025-07-30T14:55:43.831+0000] {dag.py:3096} INFO - Sync 1 DAGs
[2025-07-30T14:55:43.841+0000] {logging_mixin.py:188} INFO - [2025-07-30T14:55:43.841+0000] {dag.py:3954} INFO - Setting next_dagrun for clean_hour_data to None, run_after=None
[2025-07-30T14:55:43.858+0000] {processor.py:183} INFO - Processing /opt/airflow/dags/clean_hour_data.py took 0.081 seconds
[2025-07-30T14:56:14.153+0000] {processor.py:161} INFO - Started process (PID=337) to work on /opt/airflow/dags/clean_hour_data.py
[2025-07-30T14:56:14.154+0000] {processor.py:830} INFO - Processing file /opt/airflow/dags/clean_hour_data.py for tasks to queue
[2025-07-30T14:56:14.156+0000] {logging_mixin.py:188} INFO - [2025-07-30T14:56:14.155+0000] {dagbag.py:540} INFO - Filling up the DagBag from /opt/airflow/dags/clean_hour_data.py
[2025-07-30T14:56:14.171+0000] {processor.py:840} INFO - DAG(s) 'clean_hour_data' retrieved from /opt/airflow/dags/clean_hour_data.py
[2025-07-30T14:56:14.194+0000] {logging_mixin.py:188} INFO - [2025-07-30T14:56:14.193+0000] {dag.py:3096} INFO - Sync 1 DAGs
[2025-07-30T14:56:14.204+0000] {logging_mixin.py:188} INFO - [2025-07-30T14:56:14.203+0000] {dag.py:3954} INFO - Setting next_dagrun for clean_hour_data to None, run_after=None
[2025-07-30T14:56:14.222+0000] {processor.py:183} INFO - Processing /opt/airflow/dags/clean_hour_data.py took 0.074 seconds
[2025-07-30T14:56:44.443+0000] {processor.py:161} INFO - Started process (PID=375) to work on /opt/airflow/dags/clean_hour_data.py
[2025-07-30T14:56:44.444+0000] {processor.py:830} INFO - Processing file /opt/airflow/dags/clean_hour_data.py for tasks to queue
[2025-07-30T14:56:44.445+0000] {logging_mixin.py:188} INFO - [2025-07-30T14:56:44.445+0000] {dagbag.py:540} INFO - Filling up the DagBag from /opt/airflow/dags/clean_hour_data.py
[2025-07-30T14:56:44.466+0000] {processor.py:840} INFO - DAG(s) 'clean_hour_data' retrieved from /opt/airflow/dags/clean_hour_data.py
[2025-07-30T14:56:44.490+0000] {logging_mixin.py:188} INFO - [2025-07-30T14:56:44.490+0000] {dag.py:3096} INFO - Sync 1 DAGs
[2025-07-30T14:56:44.501+0000] {logging_mixin.py:188} INFO - [2025-07-30T14:56:44.501+0000] {dag.py:3954} INFO - Setting next_dagrun for clean_hour_data to None, run_after=None
[2025-07-30T14:56:44.517+0000] {processor.py:183} INFO - Processing /opt/airflow/dags/clean_hour_data.py took 0.080 seconds
[2025-07-30T14:57:14.670+0000] {processor.py:161} INFO - Started process (PID=412) to work on /opt/airflow/dags/clean_hour_data.py
[2025-07-30T14:57:14.672+0000] {processor.py:830} INFO - Processing file /opt/airflow/dags/clean_hour_data.py for tasks to queue
[2025-07-30T14:57:14.674+0000] {logging_mixin.py:188} INFO - [2025-07-30T14:57:14.673+0000] {dagbag.py:540} INFO - Filling up the DagBag from /opt/airflow/dags/clean_hour_data.py
[2025-07-30T14:57:14.696+0000] {processor.py:840} INFO - DAG(s) 'clean_hour_data' retrieved from /opt/airflow/dags/clean_hour_data.py
[2025-07-30T14:57:14.720+0000] {logging_mixin.py:188} INFO - [2025-07-30T14:57:14.720+0000] {dag.py:3096} INFO - Sync 1 DAGs
[2025-07-30T14:57:14.731+0000] {logging_mixin.py:188} INFO - [2025-07-30T14:57:14.731+0000] {dag.py:3954} INFO - Setting next_dagrun for clean_hour_data to None, run_after=None
[2025-07-30T14:57:14.745+0000] {processor.py:183} INFO - Processing /opt/airflow/dags/clean_hour_data.py took 0.080 seconds
[2025-07-30T14:57:49.391+0000] {processor.py:161} INFO - Started process (PID=197) to work on /opt/airflow/dags/clean_hour_data.py
[2025-07-30T14:57:49.392+0000] {processor.py:830} INFO - Processing file /opt/airflow/dags/clean_hour_data.py for tasks to queue
[2025-07-30T14:57:49.394+0000] {logging_mixin.py:188} INFO - [2025-07-30T14:57:49.393+0000] {dagbag.py:540} INFO - Filling up the DagBag from /opt/airflow/dags/clean_hour_data.py
[2025-07-30T14:57:49.411+0000] {processor.py:840} INFO - DAG(s) 'clean_hour_data' retrieved from /opt/airflow/dags/clean_hour_data.py
[2025-07-30T14:57:49.423+0000] {logging_mixin.py:188} INFO - [2025-07-30T14:57:49.423+0000] {dag.py:3096} INFO - Sync 1 DAGs
[2025-07-30T14:57:49.436+0000] {logging_mixin.py:188} INFO - [2025-07-30T14:57:49.435+0000] {dag.py:3954} INFO - Setting next_dagrun for clean_hour_data to None, run_after=None
[2025-07-30T14:57:49.456+0000] {processor.py:183} INFO - Processing /opt/airflow/dags/clean_hour_data.py took 0.071 seconds
[2025-07-30T14:58:19.823+0000] {processor.py:161} INFO - Started process (PID=230) to work on /opt/airflow/dags/clean_hour_data.py
[2025-07-30T14:58:19.824+0000] {processor.py:830} INFO - Processing file /opt/airflow/dags/clean_hour_data.py for tasks to queue
[2025-07-30T14:58:19.827+0000] {logging_mixin.py:188} INFO - [2025-07-30T14:58:19.827+0000] {dagbag.py:540} INFO - Filling up the DagBag from /opt/airflow/dags/clean_hour_data.py
[2025-07-30T14:58:19.853+0000] {processor.py:840} INFO - DAG(s) 'clean_hour_data' retrieved from /opt/airflow/dags/clean_hour_data.py
[2025-07-30T14:58:19.960+0000] {logging_mixin.py:188} INFO - [2025-07-30T14:58:19.960+0000] {dag.py:3096} INFO - Sync 1 DAGs
[2025-07-30T14:58:19.970+0000] {logging_mixin.py:188} INFO - [2025-07-30T14:58:19.970+0000] {dag.py:3954} INFO - Setting next_dagrun for clean_hour_data to None, run_after=None
[2025-07-30T14:58:19.991+0000] {processor.py:183} INFO - Processing /opt/airflow/dags/clean_hour_data.py took 0.175 seconds
[2025-07-30T14:58:50.174+0000] {processor.py:161} INFO - Started process (PID=265) to work on /opt/airflow/dags/clean_hour_data.py
[2025-07-30T14:58:50.175+0000] {processor.py:830} INFO - Processing file /opt/airflow/dags/clean_hour_data.py for tasks to queue
[2025-07-30T14:58:50.176+0000] {logging_mixin.py:188} INFO - [2025-07-30T14:58:50.176+0000] {dagbag.py:540} INFO - Filling up the DagBag from /opt/airflow/dags/clean_hour_data.py
[2025-07-30T14:58:50.207+0000] {processor.py:840} INFO - DAG(s) 'clean_hour_data' retrieved from /opt/airflow/dags/clean_hour_data.py
[2025-07-30T14:58:50.269+0000] {logging_mixin.py:188} INFO - [2025-07-30T14:58:50.268+0000] {dag.py:3096} INFO - Sync 1 DAGs
[2025-07-30T14:58:50.294+0000] {logging_mixin.py:188} INFO - [2025-07-30T14:58:50.293+0000] {dag.py:3954} INFO - Setting next_dagrun for clean_hour_data to None, run_after=None
[2025-07-30T14:58:50.321+0000] {processor.py:183} INFO - Processing /opt/airflow/dags/clean_hour_data.py took 0.153 seconds
[2025-07-30T14:59:21.137+0000] {processor.py:161} INFO - Started process (PID=317) to work on /opt/airflow/dags/clean_hour_data.py
[2025-07-30T14:59:21.138+0000] {processor.py:830} INFO - Processing file /opt/airflow/dags/clean_hour_data.py for tasks to queue
[2025-07-30T14:59:21.140+0000] {logging_mixin.py:188} INFO - [2025-07-30T14:59:21.140+0000] {dagbag.py:540} INFO - Filling up the DagBag from /opt/airflow/dags/clean_hour_data.py
[2025-07-30T14:59:21.158+0000] {processor.py:840} INFO - DAG(s) 'clean_hour_data' retrieved from /opt/airflow/dags/clean_hour_data.py
[2025-07-30T14:59:21.181+0000] {logging_mixin.py:188} INFO - [2025-07-30T14:59:21.181+0000] {dag.py:3096} INFO - Sync 1 DAGs
[2025-07-30T14:59:21.192+0000] {logging_mixin.py:188} INFO - [2025-07-30T14:59:21.191+0000] {dag.py:3954} INFO - Setting next_dagrun for clean_hour_data to None, run_after=None
[2025-07-30T14:59:21.208+0000] {processor.py:183} INFO - Processing /opt/airflow/dags/clean_hour_data.py took 0.076 seconds
[2025-07-30T14:59:51.935+0000] {processor.py:161} INFO - Started process (PID=373) to work on /opt/airflow/dags/clean_hour_data.py
[2025-07-30T14:59:51.936+0000] {processor.py:830} INFO - Processing file /opt/airflow/dags/clean_hour_data.py for tasks to queue
[2025-07-30T14:59:51.938+0000] {logging_mixin.py:188} INFO - [2025-07-30T14:59:51.938+0000] {dagbag.py:540} INFO - Filling up the DagBag from /opt/airflow/dags/clean_hour_data.py
[2025-07-30T14:59:51.956+0000] {processor.py:840} INFO - DAG(s) 'clean_hour_data' retrieved from /opt/airflow/dags/clean_hour_data.py
[2025-07-30T14:59:51.983+0000] {logging_mixin.py:188} INFO - [2025-07-30T14:59:51.982+0000] {dag.py:3096} INFO - Sync 1 DAGs
[2025-07-30T14:59:51.995+0000] {logging_mixin.py:188} INFO - [2025-07-30T14:59:51.995+0000] {dag.py:3954} INFO - Setting next_dagrun for clean_hour_data to None, run_after=None
[2025-07-30T14:59:52.014+0000] {processor.py:183} INFO - Processing /opt/airflow/dags/clean_hour_data.py took 0.086 seconds
[2025-07-30T15:00:22.480+0000] {processor.py:161} INFO - Started process (PID=425) to work on /opt/airflow/dags/clean_hour_data.py
[2025-07-30T15:00:22.481+0000] {processor.py:830} INFO - Processing file /opt/airflow/dags/clean_hour_data.py for tasks to queue
[2025-07-30T15:00:22.484+0000] {logging_mixin.py:188} INFO - [2025-07-30T15:00:22.484+0000] {dagbag.py:540} INFO - Filling up the DagBag from /opt/airflow/dags/clean_hour_data.py
[2025-07-30T15:00:22.506+0000] {processor.py:840} INFO - DAG(s) 'clean_hour_data' retrieved from /opt/airflow/dags/clean_hour_data.py
[2025-07-30T15:00:22.535+0000] {logging_mixin.py:188} INFO - [2025-07-30T15:00:22.535+0000] {dag.py:3096} INFO - Sync 1 DAGs
[2025-07-30T15:00:22.551+0000] {logging_mixin.py:188} INFO - [2025-07-30T15:00:22.550+0000] {dag.py:3954} INFO - Setting next_dagrun for clean_hour_data to None, run_after=None
[2025-07-30T15:00:22.577+0000] {processor.py:183} INFO - Processing /opt/airflow/dags/clean_hour_data.py took 0.106 seconds
[2025-07-30T15:00:52.765+0000] {processor.py:161} INFO - Started process (PID=473) to work on /opt/airflow/dags/clean_hour_data.py
[2025-07-30T15:00:52.766+0000] {processor.py:830} INFO - Processing file /opt/airflow/dags/clean_hour_data.py for tasks to queue
[2025-07-30T15:00:52.768+0000] {logging_mixin.py:188} INFO - [2025-07-30T15:00:52.768+0000] {dagbag.py:540} INFO - Filling up the DagBag from /opt/airflow/dags/clean_hour_data.py
[2025-07-30T15:00:52.792+0000] {processor.py:840} INFO - DAG(s) 'clean_hour_data' retrieved from /opt/airflow/dags/clean_hour_data.py
[2025-07-30T15:00:52.820+0000] {logging_mixin.py:188} INFO - [2025-07-30T15:00:52.820+0000] {dag.py:3096} INFO - Sync 1 DAGs
[2025-07-30T15:00:52.832+0000] {logging_mixin.py:188} INFO - [2025-07-30T15:00:52.832+0000] {dag.py:3954} INFO - Setting next_dagrun for clean_hour_data to None, run_after=None
[2025-07-30T15:00:52.856+0000] {processor.py:183} INFO - Processing /opt/airflow/dags/clean_hour_data.py took 0.097 seconds
[2025-07-30T15:01:23.014+0000] {processor.py:161} INFO - Started process (PID=508) to work on /opt/airflow/dags/clean_hour_data.py
[2025-07-30T15:01:23.015+0000] {processor.py:830} INFO - Processing file /opt/airflow/dags/clean_hour_data.py for tasks to queue
[2025-07-30T15:01:23.019+0000] {logging_mixin.py:188} INFO - [2025-07-30T15:01:23.019+0000] {dagbag.py:540} INFO - Filling up the DagBag from /opt/airflow/dags/clean_hour_data.py
[2025-07-30T15:01:23.053+0000] {processor.py:840} INFO - DAG(s) 'clean_hour_data' retrieved from /opt/airflow/dags/clean_hour_data.py
[2025-07-30T15:01:23.119+0000] {logging_mixin.py:188} INFO - [2025-07-30T15:01:23.118+0000] {dag.py:3096} INFO - Sync 1 DAGs
[2025-07-30T15:01:23.156+0000] {logging_mixin.py:188} INFO - [2025-07-30T15:01:23.156+0000] {dag.py:3954} INFO - Setting next_dagrun for clean_hour_data to None, run_after=None
[2025-07-30T15:01:23.189+0000] {processor.py:183} INFO - Processing /opt/airflow/dags/clean_hour_data.py took 0.182 seconds
[2025-07-30T15:01:53.307+0000] {processor.py:161} INFO - Started process (PID=543) to work on /opt/airflow/dags/clean_hour_data.py
[2025-07-30T15:01:53.308+0000] {processor.py:830} INFO - Processing file /opt/airflow/dags/clean_hour_data.py for tasks to queue
[2025-07-30T15:01:53.310+0000] {logging_mixin.py:188} INFO - [2025-07-30T15:01:53.310+0000] {dagbag.py:540} INFO - Filling up the DagBag from /opt/airflow/dags/clean_hour_data.py
[2025-07-30T15:01:53.328+0000] {processor.py:840} INFO - DAG(s) 'clean_hour_data' retrieved from /opt/airflow/dags/clean_hour_data.py
[2025-07-30T15:01:53.355+0000] {logging_mixin.py:188} INFO - [2025-07-30T15:01:53.354+0000] {dag.py:3096} INFO - Sync 1 DAGs
[2025-07-30T15:01:53.369+0000] {logging_mixin.py:188} INFO - [2025-07-30T15:01:53.369+0000] {dag.py:3954} INFO - Setting next_dagrun for clean_hour_data to None, run_after=None
[2025-07-30T15:01:53.391+0000] {processor.py:183} INFO - Processing /opt/airflow/dags/clean_hour_data.py took 0.089 seconds
[2025-07-30T15:02:23.593+0000] {processor.py:161} INFO - Started process (PID=578) to work on /opt/airflow/dags/clean_hour_data.py
[2025-07-30T15:02:23.594+0000] {processor.py:830} INFO - Processing file /opt/airflow/dags/clean_hour_data.py for tasks to queue
[2025-07-30T15:02:23.596+0000] {logging_mixin.py:188} INFO - [2025-07-30T15:02:23.596+0000] {dagbag.py:540} INFO - Filling up the DagBag from /opt/airflow/dags/clean_hour_data.py
[2025-07-30T15:02:23.622+0000] {processor.py:840} INFO - DAG(s) 'clean_hour_data' retrieved from /opt/airflow/dags/clean_hour_data.py
[2025-07-30T15:02:23.686+0000] {logging_mixin.py:188} INFO - [2025-07-30T15:02:23.684+0000] {dag.py:3096} INFO - Sync 1 DAGs
[2025-07-30T15:02:23.718+0000] {logging_mixin.py:188} INFO - [2025-07-30T15:02:23.717+0000] {dag.py:3954} INFO - Setting next_dagrun for clean_hour_data to None, run_after=None
[2025-07-30T15:02:23.763+0000] {processor.py:183} INFO - Processing /opt/airflow/dags/clean_hour_data.py took 0.178 seconds
[2025-07-30T15:02:56.170+0000] {processor.py:161} INFO - Started process (PID=615) to work on /opt/airflow/dags/clean_hour_data.py
[2025-07-30T15:02:56.172+0000] {processor.py:830} INFO - Processing file /opt/airflow/dags/clean_hour_data.py for tasks to queue
[2025-07-30T15:02:56.175+0000] {logging_mixin.py:188} INFO - [2025-07-30T15:02:56.175+0000] {dagbag.py:540} INFO - Filling up the DagBag from /opt/airflow/dags/clean_hour_data.py
[2025-07-30T15:02:56.194+0000] {processor.py:840} INFO - DAG(s) 'clean_hour_data' retrieved from /opt/airflow/dags/clean_hour_data.py
[2025-07-30T15:02:56.224+0000] {logging_mixin.py:188} INFO - [2025-07-30T15:02:56.223+0000] {dag.py:3096} INFO - Sync 1 DAGs
[2025-07-30T15:02:56.236+0000] {logging_mixin.py:188} INFO - [2025-07-30T15:02:56.236+0000] {dag.py:3954} INFO - Setting next_dagrun for clean_hour_data to None, run_after=None
[2025-07-30T15:02:56.255+0000] {processor.py:183} INFO - Processing /opt/airflow/dags/clean_hour_data.py took 0.091 seconds
[2025-07-30T15:03:28.290+0000] {processor.py:161} INFO - Started process (PID=650) to work on /opt/airflow/dags/clean_hour_data.py
[2025-07-30T15:03:28.291+0000] {processor.py:830} INFO - Processing file /opt/airflow/dags/clean_hour_data.py for tasks to queue
[2025-07-30T15:03:28.293+0000] {logging_mixin.py:188} INFO - [2025-07-30T15:03:28.293+0000] {dagbag.py:540} INFO - Filling up the DagBag from /opt/airflow/dags/clean_hour_data.py
[2025-07-30T15:03:28.312+0000] {processor.py:840} INFO - DAG(s) 'clean_hour_data' retrieved from /opt/airflow/dags/clean_hour_data.py
[2025-07-30T15:03:28.337+0000] {logging_mixin.py:188} INFO - [2025-07-30T15:03:28.337+0000] {dag.py:3096} INFO - Sync 1 DAGs
[2025-07-30T15:03:28.349+0000] {logging_mixin.py:188} INFO - [2025-07-30T15:03:28.348+0000] {dag.py:3954} INFO - Setting next_dagrun for clean_hour_data to None, run_after=None
[2025-07-30T15:03:28.363+0000] {processor.py:183} INFO - Processing /opt/airflow/dags/clean_hour_data.py took 0.079 seconds
[2025-07-30T15:04:00.559+0000] {processor.py:161} INFO - Started process (PID=700) to work on /opt/airflow/dags/clean_hour_data.py
[2025-07-30T15:04:00.560+0000] {processor.py:830} INFO - Processing file /opt/airflow/dags/clean_hour_data.py for tasks to queue
[2025-07-30T15:04:00.562+0000] {logging_mixin.py:188} INFO - [2025-07-30T15:04:00.562+0000] {dagbag.py:540} INFO - Filling up the DagBag from /opt/airflow/dags/clean_hour_data.py
[2025-07-30T15:04:00.580+0000] {processor.py:840} INFO - DAG(s) 'clean_hour_data' retrieved from /opt/airflow/dags/clean_hour_data.py
[2025-07-30T15:04:00.608+0000] {logging_mixin.py:188} INFO - [2025-07-30T15:04:00.607+0000] {dag.py:3096} INFO - Sync 1 DAGs
[2025-07-30T15:04:00.627+0000] {logging_mixin.py:188} INFO - [2025-07-30T15:04:00.627+0000] {dag.py:3954} INFO - Setting next_dagrun for clean_hour_data to None, run_after=None
[2025-07-30T15:04:00.654+0000] {processor.py:183} INFO - Processing /opt/airflow/dags/clean_hour_data.py took 0.102 seconds
[2025-07-30T15:04:31.320+0000] {processor.py:161} INFO - Started process (PID=735) to work on /opt/airflow/dags/clean_hour_data.py
[2025-07-30T15:04:31.321+0000] {processor.py:830} INFO - Processing file /opt/airflow/dags/clean_hour_data.py for tasks to queue
[2025-07-30T15:04:31.323+0000] {logging_mixin.py:188} INFO - [2025-07-30T15:04:31.322+0000] {dagbag.py:540} INFO - Filling up the DagBag from /opt/airflow/dags/clean_hour_data.py
[2025-07-30T15:04:31.341+0000] {processor.py:840} INFO - DAG(s) 'clean_hour_data' retrieved from /opt/airflow/dags/clean_hour_data.py
[2025-07-30T15:04:31.366+0000] {logging_mixin.py:188} INFO - [2025-07-30T15:04:31.366+0000] {dag.py:3096} INFO - Sync 1 DAGs
[2025-07-30T15:04:31.377+0000] {logging_mixin.py:188} INFO - [2025-07-30T15:04:31.377+0000] {dag.py:3954} INFO - Setting next_dagrun for clean_hour_data to None, run_after=None
[2025-07-30T15:04:31.400+0000] {processor.py:183} INFO - Processing /opt/airflow/dags/clean_hour_data.py took 0.086 seconds
[2025-07-30T15:05:08.273+0000] {processor.py:161} INFO - Started process (PID=195) to work on /opt/airflow/dags/clean_hour_data.py
[2025-07-30T15:05:08.274+0000] {processor.py:830} INFO - Processing file /opt/airflow/dags/clean_hour_data.py for tasks to queue
[2025-07-30T15:05:08.276+0000] {logging_mixin.py:188} INFO - [2025-07-30T15:05:08.276+0000] {dagbag.py:540} INFO - Filling up the DagBag from /opt/airflow/dags/clean_hour_data.py
[2025-07-30T15:05:08.296+0000] {processor.py:840} INFO - DAG(s) 'clean_hour_data' retrieved from /opt/airflow/dags/clean_hour_data.py
[2025-07-30T15:05:08.312+0000] {logging_mixin.py:188} INFO - [2025-07-30T15:05:08.311+0000] {dag.py:3096} INFO - Sync 1 DAGs
[2025-07-30T15:05:08.326+0000] {logging_mixin.py:188} INFO - [2025-07-30T15:05:08.326+0000] {dag.py:3954} INFO - Setting next_dagrun for clean_hour_data to None, run_after=None
[2025-07-30T15:05:08.347+0000] {processor.py:183} INFO - Processing /opt/airflow/dags/clean_hour_data.py took 0.080 seconds
[2025-07-30T15:05:38.636+0000] {processor.py:161} INFO - Started process (PID=247) to work on /opt/airflow/dags/clean_hour_data.py
[2025-07-30T15:05:38.638+0000] {processor.py:830} INFO - Processing file /opt/airflow/dags/clean_hour_data.py for tasks to queue
[2025-07-30T15:05:38.640+0000] {logging_mixin.py:188} INFO - [2025-07-30T15:05:38.640+0000] {dagbag.py:540} INFO - Filling up the DagBag from /opt/airflow/dags/clean_hour_data.py
[2025-07-30T15:05:38.658+0000] {processor.py:840} INFO - DAG(s) 'clean_hour_data' retrieved from /opt/airflow/dags/clean_hour_data.py
[2025-07-30T15:05:38.738+0000] {logging_mixin.py:188} INFO - [2025-07-30T15:05:38.737+0000] {dag.py:3096} INFO - Sync 1 DAGs
[2025-07-30T15:05:38.745+0000] {logging_mixin.py:188} INFO - [2025-07-30T15:05:38.745+0000] {dag.py:3954} INFO - Setting next_dagrun for clean_hour_data to None, run_after=None
[2025-07-30T15:05:38.761+0000] {processor.py:183} INFO - Processing /opt/airflow/dags/clean_hour_data.py took 0.130 seconds
[2025-07-30T15:06:09.425+0000] {processor.py:161} INFO - Started process (PID=282) to work on /opt/airflow/dags/clean_hour_data.py
[2025-07-30T15:06:09.426+0000] {processor.py:830} INFO - Processing file /opt/airflow/dags/clean_hour_data.py for tasks to queue
[2025-07-30T15:06:09.431+0000] {logging_mixin.py:188} INFO - [2025-07-30T15:06:09.431+0000] {dagbag.py:540} INFO - Filling up the DagBag from /opt/airflow/dags/clean_hour_data.py
[2025-07-30T15:06:09.449+0000] {processor.py:840} INFO - DAG(s) 'clean_hour_data' retrieved from /opt/airflow/dags/clean_hour_data.py
[2025-07-30T15:06:09.478+0000] {logging_mixin.py:188} INFO - [2025-07-30T15:06:09.478+0000] {dag.py:3096} INFO - Sync 1 DAGs
[2025-07-30T15:06:09.490+0000] {logging_mixin.py:188} INFO - [2025-07-30T15:06:09.490+0000] {dag.py:3954} INFO - Setting next_dagrun for clean_hour_data to None, run_after=None
[2025-07-30T15:06:09.509+0000] {processor.py:183} INFO - Processing /opt/airflow/dags/clean_hour_data.py took 0.090 seconds
[2025-07-30T15:06:42.875+0000] {processor.py:161} INFO - Started process (PID=330) to work on /opt/airflow/dags/clean_hour_data.py
[2025-07-30T15:06:42.876+0000] {processor.py:830} INFO - Processing file /opt/airflow/dags/clean_hour_data.py for tasks to queue
[2025-07-30T15:06:42.879+0000] {logging_mixin.py:188} INFO - [2025-07-30T15:06:42.879+0000] {dagbag.py:540} INFO - Filling up the DagBag from /opt/airflow/dags/clean_hour_data.py
[2025-07-30T15:06:42.897+0000] {processor.py:840} INFO - DAG(s) 'clean_hour_data' retrieved from /opt/airflow/dags/clean_hour_data.py
[2025-07-30T15:06:42.922+0000] {logging_mixin.py:188} INFO - [2025-07-30T15:06:42.921+0000] {dag.py:3096} INFO - Sync 1 DAGs
[2025-07-30T15:06:42.933+0000] {logging_mixin.py:188} INFO - [2025-07-30T15:06:42.932+0000] {dag.py:3954} INFO - Setting next_dagrun for clean_hour_data to None, run_after=None
[2025-07-30T15:06:42.948+0000] {processor.py:183} INFO - Processing /opt/airflow/dags/clean_hour_data.py took 0.078 seconds
[2025-07-30T15:07:15.070+0000] {processor.py:161} INFO - Started process (PID=367) to work on /opt/airflow/dags/clean_hour_data.py
[2025-07-30T15:07:15.071+0000] {processor.py:830} INFO - Processing file /opt/airflow/dags/clean_hour_data.py for tasks to queue
[2025-07-30T15:07:15.073+0000] {logging_mixin.py:188} INFO - [2025-07-30T15:07:15.073+0000] {dagbag.py:540} INFO - Filling up the DagBag from /opt/airflow/dags/clean_hour_data.py
[2025-07-30T15:07:15.091+0000] {processor.py:840} INFO - DAG(s) 'clean_hour_data' retrieved from /opt/airflow/dags/clean_hour_data.py
[2025-07-30T15:07:15.118+0000] {logging_mixin.py:188} INFO - [2025-07-30T15:07:15.117+0000] {dag.py:3096} INFO - Sync 1 DAGs
[2025-07-30T15:07:15.130+0000] {logging_mixin.py:188} INFO - [2025-07-30T15:07:15.130+0000] {dag.py:3954} INFO - Setting next_dagrun for clean_hour_data to None, run_after=None
[2025-07-30T15:07:15.160+0000] {processor.py:183} INFO - Processing /opt/airflow/dags/clean_hour_data.py took 0.096 seconds
[2025-07-30T15:07:47.332+0000] {processor.py:161} INFO - Started process (PID=402) to work on /opt/airflow/dags/clean_hour_data.py
[2025-07-30T15:07:47.333+0000] {processor.py:830} INFO - Processing file /opt/airflow/dags/clean_hour_data.py for tasks to queue
[2025-07-30T15:07:47.336+0000] {logging_mixin.py:188} INFO - [2025-07-30T15:07:47.335+0000] {dagbag.py:540} INFO - Filling up the DagBag from /opt/airflow/dags/clean_hour_data.py
[2025-07-30T15:07:47.354+0000] {processor.py:840} INFO - DAG(s) 'clean_hour_data' retrieved from /opt/airflow/dags/clean_hour_data.py
[2025-07-30T15:07:47.378+0000] {logging_mixin.py:188} INFO - [2025-07-30T15:07:47.377+0000] {dag.py:3096} INFO - Sync 1 DAGs
[2025-07-30T15:07:47.389+0000] {logging_mixin.py:188} INFO - [2025-07-30T15:07:47.389+0000] {dag.py:3954} INFO - Setting next_dagrun for clean_hour_data to None, run_after=None
[2025-07-30T15:07:47.406+0000] {processor.py:183} INFO - Processing /opt/airflow/dags/clean_hour_data.py took 0.079 seconds
[2025-07-30T15:08:20.092+0000] {processor.py:161} INFO - Started process (PID=437) to work on /opt/airflow/dags/clean_hour_data.py
[2025-07-30T15:08:20.093+0000] {processor.py:830} INFO - Processing file /opt/airflow/dags/clean_hour_data.py for tasks to queue
[2025-07-30T15:08:20.095+0000] {logging_mixin.py:188} INFO - [2025-07-30T15:08:20.095+0000] {dagbag.py:540} INFO - Filling up the DagBag from /opt/airflow/dags/clean_hour_data.py
[2025-07-30T15:08:20.111+0000] {processor.py:840} INFO - DAG(s) 'clean_hour_data' retrieved from /opt/airflow/dags/clean_hour_data.py
[2025-07-30T15:08:20.135+0000] {logging_mixin.py:188} INFO - [2025-07-30T15:08:20.134+0000] {dag.py:3096} INFO - Sync 1 DAGs
[2025-07-30T15:08:20.146+0000] {logging_mixin.py:188} INFO - [2025-07-30T15:08:20.146+0000] {dag.py:3954} INFO - Setting next_dagrun for clean_hour_data to None, run_after=None
[2025-07-30T15:08:20.167+0000] {processor.py:183} INFO - Processing /opt/airflow/dags/clean_hour_data.py took 0.081 seconds
[2025-07-30T15:08:52.229+0000] {processor.py:161} INFO - Started process (PID=472) to work on /opt/airflow/dags/clean_hour_data.py
[2025-07-30T15:08:52.230+0000] {processor.py:830} INFO - Processing file /opt/airflow/dags/clean_hour_data.py for tasks to queue
[2025-07-30T15:08:52.232+0000] {logging_mixin.py:188} INFO - [2025-07-30T15:08:52.232+0000] {dagbag.py:540} INFO - Filling up the DagBag from /opt/airflow/dags/clean_hour_data.py
[2025-07-30T15:08:52.248+0000] {processor.py:840} INFO - DAG(s) 'clean_hour_data' retrieved from /opt/airflow/dags/clean_hour_data.py
[2025-07-30T15:08:52.272+0000] {logging_mixin.py:188} INFO - [2025-07-30T15:08:52.272+0000] {dag.py:3096} INFO - Sync 1 DAGs
[2025-07-30T15:08:52.284+0000] {logging_mixin.py:188} INFO - [2025-07-30T15:08:52.284+0000] {dag.py:3954} INFO - Setting next_dagrun for clean_hour_data to None, run_after=None
[2025-07-30T15:08:52.302+0000] {processor.py:183} INFO - Processing /opt/airflow/dags/clean_hour_data.py took 0.079 seconds
[2025-07-30T15:09:24.511+0000] {processor.py:161} INFO - Started process (PID=507) to work on /opt/airflow/dags/clean_hour_data.py
[2025-07-30T15:09:24.513+0000] {processor.py:830} INFO - Processing file /opt/airflow/dags/clean_hour_data.py for tasks to queue
[2025-07-30T15:09:24.516+0000] {logging_mixin.py:188} INFO - [2025-07-30T15:09:24.515+0000] {dagbag.py:540} INFO - Filling up the DagBag from /opt/airflow/dags/clean_hour_data.py
[2025-07-30T15:09:24.539+0000] {processor.py:840} INFO - DAG(s) 'clean_hour_data' retrieved from /opt/airflow/dags/clean_hour_data.py
[2025-07-30T15:09:24.567+0000] {logging_mixin.py:188} INFO - [2025-07-30T15:09:24.567+0000] {dag.py:3096} INFO - Sync 1 DAGs
[2025-07-30T15:09:24.579+0000] {logging_mixin.py:188} INFO - [2025-07-30T15:09:24.579+0000] {dag.py:3954} INFO - Setting next_dagrun for clean_hour_data to None, run_after=None
[2025-07-30T15:09:24.600+0000] {processor.py:183} INFO - Processing /opt/airflow/dags/clean_hour_data.py took 0.095 seconds
[2025-07-30T15:09:56.745+0000] {processor.py:161} INFO - Started process (PID=542) to work on /opt/airflow/dags/clean_hour_data.py
[2025-07-30T15:09:56.746+0000] {processor.py:830} INFO - Processing file /opt/airflow/dags/clean_hour_data.py for tasks to queue
[2025-07-30T15:09:56.748+0000] {logging_mixin.py:188} INFO - [2025-07-30T15:09:56.747+0000] {dagbag.py:540} INFO - Filling up the DagBag from /opt/airflow/dags/clean_hour_data.py
[2025-07-30T15:09:56.764+0000] {processor.py:840} INFO - DAG(s) 'clean_hour_data' retrieved from /opt/airflow/dags/clean_hour_data.py
[2025-07-30T15:09:56.791+0000] {logging_mixin.py:188} INFO - [2025-07-30T15:09:56.791+0000] {dag.py:3096} INFO - Sync 1 DAGs
[2025-07-30T15:09:56.802+0000] {logging_mixin.py:188} INFO - [2025-07-30T15:09:56.802+0000] {dag.py:3954} INFO - Setting next_dagrun for clean_hour_data to None, run_after=None
[2025-07-30T15:09:56.820+0000] {processor.py:183} INFO - Processing /opt/airflow/dags/clean_hour_data.py took 0.080 seconds
[2025-07-30T15:10:29.877+0000] {processor.py:161} INFO - Started process (PID=577) to work on /opt/airflow/dags/clean_hour_data.py
[2025-07-30T15:10:29.878+0000] {processor.py:830} INFO - Processing file /opt/airflow/dags/clean_hour_data.py for tasks to queue
[2025-07-30T15:10:29.880+0000] {logging_mixin.py:188} INFO - [2025-07-30T15:10:29.880+0000] {dagbag.py:540} INFO - Filling up the DagBag from /opt/airflow/dags/clean_hour_data.py
[2025-07-30T15:10:29.901+0000] {processor.py:840} INFO - DAG(s) 'clean_hour_data' retrieved from /opt/airflow/dags/clean_hour_data.py
[2025-07-30T15:10:29.939+0000] {logging_mixin.py:188} INFO - [2025-07-30T15:10:29.939+0000] {dag.py:3096} INFO - Sync 1 DAGs
[2025-07-30T15:10:29.957+0000] {logging_mixin.py:188} INFO - [2025-07-30T15:10:29.956+0000] {dag.py:3954} INFO - Setting next_dagrun for clean_hour_data to None, run_after=None
[2025-07-30T15:10:29.976+0000] {processor.py:183} INFO - Processing /opt/airflow/dags/clean_hour_data.py took 0.105 seconds
[2025-07-30T15:11:02.164+0000] {processor.py:161} INFO - Started process (PID=612) to work on /opt/airflow/dags/clean_hour_data.py
[2025-07-30T15:11:02.165+0000] {processor.py:830} INFO - Processing file /opt/airflow/dags/clean_hour_data.py for tasks to queue
[2025-07-30T15:11:02.167+0000] {logging_mixin.py:188} INFO - [2025-07-30T15:11:02.166+0000] {dagbag.py:540} INFO - Filling up the DagBag from /opt/airflow/dags/clean_hour_data.py
[2025-07-30T15:11:02.187+0000] {processor.py:840} INFO - DAG(s) 'clean_hour_data' retrieved from /opt/airflow/dags/clean_hour_data.py
[2025-07-30T15:11:02.215+0000] {logging_mixin.py:188} INFO - [2025-07-30T15:11:02.214+0000] {dag.py:3096} INFO - Sync 1 DAGs
[2025-07-30T15:11:02.228+0000] {logging_mixin.py:188} INFO - [2025-07-30T15:11:02.228+0000] {dag.py:3954} INFO - Setting next_dagrun for clean_hour_data to None, run_after=None
[2025-07-30T15:11:02.250+0000] {processor.py:183} INFO - Processing /opt/airflow/dags/clean_hour_data.py took 0.092 seconds
[2025-07-30T15:11:34.241+0000] {processor.py:161} INFO - Started process (PID=647) to work on /opt/airflow/dags/clean_hour_data.py
[2025-07-30T15:11:34.242+0000] {processor.py:830} INFO - Processing file /opt/airflow/dags/clean_hour_data.py for tasks to queue
[2025-07-30T15:11:34.244+0000] {logging_mixin.py:188} INFO - [2025-07-30T15:11:34.244+0000] {dagbag.py:540} INFO - Filling up the DagBag from /opt/airflow/dags/clean_hour_data.py
[2025-07-30T15:11:34.262+0000] {processor.py:840} INFO - DAG(s) 'clean_hour_data' retrieved from /opt/airflow/dags/clean_hour_data.py
[2025-07-30T15:11:34.287+0000] {logging_mixin.py:188} INFO - [2025-07-30T15:11:34.287+0000] {dag.py:3096} INFO - Sync 1 DAGs
[2025-07-30T15:11:34.300+0000] {logging_mixin.py:188} INFO - [2025-07-30T15:11:34.299+0000] {dag.py:3954} INFO - Setting next_dagrun for clean_hour_data to None, run_after=None
[2025-07-30T15:11:34.316+0000] {processor.py:183} INFO - Processing /opt/airflow/dags/clean_hour_data.py took 0.081 seconds
[2025-07-30T15:12:06.490+0000] {processor.py:161} INFO - Started process (PID=682) to work on /opt/airflow/dags/clean_hour_data.py
[2025-07-30T15:12:06.491+0000] {processor.py:830} INFO - Processing file /opt/airflow/dags/clean_hour_data.py for tasks to queue
[2025-07-30T15:12:06.494+0000] {logging_mixin.py:188} INFO - [2025-07-30T15:12:06.493+0000] {dagbag.py:540} INFO - Filling up the DagBag from /opt/airflow/dags/clean_hour_data.py
[2025-07-30T15:12:06.522+0000] {processor.py:840} INFO - DAG(s) 'clean_hour_data' retrieved from /opt/airflow/dags/clean_hour_data.py
[2025-07-30T15:12:06.553+0000] {logging_mixin.py:188} INFO - [2025-07-30T15:12:06.553+0000] {dag.py:3096} INFO - Sync 1 DAGs
[2025-07-30T15:12:06.567+0000] {logging_mixin.py:188} INFO - [2025-07-30T15:12:06.566+0000] {dag.py:3954} INFO - Setting next_dagrun for clean_hour_data to None, run_after=None
[2025-07-30T15:12:06.589+0000] {processor.py:183} INFO - Processing /opt/airflow/dags/clean_hour_data.py took 0.104 seconds
[2025-07-30T15:12:37.096+0000] {processor.py:161} INFO - Started process (PID=717) to work on /opt/airflow/dags/clean_hour_data.py
[2025-07-30T15:12:37.098+0000] {processor.py:830} INFO - Processing file /opt/airflow/dags/clean_hour_data.py for tasks to queue
[2025-07-30T15:12:37.099+0000] {logging_mixin.py:188} INFO - [2025-07-30T15:12:37.099+0000] {dagbag.py:540} INFO - Filling up the DagBag from /opt/airflow/dags/clean_hour_data.py
[2025-07-30T15:12:37.116+0000] {processor.py:840} INFO - DAG(s) 'clean_hour_data' retrieved from /opt/airflow/dags/clean_hour_data.py
[2025-07-30T15:12:37.143+0000] {logging_mixin.py:188} INFO - [2025-07-30T15:12:37.143+0000] {dag.py:3096} INFO - Sync 1 DAGs
[2025-07-30T15:12:38.683+0000] {logging_mixin.py:188} INFO - [2025-07-30T15:12:38.683+0000] {dag.py:3954} INFO - Setting next_dagrun for clean_hour_data to None, run_after=None
[2025-07-30T15:12:38.701+0000] {processor.py:183} INFO - Processing /opt/airflow/dags/clean_hour_data.py took 0.083 seconds
[2025-07-30T15:13:11.109+0000] {processor.py:161} INFO - Started process (PID=752) to work on /opt/airflow/dags/clean_hour_data.py
[2025-07-30T15:13:11.110+0000] {processor.py:830} INFO - Processing file /opt/airflow/dags/clean_hour_data.py for tasks to queue
[2025-07-30T15:13:11.112+0000] {logging_mixin.py:188} INFO - [2025-07-30T15:13:11.111+0000] {dagbag.py:540} INFO - Filling up the DagBag from /opt/airflow/dags/clean_hour_data.py
[2025-07-30T15:13:11.129+0000] {processor.py:840} INFO - DAG(s) 'clean_hour_data' retrieved from /opt/airflow/dags/clean_hour_data.py
[2025-07-30T15:13:11.159+0000] {logging_mixin.py:188} INFO - [2025-07-30T15:13:11.159+0000] {dag.py:3096} INFO - Sync 1 DAGs
[2025-07-30T15:13:11.171+0000] {logging_mixin.py:188} INFO - [2025-07-30T15:13:11.171+0000] {dag.py:3954} INFO - Setting next_dagrun for clean_hour_data to None, run_after=None
[2025-07-30T15:13:11.192+0000] {processor.py:183} INFO - Processing /opt/airflow/dags/clean_hour_data.py took 0.088 seconds
[2025-07-30T15:13:41.977+0000] {processor.py:161} INFO - Started process (PID=787) to work on /opt/airflow/dags/clean_hour_data.py
[2025-07-30T15:13:41.981+0000] {processor.py:830} INFO - Processing file /opt/airflow/dags/clean_hour_data.py for tasks to queue
[2025-07-30T15:13:41.986+0000] {logging_mixin.py:188} INFO - [2025-07-30T15:13:41.986+0000] {dagbag.py:540} INFO - Filling up the DagBag from /opt/airflow/dags/clean_hour_data.py
[2025-07-30T15:13:42.033+0000] {processor.py:840} INFO - DAG(s) 'clean_hour_data' retrieved from /opt/airflow/dags/clean_hour_data.py
[2025-07-30T15:13:42.082+0000] {logging_mixin.py:188} INFO - [2025-07-30T15:13:42.082+0000] {dag.py:3096} INFO - Sync 1 DAGs
[2025-07-30T15:13:42.097+0000] {logging_mixin.py:188} INFO - [2025-07-30T15:13:42.097+0000] {dag.py:3954} INFO - Setting next_dagrun for clean_hour_data to None, run_after=None
[2025-07-30T15:13:42.116+0000] {processor.py:183} INFO - Processing /opt/airflow/dags/clean_hour_data.py took 0.158 seconds
[2025-07-30T15:14:12.433+0000] {processor.py:161} INFO - Started process (PID=822) to work on /opt/airflow/dags/clean_hour_data.py
[2025-07-30T15:14:12.434+0000] {processor.py:830} INFO - Processing file /opt/airflow/dags/clean_hour_data.py for tasks to queue
[2025-07-30T15:14:12.437+0000] {logging_mixin.py:188} INFO - [2025-07-30T15:14:12.436+0000] {dagbag.py:540} INFO - Filling up the DagBag from /opt/airflow/dags/clean_hour_data.py
[2025-07-30T15:14:12.455+0000] {processor.py:840} INFO - DAG(s) 'clean_hour_data' retrieved from /opt/airflow/dags/clean_hour_data.py
[2025-07-30T15:14:12.483+0000] {logging_mixin.py:188} INFO - [2025-07-30T15:14:12.482+0000] {dag.py:3096} INFO - Sync 1 DAGs
[2025-07-30T15:14:12.494+0000] {logging_mixin.py:188} INFO - [2025-07-30T15:14:12.494+0000] {dag.py:3954} INFO - Setting next_dagrun for clean_hour_data to None, run_after=None
[2025-07-30T15:14:12.512+0000] {processor.py:183} INFO - Processing /opt/airflow/dags/clean_hour_data.py took 0.088 seconds
[2025-07-30T15:14:43.455+0000] {processor.py:161} INFO - Started process (PID=857) to work on /opt/airflow/dags/clean_hour_data.py
[2025-07-30T15:14:43.460+0000] {processor.py:830} INFO - Processing file /opt/airflow/dags/clean_hour_data.py for tasks to queue
[2025-07-30T15:14:43.466+0000] {logging_mixin.py:188} INFO - [2025-07-30T15:14:43.465+0000] {dagbag.py:540} INFO - Filling up the DagBag from /opt/airflow/dags/clean_hour_data.py
[2025-07-30T15:14:43.489+0000] {processor.py:840} INFO - DAG(s) 'clean_hour_data' retrieved from /opt/airflow/dags/clean_hour_data.py
[2025-07-30T15:14:43.524+0000] {logging_mixin.py:188} INFO - [2025-07-30T15:14:43.524+0000] {dag.py:3096} INFO - Sync 1 DAGs
[2025-07-30T15:14:43.542+0000] {logging_mixin.py:188} INFO - [2025-07-30T15:14:43.541+0000] {dag.py:3954} INFO - Setting next_dagrun for clean_hour_data to None, run_after=None
[2025-07-30T15:14:43.562+0000] {processor.py:183} INFO - Processing /opt/airflow/dags/clean_hour_data.py took 0.116 seconds
[2025-07-30T15:15:13.945+0000] {processor.py:161} INFO - Started process (PID=892) to work on /opt/airflow/dags/clean_hour_data.py
[2025-07-30T15:15:13.946+0000] {processor.py:830} INFO - Processing file /opt/airflow/dags/clean_hour_data.py for tasks to queue
[2025-07-30T15:15:13.948+0000] {logging_mixin.py:188} INFO - [2025-07-30T15:15:13.948+0000] {dagbag.py:540} INFO - Filling up the DagBag from /opt/airflow/dags/clean_hour_data.py
[2025-07-30T15:15:13.978+0000] {processor.py:840} INFO - DAG(s) 'clean_hour_data' retrieved from /opt/airflow/dags/clean_hour_data.py
[2025-07-30T15:15:14.015+0000] {logging_mixin.py:188} INFO - [2025-07-30T15:15:14.014+0000] {dag.py:3096} INFO - Sync 1 DAGs
[2025-07-30T15:15:14.030+0000] {logging_mixin.py:188} INFO - [2025-07-30T15:15:14.029+0000] {dag.py:3954} INFO - Setting next_dagrun for clean_hour_data to None, run_after=None
[2025-07-30T15:15:14.052+0000] {processor.py:183} INFO - Processing /opt/airflow/dags/clean_hour_data.py took 0.114 seconds
[2025-07-30T15:15:44.524+0000] {processor.py:161} INFO - Started process (PID=927) to work on /opt/airflow/dags/clean_hour_data.py
[2025-07-30T15:15:44.525+0000] {processor.py:830} INFO - Processing file /opt/airflow/dags/clean_hour_data.py for tasks to queue
[2025-07-30T15:15:44.527+0000] {logging_mixin.py:188} INFO - [2025-07-30T15:15:44.527+0000] {dagbag.py:540} INFO - Filling up the DagBag from /opt/airflow/dags/clean_hour_data.py
[2025-07-30T15:15:44.551+0000] {processor.py:840} INFO - DAG(s) 'clean_hour_data' retrieved from /opt/airflow/dags/clean_hour_data.py
[2025-07-30T15:15:44.583+0000] {logging_mixin.py:188} INFO - [2025-07-30T15:15:44.583+0000] {dag.py:3096} INFO - Sync 1 DAGs
[2025-07-30T15:15:44.600+0000] {logging_mixin.py:188} INFO - [2025-07-30T15:15:44.599+0000] {dag.py:3954} INFO - Setting next_dagrun for clean_hour_data to None, run_after=None
[2025-07-30T15:15:44.623+0000] {processor.py:183} INFO - Processing /opt/airflow/dags/clean_hour_data.py took 0.106 seconds
[2025-07-30T15:16:14.741+0000] {processor.py:161} INFO - Started process (PID=962) to work on /opt/airflow/dags/clean_hour_data.py
[2025-07-30T15:16:14.742+0000] {processor.py:830} INFO - Processing file /opt/airflow/dags/clean_hour_data.py for tasks to queue
[2025-07-30T15:16:14.747+0000] {logging_mixin.py:188} INFO - [2025-07-30T15:16:14.747+0000] {dagbag.py:540} INFO - Filling up the DagBag from /opt/airflow/dags/clean_hour_data.py
[2025-07-30T15:16:14.767+0000] {processor.py:840} INFO - DAG(s) 'clean_hour_data' retrieved from /opt/airflow/dags/clean_hour_data.py
[2025-07-30T15:16:14.794+0000] {logging_mixin.py:188} INFO - [2025-07-30T15:16:14.793+0000] {dag.py:3096} INFO - Sync 1 DAGs
[2025-07-30T15:16:14.809+0000] {logging_mixin.py:188} INFO - [2025-07-30T15:16:14.809+0000] {dag.py:3954} INFO - Setting next_dagrun for clean_hour_data to None, run_after=None
[2025-07-30T15:16:14.830+0000] {processor.py:183} INFO - Processing /opt/airflow/dags/clean_hour_data.py took 0.097 seconds
[2025-07-30T15:16:45.152+0000] {processor.py:161} INFO - Started process (PID=997) to work on /opt/airflow/dags/clean_hour_data.py
[2025-07-30T15:16:45.153+0000] {processor.py:830} INFO - Processing file /opt/airflow/dags/clean_hour_data.py for tasks to queue
[2025-07-30T15:16:45.155+0000] {logging_mixin.py:188} INFO - [2025-07-30T15:16:45.154+0000] {dagbag.py:540} INFO - Filling up the DagBag from /opt/airflow/dags/clean_hour_data.py
[2025-07-30T15:16:45.177+0000] {processor.py:840} INFO - DAG(s) 'clean_hour_data' retrieved from /opt/airflow/dags/clean_hour_data.py
[2025-07-30T15:16:45.216+0000] {logging_mixin.py:188} INFO - [2025-07-30T15:16:45.215+0000] {dag.py:3096} INFO - Sync 1 DAGs
[2025-07-30T15:16:45.234+0000] {logging_mixin.py:188} INFO - [2025-07-30T15:16:45.234+0000] {dag.py:3954} INFO - Setting next_dagrun for clean_hour_data to None, run_after=None
[2025-07-30T15:16:45.259+0000] {processor.py:183} INFO - Processing /opt/airflow/dags/clean_hour_data.py took 0.114 seconds
[2025-07-30T15:17:15.363+0000] {processor.py:161} INFO - Started process (PID=1032) to work on /opt/airflow/dags/clean_hour_data.py
[2025-07-30T15:17:15.363+0000] {processor.py:830} INFO - Processing file /opt/airflow/dags/clean_hour_data.py for tasks to queue
[2025-07-30T15:17:15.365+0000] {logging_mixin.py:188} INFO - [2025-07-30T15:17:15.365+0000] {dagbag.py:540} INFO - Filling up the DagBag from /opt/airflow/dags/clean_hour_data.py
[2025-07-30T15:17:15.385+0000] {processor.py:840} INFO - DAG(s) 'clean_hour_data' retrieved from /opt/airflow/dags/clean_hour_data.py
[2025-07-30T15:17:15.414+0000] {logging_mixin.py:188} INFO - [2025-07-30T15:17:15.413+0000] {dag.py:3096} INFO - Sync 1 DAGs
[2025-07-30T15:17:15.426+0000] {logging_mixin.py:188} INFO - [2025-07-30T15:17:15.426+0000] {dag.py:3954} INFO - Setting next_dagrun for clean_hour_data to None, run_after=None
[2025-07-30T15:17:15.449+0000] {processor.py:183} INFO - Processing /opt/airflow/dags/clean_hour_data.py took 0.092 seconds
[2025-07-30T15:17:45.497+0000] {processor.py:161} INFO - Started process (PID=1067) to work on /opt/airflow/dags/clean_hour_data.py
[2025-07-30T15:17:45.498+0000] {processor.py:830} INFO - Processing file /opt/airflow/dags/clean_hour_data.py for tasks to queue
[2025-07-30T15:17:45.499+0000] {logging_mixin.py:188} INFO - [2025-07-30T15:17:45.499+0000] {dagbag.py:540} INFO - Filling up the DagBag from /opt/airflow/dags/clean_hour_data.py
[2025-07-30T15:17:45.515+0000] {processor.py:840} INFO - DAG(s) 'clean_hour_data' retrieved from /opt/airflow/dags/clean_hour_data.py
[2025-07-30T15:17:45.539+0000] {logging_mixin.py:188} INFO - [2025-07-30T15:17:45.538+0000] {dag.py:3096} INFO - Sync 1 DAGs
[2025-07-30T15:17:45.547+0000] {logging_mixin.py:188} INFO - [2025-07-30T15:17:45.547+0000] {dag.py:3954} INFO - Setting next_dagrun for clean_hour_data to None, run_after=None
[2025-07-30T15:17:45.563+0000] {processor.py:183} INFO - Processing /opt/airflow/dags/clean_hour_data.py took 0.071 seconds
[2025-07-30T15:18:15.656+0000] {processor.py:161} INFO - Started process (PID=1102) to work on /opt/airflow/dags/clean_hour_data.py
[2025-07-30T15:18:15.657+0000] {processor.py:830} INFO - Processing file /opt/airflow/dags/clean_hour_data.py for tasks to queue
[2025-07-30T15:18:15.658+0000] {logging_mixin.py:188} INFO - [2025-07-30T15:18:15.658+0000] {dagbag.py:540} INFO - Filling up the DagBag from /opt/airflow/dags/clean_hour_data.py
[2025-07-30T15:18:15.676+0000] {processor.py:840} INFO - DAG(s) 'clean_hour_data' retrieved from /opt/airflow/dags/clean_hour_data.py
[2025-07-30T15:18:15.698+0000] {logging_mixin.py:188} INFO - [2025-07-30T15:18:15.698+0000] {dag.py:3096} INFO - Sync 1 DAGs
[2025-07-30T15:18:15.708+0000] {logging_mixin.py:188} INFO - [2025-07-30T15:18:15.708+0000] {dag.py:3954} INFO - Setting next_dagrun for clean_hour_data to None, run_after=None
[2025-07-30T15:18:15.724+0000] {processor.py:183} INFO - Processing /opt/airflow/dags/clean_hour_data.py took 0.073 seconds
[2025-07-30T15:18:45.847+0000] {processor.py:161} INFO - Started process (PID=1137) to work on /opt/airflow/dags/clean_hour_data.py
[2025-07-30T15:18:45.847+0000] {processor.py:830} INFO - Processing file /opt/airflow/dags/clean_hour_data.py for tasks to queue
[2025-07-30T15:18:45.849+0000] {logging_mixin.py:188} INFO - [2025-07-30T15:18:45.849+0000] {dagbag.py:540} INFO - Filling up the DagBag from /opt/airflow/dags/clean_hour_data.py
[2025-07-30T15:18:45.866+0000] {processor.py:840} INFO - DAG(s) 'clean_hour_data' retrieved from /opt/airflow/dags/clean_hour_data.py
[2025-07-30T15:18:45.887+0000] {logging_mixin.py:188} INFO - [2025-07-30T15:18:45.886+0000] {dag.py:3096} INFO - Sync 1 DAGs
[2025-07-30T15:18:45.897+0000] {logging_mixin.py:188} INFO - [2025-07-30T15:18:45.896+0000] {dag.py:3954} INFO - Setting next_dagrun for clean_hour_data to None, run_after=None
[2025-07-30T15:18:45.911+0000] {processor.py:183} INFO - Processing /opt/airflow/dags/clean_hour_data.py took 0.069 seconds
[2025-07-30T15:19:16.311+0000] {processor.py:161} INFO - Started process (PID=1172) to work on /opt/airflow/dags/clean_hour_data.py
[2025-07-30T15:19:16.313+0000] {processor.py:830} INFO - Processing file /opt/airflow/dags/clean_hour_data.py for tasks to queue
[2025-07-30T15:19:16.316+0000] {logging_mixin.py:188} INFO - [2025-07-30T15:19:16.315+0000] {dagbag.py:540} INFO - Filling up the DagBag from /opt/airflow/dags/clean_hour_data.py
[2025-07-30T15:19:16.336+0000] {processor.py:840} INFO - DAG(s) 'clean_hour_data' retrieved from /opt/airflow/dags/clean_hour_data.py
[2025-07-30T15:19:16.367+0000] {logging_mixin.py:188} INFO - [2025-07-30T15:19:16.366+0000] {dag.py:3096} INFO - Sync 1 DAGs
[2025-07-30T15:19:16.380+0000] {logging_mixin.py:188} INFO - [2025-07-30T15:19:16.379+0000] {dag.py:3954} INFO - Setting next_dagrun for clean_hour_data to None, run_after=None
[2025-07-30T15:19:16.402+0000] {processor.py:183} INFO - Processing /opt/airflow/dags/clean_hour_data.py took 0.097 seconds
[2025-07-30T15:19:46.565+0000] {processor.py:161} INFO - Started process (PID=1207) to work on /opt/airflow/dags/clean_hour_data.py
[2025-07-30T15:19:46.566+0000] {processor.py:830} INFO - Processing file /opt/airflow/dags/clean_hour_data.py for tasks to queue
[2025-07-30T15:19:46.567+0000] {logging_mixin.py:188} INFO - [2025-07-30T15:19:46.567+0000] {dagbag.py:540} INFO - Filling up the DagBag from /opt/airflow/dags/clean_hour_data.py
[2025-07-30T15:19:46.583+0000] {processor.py:840} INFO - DAG(s) 'clean_hour_data' retrieved from /opt/airflow/dags/clean_hour_data.py
[2025-07-30T15:19:46.607+0000] {logging_mixin.py:188} INFO - [2025-07-30T15:19:46.607+0000] {dag.py:3096} INFO - Sync 1 DAGs
[2025-07-30T15:19:46.619+0000] {logging_mixin.py:188} INFO - [2025-07-30T15:19:46.619+0000] {dag.py:3954} INFO - Setting next_dagrun for clean_hour_data to None, run_after=None
[2025-07-30T15:19:46.636+0000] {processor.py:183} INFO - Processing /opt/airflow/dags/clean_hour_data.py took 0.077 seconds
[2025-07-30T15:20:16.755+0000] {processor.py:161} INFO - Started process (PID=1242) to work on /opt/airflow/dags/clean_hour_data.py
[2025-07-30T15:20:16.756+0000] {processor.py:830} INFO - Processing file /opt/airflow/dags/clean_hour_data.py for tasks to queue
[2025-07-30T15:20:16.758+0000] {logging_mixin.py:188} INFO - [2025-07-30T15:20:16.757+0000] {dagbag.py:540} INFO - Filling up the DagBag from /opt/airflow/dags/clean_hour_data.py
[2025-07-30T15:20:16.776+0000] {processor.py:840} INFO - DAG(s) 'clean_hour_data' retrieved from /opt/airflow/dags/clean_hour_data.py
[2025-07-30T15:20:16.801+0000] {logging_mixin.py:188} INFO - [2025-07-30T15:20:16.801+0000] {dag.py:3096} INFO - Sync 1 DAGs
[2025-07-30T15:20:16.812+0000] {logging_mixin.py:188} INFO - [2025-07-30T15:20:16.812+0000] {dag.py:3954} INFO - Setting next_dagrun for clean_hour_data to None, run_after=None
[2025-07-30T15:20:16.829+0000] {processor.py:183} INFO - Processing /opt/airflow/dags/clean_hour_data.py took 0.079 seconds
[2025-07-30T15:20:46.902+0000] {processor.py:161} INFO - Started process (PID=1277) to work on /opt/airflow/dags/clean_hour_data.py
[2025-07-30T15:20:46.903+0000] {processor.py:830} INFO - Processing file /opt/airflow/dags/clean_hour_data.py for tasks to queue
[2025-07-30T15:20:46.905+0000] {logging_mixin.py:188} INFO - [2025-07-30T15:20:46.905+0000] {dagbag.py:540} INFO - Filling up the DagBag from /opt/airflow/dags/clean_hour_data.py
[2025-07-30T15:20:46.925+0000] {processor.py:840} INFO - DAG(s) 'clean_hour_data' retrieved from /opt/airflow/dags/clean_hour_data.py
[2025-07-30T15:20:46.955+0000] {logging_mixin.py:188} INFO - [2025-07-30T15:20:46.954+0000] {dag.py:3096} INFO - Sync 1 DAGs
[2025-07-30T15:20:46.968+0000] {logging_mixin.py:188} INFO - [2025-07-30T15:20:46.968+0000] {dag.py:3954} INFO - Setting next_dagrun for clean_hour_data to None, run_after=None
[2025-07-30T15:20:46.986+0000] {processor.py:183} INFO - Processing /opt/airflow/dags/clean_hour_data.py took 0.091 seconds
[2025-07-30T15:21:18.198+0000] {processor.py:161} INFO - Started process (PID=1312) to work on /opt/airflow/dags/clean_hour_data.py
[2025-07-30T15:21:18.199+0000] {processor.py:830} INFO - Processing file /opt/airflow/dags/clean_hour_data.py for tasks to queue
[2025-07-30T15:21:18.201+0000] {logging_mixin.py:188} INFO - [2025-07-30T15:21:18.200+0000] {dagbag.py:540} INFO - Filling up the DagBag from /opt/airflow/dags/clean_hour_data.py
[2025-07-30T15:21:18.216+0000] {processor.py:840} INFO - DAG(s) 'clean_hour_data' retrieved from /opt/airflow/dags/clean_hour_data.py
[2025-07-30T15:21:18.241+0000] {logging_mixin.py:188} INFO - [2025-07-30T15:21:18.241+0000] {dag.py:3096} INFO - Sync 1 DAGs
[2025-07-30T15:21:18.253+0000] {logging_mixin.py:188} INFO - [2025-07-30T15:21:18.253+0000] {dag.py:3954} INFO - Setting next_dagrun for clean_hour_data to None, run_after=None
[2025-07-30T15:21:18.273+0000] {processor.py:183} INFO - Processing /opt/airflow/dags/clean_hour_data.py took 0.080 seconds
[2025-07-30T15:21:49.024+0000] {processor.py:161} INFO - Started process (PID=1347) to work on /opt/airflow/dags/clean_hour_data.py
[2025-07-30T15:21:49.026+0000] {processor.py:830} INFO - Processing file /opt/airflow/dags/clean_hour_data.py for tasks to queue
[2025-07-30T15:21:49.027+0000] {logging_mixin.py:188} INFO - [2025-07-30T15:21:49.027+0000] {dagbag.py:540} INFO - Filling up the DagBag from /opt/airflow/dags/clean_hour_data.py
[2025-07-30T15:21:49.047+0000] {processor.py:840} INFO - DAG(s) 'clean_hour_data' retrieved from /opt/airflow/dags/clean_hour_data.py
[2025-07-30T15:21:49.076+0000] {logging_mixin.py:188} INFO - [2025-07-30T15:21:49.076+0000] {dag.py:3096} INFO - Sync 1 DAGs
[2025-07-30T15:21:49.093+0000] {logging_mixin.py:188} INFO - [2025-07-30T15:21:49.093+0000] {dag.py:3954} INFO - Setting next_dagrun for clean_hour_data to None, run_after=None
[2025-07-30T15:21:49.113+0000] {processor.py:183} INFO - Processing /opt/airflow/dags/clean_hour_data.py took 0.096 seconds
[2025-07-30T15:22:19.227+0000] {processor.py:161} INFO - Started process (PID=1382) to work on /opt/airflow/dags/clean_hour_data.py
[2025-07-30T15:22:19.229+0000] {processor.py:830} INFO - Processing file /opt/airflow/dags/clean_hour_data.py for tasks to queue
[2025-07-30T15:22:19.231+0000] {logging_mixin.py:188} INFO - [2025-07-30T15:22:19.230+0000] {dagbag.py:540} INFO - Filling up the DagBag from /opt/airflow/dags/clean_hour_data.py
[2025-07-30T15:22:19.249+0000] {processor.py:840} INFO - DAG(s) 'clean_hour_data' retrieved from /opt/airflow/dags/clean_hour_data.py
[2025-07-30T15:22:19.273+0000] {logging_mixin.py:188} INFO - [2025-07-30T15:22:19.273+0000] {dag.py:3096} INFO - Sync 1 DAGs
[2025-07-30T15:22:19.285+0000] {logging_mixin.py:188} INFO - [2025-07-30T15:22:19.284+0000] {dag.py:3954} INFO - Setting next_dagrun for clean_hour_data to None, run_after=None
[2025-07-30T15:22:19.302+0000] {processor.py:183} INFO - Processing /opt/airflow/dags/clean_hour_data.py took 0.080 seconds
[2025-07-30T15:22:49.420+0000] {processor.py:161} INFO - Started process (PID=1422) to work on /opt/airflow/dags/clean_hour_data.py
[2025-07-30T15:22:49.421+0000] {processor.py:830} INFO - Processing file /opt/airflow/dags/clean_hour_data.py for tasks to queue
[2025-07-30T15:22:49.423+0000] {logging_mixin.py:188} INFO - [2025-07-30T15:22:49.423+0000] {dagbag.py:540} INFO - Filling up the DagBag from /opt/airflow/dags/clean_hour_data.py
[2025-07-30T15:22:49.439+0000] {processor.py:840} INFO - DAG(s) 'clean_hour_data' retrieved from /opt/airflow/dags/clean_hour_data.py
[2025-07-30T15:22:49.467+0000] {logging_mixin.py:188} INFO - [2025-07-30T15:22:49.466+0000] {dag.py:3096} INFO - Sync 1 DAGs
[2025-07-30T15:22:49.480+0000] {logging_mixin.py:188} INFO - [2025-07-30T15:22:49.480+0000] {dag.py:3954} INFO - Setting next_dagrun for clean_hour_data to None, run_after=None
[2025-07-30T15:22:49.501+0000] {processor.py:183} INFO - Processing /opt/airflow/dags/clean_hour_data.py took 0.087 seconds
[2025-07-30T15:23:19.576+0000] {processor.py:161} INFO - Started process (PID=1457) to work on /opt/airflow/dags/clean_hour_data.py
[2025-07-30T15:23:19.577+0000] {processor.py:830} INFO - Processing file /opt/airflow/dags/clean_hour_data.py for tasks to queue
[2025-07-30T15:23:19.579+0000] {logging_mixin.py:188} INFO - [2025-07-30T15:23:19.579+0000] {dagbag.py:540} INFO - Filling up the DagBag from /opt/airflow/dags/clean_hour_data.py
[2025-07-30T15:23:19.600+0000] {processor.py:840} INFO - DAG(s) 'clean_hour_data' retrieved from /opt/airflow/dags/clean_hour_data.py
[2025-07-30T15:23:19.643+0000] {logging_mixin.py:188} INFO - [2025-07-30T15:23:19.643+0000] {dag.py:3096} INFO - Sync 1 DAGs
[2025-07-30T15:23:19.662+0000] {logging_mixin.py:188} INFO - [2025-07-30T15:23:19.661+0000] {dag.py:3954} INFO - Setting next_dagrun for clean_hour_data to None, run_after=None
[2025-07-30T15:23:19.693+0000] {processor.py:183} INFO - Processing /opt/airflow/dags/clean_hour_data.py took 0.124 seconds
[2025-07-30T15:23:49.840+0000] {processor.py:161} INFO - Started process (PID=1497) to work on /opt/airflow/dags/clean_hour_data.py
[2025-07-30T15:23:49.842+0000] {processor.py:830} INFO - Processing file /opt/airflow/dags/clean_hour_data.py for tasks to queue
[2025-07-30T15:23:49.844+0000] {logging_mixin.py:188} INFO - [2025-07-30T15:23:49.843+0000] {dagbag.py:540} INFO - Filling up the DagBag from /opt/airflow/dags/clean_hour_data.py
[2025-07-30T15:23:49.860+0000] {processor.py:840} INFO - DAG(s) 'clean_hour_data' retrieved from /opt/airflow/dags/clean_hour_data.py
[2025-07-30T15:23:49.887+0000] {logging_mixin.py:188} INFO - [2025-07-30T15:23:49.886+0000] {dag.py:3096} INFO - Sync 1 DAGs
[2025-07-30T15:23:49.901+0000] {logging_mixin.py:188} INFO - [2025-07-30T15:23:49.900+0000] {dag.py:3954} INFO - Setting next_dagrun for clean_hour_data to None, run_after=None
[2025-07-30T15:23:49.918+0000] {processor.py:183} INFO - Processing /opt/airflow/dags/clean_hour_data.py took 0.083 seconds
[2025-07-30T15:24:20.012+0000] {processor.py:161} INFO - Started process (PID=1532) to work on /opt/airflow/dags/clean_hour_data.py
[2025-07-30T15:24:20.013+0000] {processor.py:830} INFO - Processing file /opt/airflow/dags/clean_hour_data.py for tasks to queue
[2025-07-30T15:24:20.015+0000] {logging_mixin.py:188} INFO - [2025-07-30T15:24:20.014+0000] {dagbag.py:540} INFO - Filling up the DagBag from /opt/airflow/dags/clean_hour_data.py
[2025-07-30T15:24:20.034+0000] {processor.py:840} INFO - DAG(s) 'clean_hour_data' retrieved from /opt/airflow/dags/clean_hour_data.py
[2025-07-30T15:24:20.062+0000] {logging_mixin.py:188} INFO - [2025-07-30T15:24:20.061+0000] {dag.py:3096} INFO - Sync 1 DAGs
[2025-07-30T15:24:20.073+0000] {logging_mixin.py:188} INFO - [2025-07-30T15:24:20.072+0000] {dag.py:3954} INFO - Setting next_dagrun for clean_hour_data to None, run_after=None
[2025-07-30T15:24:20.091+0000] {processor.py:183} INFO - Processing /opt/airflow/dags/clean_hour_data.py took 0.086 seconds
[2025-07-30T15:24:50.283+0000] {processor.py:161} INFO - Started process (PID=1567) to work on /opt/airflow/dags/clean_hour_data.py
[2025-07-30T15:24:50.283+0000] {processor.py:830} INFO - Processing file /opt/airflow/dags/clean_hour_data.py for tasks to queue
[2025-07-30T15:24:50.285+0000] {logging_mixin.py:188} INFO - [2025-07-30T15:24:50.285+0000] {dagbag.py:540} INFO - Filling up the DagBag from /opt/airflow/dags/clean_hour_data.py
[2025-07-30T15:24:50.298+0000] {processor.py:840} INFO - DAG(s) 'clean_hour_data' retrieved from /opt/airflow/dags/clean_hour_data.py
[2025-07-30T15:24:50.327+0000] {logging_mixin.py:188} INFO - [2025-07-30T15:24:50.327+0000] {dag.py:3096} INFO - Sync 1 DAGs
[2025-07-30T15:24:50.339+0000] {logging_mixin.py:188} INFO - [2025-07-30T15:24:50.339+0000] {dag.py:3954} INFO - Setting next_dagrun for clean_hour_data to None, run_after=None
[2025-07-30T15:24:50.357+0000] {processor.py:183} INFO - Processing /opt/airflow/dags/clean_hour_data.py took 0.080 seconds
[2025-07-30T15:25:20.634+0000] {processor.py:161} INFO - Started process (PID=1602) to work on /opt/airflow/dags/clean_hour_data.py
[2025-07-30T15:25:20.635+0000] {processor.py:830} INFO - Processing file /opt/airflow/dags/clean_hour_data.py for tasks to queue
[2025-07-30T15:25:20.638+0000] {logging_mixin.py:188} INFO - [2025-07-30T15:25:20.637+0000] {dagbag.py:540} INFO - Filling up the DagBag from /opt/airflow/dags/clean_hour_data.py
[2025-07-30T15:25:20.654+0000] {processor.py:840} INFO - DAG(s) 'clean_hour_data' retrieved from /opt/airflow/dags/clean_hour_data.py
[2025-07-30T15:25:20.860+0000] {logging_mixin.py:188} INFO - [2025-07-30T15:25:20.859+0000] {dag.py:3096} INFO - Sync 1 DAGs
[2025-07-30T15:25:20.933+0000] {logging_mixin.py:188} INFO - [2025-07-30T15:25:20.932+0000] {dag.py:3954} INFO - Setting next_dagrun for clean_hour_data to None, run_after=None
[2025-07-30T15:25:21.012+0000] {processor.py:183} INFO - Processing /opt/airflow/dags/clean_hour_data.py took 0.383 seconds
[2025-07-30T15:25:51.441+0000] {processor.py:161} INFO - Started process (PID=1637) to work on /opt/airflow/dags/clean_hour_data.py
[2025-07-30T15:25:51.442+0000] {processor.py:830} INFO - Processing file /opt/airflow/dags/clean_hour_data.py for tasks to queue
[2025-07-30T15:25:51.444+0000] {logging_mixin.py:188} INFO - [2025-07-30T15:25:51.443+0000] {dagbag.py:540} INFO - Filling up the DagBag from /opt/airflow/dags/clean_hour_data.py
[2025-07-30T15:25:51.458+0000] {processor.py:840} INFO - DAG(s) 'clean_hour_data' retrieved from /opt/airflow/dags/clean_hour_data.py
[2025-07-30T15:25:51.483+0000] {logging_mixin.py:188} INFO - [2025-07-30T15:25:51.483+0000] {dag.py:3096} INFO - Sync 1 DAGs
[2025-07-30T15:25:51.496+0000] {logging_mixin.py:188} INFO - [2025-07-30T15:25:51.496+0000] {dag.py:3954} INFO - Setting next_dagrun for clean_hour_data to None, run_after=None
[2025-07-30T15:25:51.516+0000] {processor.py:183} INFO - Processing /opt/airflow/dags/clean_hour_data.py took 0.081 seconds
[2025-07-30T15:26:21.693+0000] {processor.py:161} INFO - Started process (PID=1672) to work on /opt/airflow/dags/clean_hour_data.py
[2025-07-30T15:26:21.694+0000] {processor.py:830} INFO - Processing file /opt/airflow/dags/clean_hour_data.py for tasks to queue
[2025-07-30T15:26:21.696+0000] {logging_mixin.py:188} INFO - [2025-07-30T15:26:21.696+0000] {dagbag.py:540} INFO - Filling up the DagBag from /opt/airflow/dags/clean_hour_data.py
[2025-07-30T15:26:21.710+0000] {processor.py:840} INFO - DAG(s) 'clean_hour_data' retrieved from /opt/airflow/dags/clean_hour_data.py
[2025-07-30T15:26:21.736+0000] {logging_mixin.py:188} INFO - [2025-07-30T15:26:21.736+0000] {dag.py:3096} INFO - Sync 1 DAGs
[2025-07-30T15:26:21.757+0000] {logging_mixin.py:188} INFO - [2025-07-30T15:26:21.756+0000] {dag.py:3954} INFO - Setting next_dagrun for clean_hour_data to None, run_after=None
[2025-07-30T15:26:21.779+0000] {processor.py:183} INFO - Processing /opt/airflow/dags/clean_hour_data.py took 0.090 seconds
[2025-07-30T15:26:52.147+0000] {processor.py:161} INFO - Started process (PID=1707) to work on /opt/airflow/dags/clean_hour_data.py
[2025-07-30T15:26:52.154+0000] {processor.py:830} INFO - Processing file /opt/airflow/dags/clean_hour_data.py for tasks to queue
[2025-07-30T15:26:52.175+0000] {logging_mixin.py:188} INFO - [2025-07-30T15:26:52.172+0000] {dagbag.py:540} INFO - Filling up the DagBag from /opt/airflow/dags/clean_hour_data.py
[2025-07-30T15:26:52.274+0000] {processor.py:840} INFO - DAG(s) 'clean_hour_data' retrieved from /opt/airflow/dags/clean_hour_data.py
[2025-07-30T15:26:52.410+0000] {logging_mixin.py:188} INFO - [2025-07-30T15:26:52.409+0000] {dag.py:3096} INFO - Sync 1 DAGs
[2025-07-30T15:26:52.433+0000] {logging_mixin.py:188} INFO - [2025-07-30T15:26:52.432+0000] {dag.py:3954} INFO - Setting next_dagrun for clean_hour_data to None, run_after=None
[2025-07-30T15:26:52.455+0000] {processor.py:183} INFO - Processing /opt/airflow/dags/clean_hour_data.py took 0.359 seconds
