[2025-07-30T14:36:05.675+0000] {processor.py:161} INFO - Started process (PID=181) to work on /opt/airflow/dags/load_day_to_snowflake.py
[2025-07-30T14:36:05.677+0000] {processor.py:830} INFO - Processing file /opt/airflow/dags/load_day_to_snowflake.py for tasks to queue
[2025-07-30T14:36:05.682+0000] {logging_mixin.py:188} INFO - [2025-07-30T14:36:05.681+0000] {dagbag.py:540} INFO - Filling up the DagBag from /opt/airflow/dags/load_day_to_snowflake.py
[2025-07-30T14:36:05.712+0000] {processor.py:840} INFO - DAG(s) 'load_day_to_snowflake' retrieved from /opt/airflow/dags/load_day_to_snowflake.py
[2025-07-30T14:36:05.728+0000] {logging_mixin.py:188} INFO - [2025-07-30T14:36:05.727+0000] {dag.py:3096} INFO - Sync 1 DAGs
[2025-07-30T14:36:05.741+0000] {logging_mixin.py:188} INFO - [2025-07-30T14:36:05.740+0000] {dag.py:3954} INFO - Setting next_dagrun for load_day_to_snowflake to None, run_after=None
[2025-07-30T14:36:05.760+0000] {processor.py:183} INFO - Processing /opt/airflow/dags/load_day_to_snowflake.py took 0.094 seconds
[2025-07-30T14:36:35.968+0000] {processor.py:161} INFO - Started process (PID=214) to work on /opt/airflow/dags/load_day_to_snowflake.py
[2025-07-30T14:36:35.970+0000] {processor.py:830} INFO - Processing file /opt/airflow/dags/load_day_to_snowflake.py for tasks to queue
[2025-07-30T14:36:35.974+0000] {logging_mixin.py:188} INFO - [2025-07-30T14:36:35.973+0000] {dagbag.py:540} INFO - Filling up the DagBag from /opt/airflow/dags/load_day_to_snowflake.py
[2025-07-30T14:36:36.025+0000] {processor.py:840} INFO - DAG(s) 'load_day_to_snowflake' retrieved from /opt/airflow/dags/load_day_to_snowflake.py
[2025-07-30T14:36:36.501+0000] {logging_mixin.py:188} INFO - [2025-07-30T14:36:36.500+0000] {dag.py:3096} INFO - Sync 1 DAGs
[2025-07-30T14:36:36.530+0000] {logging_mixin.py:188} INFO - [2025-07-30T14:36:36.530+0000] {dag.py:3954} INFO - Setting next_dagrun for load_day_to_snowflake to None, run_after=None
[2025-07-30T14:36:36.560+0000] {processor.py:183} INFO - Processing /opt/airflow/dags/load_day_to_snowflake.py took 0.600 seconds
[2025-07-30T14:37:06.798+0000] {processor.py:161} INFO - Started process (PID=249) to work on /opt/airflow/dags/load_day_to_snowflake.py
[2025-07-30T14:37:06.799+0000] {processor.py:830} INFO - Processing file /opt/airflow/dags/load_day_to_snowflake.py for tasks to queue
[2025-07-30T14:37:06.800+0000] {logging_mixin.py:188} INFO - [2025-07-30T14:37:06.800+0000] {dagbag.py:540} INFO - Filling up the DagBag from /opt/airflow/dags/load_day_to_snowflake.py
[2025-07-30T14:37:06.818+0000] {processor.py:840} INFO - DAG(s) 'load_day_to_snowflake' retrieved from /opt/airflow/dags/load_day_to_snowflake.py
[2025-07-30T14:37:06.854+0000] {logging_mixin.py:188} INFO - [2025-07-30T14:37:06.853+0000] {dag.py:3096} INFO - Sync 1 DAGs
[2025-07-30T14:37:06.868+0000] {logging_mixin.py:188} INFO - [2025-07-30T14:37:06.867+0000] {dag.py:3954} INFO - Setting next_dagrun for load_day_to_snowflake to None, run_after=None
[2025-07-30T14:37:06.905+0000] {processor.py:183} INFO - Processing /opt/airflow/dags/load_day_to_snowflake.py took 0.113 seconds
[2025-07-30T14:37:37.251+0000] {processor.py:161} INFO - Started process (PID=284) to work on /opt/airflow/dags/load_day_to_snowflake.py
[2025-07-30T14:37:37.252+0000] {processor.py:830} INFO - Processing file /opt/airflow/dags/load_day_to_snowflake.py for tasks to queue
[2025-07-30T14:37:37.254+0000] {logging_mixin.py:188} INFO - [2025-07-30T14:37:37.254+0000] {dagbag.py:540} INFO - Filling up the DagBag from /opt/airflow/dags/load_day_to_snowflake.py
[2025-07-30T14:37:37.274+0000] {processor.py:840} INFO - DAG(s) 'load_day_to_snowflake' retrieved from /opt/airflow/dags/load_day_to_snowflake.py
[2025-07-30T14:37:37.302+0000] {logging_mixin.py:188} INFO - [2025-07-30T14:37:37.301+0000] {dag.py:3096} INFO - Sync 1 DAGs
[2025-07-30T14:37:37.314+0000] {logging_mixin.py:188} INFO - [2025-07-30T14:37:37.313+0000] {dag.py:3954} INFO - Setting next_dagrun for load_day_to_snowflake to None, run_after=None
[2025-07-30T14:37:37.330+0000] {processor.py:183} INFO - Processing /opt/airflow/dags/load_day_to_snowflake.py took 0.084 seconds
[2025-07-30T14:38:07.456+0000] {processor.py:161} INFO - Started process (PID=319) to work on /opt/airflow/dags/load_day_to_snowflake.py
[2025-07-30T14:38:07.457+0000] {processor.py:830} INFO - Processing file /opt/airflow/dags/load_day_to_snowflake.py for tasks to queue
[2025-07-30T14:38:07.459+0000] {logging_mixin.py:188} INFO - [2025-07-30T14:38:07.459+0000] {dagbag.py:540} INFO - Filling up the DagBag from /opt/airflow/dags/load_day_to_snowflake.py
[2025-07-30T14:38:07.474+0000] {processor.py:840} INFO - DAG(s) 'load_day_to_snowflake' retrieved from /opt/airflow/dags/load_day_to_snowflake.py
[2025-07-30T14:38:07.501+0000] {logging_mixin.py:188} INFO - [2025-07-30T14:38:07.500+0000] {dag.py:3096} INFO - Sync 1 DAGs
[2025-07-30T14:38:07.512+0000] {logging_mixin.py:188} INFO - [2025-07-30T14:38:07.512+0000] {dag.py:3954} INFO - Setting next_dagrun for load_day_to_snowflake to None, run_after=None
[2025-07-30T14:38:07.530+0000] {processor.py:183} INFO - Processing /opt/airflow/dags/load_day_to_snowflake.py took 0.078 seconds
[2025-07-30T14:38:37.674+0000] {processor.py:161} INFO - Started process (PID=354) to work on /opt/airflow/dags/load_day_to_snowflake.py
[2025-07-30T14:38:37.675+0000] {processor.py:830} INFO - Processing file /opt/airflow/dags/load_day_to_snowflake.py for tasks to queue
[2025-07-30T14:38:37.678+0000] {logging_mixin.py:188} INFO - [2025-07-30T14:38:37.678+0000] {dagbag.py:540} INFO - Filling up the DagBag from /opt/airflow/dags/load_day_to_snowflake.py
[2025-07-30T14:38:37.702+0000] {processor.py:840} INFO - DAG(s) 'load_day_to_snowflake' retrieved from /opt/airflow/dags/load_day_to_snowflake.py
[2025-07-30T14:38:37.743+0000] {logging_mixin.py:188} INFO - [2025-07-30T14:38:37.742+0000] {dag.py:3096} INFO - Sync 1 DAGs
[2025-07-30T14:38:37.790+0000] {logging_mixin.py:188} INFO - [2025-07-30T14:38:37.789+0000] {dag.py:3954} INFO - Setting next_dagrun for load_day_to_snowflake to None, run_after=None
[2025-07-30T14:38:37.839+0000] {processor.py:183} INFO - Processing /opt/airflow/dags/load_day_to_snowflake.py took 0.172 seconds
[2025-07-30T14:39:08.206+0000] {processor.py:161} INFO - Started process (PID=391) to work on /opt/airflow/dags/load_day_to_snowflake.py
[2025-07-30T14:39:08.207+0000] {processor.py:830} INFO - Processing file /opt/airflow/dags/load_day_to_snowflake.py for tasks to queue
[2025-07-30T14:39:08.211+0000] {logging_mixin.py:188} INFO - [2025-07-30T14:39:08.210+0000] {dagbag.py:540} INFO - Filling up the DagBag from /opt/airflow/dags/load_day_to_snowflake.py
[2025-07-30T14:39:08.227+0000] {processor.py:840} INFO - DAG(s) 'load_day_to_snowflake' retrieved from /opt/airflow/dags/load_day_to_snowflake.py
[2025-07-30T14:39:08.255+0000] {logging_mixin.py:188} INFO - [2025-07-30T14:39:08.255+0000] {dag.py:3096} INFO - Sync 1 DAGs
[2025-07-30T14:39:08.267+0000] {logging_mixin.py:188} INFO - [2025-07-30T14:39:08.267+0000] {dag.py:3954} INFO - Setting next_dagrun for load_day_to_snowflake to None, run_after=None
[2025-07-30T14:39:08.284+0000] {processor.py:183} INFO - Processing /opt/airflow/dags/load_day_to_snowflake.py took 0.084 seconds
[2025-07-30T14:39:39.466+0000] {processor.py:161} INFO - Started process (PID=426) to work on /opt/airflow/dags/load_day_to_snowflake.py
[2025-07-30T14:39:39.467+0000] {processor.py:830} INFO - Processing file /opt/airflow/dags/load_day_to_snowflake.py for tasks to queue
[2025-07-30T14:39:39.469+0000] {logging_mixin.py:188} INFO - [2025-07-30T14:39:39.469+0000] {dagbag.py:540} INFO - Filling up the DagBag from /opt/airflow/dags/load_day_to_snowflake.py
[2025-07-30T14:39:39.486+0000] {processor.py:840} INFO - DAG(s) 'load_day_to_snowflake' retrieved from /opt/airflow/dags/load_day_to_snowflake.py
[2025-07-30T14:39:39.513+0000] {logging_mixin.py:188} INFO - [2025-07-30T14:39:39.512+0000] {dag.py:3096} INFO - Sync 1 DAGs
[2025-07-30T14:39:39.526+0000] {logging_mixin.py:188} INFO - [2025-07-30T14:39:39.525+0000] {dag.py:3954} INFO - Setting next_dagrun for load_day_to_snowflake to None, run_after=None
[2025-07-30T14:39:39.545+0000] {processor.py:183} INFO - Processing /opt/airflow/dags/load_day_to_snowflake.py took 0.084 seconds
[2025-07-30T14:40:10.114+0000] {processor.py:161} INFO - Started process (PID=461) to work on /opt/airflow/dags/load_day_to_snowflake.py
[2025-07-30T14:40:10.114+0000] {processor.py:830} INFO - Processing file /opt/airflow/dags/load_day_to_snowflake.py for tasks to queue
[2025-07-30T14:40:10.116+0000] {logging_mixin.py:188} INFO - [2025-07-30T14:40:10.116+0000] {dagbag.py:540} INFO - Filling up the DagBag from /opt/airflow/dags/load_day_to_snowflake.py
[2025-07-30T14:40:10.129+0000] {processor.py:840} INFO - DAG(s) 'load_day_to_snowflake' retrieved from /opt/airflow/dags/load_day_to_snowflake.py
[2025-07-30T14:40:10.153+0000] {logging_mixin.py:188} INFO - [2025-07-30T14:40:10.152+0000] {dag.py:3096} INFO - Sync 1 DAGs
[2025-07-30T14:40:10.163+0000] {logging_mixin.py:188} INFO - [2025-07-30T14:40:10.162+0000] {dag.py:3954} INFO - Setting next_dagrun for load_day_to_snowflake to None, run_after=None
[2025-07-30T14:40:11.711+0000] {processor.py:183} INFO - Processing /opt/airflow/dags/load_day_to_snowflake.py took 0.073 seconds
[2025-07-30T14:40:44.653+0000] {processor.py:161} INFO - Started process (PID=496) to work on /opt/airflow/dags/load_day_to_snowflake.py
[2025-07-30T14:40:44.654+0000] {processor.py:830} INFO - Processing file /opt/airflow/dags/load_day_to_snowflake.py for tasks to queue
[2025-07-30T14:40:44.656+0000] {logging_mixin.py:188} INFO - [2025-07-30T14:40:44.655+0000] {dagbag.py:540} INFO - Filling up the DagBag from /opt/airflow/dags/load_day_to_snowflake.py
[2025-07-30T14:40:44.671+0000] {processor.py:840} INFO - DAG(s) 'load_day_to_snowflake' retrieved from /opt/airflow/dags/load_day_to_snowflake.py
[2025-07-30T14:40:44.699+0000] {logging_mixin.py:188} INFO - [2025-07-30T14:40:44.698+0000] {dag.py:3096} INFO - Sync 1 DAGs
[2025-07-30T14:40:44.711+0000] {logging_mixin.py:188} INFO - [2025-07-30T14:40:44.711+0000] {dag.py:3954} INFO - Setting next_dagrun for load_day_to_snowflake to None, run_after=None
[2025-07-30T14:40:44.729+0000] {processor.py:183} INFO - Processing /opt/airflow/dags/load_day_to_snowflake.py took 0.081 seconds
[2025-07-30T14:44:12.182+0000] {processor.py:161} INFO - Started process (PID=182) to work on /opt/airflow/dags/load_day_to_snowflake.py
[2025-07-30T14:44:12.183+0000] {processor.py:830} INFO - Processing file /opt/airflow/dags/load_day_to_snowflake.py for tasks to queue
[2025-07-30T14:44:12.186+0000] {logging_mixin.py:188} INFO - [2025-07-30T14:44:12.185+0000] {dagbag.py:540} INFO - Filling up the DagBag from /opt/airflow/dags/load_day_to_snowflake.py
[2025-07-30T14:44:12.218+0000] {processor.py:840} INFO - DAG(s) 'load_day_to_snowflake' retrieved from /opt/airflow/dags/load_day_to_snowflake.py
[2025-07-30T14:44:12.233+0000] {logging_mixin.py:188} INFO - [2025-07-30T14:44:12.232+0000] {dag.py:3096} INFO - Sync 1 DAGs
[2025-07-30T14:44:12.245+0000] {logging_mixin.py:188} INFO - [2025-07-30T14:44:12.245+0000] {dag.py:3954} INFO - Setting next_dagrun for load_day_to_snowflake to None, run_after=None
[2025-07-30T14:44:12.264+0000] {processor.py:183} INFO - Processing /opt/airflow/dags/load_day_to_snowflake.py took 0.088 seconds
[2025-07-30T14:44:42.358+0000] {processor.py:161} INFO - Started process (PID=215) to work on /opt/airflow/dags/load_day_to_snowflake.py
[2025-07-30T14:44:42.359+0000] {processor.py:830} INFO - Processing file /opt/airflow/dags/load_day_to_snowflake.py for tasks to queue
[2025-07-30T14:44:42.361+0000] {logging_mixin.py:188} INFO - [2025-07-30T14:44:42.360+0000] {dagbag.py:540} INFO - Filling up the DagBag from /opt/airflow/dags/load_day_to_snowflake.py
[2025-07-30T14:44:42.376+0000] {processor.py:840} INFO - DAG(s) 'load_day_to_snowflake' retrieved from /opt/airflow/dags/load_day_to_snowflake.py
[2025-07-30T14:44:42.570+0000] {logging_mixin.py:188} INFO - [2025-07-30T14:44:42.570+0000] {dag.py:3096} INFO - Sync 1 DAGs
[2025-07-30T14:44:42.579+0000] {logging_mixin.py:188} INFO - [2025-07-30T14:44:42.579+0000] {dag.py:3954} INFO - Setting next_dagrun for load_day_to_snowflake to None, run_after=None
[2025-07-30T14:44:42.596+0000] {processor.py:183} INFO - Processing /opt/airflow/dags/load_day_to_snowflake.py took 0.243 seconds
[2025-07-30T14:45:12.879+0000] {processor.py:161} INFO - Started process (PID=250) to work on /opt/airflow/dags/load_day_to_snowflake.py
[2025-07-30T14:45:12.880+0000] {processor.py:830} INFO - Processing file /opt/airflow/dags/load_day_to_snowflake.py for tasks to queue
[2025-07-30T14:45:12.882+0000] {logging_mixin.py:188} INFO - [2025-07-30T14:45:12.881+0000] {dagbag.py:540} INFO - Filling up the DagBag from /opt/airflow/dags/load_day_to_snowflake.py
[2025-07-30T14:45:12.899+0000] {processor.py:840} INFO - DAG(s) 'load_day_to_snowflake' retrieved from /opt/airflow/dags/load_day_to_snowflake.py
[2025-07-30T14:45:12.928+0000] {logging_mixin.py:188} INFO - [2025-07-30T14:45:12.927+0000] {dag.py:3096} INFO - Sync 1 DAGs
[2025-07-30T14:45:12.939+0000] {logging_mixin.py:188} INFO - [2025-07-30T14:45:12.939+0000] {dag.py:3954} INFO - Setting next_dagrun for load_day_to_snowflake to None, run_after=None
[2025-07-30T14:45:12.960+0000] {processor.py:183} INFO - Processing /opt/airflow/dags/load_day_to_snowflake.py took 0.085 seconds
[2025-07-30T14:45:43.082+0000] {processor.py:161} INFO - Started process (PID=287) to work on /opt/airflow/dags/load_day_to_snowflake.py
[2025-07-30T14:45:43.083+0000] {processor.py:830} INFO - Processing file /opt/airflow/dags/load_day_to_snowflake.py for tasks to queue
[2025-07-30T14:45:43.085+0000] {logging_mixin.py:188} INFO - [2025-07-30T14:45:43.085+0000] {dagbag.py:540} INFO - Filling up the DagBag from /opt/airflow/dags/load_day_to_snowflake.py
[2025-07-30T14:45:43.103+0000] {processor.py:840} INFO - DAG(s) 'load_day_to_snowflake' retrieved from /opt/airflow/dags/load_day_to_snowflake.py
[2025-07-30T14:45:43.127+0000] {logging_mixin.py:188} INFO - [2025-07-30T14:45:43.126+0000] {dag.py:3096} INFO - Sync 1 DAGs
[2025-07-30T14:45:43.137+0000] {logging_mixin.py:188} INFO - [2025-07-30T14:45:43.137+0000] {dag.py:3954} INFO - Setting next_dagrun for load_day_to_snowflake to None, run_after=None
[2025-07-30T14:45:43.157+0000] {processor.py:183} INFO - Processing /opt/airflow/dags/load_day_to_snowflake.py took 0.080 seconds
[2025-07-30T14:46:13.377+0000] {processor.py:161} INFO - Started process (PID=320) to work on /opt/airflow/dags/load_day_to_snowflake.py
[2025-07-30T14:46:13.378+0000] {processor.py:830} INFO - Processing file /opt/airflow/dags/load_day_to_snowflake.py for tasks to queue
[2025-07-30T14:46:13.381+0000] {logging_mixin.py:188} INFO - [2025-07-30T14:46:13.380+0000] {dagbag.py:540} INFO - Filling up the DagBag from /opt/airflow/dags/load_day_to_snowflake.py
[2025-07-30T14:46:13.405+0000] {processor.py:840} INFO - DAG(s) 'load_day_to_snowflake' retrieved from /opt/airflow/dags/load_day_to_snowflake.py
[2025-07-30T14:46:13.438+0000] {logging_mixin.py:188} INFO - [2025-07-30T14:46:13.438+0000] {dag.py:3096} INFO - Sync 1 DAGs
[2025-07-30T14:46:13.452+0000] {logging_mixin.py:188} INFO - [2025-07-30T14:46:13.451+0000] {dag.py:3954} INFO - Setting next_dagrun for load_day_to_snowflake to None, run_after=None
[2025-07-30T14:46:13.476+0000] {processor.py:183} INFO - Processing /opt/airflow/dags/load_day_to_snowflake.py took 0.108 seconds
[2025-07-30T14:46:44.087+0000] {processor.py:161} INFO - Started process (PID=354) to work on /opt/airflow/dags/load_day_to_snowflake.py
[2025-07-30T14:46:44.120+0000] {processor.py:830} INFO - Processing file /opt/airflow/dags/load_day_to_snowflake.py for tasks to queue
[2025-07-30T14:46:44.163+0000] {logging_mixin.py:188} INFO - [2025-07-30T14:46:44.155+0000] {dagbag.py:540} INFO - Filling up the DagBag from /opt/airflow/dags/load_day_to_snowflake.py
[2025-07-30T14:46:44.473+0000] {processor.py:840} INFO - DAG(s) 'load_day_to_snowflake' retrieved from /opt/airflow/dags/load_day_to_snowflake.py
[2025-07-30T14:46:45.173+0000] {logging_mixin.py:188} INFO - [2025-07-30T14:46:45.168+0000] {dag.py:3096} INFO - Sync 1 DAGs
[2025-07-30T14:46:45.234+0000] {logging_mixin.py:188} INFO - [2025-07-30T14:46:45.233+0000] {dag.py:3954} INFO - Setting next_dagrun for load_day_to_snowflake to None, run_after=None
[2025-07-30T14:46:45.328+0000] {processor.py:183} INFO - Processing /opt/airflow/dags/load_day_to_snowflake.py took 1.458 seconds
[2025-07-30T14:47:20.038+0000] {processor.py:161} INFO - Started process (PID=183) to work on /opt/airflow/dags/load_day_to_snowflake.py
[2025-07-30T14:47:20.040+0000] {processor.py:830} INFO - Processing file /opt/airflow/dags/load_day_to_snowflake.py for tasks to queue
[2025-07-30T14:47:20.044+0000] {logging_mixin.py:188} INFO - [2025-07-30T14:47:20.044+0000] {dagbag.py:540} INFO - Filling up the DagBag from /opt/airflow/dags/load_day_to_snowflake.py
[2025-07-30T14:47:20.085+0000] {processor.py:840} INFO - DAG(s) 'load_day_to_snowflake' retrieved from /opt/airflow/dags/load_day_to_snowflake.py
[2025-07-30T14:47:20.107+0000] {logging_mixin.py:188} INFO - [2025-07-30T14:47:20.107+0000] {dag.py:3096} INFO - Sync 1 DAGs
[2025-07-30T14:47:20.123+0000] {logging_mixin.py:188} INFO - [2025-07-30T14:47:20.122+0000] {dag.py:3954} INFO - Setting next_dagrun for load_day_to_snowflake to None, run_after=None
[2025-07-30T14:47:20.154+0000] {processor.py:183} INFO - Processing /opt/airflow/dags/load_day_to_snowflake.py took 0.123 seconds
[2025-07-30T14:47:50.257+0000] {processor.py:161} INFO - Started process (PID=216) to work on /opt/airflow/dags/load_day_to_snowflake.py
[2025-07-30T14:47:50.264+0000] {processor.py:830} INFO - Processing file /opt/airflow/dags/load_day_to_snowflake.py for tasks to queue
[2025-07-30T14:47:50.266+0000] {logging_mixin.py:188} INFO - [2025-07-30T14:47:50.266+0000] {dagbag.py:540} INFO - Filling up the DagBag from /opt/airflow/dags/load_day_to_snowflake.py
[2025-07-30T14:47:50.287+0000] {processor.py:840} INFO - DAG(s) 'load_day_to_snowflake' retrieved from /opt/airflow/dags/load_day_to_snowflake.py
[2025-07-30T14:47:50.527+0000] {logging_mixin.py:188} INFO - [2025-07-30T14:47:50.526+0000] {dag.py:3096} INFO - Sync 1 DAGs
[2025-07-30T14:47:50.538+0000] {logging_mixin.py:188} INFO - [2025-07-30T14:47:50.537+0000] {dag.py:3954} INFO - Setting next_dagrun for load_day_to_snowflake to None, run_after=None
[2025-07-30T14:47:50.567+0000] {processor.py:183} INFO - Processing /opt/airflow/dags/load_day_to_snowflake.py took 0.315 seconds
[2025-07-30T14:48:20.811+0000] {processor.py:161} INFO - Started process (PID=251) to work on /opt/airflow/dags/load_day_to_snowflake.py
[2025-07-30T14:48:20.812+0000] {processor.py:830} INFO - Processing file /opt/airflow/dags/load_day_to_snowflake.py for tasks to queue
[2025-07-30T14:48:20.814+0000] {logging_mixin.py:188} INFO - [2025-07-30T14:48:20.814+0000] {dagbag.py:540} INFO - Filling up the DagBag from /opt/airflow/dags/load_day_to_snowflake.py
[2025-07-30T14:48:20.831+0000] {processor.py:840} INFO - DAG(s) 'load_day_to_snowflake' retrieved from /opt/airflow/dags/load_day_to_snowflake.py
[2025-07-30T14:48:20.863+0000] {logging_mixin.py:188} INFO - [2025-07-30T14:48:20.862+0000] {dag.py:3096} INFO - Sync 1 DAGs
[2025-07-30T14:48:20.876+0000] {logging_mixin.py:188} INFO - [2025-07-30T14:48:20.875+0000] {dag.py:3954} INFO - Setting next_dagrun for load_day_to_snowflake to None, run_after=None
[2025-07-30T14:48:20.895+0000] {processor.py:183} INFO - Processing /opt/airflow/dags/load_day_to_snowflake.py took 0.088 seconds
[2025-07-30T14:48:51.053+0000] {processor.py:161} INFO - Started process (PID=288) to work on /opt/airflow/dags/load_day_to_snowflake.py
[2025-07-30T14:48:51.055+0000] {processor.py:830} INFO - Processing file /opt/airflow/dags/load_day_to_snowflake.py for tasks to queue
[2025-07-30T14:48:51.057+0000] {logging_mixin.py:188} INFO - [2025-07-30T14:48:51.056+0000] {dagbag.py:540} INFO - Filling up the DagBag from /opt/airflow/dags/load_day_to_snowflake.py
[2025-07-30T14:48:51.077+0000] {processor.py:840} INFO - DAG(s) 'load_day_to_snowflake' retrieved from /opt/airflow/dags/load_day_to_snowflake.py
[2025-07-30T14:48:51.109+0000] {logging_mixin.py:188} INFO - [2025-07-30T14:48:51.108+0000] {dag.py:3096} INFO - Sync 1 DAGs
[2025-07-30T14:48:51.125+0000] {logging_mixin.py:188} INFO - [2025-07-30T14:48:51.124+0000] {dag.py:3954} INFO - Setting next_dagrun for load_day_to_snowflake to None, run_after=None
[2025-07-30T14:48:51.145+0000] {processor.py:183} INFO - Processing /opt/airflow/dags/load_day_to_snowflake.py took 0.097 seconds
[2025-07-30T14:49:23.577+0000] {processor.py:161} INFO - Started process (PID=323) to work on /opt/airflow/dags/load_day_to_snowflake.py
[2025-07-30T14:49:23.578+0000] {processor.py:830} INFO - Processing file /opt/airflow/dags/load_day_to_snowflake.py for tasks to queue
[2025-07-30T14:49:23.581+0000] {logging_mixin.py:188} INFO - [2025-07-30T14:49:23.580+0000] {dagbag.py:540} INFO - Filling up the DagBag from /opt/airflow/dags/load_day_to_snowflake.py
[2025-07-30T14:49:23.612+0000] {processor.py:840} INFO - DAG(s) 'load_day_to_snowflake' retrieved from /opt/airflow/dags/load_day_to_snowflake.py
[2025-07-30T14:49:23.662+0000] {logging_mixin.py:188} INFO - [2025-07-30T14:49:23.661+0000] {dag.py:3096} INFO - Sync 1 DAGs
[2025-07-30T14:49:23.682+0000] {logging_mixin.py:188} INFO - [2025-07-30T14:49:23.682+0000] {dag.py:3954} INFO - Setting next_dagrun for load_day_to_snowflake to None, run_after=None
[2025-07-30T14:49:23.710+0000] {processor.py:183} INFO - Processing /opt/airflow/dags/load_day_to_snowflake.py took 0.138 seconds
[2025-07-30T14:49:56.002+0000] {processor.py:161} INFO - Started process (PID=358) to work on /opt/airflow/dags/load_day_to_snowflake.py
[2025-07-30T14:49:56.003+0000] {processor.py:830} INFO - Processing file /opt/airflow/dags/load_day_to_snowflake.py for tasks to queue
[2025-07-30T14:49:56.005+0000] {logging_mixin.py:188} INFO - [2025-07-30T14:49:56.005+0000] {dagbag.py:540} INFO - Filling up the DagBag from /opt/airflow/dags/load_day_to_snowflake.py
[2025-07-30T14:49:56.027+0000] {processor.py:840} INFO - DAG(s) 'load_day_to_snowflake' retrieved from /opt/airflow/dags/load_day_to_snowflake.py
[2025-07-30T14:49:56.063+0000] {logging_mixin.py:188} INFO - [2025-07-30T14:49:56.062+0000] {dag.py:3096} INFO - Sync 1 DAGs
[2025-07-30T14:49:56.077+0000] {logging_mixin.py:188} INFO - [2025-07-30T14:49:56.077+0000] {dag.py:3954} INFO - Setting next_dagrun for load_day_to_snowflake to None, run_after=None
[2025-07-30T14:49:56.098+0000] {processor.py:183} INFO - Processing /opt/airflow/dags/load_day_to_snowflake.py took 0.105 seconds
[2025-07-30T14:50:28.386+0000] {processor.py:161} INFO - Started process (PID=393) to work on /opt/airflow/dags/load_day_to_snowflake.py
[2025-07-30T14:50:28.387+0000] {processor.py:830} INFO - Processing file /opt/airflow/dags/load_day_to_snowflake.py for tasks to queue
[2025-07-30T14:50:28.389+0000] {logging_mixin.py:188} INFO - [2025-07-30T14:50:28.388+0000] {dagbag.py:540} INFO - Filling up the DagBag from /opt/airflow/dags/load_day_to_snowflake.py
[2025-07-30T14:50:28.404+0000] {processor.py:840} INFO - DAG(s) 'load_day_to_snowflake' retrieved from /opt/airflow/dags/load_day_to_snowflake.py
[2025-07-30T14:50:28.427+0000] {logging_mixin.py:188} INFO - [2025-07-30T14:50:28.427+0000] {dag.py:3096} INFO - Sync 1 DAGs
[2025-07-30T14:50:28.436+0000] {logging_mixin.py:188} INFO - [2025-07-30T14:50:28.436+0000] {dag.py:3954} INFO - Setting next_dagrun for load_day_to_snowflake to None, run_after=None
[2025-07-30T14:50:28.454+0000] {processor.py:183} INFO - Processing /opt/airflow/dags/load_day_to_snowflake.py took 0.074 seconds
[2025-07-30T14:50:59.135+0000] {processor.py:161} INFO - Started process (PID=428) to work on /opt/airflow/dags/load_day_to_snowflake.py
[2025-07-30T14:50:59.136+0000] {processor.py:830} INFO - Processing file /opt/airflow/dags/load_day_to_snowflake.py for tasks to queue
[2025-07-30T14:50:59.138+0000] {logging_mixin.py:188} INFO - [2025-07-30T14:50:59.138+0000] {dagbag.py:540} INFO - Filling up the DagBag from /opt/airflow/dags/load_day_to_snowflake.py
[2025-07-30T14:50:59.153+0000] {processor.py:840} INFO - DAG(s) 'load_day_to_snowflake' retrieved from /opt/airflow/dags/load_day_to_snowflake.py
[2025-07-30T14:50:59.177+0000] {logging_mixin.py:188} INFO - [2025-07-30T14:50:59.177+0000] {dag.py:3096} INFO - Sync 1 DAGs
[2025-07-30T14:50:59.188+0000] {logging_mixin.py:188} INFO - [2025-07-30T14:50:59.187+0000] {dag.py:3954} INFO - Setting next_dagrun for load_day_to_snowflake to None, run_after=None
[2025-07-30T14:51:00.717+0000] {processor.py:183} INFO - Processing /opt/airflow/dags/load_day_to_snowflake.py took 0.078 seconds
[2025-07-30T14:51:38.798+0000] {processor.py:161} INFO - Started process (PID=183) to work on /opt/airflow/dags/load_day_to_snowflake.py
[2025-07-30T14:51:38.800+0000] {processor.py:830} INFO - Processing file /opt/airflow/dags/load_day_to_snowflake.py for tasks to queue
[2025-07-30T14:51:38.803+0000] {logging_mixin.py:188} INFO - [2025-07-30T14:51:38.802+0000] {dagbag.py:540} INFO - Filling up the DagBag from /opt/airflow/dags/load_day_to_snowflake.py
[2025-07-30T14:51:38.819+0000] {processor.py:840} INFO - DAG(s) 'load_day_to_snowflake' retrieved from /opt/airflow/dags/load_day_to_snowflake.py
[2025-07-30T14:51:38.833+0000] {logging_mixin.py:188} INFO - [2025-07-30T14:51:38.833+0000] {dag.py:3096} INFO - Sync 1 DAGs
[2025-07-30T14:51:38.857+0000] {logging_mixin.py:188} INFO - [2025-07-30T14:51:38.857+0000] {dag.py:3954} INFO - Setting next_dagrun for load_day_to_snowflake to None, run_after=None
[2025-07-30T14:51:38.889+0000] {processor.py:183} INFO - Processing /opt/airflow/dags/load_day_to_snowflake.py took 0.096 seconds
[2025-07-30T14:52:09.155+0000] {processor.py:161} INFO - Started process (PID=218) to work on /opt/airflow/dags/load_day_to_snowflake.py
[2025-07-30T14:52:09.156+0000] {processor.py:830} INFO - Processing file /opt/airflow/dags/load_day_to_snowflake.py for tasks to queue
[2025-07-30T14:52:09.158+0000] {logging_mixin.py:188} INFO - [2025-07-30T14:52:09.158+0000] {dagbag.py:540} INFO - Filling up the DagBag from /opt/airflow/dags/load_day_to_snowflake.py
[2025-07-30T14:52:09.176+0000] {processor.py:840} INFO - DAG(s) 'load_day_to_snowflake' retrieved from /opt/airflow/dags/load_day_to_snowflake.py
[2025-07-30T14:52:09.287+0000] {logging_mixin.py:188} INFO - [2025-07-30T14:52:09.286+0000] {dag.py:3096} INFO - Sync 1 DAGs
[2025-07-30T14:52:09.295+0000] {logging_mixin.py:188} INFO - [2025-07-30T14:52:09.295+0000] {dag.py:3954} INFO - Setting next_dagrun for load_day_to_snowflake to None, run_after=None
[2025-07-30T14:52:09.312+0000] {processor.py:183} INFO - Processing /opt/airflow/dags/load_day_to_snowflake.py took 0.164 seconds
[2025-07-30T14:52:39.705+0000] {processor.py:161} INFO - Started process (PID=317) to work on /opt/airflow/dags/load_day_to_snowflake.py
[2025-07-30T14:52:39.706+0000] {processor.py:830} INFO - Processing file /opt/airflow/dags/load_day_to_snowflake.py for tasks to queue
[2025-07-30T14:52:39.709+0000] {logging_mixin.py:188} INFO - [2025-07-30T14:52:39.709+0000] {dagbag.py:540} INFO - Filling up the DagBag from /opt/airflow/dags/load_day_to_snowflake.py
[2025-07-30T14:52:39.729+0000] {processor.py:840} INFO - DAG(s) 'load_day_to_snowflake' retrieved from /opt/airflow/dags/load_day_to_snowflake.py
[2025-07-30T14:52:39.822+0000] {logging_mixin.py:188} INFO - [2025-07-30T14:52:39.822+0000] {dag.py:3096} INFO - Sync 1 DAGs
[2025-07-30T14:52:39.831+0000] {logging_mixin.py:188} INFO - [2025-07-30T14:52:39.830+0000] {dag.py:3118} INFO - Creating ORM DAG for load_day_to_snowflake
[2025-07-30T14:52:39.832+0000] {logging_mixin.py:188} INFO - [2025-07-30T14:52:39.831+0000] {dag.py:3954} INFO - Setting next_dagrun for load_day_to_snowflake to None, run_after=None
[2025-07-30T14:52:39.847+0000] {processor.py:183} INFO - Processing /opt/airflow/dags/load_day_to_snowflake.py took 0.149 seconds
[2025-07-30T14:54:12.466+0000] {processor.py:161} INFO - Started process (PID=182) to work on /opt/airflow/dags/load_day_to_snowflake.py
[2025-07-30T14:54:12.468+0000] {processor.py:830} INFO - Processing file /opt/airflow/dags/load_day_to_snowflake.py for tasks to queue
[2025-07-30T14:54:12.471+0000] {logging_mixin.py:188} INFO - [2025-07-30T14:54:12.470+0000] {dagbag.py:540} INFO - Filling up the DagBag from /opt/airflow/dags/load_day_to_snowflake.py
[2025-07-30T14:54:12.500+0000] {processor.py:840} INFO - DAG(s) 'load_day_to_snowflake' retrieved from /opt/airflow/dags/load_day_to_snowflake.py
[2025-07-30T14:54:12.519+0000] {logging_mixin.py:188} INFO - [2025-07-30T14:54:12.519+0000] {dag.py:3096} INFO - Sync 1 DAGs
[2025-07-30T14:54:12.540+0000] {logging_mixin.py:188} INFO - [2025-07-30T14:54:12.539+0000] {dag.py:3954} INFO - Setting next_dagrun for load_day_to_snowflake to None, run_after=None
[2025-07-30T14:54:12.577+0000] {processor.py:183} INFO - Processing /opt/airflow/dags/load_day_to_snowflake.py took 0.119 seconds
[2025-07-30T14:54:42.756+0000] {processor.py:161} INFO - Started process (PID=217) to work on /opt/airflow/dags/load_day_to_snowflake.py
[2025-07-30T14:54:42.757+0000] {processor.py:830} INFO - Processing file /opt/airflow/dags/load_day_to_snowflake.py for tasks to queue
[2025-07-30T14:54:42.759+0000] {logging_mixin.py:188} INFO - [2025-07-30T14:54:42.759+0000] {dagbag.py:540} INFO - Filling up the DagBag from /opt/airflow/dags/load_day_to_snowflake.py
[2025-07-30T14:54:42.774+0000] {processor.py:840} INFO - DAG(s) 'load_day_to_snowflake' retrieved from /opt/airflow/dags/load_day_to_snowflake.py
[2025-07-30T14:54:42.984+0000] {logging_mixin.py:188} INFO - [2025-07-30T14:54:42.983+0000] {dag.py:3096} INFO - Sync 1 DAGs
[2025-07-30T14:54:42.993+0000] {logging_mixin.py:188} INFO - [2025-07-30T14:54:42.993+0000] {dag.py:3954} INFO - Setting next_dagrun for load_day_to_snowflake to None, run_after=None
[2025-07-30T14:54:43.014+0000] {processor.py:183} INFO - Processing /opt/airflow/dags/load_day_to_snowflake.py took 0.263 seconds
[2025-07-30T14:55:13.243+0000] {processor.py:161} INFO - Started process (PID=252) to work on /opt/airflow/dags/load_day_to_snowflake.py
[2025-07-30T14:55:13.244+0000] {processor.py:830} INFO - Processing file /opt/airflow/dags/load_day_to_snowflake.py for tasks to queue
[2025-07-30T14:55:13.246+0000] {logging_mixin.py:188} INFO - [2025-07-30T14:55:13.246+0000] {dagbag.py:540} INFO - Filling up the DagBag from /opt/airflow/dags/load_day_to_snowflake.py
[2025-07-30T14:55:13.262+0000] {processor.py:840} INFO - DAG(s) 'load_day_to_snowflake' retrieved from /opt/airflow/dags/load_day_to_snowflake.py
[2025-07-30T14:55:13.288+0000] {logging_mixin.py:188} INFO - [2025-07-30T14:55:13.288+0000] {dag.py:3096} INFO - Sync 1 DAGs
[2025-07-30T14:55:13.301+0000] {logging_mixin.py:188} INFO - [2025-07-30T14:55:13.301+0000] {dag.py:3954} INFO - Setting next_dagrun for load_day_to_snowflake to None, run_after=None
[2025-07-30T14:55:13.322+0000] {processor.py:183} INFO - Processing /opt/airflow/dags/load_day_to_snowflake.py took 0.084 seconds
[2025-07-30T14:55:43.528+0000] {processor.py:161} INFO - Started process (PID=287) to work on /opt/airflow/dags/load_day_to_snowflake.py
[2025-07-30T14:55:43.530+0000] {processor.py:830} INFO - Processing file /opt/airflow/dags/load_day_to_snowflake.py for tasks to queue
[2025-07-30T14:55:43.532+0000] {logging_mixin.py:188} INFO - [2025-07-30T14:55:43.531+0000] {dagbag.py:540} INFO - Filling up the DagBag from /opt/airflow/dags/load_day_to_snowflake.py
[2025-07-30T14:55:43.553+0000] {processor.py:840} INFO - DAG(s) 'load_day_to_snowflake' retrieved from /opt/airflow/dags/load_day_to_snowflake.py
[2025-07-30T14:55:43.586+0000] {logging_mixin.py:188} INFO - [2025-07-30T14:55:43.585+0000] {dag.py:3096} INFO - Sync 1 DAGs
[2025-07-30T14:55:43.599+0000] {logging_mixin.py:188} INFO - [2025-07-30T14:55:43.598+0000] {dag.py:3954} INFO - Setting next_dagrun for load_day_to_snowflake to None, run_after=None
[2025-07-30T14:55:43.618+0000] {processor.py:183} INFO - Processing /opt/airflow/dags/load_day_to_snowflake.py took 0.097 seconds
[2025-07-30T14:56:13.864+0000] {processor.py:161} INFO - Started process (PID=322) to work on /opt/airflow/dags/load_day_to_snowflake.py
[2025-07-30T14:56:13.866+0000] {processor.py:830} INFO - Processing file /opt/airflow/dags/load_day_to_snowflake.py for tasks to queue
[2025-07-30T14:56:13.870+0000] {logging_mixin.py:188} INFO - [2025-07-30T14:56:13.869+0000] {dagbag.py:540} INFO - Filling up the DagBag from /opt/airflow/dags/load_day_to_snowflake.py
[2025-07-30T14:56:13.906+0000] {processor.py:840} INFO - DAG(s) 'load_day_to_snowflake' retrieved from /opt/airflow/dags/load_day_to_snowflake.py
[2025-07-30T14:56:13.950+0000] {logging_mixin.py:188} INFO - [2025-07-30T14:56:13.949+0000] {dag.py:3096} INFO - Sync 1 DAGs
[2025-07-30T14:56:13.975+0000] {logging_mixin.py:188} INFO - [2025-07-30T14:56:13.975+0000] {dag.py:3954} INFO - Setting next_dagrun for load_day_to_snowflake to None, run_after=None
[2025-07-30T14:56:13.999+0000] {processor.py:183} INFO - Processing /opt/airflow/dags/load_day_to_snowflake.py took 0.154 seconds
[2025-07-30T14:56:44.304+0000] {processor.py:161} INFO - Started process (PID=362) to work on /opt/airflow/dags/load_day_to_snowflake.py
[2025-07-30T14:56:44.306+0000] {processor.py:830} INFO - Processing file /opt/airflow/dags/load_day_to_snowflake.py for tasks to queue
[2025-07-30T14:56:44.308+0000] {logging_mixin.py:188} INFO - [2025-07-30T14:56:44.308+0000] {dagbag.py:540} INFO - Filling up the DagBag from /opt/airflow/dags/load_day_to_snowflake.py
[2025-07-30T14:56:44.327+0000] {processor.py:840} INFO - DAG(s) 'load_day_to_snowflake' retrieved from /opt/airflow/dags/load_day_to_snowflake.py
[2025-07-30T14:56:44.358+0000] {logging_mixin.py:188} INFO - [2025-07-30T14:56:44.358+0000] {dag.py:3096} INFO - Sync 1 DAGs
[2025-07-30T14:56:44.373+0000] {logging_mixin.py:188} INFO - [2025-07-30T14:56:44.372+0000] {dag.py:3954} INFO - Setting next_dagrun for load_day_to_snowflake to None, run_after=None
[2025-07-30T14:56:44.391+0000] {processor.py:183} INFO - Processing /opt/airflow/dags/load_day_to_snowflake.py took 0.093 seconds
[2025-07-30T14:57:14.440+0000] {processor.py:161} INFO - Started process (PID=397) to work on /opt/airflow/dags/load_day_to_snowflake.py
[2025-07-30T14:57:14.441+0000] {processor.py:830} INFO - Processing file /opt/airflow/dags/load_day_to_snowflake.py for tasks to queue
[2025-07-30T14:57:14.443+0000] {logging_mixin.py:188} INFO - [2025-07-30T14:57:14.442+0000] {dagbag.py:540} INFO - Filling up the DagBag from /opt/airflow/dags/load_day_to_snowflake.py
[2025-07-30T14:57:14.459+0000] {processor.py:840} INFO - DAG(s) 'load_day_to_snowflake' retrieved from /opt/airflow/dags/load_day_to_snowflake.py
[2025-07-30T14:57:14.486+0000] {logging_mixin.py:188} INFO - [2025-07-30T14:57:14.485+0000] {dag.py:3096} INFO - Sync 1 DAGs
[2025-07-30T14:57:14.498+0000] {logging_mixin.py:188} INFO - [2025-07-30T14:57:14.497+0000] {dag.py:3954} INFO - Setting next_dagrun for load_day_to_snowflake to None, run_after=None
[2025-07-30T14:57:14.515+0000] {processor.py:183} INFO - Processing /opt/airflow/dags/load_day_to_snowflake.py took 0.080 seconds
[2025-07-30T14:57:49.154+0000] {processor.py:161} INFO - Started process (PID=182) to work on /opt/airflow/dags/load_day_to_snowflake.py
[2025-07-30T14:57:49.155+0000] {processor.py:830} INFO - Processing file /opt/airflow/dags/load_day_to_snowflake.py for tasks to queue
[2025-07-30T14:57:49.160+0000] {logging_mixin.py:188} INFO - [2025-07-30T14:57:49.159+0000] {dagbag.py:540} INFO - Filling up the DagBag from /opt/airflow/dags/load_day_to_snowflake.py
[2025-07-30T14:57:49.180+0000] {processor.py:840} INFO - DAG(s) 'load_day_to_snowflake' retrieved from /opt/airflow/dags/load_day_to_snowflake.py
[2025-07-30T14:57:49.194+0000] {logging_mixin.py:188} INFO - [2025-07-30T14:57:49.194+0000] {dag.py:3096} INFO - Sync 1 DAGs
[2025-07-30T14:57:49.205+0000] {logging_mixin.py:188} INFO - [2025-07-30T14:57:49.205+0000] {dag.py:3954} INFO - Setting next_dagrun for load_day_to_snowflake to None, run_after=None
[2025-07-30T14:57:49.230+0000] {processor.py:183} INFO - Processing /opt/airflow/dags/load_day_to_snowflake.py took 0.082 seconds
[2025-07-30T14:58:19.452+0000] {processor.py:161} INFO - Started process (PID=217) to work on /opt/airflow/dags/load_day_to_snowflake.py
[2025-07-30T14:58:19.454+0000] {processor.py:830} INFO - Processing file /opt/airflow/dags/load_day_to_snowflake.py for tasks to queue
[2025-07-30T14:58:19.456+0000] {logging_mixin.py:188} INFO - [2025-07-30T14:58:19.456+0000] {dagbag.py:540} INFO - Filling up the DagBag from /opt/airflow/dags/load_day_to_snowflake.py
[2025-07-30T14:58:19.476+0000] {processor.py:840} INFO - DAG(s) 'load_day_to_snowflake' retrieved from /opt/airflow/dags/load_day_to_snowflake.py
[2025-07-30T14:58:19.579+0000] {logging_mixin.py:188} INFO - [2025-07-30T14:58:19.579+0000] {dag.py:3096} INFO - Sync 1 DAGs
[2025-07-30T14:58:19.588+0000] {logging_mixin.py:188} INFO - [2025-07-30T14:58:19.587+0000] {dag.py:3954} INFO - Setting next_dagrun for load_day_to_snowflake to None, run_after=None
[2025-07-30T14:58:19.606+0000] {processor.py:183} INFO - Processing /opt/airflow/dags/load_day_to_snowflake.py took 0.159 seconds
[2025-07-30T14:58:49.942+0000] {processor.py:161} INFO - Started process (PID=252) to work on /opt/airflow/dags/load_day_to_snowflake.py
[2025-07-30T14:58:49.943+0000] {processor.py:830} INFO - Processing file /opt/airflow/dags/load_day_to_snowflake.py for tasks to queue
[2025-07-30T14:58:49.945+0000] {logging_mixin.py:188} INFO - [2025-07-30T14:58:49.945+0000] {dagbag.py:540} INFO - Filling up the DagBag from /opt/airflow/dags/load_day_to_snowflake.py
[2025-07-30T14:58:49.963+0000] {processor.py:840} INFO - DAG(s) 'load_day_to_snowflake' retrieved from /opt/airflow/dags/load_day_to_snowflake.py
[2025-07-30T14:58:49.992+0000] {logging_mixin.py:188} INFO - [2025-07-30T14:58:49.992+0000] {dag.py:3096} INFO - Sync 1 DAGs
[2025-07-30T14:58:50.003+0000] {logging_mixin.py:188} INFO - [2025-07-30T14:58:50.003+0000] {dag.py:3954} INFO - Setting next_dagrun for load_day_to_snowflake to None, run_after=None
[2025-07-30T14:58:50.021+0000] {processor.py:183} INFO - Processing /opt/airflow/dags/load_day_to_snowflake.py took 0.084 seconds
[2025-07-30T14:59:20.873+0000] {processor.py:161} INFO - Started process (PID=302) to work on /opt/airflow/dags/load_day_to_snowflake.py
[2025-07-30T14:59:20.874+0000] {processor.py:830} INFO - Processing file /opt/airflow/dags/load_day_to_snowflake.py for tasks to queue
[2025-07-30T14:59:20.879+0000] {logging_mixin.py:188} INFO - [2025-07-30T14:59:20.879+0000] {dagbag.py:540} INFO - Filling up the DagBag from /opt/airflow/dags/load_day_to_snowflake.py
[2025-07-30T14:59:20.906+0000] {processor.py:840} INFO - DAG(s) 'load_day_to_snowflake' retrieved from /opt/airflow/dags/load_day_to_snowflake.py
[2025-07-30T14:59:20.945+0000] {logging_mixin.py:188} INFO - [2025-07-30T14:59:20.944+0000] {dag.py:3096} INFO - Sync 1 DAGs
[2025-07-30T14:59:20.962+0000] {logging_mixin.py:188} INFO - [2025-07-30T14:59:20.962+0000] {dag.py:3954} INFO - Setting next_dagrun for load_day_to_snowflake to None, run_after=None
[2025-07-30T14:59:20.983+0000] {processor.py:183} INFO - Processing /opt/airflow/dags/load_day_to_snowflake.py took 0.120 seconds
[2025-07-30T14:59:51.570+0000] {processor.py:161} INFO - Started process (PID=358) to work on /opt/airflow/dags/load_day_to_snowflake.py
[2025-07-30T14:59:51.572+0000] {processor.py:830} INFO - Processing file /opt/airflow/dags/load_day_to_snowflake.py for tasks to queue
[2025-07-30T14:59:51.576+0000] {logging_mixin.py:188} INFO - [2025-07-30T14:59:51.575+0000] {dagbag.py:540} INFO - Filling up the DagBag from /opt/airflow/dags/load_day_to_snowflake.py
[2025-07-30T14:59:51.598+0000] {processor.py:840} INFO - DAG(s) 'load_day_to_snowflake' retrieved from /opt/airflow/dags/load_day_to_snowflake.py
[2025-07-30T14:59:51.641+0000] {logging_mixin.py:188} INFO - [2025-07-30T14:59:51.640+0000] {dag.py:3096} INFO - Sync 1 DAGs
[2025-07-30T14:59:51.657+0000] {logging_mixin.py:188} INFO - [2025-07-30T14:59:51.656+0000] {dag.py:3954} INFO - Setting next_dagrun for load_day_to_snowflake to None, run_after=None
[2025-07-30T14:59:51.678+0000] {processor.py:183} INFO - Processing /opt/airflow/dags/load_day_to_snowflake.py took 0.116 seconds
[2025-07-30T15:00:22.002+0000] {processor.py:161} INFO - Started process (PID=410) to work on /opt/airflow/dags/load_day_to_snowflake.py
[2025-07-30T15:00:22.005+0000] {processor.py:830} INFO - Processing file /opt/airflow/dags/load_day_to_snowflake.py for tasks to queue
[2025-07-30T15:00:22.009+0000] {logging_mixin.py:188} INFO - [2025-07-30T15:00:22.008+0000] {dagbag.py:540} INFO - Filling up the DagBag from /opt/airflow/dags/load_day_to_snowflake.py
[2025-07-30T15:00:22.035+0000] {processor.py:840} INFO - DAG(s) 'load_day_to_snowflake' retrieved from /opt/airflow/dags/load_day_to_snowflake.py
[2025-07-30T15:00:22.077+0000] {logging_mixin.py:188} INFO - [2025-07-30T15:00:22.076+0000] {dag.py:3096} INFO - Sync 1 DAGs
[2025-07-30T15:00:22.094+0000] {logging_mixin.py:188} INFO - [2025-07-30T15:00:22.094+0000] {dag.py:3954} INFO - Setting next_dagrun for load_day_to_snowflake to None, run_after=None
[2025-07-30T15:00:22.141+0000] {processor.py:183} INFO - Processing /opt/airflow/dags/load_day_to_snowflake.py took 0.147 seconds
[2025-07-30T15:00:52.522+0000] {processor.py:161} INFO - Started process (PID=460) to work on /opt/airflow/dags/load_day_to_snowflake.py
[2025-07-30T15:00:52.522+0000] {processor.py:830} INFO - Processing file /opt/airflow/dags/load_day_to_snowflake.py for tasks to queue
[2025-07-30T15:00:52.524+0000] {logging_mixin.py:188} INFO - [2025-07-30T15:00:52.524+0000] {dagbag.py:540} INFO - Filling up the DagBag from /opt/airflow/dags/load_day_to_snowflake.py
[2025-07-30T15:00:52.537+0000] {processor.py:840} INFO - DAG(s) 'load_day_to_snowflake' retrieved from /opt/airflow/dags/load_day_to_snowflake.py
[2025-07-30T15:00:52.559+0000] {logging_mixin.py:188} INFO - [2025-07-30T15:00:52.558+0000] {dag.py:3096} INFO - Sync 1 DAGs
[2025-07-30T15:00:52.569+0000] {logging_mixin.py:188} INFO - [2025-07-30T15:00:52.569+0000] {dag.py:3954} INFO - Setting next_dagrun for load_day_to_snowflake to None, run_after=None
[2025-07-30T15:00:52.587+0000] {processor.py:183} INFO - Processing /opt/airflow/dags/load_day_to_snowflake.py took 0.070 seconds
[2025-07-30T15:01:22.761+0000] {processor.py:161} INFO - Started process (PID=495) to work on /opt/airflow/dags/load_day_to_snowflake.py
[2025-07-30T15:01:22.763+0000] {processor.py:830} INFO - Processing file /opt/airflow/dags/load_day_to_snowflake.py for tasks to queue
[2025-07-30T15:01:22.767+0000] {logging_mixin.py:188} INFO - [2025-07-30T15:01:22.766+0000] {dagbag.py:540} INFO - Filling up the DagBag from /opt/airflow/dags/load_day_to_snowflake.py
[2025-07-30T15:01:22.787+0000] {processor.py:840} INFO - DAG(s) 'load_day_to_snowflake' retrieved from /opt/airflow/dags/load_day_to_snowflake.py
[2025-07-30T15:01:22.811+0000] {logging_mixin.py:188} INFO - [2025-07-30T15:01:22.810+0000] {dag.py:3096} INFO - Sync 1 DAGs
[2025-07-30T15:01:22.822+0000] {logging_mixin.py:188} INFO - [2025-07-30T15:01:22.822+0000] {dag.py:3954} INFO - Setting next_dagrun for load_day_to_snowflake to None, run_after=None
[2025-07-30T15:01:22.839+0000] {processor.py:183} INFO - Processing /opt/airflow/dags/load_day_to_snowflake.py took 0.089 seconds
[2025-07-30T15:01:53.052+0000] {processor.py:161} INFO - Started process (PID=530) to work on /opt/airflow/dags/load_day_to_snowflake.py
[2025-07-30T15:01:53.053+0000] {processor.py:830} INFO - Processing file /opt/airflow/dags/load_day_to_snowflake.py for tasks to queue
[2025-07-30T15:01:53.055+0000] {logging_mixin.py:188} INFO - [2025-07-30T15:01:53.055+0000] {dagbag.py:540} INFO - Filling up the DagBag from /opt/airflow/dags/load_day_to_snowflake.py
[2025-07-30T15:01:53.071+0000] {processor.py:840} INFO - DAG(s) 'load_day_to_snowflake' retrieved from /opt/airflow/dags/load_day_to_snowflake.py
[2025-07-30T15:01:53.094+0000] {logging_mixin.py:188} INFO - [2025-07-30T15:01:53.094+0000] {dag.py:3096} INFO - Sync 1 DAGs
[2025-07-30T15:01:53.104+0000] {logging_mixin.py:188} INFO - [2025-07-30T15:01:53.104+0000] {dag.py:3954} INFO - Setting next_dagrun for load_day_to_snowflake to None, run_after=None
[2025-07-30T15:01:53.130+0000] {processor.py:183} INFO - Processing /opt/airflow/dags/load_day_to_snowflake.py took 0.082 seconds
[2025-07-30T15:02:23.392+0000] {processor.py:161} INFO - Started process (PID=563) to work on /opt/airflow/dags/load_day_to_snowflake.py
[2025-07-30T15:02:23.394+0000] {processor.py:830} INFO - Processing file /opt/airflow/dags/load_day_to_snowflake.py for tasks to queue
[2025-07-30T15:02:23.396+0000] {logging_mixin.py:188} INFO - [2025-07-30T15:02:23.396+0000] {dagbag.py:540} INFO - Filling up the DagBag from /opt/airflow/dags/load_day_to_snowflake.py
[2025-07-30T15:02:23.415+0000] {processor.py:840} INFO - DAG(s) 'load_day_to_snowflake' retrieved from /opt/airflow/dags/load_day_to_snowflake.py
[2025-07-30T15:02:23.448+0000] {logging_mixin.py:188} INFO - [2025-07-30T15:02:23.448+0000] {dag.py:3096} INFO - Sync 1 DAGs
[2025-07-30T15:02:23.463+0000] {logging_mixin.py:188} INFO - [2025-07-30T15:02:23.463+0000] {dag.py:3954} INFO - Setting next_dagrun for load_day_to_snowflake to None, run_after=None
[2025-07-30T15:02:23.490+0000] {processor.py:183} INFO - Processing /opt/airflow/dags/load_day_to_snowflake.py took 0.103 seconds
[2025-07-30T15:02:55.898+0000] {processor.py:161} INFO - Started process (PID=600) to work on /opt/airflow/dags/load_day_to_snowflake.py
[2025-07-30T15:02:55.900+0000] {processor.py:830} INFO - Processing file /opt/airflow/dags/load_day_to_snowflake.py for tasks to queue
[2025-07-30T15:02:55.903+0000] {logging_mixin.py:188} INFO - [2025-07-30T15:02:55.902+0000] {dagbag.py:540} INFO - Filling up the DagBag from /opt/airflow/dags/load_day_to_snowflake.py
[2025-07-30T15:02:55.923+0000] {processor.py:840} INFO - DAG(s) 'load_day_to_snowflake' retrieved from /opt/airflow/dags/load_day_to_snowflake.py
[2025-07-30T15:02:55.958+0000] {logging_mixin.py:188} INFO - [2025-07-30T15:02:55.958+0000] {dag.py:3096} INFO - Sync 1 DAGs
[2025-07-30T15:02:55.969+0000] {logging_mixin.py:188} INFO - [2025-07-30T15:02:55.969+0000] {dag.py:3954} INFO - Setting next_dagrun for load_day_to_snowflake to None, run_after=None
[2025-07-30T15:02:55.990+0000] {processor.py:183} INFO - Processing /opt/airflow/dags/load_day_to_snowflake.py took 0.097 seconds
[2025-07-30T15:03:28.075+0000] {processor.py:161} INFO - Started process (PID=635) to work on /opt/airflow/dags/load_day_to_snowflake.py
[2025-07-30T15:03:28.076+0000] {processor.py:830} INFO - Processing file /opt/airflow/dags/load_day_to_snowflake.py for tasks to queue
[2025-07-30T15:03:28.078+0000] {logging_mixin.py:188} INFO - [2025-07-30T15:03:28.078+0000] {dagbag.py:540} INFO - Filling up the DagBag from /opt/airflow/dags/load_day_to_snowflake.py
[2025-07-30T15:03:28.091+0000] {processor.py:840} INFO - DAG(s) 'load_day_to_snowflake' retrieved from /opt/airflow/dags/load_day_to_snowflake.py
[2025-07-30T15:03:28.113+0000] {logging_mixin.py:188} INFO - [2025-07-30T15:03:28.113+0000] {dag.py:3096} INFO - Sync 1 DAGs
[2025-07-30T15:03:28.124+0000] {logging_mixin.py:188} INFO - [2025-07-30T15:03:28.124+0000] {dag.py:3954} INFO - Setting next_dagrun for load_day_to_snowflake to None, run_after=None
[2025-07-30T15:03:28.141+0000] {processor.py:183} INFO - Processing /opt/airflow/dags/load_day_to_snowflake.py took 0.071 seconds
[2025-07-30T15:03:58.812+0000] {processor.py:161} INFO - Started process (PID=685) to work on /opt/airflow/dags/load_day_to_snowflake.py
[2025-07-30T15:03:58.813+0000] {processor.py:830} INFO - Processing file /opt/airflow/dags/load_day_to_snowflake.py for tasks to queue
[2025-07-30T15:03:58.815+0000] {logging_mixin.py:188} INFO - [2025-07-30T15:03:58.815+0000] {dagbag.py:540} INFO - Filling up the DagBag from /opt/airflow/dags/load_day_to_snowflake.py
[2025-07-30T15:03:58.831+0000] {processor.py:840} INFO - DAG(s) 'load_day_to_snowflake' retrieved from /opt/airflow/dags/load_day_to_snowflake.py
[2025-07-30T15:03:58.855+0000] {logging_mixin.py:188} INFO - [2025-07-30T15:03:58.855+0000] {dag.py:3096} INFO - Sync 1 DAGs
[2025-07-30T15:03:58.867+0000] {logging_mixin.py:188} INFO - [2025-07-30T15:03:58.866+0000] {dag.py:3954} INFO - Setting next_dagrun for load_day_to_snowflake to None, run_after=None
[2025-07-30T15:03:58.883+0000] {processor.py:183} INFO - Processing /opt/airflow/dags/load_day_to_snowflake.py took 0.077 seconds
[2025-07-30T15:04:29.134+0000] {processor.py:161} INFO - Started process (PID=720) to work on /opt/airflow/dags/load_day_to_snowflake.py
[2025-07-30T15:04:29.135+0000] {processor.py:830} INFO - Processing file /opt/airflow/dags/load_day_to_snowflake.py for tasks to queue
[2025-07-30T15:04:29.137+0000] {logging_mixin.py:188} INFO - [2025-07-30T15:04:29.136+0000] {dagbag.py:540} INFO - Filling up the DagBag from /opt/airflow/dags/load_day_to_snowflake.py
[2025-07-30T15:04:29.150+0000] {processor.py:840} INFO - DAG(s) 'load_day_to_snowflake' retrieved from /opt/airflow/dags/load_day_to_snowflake.py
[2025-07-30T15:04:29.172+0000] {logging_mixin.py:188} INFO - [2025-07-30T15:04:29.172+0000] {dag.py:3096} INFO - Sync 1 DAGs
[2025-07-30T15:04:29.182+0000] {logging_mixin.py:188} INFO - [2025-07-30T15:04:29.182+0000] {dag.py:3954} INFO - Setting next_dagrun for load_day_to_snowflake to None, run_after=None
[2025-07-30T15:04:29.199+0000] {processor.py:183} INFO - Processing /opt/airflow/dags/load_day_to_snowflake.py took 0.071 seconds
[2025-07-30T15:05:08.142+0000] {processor.py:161} INFO - Started process (PID=182) to work on /opt/airflow/dags/load_day_to_snowflake.py
[2025-07-30T15:05:08.143+0000] {processor.py:830} INFO - Processing file /opt/airflow/dags/load_day_to_snowflake.py for tasks to queue
[2025-07-30T15:05:08.146+0000] {logging_mixin.py:188} INFO - [2025-07-30T15:05:08.146+0000] {dagbag.py:540} INFO - Filling up the DagBag from /opt/airflow/dags/load_day_to_snowflake.py
[2025-07-30T15:05:08.162+0000] {processor.py:840} INFO - DAG(s) 'load_day_to_snowflake' retrieved from /opt/airflow/dags/load_day_to_snowflake.py
[2025-07-30T15:05:08.175+0000] {logging_mixin.py:188} INFO - [2025-07-30T15:05:08.174+0000] {dag.py:3096} INFO - Sync 1 DAGs
[2025-07-30T15:05:08.186+0000] {logging_mixin.py:188} INFO - [2025-07-30T15:05:08.186+0000] {dag.py:3954} INFO - Setting next_dagrun for load_day_to_snowflake to None, run_after=None
[2025-07-30T15:05:08.207+0000] {processor.py:183} INFO - Processing /opt/airflow/dags/load_day_to_snowflake.py took 0.071 seconds
[2025-07-30T15:05:38.257+0000] {processor.py:161} INFO - Started process (PID=232) to work on /opt/airflow/dags/load_day_to_snowflake.py
[2025-07-30T15:05:38.259+0000] {processor.py:830} INFO - Processing file /opt/airflow/dags/load_day_to_snowflake.py for tasks to queue
[2025-07-30T15:05:38.261+0000] {logging_mixin.py:188} INFO - [2025-07-30T15:05:38.261+0000] {dagbag.py:540} INFO - Filling up the DagBag from /opt/airflow/dags/load_day_to_snowflake.py
[2025-07-30T15:05:38.276+0000] {processor.py:840} INFO - DAG(s) 'load_day_to_snowflake' retrieved from /opt/airflow/dags/load_day_to_snowflake.py
[2025-07-30T15:05:38.374+0000] {logging_mixin.py:188} INFO - [2025-07-30T15:05:38.374+0000] {dag.py:3096} INFO - Sync 1 DAGs
[2025-07-30T15:05:38.383+0000] {logging_mixin.py:188} INFO - [2025-07-30T15:05:38.383+0000] {dag.py:3954} INFO - Setting next_dagrun for load_day_to_snowflake to None, run_after=None
[2025-07-30T15:05:38.400+0000] {processor.py:183} INFO - Processing /opt/airflow/dags/load_day_to_snowflake.py took 0.148 seconds
[2025-07-30T15:06:09.113+0000] {processor.py:161} INFO - Started process (PID=267) to work on /opt/airflow/dags/load_day_to_snowflake.py
[2025-07-30T15:06:09.115+0000] {processor.py:830} INFO - Processing file /opt/airflow/dags/load_day_to_snowflake.py for tasks to queue
[2025-07-30T15:06:09.116+0000] {logging_mixin.py:188} INFO - [2025-07-30T15:06:09.116+0000] {dagbag.py:540} INFO - Filling up the DagBag from /opt/airflow/dags/load_day_to_snowflake.py
[2025-07-30T15:06:09.133+0000] {processor.py:840} INFO - DAG(s) 'load_day_to_snowflake' retrieved from /opt/airflow/dags/load_day_to_snowflake.py
[2025-07-30T15:06:09.157+0000] {logging_mixin.py:188} INFO - [2025-07-30T15:06:09.157+0000] {dag.py:3096} INFO - Sync 1 DAGs
[2025-07-30T15:06:09.170+0000] {logging_mixin.py:188} INFO - [2025-07-30T15:06:09.169+0000] {dag.py:3954} INFO - Setting next_dagrun for load_day_to_snowflake to None, run_after=None
[2025-07-30T15:06:09.191+0000] {processor.py:183} INFO - Processing /opt/airflow/dags/load_day_to_snowflake.py took 0.083 seconds
[2025-07-30T15:06:42.650+0000] {processor.py:161} INFO - Started process (PID=317) to work on /opt/airflow/dags/load_day_to_snowflake.py
[2025-07-30T15:06:42.651+0000] {processor.py:830} INFO - Processing file /opt/airflow/dags/load_day_to_snowflake.py for tasks to queue
[2025-07-30T15:06:42.653+0000] {logging_mixin.py:188} INFO - [2025-07-30T15:06:42.653+0000] {dagbag.py:540} INFO - Filling up the DagBag from /opt/airflow/dags/load_day_to_snowflake.py
[2025-07-30T15:06:42.667+0000] {processor.py:840} INFO - DAG(s) 'load_day_to_snowflake' retrieved from /opt/airflow/dags/load_day_to_snowflake.py
[2025-07-30T15:06:42.690+0000] {logging_mixin.py:188} INFO - [2025-07-30T15:06:42.690+0000] {dag.py:3096} INFO - Sync 1 DAGs
[2025-07-30T15:06:42.700+0000] {logging_mixin.py:188} INFO - [2025-07-30T15:06:42.700+0000] {dag.py:3954} INFO - Setting next_dagrun for load_day_to_snowflake to None, run_after=None
[2025-07-30T15:06:42.717+0000] {processor.py:183} INFO - Processing /opt/airflow/dags/load_day_to_snowflake.py took 0.072 seconds
[2025-07-30T15:07:13.323+0000] {processor.py:161} INFO - Started process (PID=352) to work on /opt/airflow/dags/load_day_to_snowflake.py
[2025-07-30T15:07:13.324+0000] {processor.py:830} INFO - Processing file /opt/airflow/dags/load_day_to_snowflake.py for tasks to queue
[2025-07-30T15:07:13.327+0000] {logging_mixin.py:188} INFO - [2025-07-30T15:07:13.326+0000] {dagbag.py:540} INFO - Filling up the DagBag from /opt/airflow/dags/load_day_to_snowflake.py
[2025-07-30T15:07:13.344+0000] {processor.py:840} INFO - DAG(s) 'load_day_to_snowflake' retrieved from /opt/airflow/dags/load_day_to_snowflake.py
[2025-07-30T15:07:13.371+0000] {logging_mixin.py:188} INFO - [2025-07-30T15:07:13.371+0000] {dag.py:3096} INFO - Sync 1 DAGs
[2025-07-30T15:07:13.382+0000] {logging_mixin.py:188} INFO - [2025-07-30T15:07:13.382+0000] {dag.py:3954} INFO - Setting next_dagrun for load_day_to_snowflake to None, run_after=None
[2025-07-30T15:07:13.400+0000] {processor.py:183} INFO - Processing /opt/airflow/dags/load_day_to_snowflake.py took 0.083 seconds
[2025-07-30T15:07:43.644+0000] {processor.py:161} INFO - Started process (PID=386) to work on /opt/airflow/dags/load_day_to_snowflake.py
[2025-07-30T15:07:43.645+0000] {processor.py:830} INFO - Processing file /opt/airflow/dags/load_day_to_snowflake.py for tasks to queue
[2025-07-30T15:07:43.653+0000] {logging_mixin.py:188} INFO - [2025-07-30T15:07:43.651+0000] {dagbag.py:540} INFO - Filling up the DagBag from /opt/airflow/dags/load_day_to_snowflake.py
[2025-07-30T15:07:43.676+0000] {processor.py:840} INFO - DAG(s) 'load_day_to_snowflake' retrieved from /opt/airflow/dags/load_day_to_snowflake.py
[2025-07-30T15:07:43.699+0000] {logging_mixin.py:188} INFO - [2025-07-30T15:07:43.698+0000] {dag.py:3096} INFO - Sync 1 DAGs
[2025-07-30T15:07:43.710+0000] {logging_mixin.py:188} INFO - [2025-07-30T15:07:43.710+0000] {dag.py:3954} INFO - Setting next_dagrun for load_day_to_snowflake to None, run_after=None
[2025-07-30T15:07:43.727+0000] {processor.py:183} INFO - Processing /opt/airflow/dags/load_day_to_snowflake.py took 0.088 seconds
[2025-07-30T15:08:13.823+0000] {processor.py:161} INFO - Started process (PID=422) to work on /opt/airflow/dags/load_day_to_snowflake.py
[2025-07-30T15:08:13.825+0000] {processor.py:830} INFO - Processing file /opt/airflow/dags/load_day_to_snowflake.py for tasks to queue
[2025-07-30T15:08:13.827+0000] {logging_mixin.py:188} INFO - [2025-07-30T15:08:13.827+0000] {dagbag.py:540} INFO - Filling up the DagBag from /opt/airflow/dags/load_day_to_snowflake.py
[2025-07-30T15:08:13.844+0000] {processor.py:840} INFO - DAG(s) 'load_day_to_snowflake' retrieved from /opt/airflow/dags/load_day_to_snowflake.py
[2025-07-30T15:08:13.868+0000] {logging_mixin.py:188} INFO - [2025-07-30T15:08:13.867+0000] {dag.py:3096} INFO - Sync 1 DAGs
[2025-07-30T15:08:13.877+0000] {logging_mixin.py:188} INFO - [2025-07-30T15:08:13.877+0000] {dag.py:3954} INFO - Setting next_dagrun for load_day_to_snowflake to None, run_after=None
[2025-07-30T15:08:13.894+0000] {processor.py:183} INFO - Processing /opt/airflow/dags/load_day_to_snowflake.py took 0.078 seconds
[2025-07-30T15:08:44.614+0000] {processor.py:161} INFO - Started process (PID=457) to work on /opt/airflow/dags/load_day_to_snowflake.py
[2025-07-30T15:08:44.616+0000] {processor.py:830} INFO - Processing file /opt/airflow/dags/load_day_to_snowflake.py for tasks to queue
[2025-07-30T15:08:44.619+0000] {logging_mixin.py:188} INFO - [2025-07-30T15:08:44.618+0000] {dagbag.py:540} INFO - Filling up the DagBag from /opt/airflow/dags/load_day_to_snowflake.py
[2025-07-30T15:08:44.635+0000] {processor.py:840} INFO - DAG(s) 'load_day_to_snowflake' retrieved from /opt/airflow/dags/load_day_to_snowflake.py
[2025-07-30T15:08:44.660+0000] {logging_mixin.py:188} INFO - [2025-07-30T15:08:44.660+0000] {dag.py:3096} INFO - Sync 1 DAGs
[2025-07-30T15:08:44.670+0000] {logging_mixin.py:188} INFO - [2025-07-30T15:08:44.670+0000] {dag.py:3954} INFO - Setting next_dagrun for load_day_to_snowflake to None, run_after=None
[2025-07-30T15:08:44.699+0000] {processor.py:183} INFO - Processing /opt/airflow/dags/load_day_to_snowflake.py took 0.091 seconds
[2025-07-30T15:09:15.742+0000] {processor.py:161} INFO - Started process (PID=492) to work on /opt/airflow/dags/load_day_to_snowflake.py
[2025-07-30T15:09:15.744+0000] {processor.py:830} INFO - Processing file /opt/airflow/dags/load_day_to_snowflake.py for tasks to queue
[2025-07-30T15:09:15.748+0000] {logging_mixin.py:188} INFO - [2025-07-30T15:09:15.748+0000] {dagbag.py:540} INFO - Filling up the DagBag from /opt/airflow/dags/load_day_to_snowflake.py
[2025-07-30T15:09:15.772+0000] {processor.py:840} INFO - DAG(s) 'load_day_to_snowflake' retrieved from /opt/airflow/dags/load_day_to_snowflake.py
[2025-07-30T15:09:15.804+0000] {logging_mixin.py:188} INFO - [2025-07-30T15:09:15.804+0000] {dag.py:3096} INFO - Sync 1 DAGs
[2025-07-30T15:09:15.819+0000] {logging_mixin.py:188} INFO - [2025-07-30T15:09:15.818+0000] {dag.py:3954} INFO - Setting next_dagrun for load_day_to_snowflake to None, run_after=None
[2025-07-30T15:09:15.847+0000] {processor.py:183} INFO - Processing /opt/airflow/dags/load_day_to_snowflake.py took 0.128 seconds
[2025-07-30T15:09:45.999+0000] {processor.py:161} INFO - Started process (PID=527) to work on /opt/airflow/dags/load_day_to_snowflake.py
[2025-07-30T15:09:46.000+0000] {processor.py:830} INFO - Processing file /opt/airflow/dags/load_day_to_snowflake.py for tasks to queue
[2025-07-30T15:09:46.002+0000] {logging_mixin.py:188} INFO - [2025-07-30T15:09:46.002+0000] {dagbag.py:540} INFO - Filling up the DagBag from /opt/airflow/dags/load_day_to_snowflake.py
[2025-07-30T15:09:46.018+0000] {processor.py:840} INFO - DAG(s) 'load_day_to_snowflake' retrieved from /opt/airflow/dags/load_day_to_snowflake.py
[2025-07-30T15:09:46.042+0000] {logging_mixin.py:188} INFO - [2025-07-30T15:09:46.041+0000] {dag.py:3096} INFO - Sync 1 DAGs
[2025-07-30T15:09:46.054+0000] {logging_mixin.py:188} INFO - [2025-07-30T15:09:46.053+0000] {dag.py:3954} INFO - Setting next_dagrun for load_day_to_snowflake to None, run_after=None
[2025-07-30T15:09:46.070+0000] {processor.py:183} INFO - Processing /opt/airflow/dags/load_day_to_snowflake.py took 0.076 seconds
[2025-07-30T15:10:16.287+0000] {processor.py:161} INFO - Started process (PID=562) to work on /opt/airflow/dags/load_day_to_snowflake.py
[2025-07-30T15:10:16.287+0000] {processor.py:830} INFO - Processing file /opt/airflow/dags/load_day_to_snowflake.py for tasks to queue
[2025-07-30T15:10:16.289+0000] {logging_mixin.py:188} INFO - [2025-07-30T15:10:16.289+0000] {dagbag.py:540} INFO - Filling up the DagBag from /opt/airflow/dags/load_day_to_snowflake.py
[2025-07-30T15:10:16.305+0000] {processor.py:840} INFO - DAG(s) 'load_day_to_snowflake' retrieved from /opt/airflow/dags/load_day_to_snowflake.py
[2025-07-30T15:10:16.329+0000] {logging_mixin.py:188} INFO - [2025-07-30T15:10:16.329+0000] {dag.py:3096} INFO - Sync 1 DAGs
[2025-07-30T15:10:16.339+0000] {logging_mixin.py:188} INFO - [2025-07-30T15:10:16.339+0000] {dag.py:3954} INFO - Setting next_dagrun for load_day_to_snowflake to None, run_after=None
[2025-07-30T15:10:16.356+0000] {processor.py:183} INFO - Processing /opt/airflow/dags/load_day_to_snowflake.py took 0.074 seconds
[2025-07-30T15:10:47.330+0000] {processor.py:161} INFO - Started process (PID=597) to work on /opt/airflow/dags/load_day_to_snowflake.py
[2025-07-30T15:10:47.331+0000] {processor.py:830} INFO - Processing file /opt/airflow/dags/load_day_to_snowflake.py for tasks to queue
[2025-07-30T15:10:47.333+0000] {logging_mixin.py:188} INFO - [2025-07-30T15:10:47.333+0000] {dagbag.py:540} INFO - Filling up the DagBag from /opt/airflow/dags/load_day_to_snowflake.py
[2025-07-30T15:10:47.349+0000] {processor.py:840} INFO - DAG(s) 'load_day_to_snowflake' retrieved from /opt/airflow/dags/load_day_to_snowflake.py
[2025-07-30T15:10:47.372+0000] {logging_mixin.py:188} INFO - [2025-07-30T15:10:47.371+0000] {dag.py:3096} INFO - Sync 1 DAGs
[2025-07-30T15:10:47.382+0000] {logging_mixin.py:188} INFO - [2025-07-30T15:10:47.382+0000] {dag.py:3954} INFO - Setting next_dagrun for load_day_to_snowflake to None, run_after=None
[2025-07-30T15:10:47.400+0000] {processor.py:183} INFO - Processing /opt/airflow/dags/load_day_to_snowflake.py took 0.075 seconds
[2025-07-30T15:11:17.543+0000] {processor.py:161} INFO - Started process (PID=632) to work on /opt/airflow/dags/load_day_to_snowflake.py
[2025-07-30T15:11:17.544+0000] {processor.py:830} INFO - Processing file /opt/airflow/dags/load_day_to_snowflake.py for tasks to queue
[2025-07-30T15:11:17.546+0000] {logging_mixin.py:188} INFO - [2025-07-30T15:11:17.546+0000] {dagbag.py:540} INFO - Filling up the DagBag from /opt/airflow/dags/load_day_to_snowflake.py
[2025-07-30T15:11:17.561+0000] {processor.py:840} INFO - DAG(s) 'load_day_to_snowflake' retrieved from /opt/airflow/dags/load_day_to_snowflake.py
[2025-07-30T15:11:17.586+0000] {logging_mixin.py:188} INFO - [2025-07-30T15:11:17.585+0000] {dag.py:3096} INFO - Sync 1 DAGs
[2025-07-30T15:11:17.596+0000] {logging_mixin.py:188} INFO - [2025-07-30T15:11:17.596+0000] {dag.py:3954} INFO - Setting next_dagrun for load_day_to_snowflake to None, run_after=None
[2025-07-30T15:11:17.612+0000] {processor.py:183} INFO - Processing /opt/airflow/dags/load_day_to_snowflake.py took 0.074 seconds
[2025-07-30T15:11:48.615+0000] {processor.py:161} INFO - Started process (PID=667) to work on /opt/airflow/dags/load_day_to_snowflake.py
[2025-07-30T15:11:48.616+0000] {processor.py:830} INFO - Processing file /opt/airflow/dags/load_day_to_snowflake.py for tasks to queue
[2025-07-30T15:11:48.617+0000] {logging_mixin.py:188} INFO - [2025-07-30T15:11:48.617+0000] {dagbag.py:540} INFO - Filling up the DagBag from /opt/airflow/dags/load_day_to_snowflake.py
[2025-07-30T15:11:48.632+0000] {processor.py:840} INFO - DAG(s) 'load_day_to_snowflake' retrieved from /opt/airflow/dags/load_day_to_snowflake.py
[2025-07-30T15:11:48.657+0000] {logging_mixin.py:188} INFO - [2025-07-30T15:11:48.656+0000] {dag.py:3096} INFO - Sync 1 DAGs
[2025-07-30T15:11:48.667+0000] {logging_mixin.py:188} INFO - [2025-07-30T15:11:48.667+0000] {dag.py:3954} INFO - Setting next_dagrun for load_day_to_snowflake to None, run_after=None
[2025-07-30T15:11:48.682+0000] {processor.py:183} INFO - Processing /opt/airflow/dags/load_day_to_snowflake.py took 0.072 seconds
[2025-07-30T15:12:18.854+0000] {processor.py:161} INFO - Started process (PID=702) to work on /opt/airflow/dags/load_day_to_snowflake.py
[2025-07-30T15:12:18.855+0000] {processor.py:830} INFO - Processing file /opt/airflow/dags/load_day_to_snowflake.py for tasks to queue
[2025-07-30T15:12:18.857+0000] {logging_mixin.py:188} INFO - [2025-07-30T15:12:18.857+0000] {dagbag.py:540} INFO - Filling up the DagBag from /opt/airflow/dags/load_day_to_snowflake.py
[2025-07-30T15:12:18.875+0000] {processor.py:840} INFO - DAG(s) 'load_day_to_snowflake' retrieved from /opt/airflow/dags/load_day_to_snowflake.py
[2025-07-30T15:12:18.903+0000] {logging_mixin.py:188} INFO - [2025-07-30T15:12:18.903+0000] {dag.py:3096} INFO - Sync 1 DAGs
[2025-07-30T15:12:18.916+0000] {logging_mixin.py:188} INFO - [2025-07-30T15:12:18.915+0000] {dag.py:3954} INFO - Setting next_dagrun for load_day_to_snowflake to None, run_after=None
[2025-07-30T15:12:18.934+0000] {processor.py:183} INFO - Processing /opt/airflow/dags/load_day_to_snowflake.py took 0.087 seconds
[2025-07-30T15:12:49.006+0000] {processor.py:161} INFO - Started process (PID=737) to work on /opt/airflow/dags/load_day_to_snowflake.py
[2025-07-30T15:12:49.007+0000] {processor.py:830} INFO - Processing file /opt/airflow/dags/load_day_to_snowflake.py for tasks to queue
[2025-07-30T15:12:49.010+0000] {logging_mixin.py:188} INFO - [2025-07-30T15:12:49.009+0000] {dagbag.py:540} INFO - Filling up the DagBag from /opt/airflow/dags/load_day_to_snowflake.py
[2025-07-30T15:12:49.026+0000] {processor.py:840} INFO - DAG(s) 'load_day_to_snowflake' retrieved from /opt/airflow/dags/load_day_to_snowflake.py
[2025-07-30T15:12:49.050+0000] {logging_mixin.py:188} INFO - [2025-07-30T15:12:49.049+0000] {dag.py:3096} INFO - Sync 1 DAGs
[2025-07-30T15:12:49.059+0000] {logging_mixin.py:188} INFO - [2025-07-30T15:12:49.059+0000] {dag.py:3954} INFO - Setting next_dagrun for load_day_to_snowflake to None, run_after=None
[2025-07-30T15:12:49.080+0000] {processor.py:183} INFO - Processing /opt/airflow/dags/load_day_to_snowflake.py took 0.080 seconds
[2025-07-30T15:13:19.575+0000] {processor.py:161} INFO - Started process (PID=772) to work on /opt/airflow/dags/load_day_to_snowflake.py
[2025-07-30T15:13:19.576+0000] {processor.py:830} INFO - Processing file /opt/airflow/dags/load_day_to_snowflake.py for tasks to queue
[2025-07-30T15:13:19.578+0000] {logging_mixin.py:188} INFO - [2025-07-30T15:13:19.578+0000] {dagbag.py:540} INFO - Filling up the DagBag from /opt/airflow/dags/load_day_to_snowflake.py
[2025-07-30T15:13:19.607+0000] {processor.py:840} INFO - DAG(s) 'load_day_to_snowflake' retrieved from /opt/airflow/dags/load_day_to_snowflake.py
[2025-07-30T15:13:19.656+0000] {logging_mixin.py:188} INFO - [2025-07-30T15:13:19.656+0000] {dag.py:3096} INFO - Sync 1 DAGs
[2025-07-30T15:13:19.674+0000] {logging_mixin.py:188} INFO - [2025-07-30T15:13:19.674+0000] {dag.py:3954} INFO - Setting next_dagrun for load_day_to_snowflake to None, run_after=None
[2025-07-30T15:13:19.697+0000] {processor.py:183} INFO - Processing /opt/airflow/dags/load_day_to_snowflake.py took 0.128 seconds
[2025-07-30T15:13:50.328+0000] {processor.py:161} INFO - Started process (PID=807) to work on /opt/airflow/dags/load_day_to_snowflake.py
[2025-07-30T15:13:50.330+0000] {processor.py:830} INFO - Processing file /opt/airflow/dags/load_day_to_snowflake.py for tasks to queue
[2025-07-30T15:13:50.332+0000] {logging_mixin.py:188} INFO - [2025-07-30T15:13:50.331+0000] {dagbag.py:540} INFO - Filling up the DagBag from /opt/airflow/dags/load_day_to_snowflake.py
[2025-07-30T15:13:50.347+0000] {processor.py:840} INFO - DAG(s) 'load_day_to_snowflake' retrieved from /opt/airflow/dags/load_day_to_snowflake.py
[2025-07-30T15:13:50.370+0000] {logging_mixin.py:188} INFO - [2025-07-30T15:13:50.370+0000] {dag.py:3096} INFO - Sync 1 DAGs
[2025-07-30T15:13:50.382+0000] {logging_mixin.py:188} INFO - [2025-07-30T15:13:50.382+0000] {dag.py:3954} INFO - Setting next_dagrun for load_day_to_snowflake to None, run_after=None
[2025-07-30T15:13:50.399+0000] {processor.py:183} INFO - Processing /opt/airflow/dags/load_day_to_snowflake.py took 0.077 seconds
[2025-07-30T15:14:20.956+0000] {processor.py:161} INFO - Started process (PID=842) to work on /opt/airflow/dags/load_day_to_snowflake.py
[2025-07-30T15:14:20.958+0000] {processor.py:830} INFO - Processing file /opt/airflow/dags/load_day_to_snowflake.py for tasks to queue
[2025-07-30T15:14:20.963+0000] {logging_mixin.py:188} INFO - [2025-07-30T15:14:20.962+0000] {dagbag.py:540} INFO - Filling up the DagBag from /opt/airflow/dags/load_day_to_snowflake.py
[2025-07-30T15:14:20.982+0000] {processor.py:840} INFO - DAG(s) 'load_day_to_snowflake' retrieved from /opt/airflow/dags/load_day_to_snowflake.py
[2025-07-30T15:14:21.006+0000] {logging_mixin.py:188} INFO - [2025-07-30T15:14:21.004+0000] {dag.py:3096} INFO - Sync 1 DAGs
[2025-07-30T15:14:21.016+0000] {logging_mixin.py:188} INFO - [2025-07-30T15:14:21.016+0000] {dag.py:3954} INFO - Setting next_dagrun for load_day_to_snowflake to None, run_after=None
[2025-07-30T15:14:21.032+0000] {processor.py:183} INFO - Processing /opt/airflow/dags/load_day_to_snowflake.py took 0.083 seconds
[2025-07-30T15:14:51.405+0000] {processor.py:161} INFO - Started process (PID=877) to work on /opt/airflow/dags/load_day_to_snowflake.py
[2025-07-30T15:14:51.408+0000] {processor.py:830} INFO - Processing file /opt/airflow/dags/load_day_to_snowflake.py for tasks to queue
[2025-07-30T15:14:51.411+0000] {logging_mixin.py:188} INFO - [2025-07-30T15:14:51.410+0000] {dagbag.py:540} INFO - Filling up the DagBag from /opt/airflow/dags/load_day_to_snowflake.py
[2025-07-30T15:14:51.430+0000] {processor.py:840} INFO - DAG(s) 'load_day_to_snowflake' retrieved from /opt/airflow/dags/load_day_to_snowflake.py
[2025-07-30T15:14:51.466+0000] {logging_mixin.py:188} INFO - [2025-07-30T15:14:51.464+0000] {dag.py:3096} INFO - Sync 1 DAGs
[2025-07-30T15:14:51.480+0000] {logging_mixin.py:188} INFO - [2025-07-30T15:14:51.480+0000] {dag.py:3954} INFO - Setting next_dagrun for load_day_to_snowflake to None, run_after=None
[2025-07-30T15:14:51.503+0000] {processor.py:183} INFO - Processing /opt/airflow/dags/load_day_to_snowflake.py took 0.105 seconds
[2025-07-30T15:15:21.981+0000] {processor.py:161} INFO - Started process (PID=912) to work on /opt/airflow/dags/load_day_to_snowflake.py
[2025-07-30T15:15:21.982+0000] {processor.py:830} INFO - Processing file /opt/airflow/dags/load_day_to_snowflake.py for tasks to queue
[2025-07-30T15:15:21.985+0000] {logging_mixin.py:188} INFO - [2025-07-30T15:15:21.984+0000] {dagbag.py:540} INFO - Filling up the DagBag from /opt/airflow/dags/load_day_to_snowflake.py
[2025-07-30T15:15:22.006+0000] {processor.py:840} INFO - DAG(s) 'load_day_to_snowflake' retrieved from /opt/airflow/dags/load_day_to_snowflake.py
[2025-07-30T15:15:22.040+0000] {logging_mixin.py:188} INFO - [2025-07-30T15:15:22.039+0000] {dag.py:3096} INFO - Sync 1 DAGs
[2025-07-30T15:15:22.053+0000] {logging_mixin.py:188} INFO - [2025-07-30T15:15:22.052+0000] {dag.py:3954} INFO - Setting next_dagrun for load_day_to_snowflake to None, run_after=None
[2025-07-30T15:15:22.079+0000] {processor.py:183} INFO - Processing /opt/airflow/dags/load_day_to_snowflake.py took 0.105 seconds
[2025-07-30T15:15:54.212+0000] {processor.py:161} INFO - Started process (PID=947) to work on /opt/airflow/dags/load_day_to_snowflake.py
[2025-07-30T15:15:54.214+0000] {processor.py:830} INFO - Processing file /opt/airflow/dags/load_day_to_snowflake.py for tasks to queue
[2025-07-30T15:15:54.218+0000] {logging_mixin.py:188} INFO - [2025-07-30T15:15:54.217+0000] {dagbag.py:540} INFO - Filling up the DagBag from /opt/airflow/dags/load_day_to_snowflake.py
[2025-07-30T15:15:54.238+0000] {processor.py:840} INFO - DAG(s) 'load_day_to_snowflake' retrieved from /opt/airflow/dags/load_day_to_snowflake.py
[2025-07-30T15:15:54.269+0000] {logging_mixin.py:188} INFO - [2025-07-30T15:15:54.268+0000] {dag.py:3096} INFO - Sync 1 DAGs
[2025-07-30T15:15:54.281+0000] {logging_mixin.py:188} INFO - [2025-07-30T15:15:54.281+0000] {dag.py:3954} INFO - Setting next_dagrun for load_day_to_snowflake to None, run_after=None
[2025-07-30T15:15:54.302+0000] {processor.py:183} INFO - Processing /opt/airflow/dags/load_day_to_snowflake.py took 0.096 seconds
[2025-07-30T15:16:26.668+0000] {processor.py:161} INFO - Started process (PID=982) to work on /opt/airflow/dags/load_day_to_snowflake.py
[2025-07-30T15:16:26.669+0000] {processor.py:830} INFO - Processing file /opt/airflow/dags/load_day_to_snowflake.py for tasks to queue
[2025-07-30T15:16:26.671+0000] {logging_mixin.py:188} INFO - [2025-07-30T15:16:26.671+0000] {dagbag.py:540} INFO - Filling up the DagBag from /opt/airflow/dags/load_day_to_snowflake.py
[2025-07-30T15:16:26.693+0000] {processor.py:840} INFO - DAG(s) 'load_day_to_snowflake' retrieved from /opt/airflow/dags/load_day_to_snowflake.py
[2025-07-30T15:16:26.721+0000] {logging_mixin.py:188} INFO - [2025-07-30T15:16:26.720+0000] {dag.py:3096} INFO - Sync 1 DAGs
[2025-07-30T15:16:26.731+0000] {logging_mixin.py:188} INFO - [2025-07-30T15:16:26.731+0000] {dag.py:3954} INFO - Setting next_dagrun for load_day_to_snowflake to None, run_after=None
[2025-07-30T15:16:26.749+0000] {processor.py:183} INFO - Processing /opt/airflow/dags/load_day_to_snowflake.py took 0.087 seconds
[2025-07-30T15:16:58.929+0000] {processor.py:161} INFO - Started process (PID=1017) to work on /opt/airflow/dags/load_day_to_snowflake.py
[2025-07-30T15:16:58.930+0000] {processor.py:830} INFO - Processing file /opt/airflow/dags/load_day_to_snowflake.py for tasks to queue
[2025-07-30T15:16:58.932+0000] {logging_mixin.py:188} INFO - [2025-07-30T15:16:58.931+0000] {dagbag.py:540} INFO - Filling up the DagBag from /opt/airflow/dags/load_day_to_snowflake.py
[2025-07-30T15:16:58.945+0000] {processor.py:840} INFO - DAG(s) 'load_day_to_snowflake' retrieved from /opt/airflow/dags/load_day_to_snowflake.py
[2025-07-30T15:16:58.968+0000] {logging_mixin.py:188} INFO - [2025-07-30T15:16:58.967+0000] {dag.py:3096} INFO - Sync 1 DAGs
[2025-07-30T15:16:58.977+0000] {logging_mixin.py:188} INFO - [2025-07-30T15:16:58.977+0000] {dag.py:3954} INFO - Setting next_dagrun for load_day_to_snowflake to None, run_after=None
[2025-07-30T15:16:58.993+0000] {processor.py:183} INFO - Processing /opt/airflow/dags/load_day_to_snowflake.py took 0.070 seconds
[2025-07-30T15:17:31.173+0000] {processor.py:161} INFO - Started process (PID=1050) to work on /opt/airflow/dags/load_day_to_snowflake.py
[2025-07-30T15:17:31.174+0000] {processor.py:830} INFO - Processing file /opt/airflow/dags/load_day_to_snowflake.py for tasks to queue
[2025-07-30T15:17:31.175+0000] {logging_mixin.py:188} INFO - [2025-07-30T15:17:31.175+0000] {dagbag.py:540} INFO - Filling up the DagBag from /opt/airflow/dags/load_day_to_snowflake.py
[2025-07-30T15:17:31.191+0000] {processor.py:840} INFO - DAG(s) 'load_day_to_snowflake' retrieved from /opt/airflow/dags/load_day_to_snowflake.py
[2025-07-30T15:17:31.214+0000] {logging_mixin.py:188} INFO - [2025-07-30T15:17:31.213+0000] {dag.py:3096} INFO - Sync 1 DAGs
[2025-07-30T15:17:31.226+0000] {logging_mixin.py:188} INFO - [2025-07-30T15:17:31.225+0000] {dag.py:3954} INFO - Setting next_dagrun for load_day_to_snowflake to None, run_after=None
[2025-07-30T15:17:31.243+0000] {processor.py:183} INFO - Processing /opt/airflow/dags/load_day_to_snowflake.py took 0.075 seconds
[2025-07-30T15:18:03.316+0000] {processor.py:161} INFO - Started process (PID=1087) to work on /opt/airflow/dags/load_day_to_snowflake.py
[2025-07-30T15:18:03.317+0000] {processor.py:830} INFO - Processing file /opt/airflow/dags/load_day_to_snowflake.py for tasks to queue
[2025-07-30T15:18:03.319+0000] {logging_mixin.py:188} INFO - [2025-07-30T15:18:03.319+0000] {dagbag.py:540} INFO - Filling up the DagBag from /opt/airflow/dags/load_day_to_snowflake.py
[2025-07-30T15:18:03.334+0000] {processor.py:840} INFO - DAG(s) 'load_day_to_snowflake' retrieved from /opt/airflow/dags/load_day_to_snowflake.py
[2025-07-30T15:18:03.356+0000] {logging_mixin.py:188} INFO - [2025-07-30T15:18:03.356+0000] {dag.py:3096} INFO - Sync 1 DAGs
[2025-07-30T15:18:03.367+0000] {logging_mixin.py:188} INFO - [2025-07-30T15:18:03.367+0000] {dag.py:3954} INFO - Setting next_dagrun for load_day_to_snowflake to None, run_after=None
[2025-07-30T15:18:03.384+0000] {processor.py:183} INFO - Processing /opt/airflow/dags/load_day_to_snowflake.py took 0.072 seconds
[2025-07-30T15:18:33.961+0000] {processor.py:161} INFO - Started process (PID=1122) to work on /opt/airflow/dags/load_day_to_snowflake.py
[2025-07-30T15:18:33.962+0000] {processor.py:830} INFO - Processing file /opt/airflow/dags/load_day_to_snowflake.py for tasks to queue
[2025-07-30T15:18:33.964+0000] {logging_mixin.py:188} INFO - [2025-07-30T15:18:33.963+0000] {dagbag.py:540} INFO - Filling up the DagBag from /opt/airflow/dags/load_day_to_snowflake.py
[2025-07-30T15:18:33.982+0000] {processor.py:840} INFO - DAG(s) 'load_day_to_snowflake' retrieved from /opt/airflow/dags/load_day_to_snowflake.py
[2025-07-30T15:18:34.011+0000] {logging_mixin.py:188} INFO - [2025-07-30T15:18:34.010+0000] {dag.py:3096} INFO - Sync 1 DAGs
[2025-07-30T15:18:34.021+0000] {logging_mixin.py:188} INFO - [2025-07-30T15:18:34.021+0000] {dag.py:3954} INFO - Setting next_dagrun for load_day_to_snowflake to None, run_after=None
[2025-07-30T15:18:34.037+0000] {processor.py:183} INFO - Processing /opt/airflow/dags/load_day_to_snowflake.py took 0.081 seconds
[2025-07-30T15:19:04.299+0000] {processor.py:161} INFO - Started process (PID=1157) to work on /opt/airflow/dags/load_day_to_snowflake.py
[2025-07-30T15:19:04.299+0000] {processor.py:830} INFO - Processing file /opt/airflow/dags/load_day_to_snowflake.py for tasks to queue
[2025-07-30T15:19:04.302+0000] {logging_mixin.py:188} INFO - [2025-07-30T15:19:04.301+0000] {dagbag.py:540} INFO - Filling up the DagBag from /opt/airflow/dags/load_day_to_snowflake.py
[2025-07-30T15:19:04.316+0000] {processor.py:840} INFO - DAG(s) 'load_day_to_snowflake' retrieved from /opt/airflow/dags/load_day_to_snowflake.py
[2025-07-30T15:19:04.338+0000] {logging_mixin.py:188} INFO - [2025-07-30T15:19:04.338+0000] {dag.py:3096} INFO - Sync 1 DAGs
[2025-07-30T15:19:04.347+0000] {logging_mixin.py:188} INFO - [2025-07-30T15:19:04.347+0000] {dag.py:3954} INFO - Setting next_dagrun for load_day_to_snowflake to None, run_after=None
[2025-07-30T15:19:04.364+0000] {processor.py:183} INFO - Processing /opt/airflow/dags/load_day_to_snowflake.py took 0.070 seconds
[2025-07-30T15:19:34.799+0000] {processor.py:161} INFO - Started process (PID=1192) to work on /opt/airflow/dags/load_day_to_snowflake.py
[2025-07-30T15:19:34.802+0000] {processor.py:830} INFO - Processing file /opt/airflow/dags/load_day_to_snowflake.py for tasks to queue
[2025-07-30T15:19:34.804+0000] {logging_mixin.py:188} INFO - [2025-07-30T15:19:34.804+0000] {dagbag.py:540} INFO - Filling up the DagBag from /opt/airflow/dags/load_day_to_snowflake.py
[2025-07-30T15:19:34.822+0000] {processor.py:840} INFO - DAG(s) 'load_day_to_snowflake' retrieved from /opt/airflow/dags/load_day_to_snowflake.py
[2025-07-30T15:19:34.846+0000] {logging_mixin.py:188} INFO - [2025-07-30T15:19:34.846+0000] {dag.py:3096} INFO - Sync 1 DAGs
[2025-07-30T15:19:34.856+0000] {logging_mixin.py:188} INFO - [2025-07-30T15:19:34.856+0000] {dag.py:3954} INFO - Setting next_dagrun for load_day_to_snowflake to None, run_after=None
[2025-07-30T15:19:34.877+0000] {processor.py:183} INFO - Processing /opt/airflow/dags/load_day_to_snowflake.py took 0.083 seconds
[2025-07-30T15:20:04.982+0000] {processor.py:161} INFO - Started process (PID=1227) to work on /opt/airflow/dags/load_day_to_snowflake.py
[2025-07-30T15:20:04.983+0000] {processor.py:830} INFO - Processing file /opt/airflow/dags/load_day_to_snowflake.py for tasks to queue
[2025-07-30T15:20:04.985+0000] {logging_mixin.py:188} INFO - [2025-07-30T15:20:04.984+0000] {dagbag.py:540} INFO - Filling up the DagBag from /opt/airflow/dags/load_day_to_snowflake.py
[2025-07-30T15:20:04.999+0000] {processor.py:840} INFO - DAG(s) 'load_day_to_snowflake' retrieved from /opt/airflow/dags/load_day_to_snowflake.py
[2025-07-30T15:20:05.021+0000] {logging_mixin.py:188} INFO - [2025-07-30T15:20:05.020+0000] {dag.py:3096} INFO - Sync 1 DAGs
[2025-07-30T15:20:05.031+0000] {logging_mixin.py:188} INFO - [2025-07-30T15:20:05.031+0000] {dag.py:3954} INFO - Setting next_dagrun for load_day_to_snowflake to None, run_after=None
[2025-07-30T15:20:05.047+0000] {processor.py:183} INFO - Processing /opt/airflow/dags/load_day_to_snowflake.py took 0.070 seconds
[2025-07-30T15:20:35.142+0000] {processor.py:161} INFO - Started process (PID=1262) to work on /opt/airflow/dags/load_day_to_snowflake.py
[2025-07-30T15:20:35.143+0000] {processor.py:830} INFO - Processing file /opt/airflow/dags/load_day_to_snowflake.py for tasks to queue
[2025-07-30T15:20:35.144+0000] {logging_mixin.py:188} INFO - [2025-07-30T15:20:35.144+0000] {dagbag.py:540} INFO - Filling up the DagBag from /opt/airflow/dags/load_day_to_snowflake.py
[2025-07-30T15:20:35.160+0000] {processor.py:840} INFO - DAG(s) 'load_day_to_snowflake' retrieved from /opt/airflow/dags/load_day_to_snowflake.py
[2025-07-30T15:20:35.182+0000] {logging_mixin.py:188} INFO - [2025-07-30T15:20:35.182+0000] {dag.py:3096} INFO - Sync 1 DAGs
[2025-07-30T15:20:35.192+0000] {logging_mixin.py:188} INFO - [2025-07-30T15:20:35.191+0000] {dag.py:3954} INFO - Setting next_dagrun for load_day_to_snowflake to None, run_after=None
[2025-07-30T15:20:35.207+0000] {processor.py:183} INFO - Processing /opt/airflow/dags/load_day_to_snowflake.py took 0.070 seconds
[2025-07-30T15:21:05.306+0000] {processor.py:161} INFO - Started process (PID=1297) to work on /opt/airflow/dags/load_day_to_snowflake.py
[2025-07-30T15:21:05.307+0000] {processor.py:830} INFO - Processing file /opt/airflow/dags/load_day_to_snowflake.py for tasks to queue
[2025-07-30T15:21:05.313+0000] {logging_mixin.py:188} INFO - [2025-07-30T15:21:05.312+0000] {dagbag.py:540} INFO - Filling up the DagBag from /opt/airflow/dags/load_day_to_snowflake.py
[2025-07-30T15:21:05.347+0000] {processor.py:840} INFO - DAG(s) 'load_day_to_snowflake' retrieved from /opt/airflow/dags/load_day_to_snowflake.py
[2025-07-30T15:21:05.386+0000] {logging_mixin.py:188} INFO - [2025-07-30T15:21:05.385+0000] {dag.py:3096} INFO - Sync 1 DAGs
[2025-07-30T15:21:05.404+0000] {logging_mixin.py:188} INFO - [2025-07-30T15:21:05.404+0000] {dag.py:3954} INFO - Setting next_dagrun for load_day_to_snowflake to None, run_after=None
[2025-07-30T15:21:05.435+0000] {processor.py:183} INFO - Processing /opt/airflow/dags/load_day_to_snowflake.py took 0.136 seconds
[2025-07-30T15:21:35.686+0000] {processor.py:161} INFO - Started process (PID=1332) to work on /opt/airflow/dags/load_day_to_snowflake.py
[2025-07-30T15:21:35.687+0000] {processor.py:830} INFO - Processing file /opt/airflow/dags/load_day_to_snowflake.py for tasks to queue
[2025-07-30T15:21:35.691+0000] {logging_mixin.py:188} INFO - [2025-07-30T15:21:35.691+0000] {dagbag.py:540} INFO - Filling up the DagBag from /opt/airflow/dags/load_day_to_snowflake.py
[2025-07-30T15:21:35.719+0000] {processor.py:840} INFO - DAG(s) 'load_day_to_snowflake' retrieved from /opt/airflow/dags/load_day_to_snowflake.py
[2025-07-30T15:21:35.811+0000] {logging_mixin.py:188} INFO - [2025-07-30T15:21:35.807+0000] {dag.py:3096} INFO - Sync 1 DAGs
[2025-07-30T15:21:35.844+0000] {logging_mixin.py:188} INFO - [2025-07-30T15:21:35.843+0000] {dag.py:3954} INFO - Setting next_dagrun for load_day_to_snowflake to None, run_after=None
[2025-07-30T15:21:35.880+0000] {processor.py:183} INFO - Processing /opt/airflow/dags/load_day_to_snowflake.py took 0.205 seconds
[2025-07-30T15:22:05.967+0000] {processor.py:161} INFO - Started process (PID=1367) to work on /opt/airflow/dags/load_day_to_snowflake.py
[2025-07-30T15:22:05.968+0000] {processor.py:830} INFO - Processing file /opt/airflow/dags/load_day_to_snowflake.py for tasks to queue
[2025-07-30T15:22:05.970+0000] {logging_mixin.py:188} INFO - [2025-07-30T15:22:05.969+0000] {dagbag.py:540} INFO - Filling up the DagBag from /opt/airflow/dags/load_day_to_snowflake.py
[2025-07-30T15:22:05.984+0000] {processor.py:840} INFO - DAG(s) 'load_day_to_snowflake' retrieved from /opt/airflow/dags/load_day_to_snowflake.py
[2025-07-30T15:22:06.007+0000] {logging_mixin.py:188} INFO - [2025-07-30T15:22:06.007+0000] {dag.py:3096} INFO - Sync 1 DAGs
[2025-07-30T15:22:06.017+0000] {logging_mixin.py:188} INFO - [2025-07-30T15:22:06.017+0000] {dag.py:3954} INFO - Setting next_dagrun for load_day_to_snowflake to None, run_after=None
[2025-07-30T15:22:06.032+0000] {processor.py:183} INFO - Processing /opt/airflow/dags/load_day_to_snowflake.py took 0.070 seconds
[2025-07-30T15:22:36.129+0000] {processor.py:161} INFO - Started process (PID=1402) to work on /opt/airflow/dags/load_day_to_snowflake.py
[2025-07-30T15:22:36.130+0000] {processor.py:830} INFO - Processing file /opt/airflow/dags/load_day_to_snowflake.py for tasks to queue
[2025-07-30T15:22:36.132+0000] {logging_mixin.py:188} INFO - [2025-07-30T15:22:36.131+0000] {dagbag.py:540} INFO - Filling up the DagBag from /opt/airflow/dags/load_day_to_snowflake.py
[2025-07-30T15:22:36.150+0000] {processor.py:840} INFO - DAG(s) 'load_day_to_snowflake' retrieved from /opt/airflow/dags/load_day_to_snowflake.py
[2025-07-30T15:22:36.180+0000] {logging_mixin.py:188} INFO - [2025-07-30T15:22:36.179+0000] {dag.py:3096} INFO - Sync 1 DAGs
[2025-07-30T15:22:36.191+0000] {logging_mixin.py:188} INFO - [2025-07-30T15:22:36.191+0000] {dag.py:3954} INFO - Setting next_dagrun for load_day_to_snowflake to None, run_after=None
[2025-07-30T15:22:36.211+0000] {processor.py:183} INFO - Processing /opt/airflow/dags/load_day_to_snowflake.py took 0.088 seconds
[2025-07-30T15:23:07.196+0000] {processor.py:161} INFO - Started process (PID=1442) to work on /opt/airflow/dags/load_day_to_snowflake.py
[2025-07-30T15:23:07.197+0000] {processor.py:830} INFO - Processing file /opt/airflow/dags/load_day_to_snowflake.py for tasks to queue
[2025-07-30T15:23:07.199+0000] {logging_mixin.py:188} INFO - [2025-07-30T15:23:07.199+0000] {dagbag.py:540} INFO - Filling up the DagBag from /opt/airflow/dags/load_day_to_snowflake.py
[2025-07-30T15:23:07.222+0000] {processor.py:840} INFO - DAG(s) 'load_day_to_snowflake' retrieved from /opt/airflow/dags/load_day_to_snowflake.py
[2025-07-30T15:23:07.249+0000] {logging_mixin.py:188} INFO - [2025-07-30T15:23:07.248+0000] {dag.py:3096} INFO - Sync 1 DAGs
[2025-07-30T15:23:07.262+0000] {logging_mixin.py:188} INFO - [2025-07-30T15:23:07.262+0000] {dag.py:3954} INFO - Setting next_dagrun for load_day_to_snowflake to None, run_after=None
[2025-07-30T15:23:07.283+0000] {processor.py:183} INFO - Processing /opt/airflow/dags/load_day_to_snowflake.py took 0.092 seconds
[2025-07-30T15:23:37.438+0000] {processor.py:161} INFO - Started process (PID=1477) to work on /opt/airflow/dags/load_day_to_snowflake.py
[2025-07-30T15:23:37.438+0000] {processor.py:830} INFO - Processing file /opt/airflow/dags/load_day_to_snowflake.py for tasks to queue
[2025-07-30T15:23:37.441+0000] {logging_mixin.py:188} INFO - [2025-07-30T15:23:37.440+0000] {dagbag.py:540} INFO - Filling up the DagBag from /opt/airflow/dags/load_day_to_snowflake.py
[2025-07-30T15:23:37.463+0000] {processor.py:840} INFO - DAG(s) 'load_day_to_snowflake' retrieved from /opt/airflow/dags/load_day_to_snowflake.py
[2025-07-30T15:23:37.493+0000] {logging_mixin.py:188} INFO - [2025-07-30T15:23:37.492+0000] {dag.py:3096} INFO - Sync 1 DAGs
[2025-07-30T15:23:37.506+0000] {logging_mixin.py:188} INFO - [2025-07-30T15:23:37.505+0000] {dag.py:3954} INFO - Setting next_dagrun for load_day_to_snowflake to None, run_after=None
[2025-07-30T15:23:37.550+0000] {processor.py:183} INFO - Processing /opt/airflow/dags/load_day_to_snowflake.py took 0.117 seconds
[2025-07-30T15:24:07.613+0000] {processor.py:161} INFO - Started process (PID=1517) to work on /opt/airflow/dags/load_day_to_snowflake.py
[2025-07-30T15:24:07.615+0000] {processor.py:830} INFO - Processing file /opt/airflow/dags/load_day_to_snowflake.py for tasks to queue
[2025-07-30T15:24:07.617+0000] {logging_mixin.py:188} INFO - [2025-07-30T15:24:07.617+0000] {dagbag.py:540} INFO - Filling up the DagBag from /opt/airflow/dags/load_day_to_snowflake.py
[2025-07-30T15:24:07.638+0000] {processor.py:840} INFO - DAG(s) 'load_day_to_snowflake' retrieved from /opt/airflow/dags/load_day_to_snowflake.py
[2025-07-30T15:24:07.666+0000] {logging_mixin.py:188} INFO - [2025-07-30T15:24:07.665+0000] {dag.py:3096} INFO - Sync 1 DAGs
[2025-07-30T15:24:07.680+0000] {logging_mixin.py:188} INFO - [2025-07-30T15:24:07.680+0000] {dag.py:3954} INFO - Setting next_dagrun for load_day_to_snowflake to None, run_after=None
[2025-07-30T15:24:07.700+0000] {processor.py:183} INFO - Processing /opt/airflow/dags/load_day_to_snowflake.py took 0.092 seconds
[2025-07-30T15:24:37.939+0000] {processor.py:161} INFO - Started process (PID=1552) to work on /opt/airflow/dags/load_day_to_snowflake.py
[2025-07-30T15:24:37.940+0000] {processor.py:830} INFO - Processing file /opt/airflow/dags/load_day_to_snowflake.py for tasks to queue
[2025-07-30T15:24:37.942+0000] {logging_mixin.py:188} INFO - [2025-07-30T15:24:37.942+0000] {dagbag.py:540} INFO - Filling up the DagBag from /opt/airflow/dags/load_day_to_snowflake.py
[2025-07-30T15:24:37.956+0000] {processor.py:840} INFO - DAG(s) 'load_day_to_snowflake' retrieved from /opt/airflow/dags/load_day_to_snowflake.py
[2025-07-30T15:24:37.981+0000] {logging_mixin.py:188} INFO - [2025-07-30T15:24:37.981+0000] {dag.py:3096} INFO - Sync 1 DAGs
[2025-07-30T15:24:37.992+0000] {logging_mixin.py:188} INFO - [2025-07-30T15:24:37.991+0000] {dag.py:3954} INFO - Setting next_dagrun for load_day_to_snowflake to None, run_after=None
[2025-07-30T15:24:38.010+0000] {processor.py:183} INFO - Processing /opt/airflow/dags/load_day_to_snowflake.py took 0.075 seconds
[2025-07-30T15:25:08.913+0000] {processor.py:161} INFO - Started process (PID=1587) to work on /opt/airflow/dags/load_day_to_snowflake.py
[2025-07-30T15:25:08.915+0000] {processor.py:830} INFO - Processing file /opt/airflow/dags/load_day_to_snowflake.py for tasks to queue
[2025-07-30T15:25:08.917+0000] {logging_mixin.py:188} INFO - [2025-07-30T15:25:08.916+0000] {dagbag.py:540} INFO - Filling up the DagBag from /opt/airflow/dags/load_day_to_snowflake.py
[2025-07-30T15:25:08.937+0000] {processor.py:840} INFO - DAG(s) 'load_day_to_snowflake' retrieved from /opt/airflow/dags/load_day_to_snowflake.py
[2025-07-30T15:25:09.136+0000] {logging_mixin.py:188} INFO - [2025-07-30T15:25:09.134+0000] {dag.py:3096} INFO - Sync 1 DAGs
[2025-07-30T15:25:09.234+0000] {logging_mixin.py:188} INFO - [2025-07-30T15:25:09.233+0000] {dag.py:3954} INFO - Setting next_dagrun for load_day_to_snowflake to None, run_after=None
[2025-07-30T15:25:09.314+0000] {processor.py:183} INFO - Processing /opt/airflow/dags/load_day_to_snowflake.py took 0.405 seconds
[2025-07-30T15:25:40.077+0000] {processor.py:161} INFO - Started process (PID=1622) to work on /opt/airflow/dags/load_day_to_snowflake.py
[2025-07-30T15:25:40.078+0000] {processor.py:830} INFO - Processing file /opt/airflow/dags/load_day_to_snowflake.py for tasks to queue
[2025-07-30T15:25:40.080+0000] {logging_mixin.py:188} INFO - [2025-07-30T15:25:40.080+0000] {dagbag.py:540} INFO - Filling up the DagBag from /opt/airflow/dags/load_day_to_snowflake.py
[2025-07-30T15:25:40.129+0000] {processor.py:840} INFO - DAG(s) 'load_day_to_snowflake' retrieved from /opt/airflow/dags/load_day_to_snowflake.py
[2025-07-30T15:25:40.191+0000] {logging_mixin.py:188} INFO - [2025-07-30T15:25:40.190+0000] {dag.py:3096} INFO - Sync 1 DAGs
[2025-07-30T15:25:40.216+0000] {logging_mixin.py:188} INFO - [2025-07-30T15:25:40.215+0000] {dag.py:3954} INFO - Setting next_dagrun for load_day_to_snowflake to None, run_after=None
[2025-07-30T15:25:40.248+0000] {processor.py:183} INFO - Processing /opt/airflow/dags/load_day_to_snowflake.py took 0.178 seconds
[2025-07-30T15:26:11.405+0000] {processor.py:161} INFO - Started process (PID=1657) to work on /opt/airflow/dags/load_day_to_snowflake.py
[2025-07-30T15:26:11.406+0000] {processor.py:830} INFO - Processing file /opt/airflow/dags/load_day_to_snowflake.py for tasks to queue
[2025-07-30T15:26:11.409+0000] {logging_mixin.py:188} INFO - [2025-07-30T15:26:11.409+0000] {dagbag.py:540} INFO - Filling up the DagBag from /opt/airflow/dags/load_day_to_snowflake.py
[2025-07-30T15:26:11.425+0000] {processor.py:840} INFO - DAG(s) 'load_day_to_snowflake' retrieved from /opt/airflow/dags/load_day_to_snowflake.py
[2025-07-30T15:26:11.453+0000] {logging_mixin.py:188} INFO - [2025-07-30T15:26:11.453+0000] {dag.py:3096} INFO - Sync 1 DAGs
[2025-07-30T15:26:11.465+0000] {logging_mixin.py:188} INFO - [2025-07-30T15:26:11.464+0000] {dag.py:3954} INFO - Setting next_dagrun for load_day_to_snowflake to None, run_after=None
[2025-07-30T15:26:11.489+0000] {processor.py:183} INFO - Processing /opt/airflow/dags/load_day_to_snowflake.py took 0.093 seconds
[2025-07-30T15:26:43.727+0000] {processor.py:161} INFO - Started process (PID=1692) to work on /opt/airflow/dags/load_day_to_snowflake.py
[2025-07-30T15:26:43.728+0000] {processor.py:830} INFO - Processing file /opt/airflow/dags/load_day_to_snowflake.py for tasks to queue
[2025-07-30T15:26:43.730+0000] {logging_mixin.py:188} INFO - [2025-07-30T15:26:43.730+0000] {dagbag.py:540} INFO - Filling up the DagBag from /opt/airflow/dags/load_day_to_snowflake.py
[2025-07-30T15:26:43.750+0000] {processor.py:840} INFO - DAG(s) 'load_day_to_snowflake' retrieved from /opt/airflow/dags/load_day_to_snowflake.py
[2025-07-30T15:26:43.776+0000] {logging_mixin.py:188} INFO - [2025-07-30T15:26:43.776+0000] {dag.py:3096} INFO - Sync 1 DAGs
[2025-07-30T15:26:43.786+0000] {logging_mixin.py:188} INFO - [2025-07-30T15:26:43.786+0000] {dag.py:3954} INFO - Setting next_dagrun for load_day_to_snowflake to None, run_after=None
[2025-07-30T15:26:43.801+0000] {processor.py:183} INFO - Processing /opt/airflow/dags/load_day_to_snowflake.py took 0.081 seconds
[2025-07-30T15:27:14.084+0000] {processor.py:161} INFO - Started process (PID=1727) to work on /opt/airflow/dags/load_day_to_snowflake.py
[2025-07-30T15:27:14.085+0000] {processor.py:830} INFO - Processing file /opt/airflow/dags/load_day_to_snowflake.py for tasks to queue
[2025-07-30T15:27:14.087+0000] {logging_mixin.py:188} INFO - [2025-07-30T15:27:14.087+0000] {dagbag.py:540} INFO - Filling up the DagBag from /opt/airflow/dags/load_day_to_snowflake.py
[2025-07-30T15:27:14.106+0000] {processor.py:840} INFO - DAG(s) 'load_day_to_snowflake' retrieved from /opt/airflow/dags/load_day_to_snowflake.py
[2025-07-30T15:27:14.134+0000] {logging_mixin.py:188} INFO - [2025-07-30T15:27:14.133+0000] {dag.py:3096} INFO - Sync 1 DAGs
[2025-07-30T15:27:14.145+0000] {logging_mixin.py:188} INFO - [2025-07-30T15:27:14.145+0000] {dag.py:3954} INFO - Setting next_dagrun for load_day_to_snowflake to None, run_after=None
[2025-07-30T15:27:14.162+0000] {processor.py:183} INFO - Processing /opt/airflow/dags/load_day_to_snowflake.py took 0.084 seconds
