[2025-07-30T14:36:05.697+0000] {processor.py:161} INFO - Started process (PID=184) to work on /opt/airflow/dags/load_hour_to_snowflake.py
[2025-07-30T14:36:05.699+0000] {processor.py:830} INFO - Processing file /opt/airflow/dags/load_hour_to_snowflake.py for tasks to queue
[2025-07-30T14:36:05.702+0000] {logging_mixin.py:188} INFO - [2025-07-30T14:36:05.701+0000] {dagbag.py:540} INFO - Filling up the DagBag from /opt/airflow/dags/load_hour_to_snowflake.py
[2025-07-30T14:36:05.719+0000] {processor.py:840} INFO - DAG(s) 'load_hour_to_snowflake' retrieved from /opt/airflow/dags/load_hour_to_snowflake.py
[2025-07-30T14:36:05.735+0000] {logging_mixin.py:188} INFO - [2025-07-30T14:36:05.734+0000] {dag.py:3096} INFO - Sync 1 DAGs
[2025-07-30T14:36:05.748+0000] {logging_mixin.py:188} INFO - [2025-07-30T14:36:05.747+0000] {dag.py:3954} INFO - Setting next_dagrun for load_hour_to_snowflake to None, run_after=None
[2025-07-30T14:36:05.770+0000] {processor.py:183} INFO - Processing /opt/airflow/dags/load_hour_to_snowflake.py took 0.080 seconds
[2025-07-30T14:36:36.077+0000] {processor.py:161} INFO - Started process (PID=219) to work on /opt/airflow/dags/load_hour_to_snowflake.py
[2025-07-30T14:36:36.078+0000] {processor.py:830} INFO - Processing file /opt/airflow/dags/load_hour_to_snowflake.py for tasks to queue
[2025-07-30T14:36:36.080+0000] {logging_mixin.py:188} INFO - [2025-07-30T14:36:36.080+0000] {dagbag.py:540} INFO - Filling up the DagBag from /opt/airflow/dags/load_hour_to_snowflake.py
[2025-07-30T14:36:36.110+0000] {processor.py:840} INFO - DAG(s) 'load_hour_to_snowflake' retrieved from /opt/airflow/dags/load_hour_to_snowflake.py
[2025-07-30T14:36:36.502+0000] {logging_mixin.py:188} INFO - [2025-07-30T14:36:36.501+0000] {dag.py:3096} INFO - Sync 1 DAGs
[2025-07-30T14:36:36.530+0000] {logging_mixin.py:188} INFO - [2025-07-30T14:36:36.530+0000] {dag.py:3954} INFO - Setting next_dagrun for load_hour_to_snowflake to None, run_after=None
[2025-07-30T14:36:36.560+0000] {processor.py:183} INFO - Processing /opt/airflow/dags/load_hour_to_snowflake.py took 0.491 seconds
[2025-07-30T14:37:06.904+0000] {processor.py:161} INFO - Started process (PID=254) to work on /opt/airflow/dags/load_hour_to_snowflake.py
[2025-07-30T14:37:06.905+0000] {processor.py:830} INFO - Processing file /opt/airflow/dags/load_hour_to_snowflake.py for tasks to queue
[2025-07-30T14:37:06.909+0000] {logging_mixin.py:188} INFO - [2025-07-30T14:37:06.908+0000] {dagbag.py:540} INFO - Filling up the DagBag from /opt/airflow/dags/load_hour_to_snowflake.py
[2025-07-30T14:37:06.934+0000] {processor.py:840} INFO - DAG(s) 'load_hour_to_snowflake' retrieved from /opt/airflow/dags/load_hour_to_snowflake.py
[2025-07-30T14:37:06.963+0000] {logging_mixin.py:188} INFO - [2025-07-30T14:37:06.962+0000] {dag.py:3096} INFO - Sync 1 DAGs
[2025-07-30T14:37:06.975+0000] {logging_mixin.py:188} INFO - [2025-07-30T14:37:06.974+0000] {dag.py:3954} INFO - Setting next_dagrun for load_hour_to_snowflake to None, run_after=None
[2025-07-30T14:37:06.990+0000] {processor.py:183} INFO - Processing /opt/airflow/dags/load_hour_to_snowflake.py took 0.098 seconds
[2025-07-30T14:37:37.331+0000] {processor.py:161} INFO - Started process (PID=289) to work on /opt/airflow/dags/load_hour_to_snowflake.py
[2025-07-30T14:37:37.332+0000] {processor.py:830} INFO - Processing file /opt/airflow/dags/load_hour_to_snowflake.py for tasks to queue
[2025-07-30T14:37:37.334+0000] {logging_mixin.py:188} INFO - [2025-07-30T14:37:37.334+0000] {dagbag.py:540} INFO - Filling up the DagBag from /opt/airflow/dags/load_hour_to_snowflake.py
[2025-07-30T14:37:37.350+0000] {processor.py:840} INFO - DAG(s) 'load_hour_to_snowflake' retrieved from /opt/airflow/dags/load_hour_to_snowflake.py
[2025-07-30T14:37:37.375+0000] {logging_mixin.py:188} INFO - [2025-07-30T14:37:37.374+0000] {dag.py:3096} INFO - Sync 1 DAGs
[2025-07-30T14:37:37.385+0000] {logging_mixin.py:188} INFO - [2025-07-30T14:37:37.385+0000] {dag.py:3954} INFO - Setting next_dagrun for load_hour_to_snowflake to None, run_after=None
[2025-07-30T14:37:37.402+0000] {processor.py:183} INFO - Processing /opt/airflow/dags/load_hour_to_snowflake.py took 0.076 seconds
[2025-07-30T14:38:07.544+0000] {processor.py:161} INFO - Started process (PID=324) to work on /opt/airflow/dags/load_hour_to_snowflake.py
[2025-07-30T14:38:07.545+0000] {processor.py:830} INFO - Processing file /opt/airflow/dags/load_hour_to_snowflake.py for tasks to queue
[2025-07-30T14:38:07.547+0000] {logging_mixin.py:188} INFO - [2025-07-30T14:38:07.547+0000] {dagbag.py:540} INFO - Filling up the DagBag from /opt/airflow/dags/load_hour_to_snowflake.py
[2025-07-30T14:38:07.562+0000] {processor.py:840} INFO - DAG(s) 'load_hour_to_snowflake' retrieved from /opt/airflow/dags/load_hour_to_snowflake.py
[2025-07-30T14:38:07.584+0000] {logging_mixin.py:188} INFO - [2025-07-30T14:38:07.584+0000] {dag.py:3096} INFO - Sync 1 DAGs
[2025-07-30T14:38:07.595+0000] {logging_mixin.py:188} INFO - [2025-07-30T14:38:07.594+0000] {dag.py:3954} INFO - Setting next_dagrun for load_hour_to_snowflake to None, run_after=None
[2025-07-30T14:38:07.612+0000] {processor.py:183} INFO - Processing /opt/airflow/dags/load_hour_to_snowflake.py took 0.073 seconds
[2025-07-30T14:38:37.839+0000] {processor.py:161} INFO - Started process (PID=359) to work on /opt/airflow/dags/load_hour_to_snowflake.py
[2025-07-30T14:38:37.844+0000] {processor.py:830} INFO - Processing file /opt/airflow/dags/load_hour_to_snowflake.py for tasks to queue
[2025-07-30T14:38:37.849+0000] {logging_mixin.py:188} INFO - [2025-07-30T14:38:37.848+0000] {dagbag.py:540} INFO - Filling up the DagBag from /opt/airflow/dags/load_hour_to_snowflake.py
[2025-07-30T14:38:37.884+0000] {processor.py:840} INFO - DAG(s) 'load_hour_to_snowflake' retrieved from /opt/airflow/dags/load_hour_to_snowflake.py
[2025-07-30T14:38:37.988+0000] {logging_mixin.py:188} INFO - [2025-07-30T14:38:37.988+0000] {dag.py:3096} INFO - Sync 1 DAGs
[2025-07-30T14:38:38.008+0000] {logging_mixin.py:188} INFO - [2025-07-30T14:38:38.007+0000] {dag.py:3954} INFO - Setting next_dagrun for load_hour_to_snowflake to None, run_after=None
[2025-07-30T14:38:38.039+0000] {processor.py:183} INFO - Processing /opt/airflow/dags/load_hour_to_snowflake.py took 0.210 seconds
[2025-07-30T14:39:08.328+0000] {processor.py:161} INFO - Started process (PID=396) to work on /opt/airflow/dags/load_hour_to_snowflake.py
[2025-07-30T14:39:08.329+0000] {processor.py:830} INFO - Processing file /opt/airflow/dags/load_hour_to_snowflake.py for tasks to queue
[2025-07-30T14:39:08.331+0000] {logging_mixin.py:188} INFO - [2025-07-30T14:39:08.331+0000] {dagbag.py:540} INFO - Filling up the DagBag from /opt/airflow/dags/load_hour_to_snowflake.py
[2025-07-30T14:39:08.349+0000] {processor.py:840} INFO - DAG(s) 'load_hour_to_snowflake' retrieved from /opt/airflow/dags/load_hour_to_snowflake.py
[2025-07-30T14:39:08.377+0000] {logging_mixin.py:188} INFO - [2025-07-30T14:39:08.376+0000] {dag.py:3096} INFO - Sync 1 DAGs
[2025-07-30T14:39:08.394+0000] {logging_mixin.py:188} INFO - [2025-07-30T14:39:08.394+0000] {dag.py:3954} INFO - Setting next_dagrun for load_hour_to_snowflake to None, run_after=None
[2025-07-30T14:39:08.419+0000] {processor.py:183} INFO - Processing /opt/airflow/dags/load_hour_to_snowflake.py took 0.096 seconds
[2025-07-30T14:39:39.480+0000] {processor.py:161} INFO - Started process (PID=429) to work on /opt/airflow/dags/load_hour_to_snowflake.py
[2025-07-30T14:39:39.481+0000] {processor.py:830} INFO - Processing file /opt/airflow/dags/load_hour_to_snowflake.py for tasks to queue
[2025-07-30T14:39:39.483+0000] {logging_mixin.py:188} INFO - [2025-07-30T14:39:39.482+0000] {dagbag.py:540} INFO - Filling up the DagBag from /opt/airflow/dags/load_hour_to_snowflake.py
[2025-07-30T14:39:39.501+0000] {processor.py:840} INFO - DAG(s) 'load_hour_to_snowflake' retrieved from /opt/airflow/dags/load_hour_to_snowflake.py
[2025-07-30T14:39:39.531+0000] {logging_mixin.py:188} INFO - [2025-07-30T14:39:39.530+0000] {dag.py:3096} INFO - Sync 1 DAGs
[2025-07-30T14:39:39.543+0000] {logging_mixin.py:188} INFO - [2025-07-30T14:39:39.543+0000] {dag.py:3954} INFO - Setting next_dagrun for load_hour_to_snowflake to None, run_after=None
[2025-07-30T14:39:39.560+0000] {processor.py:183} INFO - Processing /opt/airflow/dags/load_hour_to_snowflake.py took 0.088 seconds
[2025-07-30T14:40:11.750+0000] {processor.py:161} INFO - Started process (PID=466) to work on /opt/airflow/dags/load_hour_to_snowflake.py
[2025-07-30T14:40:11.751+0000] {processor.py:830} INFO - Processing file /opt/airflow/dags/load_hour_to_snowflake.py for tasks to queue
[2025-07-30T14:40:11.753+0000] {logging_mixin.py:188} INFO - [2025-07-30T14:40:11.753+0000] {dagbag.py:540} INFO - Filling up the DagBag from /opt/airflow/dags/load_hour_to_snowflake.py
[2025-07-30T14:40:11.767+0000] {processor.py:840} INFO - DAG(s) 'load_hour_to_snowflake' retrieved from /opt/airflow/dags/load_hour_to_snowflake.py
[2025-07-30T14:40:11.792+0000] {logging_mixin.py:188} INFO - [2025-07-30T14:40:11.792+0000] {dag.py:3096} INFO - Sync 1 DAGs
[2025-07-30T14:40:11.804+0000] {logging_mixin.py:188} INFO - [2025-07-30T14:40:11.804+0000] {dag.py:3954} INFO - Setting next_dagrun for load_hour_to_snowflake to None, run_after=None
[2025-07-30T14:40:11.821+0000] {processor.py:183} INFO - Processing /opt/airflow/dags/load_hour_to_snowflake.py took 0.076 seconds
[2025-07-30T14:40:44.661+0000] {processor.py:161} INFO - Started process (PID=499) to work on /opt/airflow/dags/load_hour_to_snowflake.py
[2025-07-30T14:40:44.662+0000] {processor.py:830} INFO - Processing file /opt/airflow/dags/load_hour_to_snowflake.py for tasks to queue
[2025-07-30T14:40:44.664+0000] {logging_mixin.py:188} INFO - [2025-07-30T14:40:44.664+0000] {dagbag.py:540} INFO - Filling up the DagBag from /opt/airflow/dags/load_hour_to_snowflake.py
[2025-07-30T14:40:44.678+0000] {processor.py:840} INFO - DAG(s) 'load_hour_to_snowflake' retrieved from /opt/airflow/dags/load_hour_to_snowflake.py
[2025-07-30T14:40:44.704+0000] {logging_mixin.py:188} INFO - [2025-07-30T14:40:44.703+0000] {dag.py:3096} INFO - Sync 1 DAGs
[2025-07-30T14:40:44.714+0000] {logging_mixin.py:188} INFO - [2025-07-30T14:40:44.714+0000] {dag.py:3954} INFO - Setting next_dagrun for load_hour_to_snowflake to None, run_after=None
[2025-07-30T14:40:44.730+0000] {processor.py:183} INFO - Processing /opt/airflow/dags/load_hour_to_snowflake.py took 0.074 seconds
[2025-07-30T14:44:12.198+0000] {processor.py:161} INFO - Started process (PID=185) to work on /opt/airflow/dags/load_hour_to_snowflake.py
[2025-07-30T14:44:12.201+0000] {processor.py:830} INFO - Processing file /opt/airflow/dags/load_hour_to_snowflake.py for tasks to queue
[2025-07-30T14:44:12.205+0000] {logging_mixin.py:188} INFO - [2025-07-30T14:44:12.204+0000] {dagbag.py:540} INFO - Filling up the DagBag from /opt/airflow/dags/load_hour_to_snowflake.py
[2025-07-30T14:44:12.225+0000] {processor.py:840} INFO - DAG(s) 'load_hour_to_snowflake' retrieved from /opt/airflow/dags/load_hour_to_snowflake.py
[2025-07-30T14:44:12.241+0000] {logging_mixin.py:188} INFO - [2025-07-30T14:44:12.241+0000] {dag.py:3096} INFO - Sync 1 DAGs
[2025-07-30T14:44:12.255+0000] {logging_mixin.py:188} INFO - [2025-07-30T14:44:12.255+0000] {dag.py:3954} INFO - Setting next_dagrun for load_hour_to_snowflake to None, run_after=None
[2025-07-30T14:44:12.276+0000] {processor.py:183} INFO - Processing /opt/airflow/dags/load_hour_to_snowflake.py took 0.085 seconds
[2025-07-30T14:44:42.434+0000] {processor.py:161} INFO - Started process (PID=220) to work on /opt/airflow/dags/load_hour_to_snowflake.py
[2025-07-30T14:44:42.435+0000] {processor.py:830} INFO - Processing file /opt/airflow/dags/load_hour_to_snowflake.py for tasks to queue
[2025-07-30T14:44:42.437+0000] {logging_mixin.py:188} INFO - [2025-07-30T14:44:42.437+0000] {dagbag.py:540} INFO - Filling up the DagBag from /opt/airflow/dags/load_hour_to_snowflake.py
[2025-07-30T14:44:42.453+0000] {processor.py:840} INFO - DAG(s) 'load_hour_to_snowflake' retrieved from /opt/airflow/dags/load_hour_to_snowflake.py
[2025-07-30T14:44:42.570+0000] {logging_mixin.py:188} INFO - [2025-07-30T14:44:42.569+0000] {dag.py:3096} INFO - Sync 1 DAGs
[2025-07-30T14:44:42.578+0000] {logging_mixin.py:188} INFO - [2025-07-30T14:44:42.578+0000] {dag.py:3954} INFO - Setting next_dagrun for load_hour_to_snowflake to None, run_after=None
[2025-07-30T14:44:42.597+0000] {processor.py:183} INFO - Processing /opt/airflow/dags/load_hour_to_snowflake.py took 0.167 seconds
[2025-07-30T14:45:12.962+0000] {processor.py:161} INFO - Started process (PID=255) to work on /opt/airflow/dags/load_hour_to_snowflake.py
[2025-07-30T14:45:12.963+0000] {processor.py:830} INFO - Processing file /opt/airflow/dags/load_hour_to_snowflake.py for tasks to queue
[2025-07-30T14:45:12.965+0000] {logging_mixin.py:188} INFO - [2025-07-30T14:45:12.964+0000] {dagbag.py:540} INFO - Filling up the DagBag from /opt/airflow/dags/load_hour_to_snowflake.py
[2025-07-30T14:45:12.983+0000] {processor.py:840} INFO - DAG(s) 'load_hour_to_snowflake' retrieved from /opt/airflow/dags/load_hour_to_snowflake.py
[2025-07-30T14:45:13.008+0000] {logging_mixin.py:188} INFO - [2025-07-30T14:45:13.008+0000] {dag.py:3096} INFO - Sync 1 DAGs
[2025-07-30T14:45:13.019+0000] {logging_mixin.py:188} INFO - [2025-07-30T14:45:13.019+0000] {dag.py:3954} INFO - Setting next_dagrun for load_hour_to_snowflake to None, run_after=None
[2025-07-30T14:45:13.040+0000] {processor.py:183} INFO - Processing /opt/airflow/dags/load_hour_to_snowflake.py took 0.083 seconds
[2025-07-30T14:45:43.199+0000] {processor.py:161} INFO - Started process (PID=292) to work on /opt/airflow/dags/load_hour_to_snowflake.py
[2025-07-30T14:45:43.200+0000] {processor.py:830} INFO - Processing file /opt/airflow/dags/load_hour_to_snowflake.py for tasks to queue
[2025-07-30T14:45:43.202+0000] {logging_mixin.py:188} INFO - [2025-07-30T14:45:43.202+0000] {dagbag.py:540} INFO - Filling up the DagBag from /opt/airflow/dags/load_hour_to_snowflake.py
[2025-07-30T14:45:43.219+0000] {processor.py:840} INFO - DAG(s) 'load_hour_to_snowflake' retrieved from /opt/airflow/dags/load_hour_to_snowflake.py
[2025-07-30T14:45:43.251+0000] {logging_mixin.py:188} INFO - [2025-07-30T14:45:43.250+0000] {dag.py:3096} INFO - Sync 1 DAGs
[2025-07-30T14:45:43.264+0000] {logging_mixin.py:188} INFO - [2025-07-30T14:45:43.264+0000] {dag.py:3954} INFO - Setting next_dagrun for load_hour_to_snowflake to None, run_after=None
[2025-07-30T14:45:43.285+0000] {processor.py:183} INFO - Processing /opt/airflow/dags/load_hour_to_snowflake.py took 0.092 seconds
[2025-07-30T14:46:13.489+0000] {processor.py:161} INFO - Started process (PID=325) to work on /opt/airflow/dags/load_hour_to_snowflake.py
[2025-07-30T14:46:13.490+0000] {processor.py:830} INFO - Processing file /opt/airflow/dags/load_hour_to_snowflake.py for tasks to queue
[2025-07-30T14:46:13.493+0000] {logging_mixin.py:188} INFO - [2025-07-30T14:46:13.493+0000] {dagbag.py:540} INFO - Filling up the DagBag from /opt/airflow/dags/load_hour_to_snowflake.py
[2025-07-30T14:46:13.513+0000] {processor.py:840} INFO - DAG(s) 'load_hour_to_snowflake' retrieved from /opt/airflow/dags/load_hour_to_snowflake.py
[2025-07-30T14:46:13.546+0000] {logging_mixin.py:188} INFO - [2025-07-30T14:46:13.545+0000] {dag.py:3096} INFO - Sync 1 DAGs
[2025-07-30T14:46:13.562+0000] {logging_mixin.py:188} INFO - [2025-07-30T14:46:13.562+0000] {dag.py:3954} INFO - Setting next_dagrun for load_hour_to_snowflake to None, run_after=None
[2025-07-30T14:46:13.595+0000] {processor.py:183} INFO - Processing /opt/airflow/dags/load_hour_to_snowflake.py took 0.114 seconds
[2025-07-30T14:46:45.376+0000] {processor.py:161} INFO - Started process (PID=360) to work on /opt/airflow/dags/load_hour_to_snowflake.py
[2025-07-30T14:46:45.379+0000] {processor.py:830} INFO - Processing file /opt/airflow/dags/load_hour_to_snowflake.py for tasks to queue
[2025-07-30T14:46:45.389+0000] {logging_mixin.py:188} INFO - [2025-07-30T14:46:45.388+0000] {dagbag.py:540} INFO - Filling up the DagBag from /opt/airflow/dags/load_hour_to_snowflake.py
[2025-07-30T14:46:45.433+0000] {processor.py:840} INFO - DAG(s) 'load_hour_to_snowflake' retrieved from /opt/airflow/dags/load_hour_to_snowflake.py
[2025-07-30T14:46:45.509+0000] {logging_mixin.py:188} INFO - [2025-07-30T14:46:45.508+0000] {dag.py:3096} INFO - Sync 1 DAGs
[2025-07-30T14:46:45.651+0000] {logging_mixin.py:188} INFO - [2025-07-30T14:46:45.650+0000] {dag.py:3954} INFO - Setting next_dagrun for load_hour_to_snowflake to None, run_after=None
[2025-07-30T14:46:45.860+0000] {processor.py:183} INFO - Processing /opt/airflow/dags/load_hour_to_snowflake.py took 0.524 seconds
[2025-07-30T14:47:20.058+0000] {processor.py:161} INFO - Started process (PID=186) to work on /opt/airflow/dags/load_hour_to_snowflake.py
[2025-07-30T14:47:20.059+0000] {processor.py:830} INFO - Processing file /opt/airflow/dags/load_hour_to_snowflake.py for tasks to queue
[2025-07-30T14:47:20.062+0000] {logging_mixin.py:188} INFO - [2025-07-30T14:47:20.062+0000] {dagbag.py:540} INFO - Filling up the DagBag from /opt/airflow/dags/load_hour_to_snowflake.py
[2025-07-30T14:47:20.089+0000] {processor.py:840} INFO - DAG(s) 'load_hour_to_snowflake' retrieved from /opt/airflow/dags/load_hour_to_snowflake.py
[2025-07-30T14:47:20.110+0000] {logging_mixin.py:188} INFO - [2025-07-30T14:47:20.110+0000] {dag.py:3096} INFO - Sync 1 DAGs
[2025-07-30T14:47:20.129+0000] {logging_mixin.py:188} INFO - [2025-07-30T14:47:20.129+0000] {dag.py:3954} INFO - Setting next_dagrun for load_hour_to_snowflake to None, run_after=None
[2025-07-30T14:47:20.160+0000] {processor.py:183} INFO - Processing /opt/airflow/dags/load_hour_to_snowflake.py took 0.110 seconds
[2025-07-30T14:47:50.419+0000] {processor.py:161} INFO - Started process (PID=221) to work on /opt/airflow/dags/load_hour_to_snowflake.py
[2025-07-30T14:47:50.420+0000] {processor.py:830} INFO - Processing file /opt/airflow/dags/load_hour_to_snowflake.py for tasks to queue
[2025-07-30T14:47:50.422+0000] {logging_mixin.py:188} INFO - [2025-07-30T14:47:50.422+0000] {dagbag.py:540} INFO - Filling up the DagBag from /opt/airflow/dags/load_hour_to_snowflake.py
[2025-07-30T14:47:50.437+0000] {processor.py:840} INFO - DAG(s) 'load_hour_to_snowflake' retrieved from /opt/airflow/dags/load_hour_to_snowflake.py
[2025-07-30T14:47:50.538+0000] {logging_mixin.py:188} INFO - [2025-07-30T14:47:50.538+0000] {dag.py:3096} INFO - Sync 1 DAGs
[2025-07-30T14:47:50.550+0000] {logging_mixin.py:188} INFO - [2025-07-30T14:47:50.550+0000] {dag.py:3954} INFO - Setting next_dagrun for load_hour_to_snowflake to None, run_after=None
[2025-07-30T14:47:50.572+0000] {processor.py:183} INFO - Processing /opt/airflow/dags/load_hour_to_snowflake.py took 0.158 seconds
[2025-07-30T14:48:20.899+0000] {processor.py:161} INFO - Started process (PID=256) to work on /opt/airflow/dags/load_hour_to_snowflake.py
[2025-07-30T14:48:20.900+0000] {processor.py:830} INFO - Processing file /opt/airflow/dags/load_hour_to_snowflake.py for tasks to queue
[2025-07-30T14:48:20.902+0000] {logging_mixin.py:188} INFO - [2025-07-30T14:48:20.902+0000] {dagbag.py:540} INFO - Filling up the DagBag from /opt/airflow/dags/load_hour_to_snowflake.py
[2025-07-30T14:48:20.920+0000] {processor.py:840} INFO - DAG(s) 'load_hour_to_snowflake' retrieved from /opt/airflow/dags/load_hour_to_snowflake.py
[2025-07-30T14:48:20.945+0000] {logging_mixin.py:188} INFO - [2025-07-30T14:48:20.945+0000] {dag.py:3096} INFO - Sync 1 DAGs
[2025-07-30T14:48:20.958+0000] {logging_mixin.py:188} INFO - [2025-07-30T14:48:20.958+0000] {dag.py:3954} INFO - Setting next_dagrun for load_hour_to_snowflake to None, run_after=None
[2025-07-30T14:48:20.984+0000] {processor.py:183} INFO - Processing /opt/airflow/dags/load_hour_to_snowflake.py took 0.091 seconds
[2025-07-30T14:48:51.194+0000] {processor.py:161} INFO - Started process (PID=293) to work on /opt/airflow/dags/load_hour_to_snowflake.py
[2025-07-30T14:48:51.196+0000] {processor.py:830} INFO - Processing file /opt/airflow/dags/load_hour_to_snowflake.py for tasks to queue
[2025-07-30T14:48:51.198+0000] {logging_mixin.py:188} INFO - [2025-07-30T14:48:51.197+0000] {dagbag.py:540} INFO - Filling up the DagBag from /opt/airflow/dags/load_hour_to_snowflake.py
[2025-07-30T14:48:51.214+0000] {processor.py:840} INFO - DAG(s) 'load_hour_to_snowflake' retrieved from /opt/airflow/dags/load_hour_to_snowflake.py
[2025-07-30T14:48:51.242+0000] {logging_mixin.py:188} INFO - [2025-07-30T14:48:51.242+0000] {dag.py:3096} INFO - Sync 1 DAGs
[2025-07-30T14:48:51.256+0000] {logging_mixin.py:188} INFO - [2025-07-30T14:48:51.255+0000] {dag.py:3954} INFO - Setting next_dagrun for load_hour_to_snowflake to None, run_after=None
[2025-07-30T14:48:51.279+0000] {processor.py:183} INFO - Processing /opt/airflow/dags/load_hour_to_snowflake.py took 0.092 seconds
[2025-07-30T14:49:23.752+0000] {processor.py:161} INFO - Started process (PID=328) to work on /opt/airflow/dags/load_hour_to_snowflake.py
[2025-07-30T14:49:23.754+0000] {processor.py:830} INFO - Processing file /opt/airflow/dags/load_hour_to_snowflake.py for tasks to queue
[2025-07-30T14:49:23.756+0000] {logging_mixin.py:188} INFO - [2025-07-30T14:49:23.755+0000] {dagbag.py:540} INFO - Filling up the DagBag from /opt/airflow/dags/load_hour_to_snowflake.py
[2025-07-30T14:49:23.772+0000] {processor.py:840} INFO - DAG(s) 'load_hour_to_snowflake' retrieved from /opt/airflow/dags/load_hour_to_snowflake.py
[2025-07-30T14:49:23.799+0000] {logging_mixin.py:188} INFO - [2025-07-30T14:49:23.799+0000] {dag.py:3096} INFO - Sync 1 DAGs
[2025-07-30T14:49:23.813+0000] {logging_mixin.py:188} INFO - [2025-07-30T14:49:23.813+0000] {dag.py:3954} INFO - Setting next_dagrun for load_hour_to_snowflake to None, run_after=None
[2025-07-30T14:49:23.833+0000] {processor.py:183} INFO - Processing /opt/airflow/dags/load_hour_to_snowflake.py took 0.086 seconds
[2025-07-30T14:49:56.143+0000] {processor.py:161} INFO - Started process (PID=363) to work on /opt/airflow/dags/load_hour_to_snowflake.py
[2025-07-30T14:49:56.144+0000] {processor.py:830} INFO - Processing file /opt/airflow/dags/load_hour_to_snowflake.py for tasks to queue
[2025-07-30T14:49:56.146+0000] {logging_mixin.py:188} INFO - [2025-07-30T14:49:56.146+0000] {dagbag.py:540} INFO - Filling up the DagBag from /opt/airflow/dags/load_hour_to_snowflake.py
[2025-07-30T14:49:56.166+0000] {processor.py:840} INFO - DAG(s) 'load_hour_to_snowflake' retrieved from /opt/airflow/dags/load_hour_to_snowflake.py
[2025-07-30T14:49:56.223+0000] {logging_mixin.py:188} INFO - [2025-07-30T14:49:56.222+0000] {dag.py:3096} INFO - Sync 1 DAGs
[2025-07-30T14:49:56.238+0000] {logging_mixin.py:188} INFO - [2025-07-30T14:49:56.238+0000] {dag.py:3954} INFO - Setting next_dagrun for load_hour_to_snowflake to None, run_after=None
[2025-07-30T14:49:56.258+0000] {processor.py:183} INFO - Processing /opt/airflow/dags/load_hour_to_snowflake.py took 0.121 seconds
[2025-07-30T14:50:28.495+0000] {processor.py:161} INFO - Started process (PID=398) to work on /opt/airflow/dags/load_hour_to_snowflake.py
[2025-07-30T14:50:28.496+0000] {processor.py:830} INFO - Processing file /opt/airflow/dags/load_hour_to_snowflake.py for tasks to queue
[2025-07-30T14:50:28.498+0000] {logging_mixin.py:188} INFO - [2025-07-30T14:50:28.497+0000] {dagbag.py:540} INFO - Filling up the DagBag from /opt/airflow/dags/load_hour_to_snowflake.py
[2025-07-30T14:50:28.515+0000] {processor.py:840} INFO - DAG(s) 'load_hour_to_snowflake' retrieved from /opt/airflow/dags/load_hour_to_snowflake.py
[2025-07-30T14:50:28.541+0000] {logging_mixin.py:188} INFO - [2025-07-30T14:50:28.541+0000] {dag.py:3096} INFO - Sync 1 DAGs
[2025-07-30T14:50:28.554+0000] {logging_mixin.py:188} INFO - [2025-07-30T14:50:28.554+0000] {dag.py:3954} INFO - Setting next_dagrun for load_hour_to_snowflake to None, run_after=None
[2025-07-30T14:50:28.573+0000] {processor.py:183} INFO - Processing /opt/airflow/dags/load_hour_to_snowflake.py took 0.083 seconds
[2025-07-30T14:51:00.760+0000] {processor.py:161} INFO - Started process (PID=433) to work on /opt/airflow/dags/load_hour_to_snowflake.py
[2025-07-30T14:51:00.761+0000] {processor.py:830} INFO - Processing file /opt/airflow/dags/load_hour_to_snowflake.py for tasks to queue
[2025-07-30T14:51:00.762+0000] {logging_mixin.py:188} INFO - [2025-07-30T14:51:00.762+0000] {dagbag.py:540} INFO - Filling up the DagBag from /opt/airflow/dags/load_hour_to_snowflake.py
[2025-07-30T14:51:00.778+0000] {processor.py:840} INFO - DAG(s) 'load_hour_to_snowflake' retrieved from /opt/airflow/dags/load_hour_to_snowflake.py
[2025-07-30T14:51:00.804+0000] {logging_mixin.py:188} INFO - [2025-07-30T14:51:00.803+0000] {dag.py:3096} INFO - Sync 1 DAGs
[2025-07-30T14:51:00.816+0000] {logging_mixin.py:188} INFO - [2025-07-30T14:51:00.815+0000] {dag.py:3954} INFO - Setting next_dagrun for load_hour_to_snowflake to None, run_after=None
[2025-07-30T14:51:00.834+0000] {processor.py:183} INFO - Processing /opt/airflow/dags/load_hour_to_snowflake.py took 0.080 seconds
[2025-07-30T14:51:38.802+0000] {processor.py:161} INFO - Started process (PID=186) to work on /opt/airflow/dags/load_hour_to_snowflake.py
[2025-07-30T14:51:38.803+0000] {processor.py:830} INFO - Processing file /opt/airflow/dags/load_hour_to_snowflake.py for tasks to queue
[2025-07-30T14:51:38.805+0000] {logging_mixin.py:188} INFO - [2025-07-30T14:51:38.805+0000] {dagbag.py:540} INFO - Filling up the DagBag from /opt/airflow/dags/load_hour_to_snowflake.py
[2025-07-30T14:51:38.820+0000] {processor.py:840} INFO - DAG(s) 'load_hour_to_snowflake' retrieved from /opt/airflow/dags/load_hour_to_snowflake.py
[2025-07-30T14:51:38.833+0000] {logging_mixin.py:188} INFO - [2025-07-30T14:51:38.833+0000] {dag.py:3096} INFO - Sync 1 DAGs
[2025-07-30T14:51:38.856+0000] {logging_mixin.py:188} INFO - [2025-07-30T14:51:38.856+0000] {dag.py:3954} INFO - Setting next_dagrun for load_hour_to_snowflake to None, run_after=None
[2025-07-30T14:51:38.890+0000] {processor.py:183} INFO - Processing /opt/airflow/dags/load_hour_to_snowflake.py took 0.093 seconds
[2025-07-30T14:52:09.353+0000] {processor.py:161} INFO - Started process (PID=223) to work on /opt/airflow/dags/load_hour_to_snowflake.py
[2025-07-30T14:52:09.355+0000] {processor.py:830} INFO - Processing file /opt/airflow/dags/load_hour_to_snowflake.py for tasks to queue
[2025-07-30T14:52:09.357+0000] {logging_mixin.py:188} INFO - [2025-07-30T14:52:09.357+0000] {dagbag.py:540} INFO - Filling up the DagBag from /opt/airflow/dags/load_hour_to_snowflake.py
[2025-07-30T14:52:09.374+0000] {processor.py:840} INFO - DAG(s) 'load_hour_to_snowflake' retrieved from /opt/airflow/dags/load_hour_to_snowflake.py
[2025-07-30T14:52:09.460+0000] {logging_mixin.py:188} INFO - [2025-07-30T14:52:09.460+0000] {dag.py:3096} INFO - Sync 1 DAGs
[2025-07-30T14:52:09.468+0000] {logging_mixin.py:188} INFO - [2025-07-30T14:52:09.468+0000] {dag.py:3954} INFO - Setting next_dagrun for load_hour_to_snowflake to None, run_after=None
[2025-07-30T14:52:09.483+0000] {processor.py:183} INFO - Processing /opt/airflow/dags/load_hour_to_snowflake.py took 0.136 seconds
[2025-07-30T14:52:39.721+0000] {processor.py:161} INFO - Started process (PID=320) to work on /opt/airflow/dags/load_hour_to_snowflake.py
[2025-07-30T14:52:39.722+0000] {processor.py:830} INFO - Processing file /opt/airflow/dags/load_hour_to_snowflake.py for tasks to queue
[2025-07-30T14:52:39.724+0000] {logging_mixin.py:188} INFO - [2025-07-30T14:52:39.724+0000] {dagbag.py:540} INFO - Filling up the DagBag from /opt/airflow/dags/load_hour_to_snowflake.py
[2025-07-30T14:52:39.746+0000] {processor.py:840} INFO - DAG(s) 'load_hour_to_snowflake' retrieved from /opt/airflow/dags/load_hour_to_snowflake.py
[2025-07-30T14:52:39.843+0000] {logging_mixin.py:188} INFO - [2025-07-30T14:52:39.842+0000] {dag.py:3096} INFO - Sync 1 DAGs
[2025-07-30T14:52:39.853+0000] {logging_mixin.py:188} INFO - [2025-07-30T14:52:39.853+0000] {dag.py:3118} INFO - Creating ORM DAG for load_hour_to_snowflake
[2025-07-30T14:52:39.854+0000] {logging_mixin.py:188} INFO - [2025-07-30T14:52:39.854+0000] {dag.py:3954} INFO - Setting next_dagrun for load_hour_to_snowflake to None, run_after=None
[2025-07-30T14:52:39.876+0000] {processor.py:183} INFO - Processing /opt/airflow/dags/load_hour_to_snowflake.py took 0.161 seconds
[2025-07-30T14:54:12.467+0000] {processor.py:161} INFO - Started process (PID=185) to work on /opt/airflow/dags/load_hour_to_snowflake.py
[2025-07-30T14:54:12.469+0000] {processor.py:830} INFO - Processing file /opt/airflow/dags/load_hour_to_snowflake.py for tasks to queue
[2025-07-30T14:54:12.472+0000] {logging_mixin.py:188} INFO - [2025-07-30T14:54:12.472+0000] {dagbag.py:540} INFO - Filling up the DagBag from /opt/airflow/dags/load_hour_to_snowflake.py
[2025-07-30T14:54:12.500+0000] {processor.py:840} INFO - DAG(s) 'load_hour_to_snowflake' retrieved from /opt/airflow/dags/load_hour_to_snowflake.py
[2025-07-30T14:54:12.519+0000] {logging_mixin.py:188} INFO - [2025-07-30T14:54:12.518+0000] {dag.py:3096} INFO - Sync 1 DAGs
[2025-07-30T14:54:12.540+0000] {logging_mixin.py:188} INFO - [2025-07-30T14:54:12.540+0000] {dag.py:3954} INFO - Setting next_dagrun for load_hour_to_snowflake to None, run_after=None
[2025-07-30T14:54:12.577+0000] {processor.py:183} INFO - Processing /opt/airflow/dags/load_hour_to_snowflake.py took 0.116 seconds
[2025-07-30T14:54:42.764+0000] {processor.py:161} INFO - Started process (PID=220) to work on /opt/airflow/dags/load_hour_to_snowflake.py
[2025-07-30T14:54:42.765+0000] {processor.py:830} INFO - Processing file /opt/airflow/dags/load_hour_to_snowflake.py for tasks to queue
[2025-07-30T14:54:42.767+0000] {logging_mixin.py:188} INFO - [2025-07-30T14:54:42.767+0000] {dagbag.py:540} INFO - Filling up the DagBag from /opt/airflow/dags/load_hour_to_snowflake.py
[2025-07-30T14:54:42.781+0000] {processor.py:840} INFO - DAG(s) 'load_hour_to_snowflake' retrieved from /opt/airflow/dags/load_hour_to_snowflake.py
[2025-07-30T14:54:42.983+0000] {logging_mixin.py:188} INFO - [2025-07-30T14:54:42.982+0000] {dag.py:3096} INFO - Sync 1 DAGs
[2025-07-30T14:54:42.993+0000] {logging_mixin.py:188} INFO - [2025-07-30T14:54:42.993+0000] {dag.py:3954} INFO - Setting next_dagrun for load_hour_to_snowflake to None, run_after=None
[2025-07-30T14:54:43.012+0000] {processor.py:183} INFO - Processing /opt/airflow/dags/load_hour_to_snowflake.py took 0.253 seconds
[2025-07-30T14:55:13.251+0000] {processor.py:161} INFO - Started process (PID=255) to work on /opt/airflow/dags/load_hour_to_snowflake.py
[2025-07-30T14:55:13.252+0000] {processor.py:830} INFO - Processing file /opt/airflow/dags/load_hour_to_snowflake.py for tasks to queue
[2025-07-30T14:55:13.254+0000] {logging_mixin.py:188} INFO - [2025-07-30T14:55:13.253+0000] {dagbag.py:540} INFO - Filling up the DagBag from /opt/airflow/dags/load_hour_to_snowflake.py
[2025-07-30T14:55:13.271+0000] {processor.py:840} INFO - DAG(s) 'load_hour_to_snowflake' retrieved from /opt/airflow/dags/load_hour_to_snowflake.py
[2025-07-30T14:55:13.297+0000] {logging_mixin.py:188} INFO - [2025-07-30T14:55:13.297+0000] {dag.py:3096} INFO - Sync 1 DAGs
[2025-07-30T14:55:13.309+0000] {logging_mixin.py:188} INFO - [2025-07-30T14:55:13.308+0000] {dag.py:3954} INFO - Setting next_dagrun for load_hour_to_snowflake to None, run_after=None
[2025-07-30T14:55:13.329+0000] {processor.py:183} INFO - Processing /opt/airflow/dags/load_hour_to_snowflake.py took 0.083 seconds
[2025-07-30T14:55:43.536+0000] {processor.py:161} INFO - Started process (PID=290) to work on /opt/airflow/dags/load_hour_to_snowflake.py
[2025-07-30T14:55:43.537+0000] {processor.py:830} INFO - Processing file /opt/airflow/dags/load_hour_to_snowflake.py for tasks to queue
[2025-07-30T14:55:43.539+0000] {logging_mixin.py:188} INFO - [2025-07-30T14:55:43.539+0000] {dagbag.py:540} INFO - Filling up the DagBag from /opt/airflow/dags/load_hour_to_snowflake.py
[2025-07-30T14:55:43.558+0000] {processor.py:840} INFO - DAG(s) 'load_hour_to_snowflake' retrieved from /opt/airflow/dags/load_hour_to_snowflake.py
[2025-07-30T14:55:43.586+0000] {logging_mixin.py:188} INFO - [2025-07-30T14:55:43.585+0000] {dag.py:3096} INFO - Sync 1 DAGs
[2025-07-30T14:55:43.599+0000] {logging_mixin.py:188} INFO - [2025-07-30T14:55:43.598+0000] {dag.py:3954} INFO - Setting next_dagrun for load_hour_to_snowflake to None, run_after=None
[2025-07-30T14:55:43.617+0000] {processor.py:183} INFO - Processing /opt/airflow/dags/load_hour_to_snowflake.py took 0.087 seconds
[2025-07-30T14:56:13.883+0000] {processor.py:161} INFO - Started process (PID=325) to work on /opt/airflow/dags/load_hour_to_snowflake.py
[2025-07-30T14:56:13.885+0000] {processor.py:830} INFO - Processing file /opt/airflow/dags/load_hour_to_snowflake.py for tasks to queue
[2025-07-30T14:56:13.888+0000] {logging_mixin.py:188} INFO - [2025-07-30T14:56:13.888+0000] {dagbag.py:540} INFO - Filling up the DagBag from /opt/airflow/dags/load_hour_to_snowflake.py
[2025-07-30T14:56:13.918+0000] {processor.py:840} INFO - DAG(s) 'load_hour_to_snowflake' retrieved from /opt/airflow/dags/load_hour_to_snowflake.py
[2025-07-30T14:56:13.960+0000] {logging_mixin.py:188} INFO - [2025-07-30T14:56:13.959+0000] {dag.py:3096} INFO - Sync 1 DAGs
[2025-07-30T14:56:13.983+0000] {logging_mixin.py:188} INFO - [2025-07-30T14:56:13.983+0000] {dag.py:3954} INFO - Setting next_dagrun for load_hour_to_snowflake to None, run_after=None
[2025-07-30T14:56:14.004+0000] {processor.py:183} INFO - Processing /opt/airflow/dags/load_hour_to_snowflake.py took 0.134 seconds
[2025-07-30T14:56:44.312+0000] {processor.py:161} INFO - Started process (PID=365) to work on /opt/airflow/dags/load_hour_to_snowflake.py
[2025-07-30T14:56:44.313+0000] {processor.py:830} INFO - Processing file /opt/airflow/dags/load_hour_to_snowflake.py for tasks to queue
[2025-07-30T14:56:44.315+0000] {logging_mixin.py:188} INFO - [2025-07-30T14:56:44.315+0000] {dagbag.py:540} INFO - Filling up the DagBag from /opt/airflow/dags/load_hour_to_snowflake.py
[2025-07-30T14:56:44.330+0000] {processor.py:840} INFO - DAG(s) 'load_hour_to_snowflake' retrieved from /opt/airflow/dags/load_hour_to_snowflake.py
[2025-07-30T14:56:44.358+0000] {logging_mixin.py:188} INFO - [2025-07-30T14:56:44.358+0000] {dag.py:3096} INFO - Sync 1 DAGs
[2025-07-30T14:56:44.373+0000] {logging_mixin.py:188} INFO - [2025-07-30T14:56:44.372+0000] {dag.py:3954} INFO - Setting next_dagrun for load_hour_to_snowflake to None, run_after=None
[2025-07-30T14:56:44.391+0000] {processor.py:183} INFO - Processing /opt/airflow/dags/load_hour_to_snowflake.py took 0.084 seconds
[2025-07-30T14:57:14.455+0000] {processor.py:161} INFO - Started process (PID=400) to work on /opt/airflow/dags/load_hour_to_snowflake.py
[2025-07-30T14:57:14.456+0000] {processor.py:830} INFO - Processing file /opt/airflow/dags/load_hour_to_snowflake.py for tasks to queue
[2025-07-30T14:57:14.459+0000] {logging_mixin.py:188} INFO - [2025-07-30T14:57:14.458+0000] {dagbag.py:540} INFO - Filling up the DagBag from /opt/airflow/dags/load_hour_to_snowflake.py
[2025-07-30T14:57:14.475+0000] {processor.py:840} INFO - DAG(s) 'load_hour_to_snowflake' retrieved from /opt/airflow/dags/load_hour_to_snowflake.py
[2025-07-30T14:57:14.503+0000] {logging_mixin.py:188} INFO - [2025-07-30T14:57:14.502+0000] {dag.py:3096} INFO - Sync 1 DAGs
[2025-07-30T14:57:14.514+0000] {logging_mixin.py:188} INFO - [2025-07-30T14:57:14.514+0000] {dag.py:3954} INFO - Setting next_dagrun for load_hour_to_snowflake to None, run_after=None
[2025-07-30T14:57:14.531+0000] {processor.py:183} INFO - Processing /opt/airflow/dags/load_hour_to_snowflake.py took 0.082 seconds
[2025-07-30T14:57:49.167+0000] {processor.py:161} INFO - Started process (PID=185) to work on /opt/airflow/dags/load_hour_to_snowflake.py
[2025-07-30T14:57:49.168+0000] {processor.py:830} INFO - Processing file /opt/airflow/dags/load_hour_to_snowflake.py for tasks to queue
[2025-07-30T14:57:49.171+0000] {logging_mixin.py:188} INFO - [2025-07-30T14:57:49.170+0000] {dagbag.py:540} INFO - Filling up the DagBag from /opt/airflow/dags/load_hour_to_snowflake.py
[2025-07-30T14:57:49.189+0000] {processor.py:840} INFO - DAG(s) 'load_hour_to_snowflake' retrieved from /opt/airflow/dags/load_hour_to_snowflake.py
[2025-07-30T14:57:49.203+0000] {logging_mixin.py:188} INFO - [2025-07-30T14:57:49.202+0000] {dag.py:3096} INFO - Sync 1 DAGs
[2025-07-30T14:57:49.220+0000] {logging_mixin.py:188} INFO - [2025-07-30T14:57:49.220+0000] {dag.py:3954} INFO - Setting next_dagrun for load_hour_to_snowflake to None, run_after=None
[2025-07-30T14:57:49.244+0000] {processor.py:183} INFO - Processing /opt/airflow/dags/load_hour_to_snowflake.py took 0.086 seconds
[2025-07-30T14:58:19.642+0000] {processor.py:161} INFO - Started process (PID=222) to work on /opt/airflow/dags/load_hour_to_snowflake.py
[2025-07-30T14:58:19.643+0000] {processor.py:830} INFO - Processing file /opt/airflow/dags/load_hour_to_snowflake.py for tasks to queue
[2025-07-30T14:58:19.645+0000] {logging_mixin.py:188} INFO - [2025-07-30T14:58:19.645+0000] {dagbag.py:540} INFO - Filling up the DagBag from /opt/airflow/dags/load_hour_to_snowflake.py
[2025-07-30T14:58:19.659+0000] {processor.py:840} INFO - DAG(s) 'load_hour_to_snowflake' retrieved from /opt/airflow/dags/load_hour_to_snowflake.py
[2025-07-30T14:58:19.736+0000] {logging_mixin.py:188} INFO - [2025-07-30T14:58:19.735+0000] {dag.py:3096} INFO - Sync 1 DAGs
[2025-07-30T14:58:19.744+0000] {logging_mixin.py:188} INFO - [2025-07-30T14:58:19.744+0000] {dag.py:3954} INFO - Setting next_dagrun for load_hour_to_snowflake to None, run_after=None
[2025-07-30T14:58:19.761+0000] {processor.py:183} INFO - Processing /opt/airflow/dags/load_hour_to_snowflake.py took 0.124 seconds
[2025-07-30T14:58:50.058+0000] {processor.py:161} INFO - Started process (PID=257) to work on /opt/airflow/dags/load_hour_to_snowflake.py
[2025-07-30T14:58:50.059+0000] {processor.py:830} INFO - Processing file /opt/airflow/dags/load_hour_to_snowflake.py for tasks to queue
[2025-07-30T14:58:50.061+0000] {logging_mixin.py:188} INFO - [2025-07-30T14:58:50.060+0000] {dagbag.py:540} INFO - Filling up the DagBag from /opt/airflow/dags/load_hour_to_snowflake.py
[2025-07-30T14:58:50.076+0000] {processor.py:840} INFO - DAG(s) 'load_hour_to_snowflake' retrieved from /opt/airflow/dags/load_hour_to_snowflake.py
[2025-07-30T14:58:50.099+0000] {logging_mixin.py:188} INFO - [2025-07-30T14:58:50.099+0000] {dag.py:3096} INFO - Sync 1 DAGs
[2025-07-30T14:58:50.108+0000] {logging_mixin.py:188} INFO - [2025-07-30T14:58:50.108+0000] {dag.py:3954} INFO - Setting next_dagrun for load_hour_to_snowflake to None, run_after=None
[2025-07-30T14:58:50.124+0000] {processor.py:183} INFO - Processing /opt/airflow/dags/load_hour_to_snowflake.py took 0.071 seconds
[2025-07-30T14:59:20.888+0000] {processor.py:161} INFO - Started process (PID=305) to work on /opt/airflow/dags/load_hour_to_snowflake.py
[2025-07-30T14:59:20.890+0000] {processor.py:830} INFO - Processing file /opt/airflow/dags/load_hour_to_snowflake.py for tasks to queue
[2025-07-30T14:59:20.892+0000] {logging_mixin.py:188} INFO - [2025-07-30T14:59:20.891+0000] {dagbag.py:540} INFO - Filling up the DagBag from /opt/airflow/dags/load_hour_to_snowflake.py
[2025-07-30T14:59:20.909+0000] {processor.py:840} INFO - DAG(s) 'load_hour_to_snowflake' retrieved from /opt/airflow/dags/load_hour_to_snowflake.py
[2025-07-30T14:59:20.945+0000] {logging_mixin.py:188} INFO - [2025-07-30T14:59:20.944+0000] {dag.py:3096} INFO - Sync 1 DAGs
[2025-07-30T14:59:20.962+0000] {logging_mixin.py:188} INFO - [2025-07-30T14:59:20.962+0000] {dag.py:3954} INFO - Setting next_dagrun for load_hour_to_snowflake to None, run_after=None
[2025-07-30T14:59:20.983+0000] {processor.py:183} INFO - Processing /opt/airflow/dags/load_hour_to_snowflake.py took 0.100 seconds
[2025-07-30T14:59:51.736+0000] {processor.py:161} INFO - Started process (PID=363) to work on /opt/airflow/dags/load_hour_to_snowflake.py
[2025-07-30T14:59:51.738+0000] {processor.py:830} INFO - Processing file /opt/airflow/dags/load_hour_to_snowflake.py for tasks to queue
[2025-07-30T14:59:51.741+0000] {logging_mixin.py:188} INFO - [2025-07-30T14:59:51.741+0000] {dagbag.py:540} INFO - Filling up the DagBag from /opt/airflow/dags/load_hour_to_snowflake.py
[2025-07-30T14:59:51.763+0000] {processor.py:840} INFO - DAG(s) 'load_hour_to_snowflake' retrieved from /opt/airflow/dags/load_hour_to_snowflake.py
[2025-07-30T14:59:51.798+0000] {logging_mixin.py:188} INFO - [2025-07-30T14:59:51.798+0000] {dag.py:3096} INFO - Sync 1 DAGs
[2025-07-30T14:59:51.814+0000] {logging_mixin.py:188} INFO - [2025-07-30T14:59:51.814+0000] {dag.py:3954} INFO - Setting next_dagrun for load_hour_to_snowflake to None, run_after=None
[2025-07-30T14:59:51.882+0000] {processor.py:183} INFO - Processing /opt/airflow/dags/load_hour_to_snowflake.py took 0.154 seconds
[2025-07-30T15:00:22.248+0000] {processor.py:161} INFO - Started process (PID=415) to work on /opt/airflow/dags/load_hour_to_snowflake.py
[2025-07-30T15:00:22.251+0000] {processor.py:830} INFO - Processing file /opt/airflow/dags/load_hour_to_snowflake.py for tasks to queue
[2025-07-30T15:00:22.256+0000] {logging_mixin.py:188} INFO - [2025-07-30T15:00:22.256+0000] {dagbag.py:540} INFO - Filling up the DagBag from /opt/airflow/dags/load_hour_to_snowflake.py
[2025-07-30T15:00:22.288+0000] {processor.py:840} INFO - DAG(s) 'load_hour_to_snowflake' retrieved from /opt/airflow/dags/load_hour_to_snowflake.py
[2025-07-30T15:00:22.334+0000] {logging_mixin.py:188} INFO - [2025-07-30T15:00:22.333+0000] {dag.py:3096} INFO - Sync 1 DAGs
[2025-07-30T15:00:22.351+0000] {logging_mixin.py:188} INFO - [2025-07-30T15:00:22.351+0000] {dag.py:3954} INFO - Setting next_dagrun for load_hour_to_snowflake to None, run_after=None
[2025-07-30T15:00:22.392+0000] {processor.py:183} INFO - Processing /opt/airflow/dags/load_hour_to_snowflake.py took 0.155 seconds
[2025-07-30T15:00:52.622+0000] {processor.py:161} INFO - Started process (PID=465) to work on /opt/airflow/dags/load_hour_to_snowflake.py
[2025-07-30T15:00:52.623+0000] {processor.py:830} INFO - Processing file /opt/airflow/dags/load_hour_to_snowflake.py for tasks to queue
[2025-07-30T15:00:52.625+0000] {logging_mixin.py:188} INFO - [2025-07-30T15:00:52.625+0000] {dagbag.py:540} INFO - Filling up the DagBag from /opt/airflow/dags/load_hour_to_snowflake.py
[2025-07-30T15:00:52.641+0000] {processor.py:840} INFO - DAG(s) 'load_hour_to_snowflake' retrieved from /opt/airflow/dags/load_hour_to_snowflake.py
[2025-07-30T15:00:52.667+0000] {logging_mixin.py:188} INFO - [2025-07-30T15:00:52.666+0000] {dag.py:3096} INFO - Sync 1 DAGs
[2025-07-30T15:00:52.678+0000] {logging_mixin.py:188} INFO - [2025-07-30T15:00:52.677+0000] {dag.py:3954} INFO - Setting next_dagrun for load_hour_to_snowflake to None, run_after=None
[2025-07-30T15:00:52.702+0000] {processor.py:183} INFO - Processing /opt/airflow/dags/load_hour_to_snowflake.py took 0.084 seconds
[2025-07-30T15:01:22.879+0000] {processor.py:161} INFO - Started process (PID=500) to work on /opt/airflow/dags/load_hour_to_snowflake.py
[2025-07-30T15:01:22.880+0000] {processor.py:830} INFO - Processing file /opt/airflow/dags/load_hour_to_snowflake.py for tasks to queue
[2025-07-30T15:01:22.882+0000] {logging_mixin.py:188} INFO - [2025-07-30T15:01:22.882+0000] {dagbag.py:540} INFO - Filling up the DagBag from /opt/airflow/dags/load_hour_to_snowflake.py
[2025-07-30T15:01:22.896+0000] {processor.py:840} INFO - DAG(s) 'load_hour_to_snowflake' retrieved from /opt/airflow/dags/load_hour_to_snowflake.py
[2025-07-30T15:01:22.920+0000] {logging_mixin.py:188} INFO - [2025-07-30T15:01:22.919+0000] {dag.py:3096} INFO - Sync 1 DAGs
[2025-07-30T15:01:22.931+0000] {logging_mixin.py:188} INFO - [2025-07-30T15:01:22.931+0000] {dag.py:3954} INFO - Setting next_dagrun for load_hour_to_snowflake to None, run_after=None
[2025-07-30T15:01:22.951+0000] {processor.py:183} INFO - Processing /opt/airflow/dags/load_hour_to_snowflake.py took 0.077 seconds
[2025-07-30T15:01:53.176+0000] {processor.py:161} INFO - Started process (PID=535) to work on /opt/airflow/dags/load_hour_to_snowflake.py
[2025-07-30T15:01:53.177+0000] {processor.py:830} INFO - Processing file /opt/airflow/dags/load_hour_to_snowflake.py for tasks to queue
[2025-07-30T15:01:53.179+0000] {logging_mixin.py:188} INFO - [2025-07-30T15:01:53.179+0000] {dagbag.py:540} INFO - Filling up the DagBag from /opt/airflow/dags/load_hour_to_snowflake.py
[2025-07-30T15:01:53.196+0000] {processor.py:840} INFO - DAG(s) 'load_hour_to_snowflake' retrieved from /opt/airflow/dags/load_hour_to_snowflake.py
[2025-07-30T15:01:53.222+0000] {logging_mixin.py:188} INFO - [2025-07-30T15:01:53.222+0000] {dag.py:3096} INFO - Sync 1 DAGs
[2025-07-30T15:01:53.232+0000] {logging_mixin.py:188} INFO - [2025-07-30T15:01:53.232+0000] {dag.py:3954} INFO - Setting next_dagrun for load_hour_to_snowflake to None, run_after=None
[2025-07-30T15:01:53.254+0000] {processor.py:183} INFO - Processing /opt/airflow/dags/load_hour_to_snowflake.py took 0.083 seconds
[2025-07-30T15:02:23.429+0000] {processor.py:161} INFO - Started process (PID=568) to work on /opt/airflow/dags/load_hour_to_snowflake.py
[2025-07-30T15:02:23.430+0000] {processor.py:830} INFO - Processing file /opt/airflow/dags/load_hour_to_snowflake.py for tasks to queue
[2025-07-30T15:02:23.433+0000] {logging_mixin.py:188} INFO - [2025-07-30T15:02:23.432+0000] {dagbag.py:540} INFO - Filling up the DagBag from /opt/airflow/dags/load_hour_to_snowflake.py
[2025-07-30T15:02:23.453+0000] {processor.py:840} INFO - DAG(s) 'load_hour_to_snowflake' retrieved from /opt/airflow/dags/load_hour_to_snowflake.py
[2025-07-30T15:02:23.490+0000] {logging_mixin.py:188} INFO - [2025-07-30T15:02:23.490+0000] {dag.py:3096} INFO - Sync 1 DAGs
[2025-07-30T15:02:23.506+0000] {logging_mixin.py:188} INFO - [2025-07-30T15:02:23.506+0000] {dag.py:3954} INFO - Setting next_dagrun for load_hour_to_snowflake to None, run_after=None
[2025-07-30T15:02:23.536+0000] {processor.py:183} INFO - Processing /opt/airflow/dags/load_hour_to_snowflake.py took 0.113 seconds
[2025-07-30T15:02:56.030+0000] {processor.py:161} INFO - Started process (PID=605) to work on /opt/airflow/dags/load_hour_to_snowflake.py
[2025-07-30T15:02:56.031+0000] {processor.py:830} INFO - Processing file /opt/airflow/dags/load_hour_to_snowflake.py for tasks to queue
[2025-07-30T15:02:56.034+0000] {logging_mixin.py:188} INFO - [2025-07-30T15:02:56.034+0000] {dagbag.py:540} INFO - Filling up the DagBag from /opt/airflow/dags/load_hour_to_snowflake.py
[2025-07-30T15:02:56.062+0000] {processor.py:840} INFO - DAG(s) 'load_hour_to_snowflake' retrieved from /opt/airflow/dags/load_hour_to_snowflake.py
[2025-07-30T15:02:56.091+0000] {logging_mixin.py:188} INFO - [2025-07-30T15:02:56.090+0000] {dag.py:3096} INFO - Sync 1 DAGs
[2025-07-30T15:02:56.103+0000] {logging_mixin.py:188} INFO - [2025-07-30T15:02:56.103+0000] {dag.py:3954} INFO - Setting next_dagrun for load_hour_to_snowflake to None, run_after=None
[2025-07-30T15:02:56.126+0000] {processor.py:183} INFO - Processing /opt/airflow/dags/load_hour_to_snowflake.py took 0.102 seconds
[2025-07-30T15:03:28.176+0000] {processor.py:161} INFO - Started process (PID=640) to work on /opt/airflow/dags/load_hour_to_snowflake.py
[2025-07-30T15:03:28.177+0000] {processor.py:830} INFO - Processing file /opt/airflow/dags/load_hour_to_snowflake.py for tasks to queue
[2025-07-30T15:03:28.179+0000] {logging_mixin.py:188} INFO - [2025-07-30T15:03:28.179+0000] {dagbag.py:540} INFO - Filling up the DagBag from /opt/airflow/dags/load_hour_to_snowflake.py
[2025-07-30T15:03:28.193+0000] {processor.py:840} INFO - DAG(s) 'load_hour_to_snowflake' retrieved from /opt/airflow/dags/load_hour_to_snowflake.py
[2025-07-30T15:03:28.219+0000] {logging_mixin.py:188} INFO - [2025-07-30T15:03:28.219+0000] {dag.py:3096} INFO - Sync 1 DAGs
[2025-07-30T15:03:28.231+0000] {logging_mixin.py:188} INFO - [2025-07-30T15:03:28.231+0000] {dag.py:3954} INFO - Setting next_dagrun for load_hour_to_snowflake to None, run_after=None
[2025-07-30T15:03:28.251+0000] {processor.py:183} INFO - Processing /opt/airflow/dags/load_hour_to_snowflake.py took 0.080 seconds
[2025-07-30T15:04:00.449+0000] {processor.py:161} INFO - Started process (PID=690) to work on /opt/airflow/dags/load_hour_to_snowflake.py
[2025-07-30T15:04:00.450+0000] {processor.py:830} INFO - Processing file /opt/airflow/dags/load_hour_to_snowflake.py for tasks to queue
[2025-07-30T15:04:00.452+0000] {logging_mixin.py:188} INFO - [2025-07-30T15:04:00.451+0000] {dagbag.py:540} INFO - Filling up the DagBag from /opt/airflow/dags/load_hour_to_snowflake.py
[2025-07-30T15:04:00.467+0000] {processor.py:840} INFO - DAG(s) 'load_hour_to_snowflake' retrieved from /opt/airflow/dags/load_hour_to_snowflake.py
[2025-07-30T15:04:00.490+0000] {logging_mixin.py:188} INFO - [2025-07-30T15:04:00.490+0000] {dag.py:3096} INFO - Sync 1 DAGs
[2025-07-30T15:04:00.501+0000] {logging_mixin.py:188} INFO - [2025-07-30T15:04:00.500+0000] {dag.py:3954} INFO - Setting next_dagrun for load_hour_to_snowflake to None, run_after=None
[2025-07-30T15:04:00.517+0000] {processor.py:183} INFO - Processing /opt/airflow/dags/load_hour_to_snowflake.py took 0.074 seconds
[2025-07-30T15:04:31.204+0000] {processor.py:161} INFO - Started process (PID=725) to work on /opt/airflow/dags/load_hour_to_snowflake.py
[2025-07-30T15:04:31.205+0000] {processor.py:830} INFO - Processing file /opt/airflow/dags/load_hour_to_snowflake.py for tasks to queue
[2025-07-30T15:04:31.207+0000] {logging_mixin.py:188} INFO - [2025-07-30T15:04:31.206+0000] {dagbag.py:540} INFO - Filling up the DagBag from /opt/airflow/dags/load_hour_to_snowflake.py
[2025-07-30T15:04:31.222+0000] {processor.py:840} INFO - DAG(s) 'load_hour_to_snowflake' retrieved from /opt/airflow/dags/load_hour_to_snowflake.py
[2025-07-30T15:04:31.247+0000] {logging_mixin.py:188} INFO - [2025-07-30T15:04:31.247+0000] {dag.py:3096} INFO - Sync 1 DAGs
[2025-07-30T15:04:31.258+0000] {logging_mixin.py:188} INFO - [2025-07-30T15:04:31.258+0000] {dag.py:3954} INFO - Setting next_dagrun for load_hour_to_snowflake to None, run_after=None
[2025-07-30T15:04:31.276+0000] {processor.py:183} INFO - Processing /opt/airflow/dags/load_hour_to_snowflake.py took 0.077 seconds
[2025-07-30T15:05:08.158+0000] {processor.py:161} INFO - Started process (PID=185) to work on /opt/airflow/dags/load_hour_to_snowflake.py
[2025-07-30T15:05:08.159+0000] {processor.py:830} INFO - Processing file /opt/airflow/dags/load_hour_to_snowflake.py for tasks to queue
[2025-07-30T15:05:08.161+0000] {logging_mixin.py:188} INFO - [2025-07-30T15:05:08.161+0000] {dagbag.py:540} INFO - Filling up the DagBag from /opt/airflow/dags/load_hour_to_snowflake.py
[2025-07-30T15:05:08.178+0000] {processor.py:840} INFO - DAG(s) 'load_hour_to_snowflake' retrieved from /opt/airflow/dags/load_hour_to_snowflake.py
[2025-07-30T15:05:08.193+0000] {logging_mixin.py:188} INFO - [2025-07-30T15:05:08.192+0000] {dag.py:3096} INFO - Sync 1 DAGs
[2025-07-30T15:05:08.205+0000] {logging_mixin.py:188} INFO - [2025-07-30T15:05:08.205+0000] {dag.py:3954} INFO - Setting next_dagrun for load_hour_to_snowflake to None, run_after=None
[2025-07-30T15:05:08.230+0000] {processor.py:183} INFO - Processing /opt/airflow/dags/load_hour_to_snowflake.py took 0.078 seconds
[2025-07-30T15:05:38.442+0000] {processor.py:161} INFO - Started process (PID=237) to work on /opt/airflow/dags/load_hour_to_snowflake.py
[2025-07-30T15:05:38.444+0000] {processor.py:830} INFO - Processing file /opt/airflow/dags/load_hour_to_snowflake.py for tasks to queue
[2025-07-30T15:05:38.446+0000] {logging_mixin.py:188} INFO - [2025-07-30T15:05:38.445+0000] {dagbag.py:540} INFO - Filling up the DagBag from /opt/airflow/dags/load_hour_to_snowflake.py
[2025-07-30T15:05:38.462+0000] {processor.py:840} INFO - DAG(s) 'load_hour_to_snowflake' retrieved from /opt/airflow/dags/load_hour_to_snowflake.py
[2025-07-30T15:05:38.566+0000] {logging_mixin.py:188} INFO - [2025-07-30T15:05:38.566+0000] {dag.py:3096} INFO - Sync 1 DAGs
[2025-07-30T15:05:38.576+0000] {logging_mixin.py:188} INFO - [2025-07-30T15:05:38.575+0000] {dag.py:3954} INFO - Setting next_dagrun for load_hour_to_snowflake to None, run_after=None
[2025-07-30T15:05:38.597+0000] {processor.py:183} INFO - Processing /opt/airflow/dags/load_hour_to_snowflake.py took 0.160 seconds
[2025-07-30T15:06:09.245+0000] {processor.py:161} INFO - Started process (PID=272) to work on /opt/airflow/dags/load_hour_to_snowflake.py
[2025-07-30T15:06:09.246+0000] {processor.py:830} INFO - Processing file /opt/airflow/dags/load_hour_to_snowflake.py for tasks to queue
[2025-07-30T15:06:09.249+0000] {logging_mixin.py:188} INFO - [2025-07-30T15:06:09.248+0000] {dagbag.py:540} INFO - Filling up the DagBag from /opt/airflow/dags/load_hour_to_snowflake.py
[2025-07-30T15:06:09.284+0000] {processor.py:840} INFO - DAG(s) 'load_hour_to_snowflake' retrieved from /opt/airflow/dags/load_hour_to_snowflake.py
[2025-07-30T15:06:09.335+0000] {logging_mixin.py:188} INFO - [2025-07-30T15:06:09.334+0000] {dag.py:3096} INFO - Sync 1 DAGs
[2025-07-30T15:06:09.350+0000] {logging_mixin.py:188} INFO - [2025-07-30T15:06:09.350+0000] {dag.py:3954} INFO - Setting next_dagrun for load_hour_to_snowflake to None, run_after=None
[2025-07-30T15:06:09.373+0000] {processor.py:183} INFO - Processing /opt/airflow/dags/load_hour_to_snowflake.py took 0.136 seconds
[2025-07-30T15:06:42.754+0000] {processor.py:161} INFO - Started process (PID=322) to work on /opt/airflow/dags/load_hour_to_snowflake.py
[2025-07-30T15:06:42.755+0000] {processor.py:830} INFO - Processing file /opt/airflow/dags/load_hour_to_snowflake.py for tasks to queue
[2025-07-30T15:06:42.757+0000] {logging_mixin.py:188} INFO - [2025-07-30T15:06:42.757+0000] {dagbag.py:540} INFO - Filling up the DagBag from /opt/airflow/dags/load_hour_to_snowflake.py
[2025-07-30T15:06:42.772+0000] {processor.py:840} INFO - DAG(s) 'load_hour_to_snowflake' retrieved from /opt/airflow/dags/load_hour_to_snowflake.py
[2025-07-30T15:06:42.804+0000] {logging_mixin.py:188} INFO - [2025-07-30T15:06:42.803+0000] {dag.py:3096} INFO - Sync 1 DAGs
[2025-07-30T15:06:42.818+0000] {logging_mixin.py:188} INFO - [2025-07-30T15:06:42.818+0000] {dag.py:3954} INFO - Setting next_dagrun for load_hour_to_snowflake to None, run_after=None
[2025-07-30T15:06:42.838+0000] {processor.py:183} INFO - Processing /opt/airflow/dags/load_hour_to_snowflake.py took 0.089 seconds
[2025-07-30T15:07:14.951+0000] {processor.py:161} INFO - Started process (PID=357) to work on /opt/airflow/dags/load_hour_to_snowflake.py
[2025-07-30T15:07:14.952+0000] {processor.py:830} INFO - Processing file /opt/airflow/dags/load_hour_to_snowflake.py for tasks to queue
[2025-07-30T15:07:14.954+0000] {logging_mixin.py:188} INFO - [2025-07-30T15:07:14.954+0000] {dagbag.py:540} INFO - Filling up the DagBag from /opt/airflow/dags/load_hour_to_snowflake.py
[2025-07-30T15:07:14.971+0000] {processor.py:840} INFO - DAG(s) 'load_hour_to_snowflake' retrieved from /opt/airflow/dags/load_hour_to_snowflake.py
[2025-07-30T15:07:14.995+0000] {logging_mixin.py:188} INFO - [2025-07-30T15:07:14.994+0000] {dag.py:3096} INFO - Sync 1 DAGs
[2025-07-30T15:07:15.007+0000] {logging_mixin.py:188} INFO - [2025-07-30T15:07:15.007+0000] {dag.py:3954} INFO - Setting next_dagrun for load_hour_to_snowflake to None, run_after=None
[2025-07-30T15:07:15.027+0000] {processor.py:183} INFO - Processing /opt/airflow/dags/load_hour_to_snowflake.py took 0.082 seconds
[2025-07-30T15:07:45.691+0000] {processor.py:161} INFO - Started process (PID=392) to work on /opt/airflow/dags/load_hour_to_snowflake.py
[2025-07-30T15:07:45.692+0000] {processor.py:830} INFO - Processing file /opt/airflow/dags/load_hour_to_snowflake.py for tasks to queue
[2025-07-30T15:07:45.694+0000] {logging_mixin.py:188} INFO - [2025-07-30T15:07:45.694+0000] {dagbag.py:540} INFO - Filling up the DagBag from /opt/airflow/dags/load_hour_to_snowflake.py
[2025-07-30T15:07:45.708+0000] {processor.py:840} INFO - DAG(s) 'load_hour_to_snowflake' retrieved from /opt/airflow/dags/load_hour_to_snowflake.py
[2025-07-30T15:07:45.733+0000] {logging_mixin.py:188} INFO - [2025-07-30T15:07:45.733+0000] {dag.py:3096} INFO - Sync 1 DAGs
[2025-07-30T15:07:45.746+0000] {logging_mixin.py:188} INFO - [2025-07-30T15:07:45.745+0000] {dag.py:3954} INFO - Setting next_dagrun for load_hour_to_snowflake to None, run_after=None
[2025-07-30T15:07:45.768+0000] {processor.py:183} INFO - Processing /opt/airflow/dags/load_hour_to_snowflake.py took 0.088 seconds
[2025-07-30T15:08:15.858+0000] {processor.py:161} INFO - Started process (PID=427) to work on /opt/airflow/dags/load_hour_to_snowflake.py
[2025-07-30T15:08:15.859+0000] {processor.py:830} INFO - Processing file /opt/airflow/dags/load_hour_to_snowflake.py for tasks to queue
[2025-07-30T15:08:15.861+0000] {logging_mixin.py:188} INFO - [2025-07-30T15:08:15.861+0000] {dagbag.py:540} INFO - Filling up the DagBag from /opt/airflow/dags/load_hour_to_snowflake.py
[2025-07-30T15:08:15.879+0000] {processor.py:840} INFO - DAG(s) 'load_hour_to_snowflake' retrieved from /opt/airflow/dags/load_hour_to_snowflake.py
[2025-07-30T15:08:15.906+0000] {logging_mixin.py:188} INFO - [2025-07-30T15:08:15.905+0000] {dag.py:3096} INFO - Sync 1 DAGs
[2025-07-30T15:08:15.922+0000] {logging_mixin.py:188} INFO - [2025-07-30T15:08:15.922+0000] {dag.py:3954} INFO - Setting next_dagrun for load_hour_to_snowflake to None, run_after=None
[2025-07-30T15:08:15.941+0000] {processor.py:183} INFO - Processing /opt/airflow/dags/load_hour_to_snowflake.py took 0.088 seconds
[2025-07-30T15:08:46.658+0000] {processor.py:161} INFO - Started process (PID=462) to work on /opt/airflow/dags/load_hour_to_snowflake.py
[2025-07-30T15:08:46.659+0000] {processor.py:830} INFO - Processing file /opt/airflow/dags/load_hour_to_snowflake.py for tasks to queue
[2025-07-30T15:08:46.660+0000] {logging_mixin.py:188} INFO - [2025-07-30T15:08:46.660+0000] {dagbag.py:540} INFO - Filling up the DagBag from /opt/airflow/dags/load_hour_to_snowflake.py
[2025-07-30T15:08:46.677+0000] {processor.py:840} INFO - DAG(s) 'load_hour_to_snowflake' retrieved from /opt/airflow/dags/load_hour_to_snowflake.py
[2025-07-30T15:08:46.702+0000] {logging_mixin.py:188} INFO - [2025-07-30T15:08:46.702+0000] {dag.py:3096} INFO - Sync 1 DAGs
[2025-07-30T15:08:46.713+0000] {logging_mixin.py:188} INFO - [2025-07-30T15:08:46.713+0000] {dag.py:3954} INFO - Setting next_dagrun for load_hour_to_snowflake to None, run_after=None
[2025-07-30T15:08:46.733+0000] {processor.py:183} INFO - Processing /opt/airflow/dags/load_hour_to_snowflake.py took 0.091 seconds
[2025-07-30T15:09:16.907+0000] {processor.py:161} INFO - Started process (PID=497) to work on /opt/airflow/dags/load_hour_to_snowflake.py
[2025-07-30T15:09:16.908+0000] {processor.py:830} INFO - Processing file /opt/airflow/dags/load_hour_to_snowflake.py for tasks to queue
[2025-07-30T15:09:16.910+0000] {logging_mixin.py:188} INFO - [2025-07-30T15:09:16.909+0000] {dagbag.py:540} INFO - Filling up the DagBag from /opt/airflow/dags/load_hour_to_snowflake.py
[2025-07-30T15:09:16.927+0000] {processor.py:840} INFO - DAG(s) 'load_hour_to_snowflake' retrieved from /opt/airflow/dags/load_hour_to_snowflake.py
[2025-07-30T15:09:16.952+0000] {logging_mixin.py:188} INFO - [2025-07-30T15:09:16.951+0000] {dag.py:3096} INFO - Sync 1 DAGs
[2025-07-30T15:09:16.965+0000] {logging_mixin.py:188} INFO - [2025-07-30T15:09:16.965+0000] {dag.py:3954} INFO - Setting next_dagrun for load_hour_to_snowflake to None, run_after=None
[2025-07-30T15:09:16.984+0000] {processor.py:183} INFO - Processing /opt/airflow/dags/load_hour_to_snowflake.py took 0.082 seconds
[2025-07-30T15:09:47.124+0000] {processor.py:161} INFO - Started process (PID=532) to work on /opt/airflow/dags/load_hour_to_snowflake.py
[2025-07-30T15:09:47.125+0000] {processor.py:830} INFO - Processing file /opt/airflow/dags/load_hour_to_snowflake.py for tasks to queue
[2025-07-30T15:09:47.127+0000] {logging_mixin.py:188} INFO - [2025-07-30T15:09:47.127+0000] {dagbag.py:540} INFO - Filling up the DagBag from /opt/airflow/dags/load_hour_to_snowflake.py
[2025-07-30T15:09:47.144+0000] {processor.py:840} INFO - DAG(s) 'load_hour_to_snowflake' retrieved from /opt/airflow/dags/load_hour_to_snowflake.py
[2025-07-30T15:09:47.183+0000] {logging_mixin.py:188} INFO - [2025-07-30T15:09:47.182+0000] {dag.py:3096} INFO - Sync 1 DAGs
[2025-07-30T15:09:47.200+0000] {logging_mixin.py:188} INFO - [2025-07-30T15:09:47.199+0000] {dag.py:3954} INFO - Setting next_dagrun for load_hour_to_snowflake to None, run_after=None
[2025-07-30T15:09:47.231+0000] {processor.py:183} INFO - Processing /opt/airflow/dags/load_hour_to_snowflake.py took 0.112 seconds
[2025-07-30T15:10:17.304+0000] {processor.py:161} INFO - Started process (PID=567) to work on /opt/airflow/dags/load_hour_to_snowflake.py
[2025-07-30T15:10:17.305+0000] {processor.py:830} INFO - Processing file /opt/airflow/dags/load_hour_to_snowflake.py for tasks to queue
[2025-07-30T15:10:17.307+0000] {logging_mixin.py:188} INFO - [2025-07-30T15:10:17.307+0000] {dagbag.py:540} INFO - Filling up the DagBag from /opt/airflow/dags/load_hour_to_snowflake.py
[2025-07-30T15:10:17.323+0000] {processor.py:840} INFO - DAG(s) 'load_hour_to_snowflake' retrieved from /opt/airflow/dags/load_hour_to_snowflake.py
[2025-07-30T15:10:17.348+0000] {logging_mixin.py:188} INFO - [2025-07-30T15:10:17.348+0000] {dag.py:3096} INFO - Sync 1 DAGs
[2025-07-30T15:10:17.359+0000] {logging_mixin.py:188} INFO - [2025-07-30T15:10:17.359+0000] {dag.py:3954} INFO - Setting next_dagrun for load_hour_to_snowflake to None, run_after=None
[2025-07-30T15:10:17.377+0000] {processor.py:183} INFO - Processing /opt/airflow/dags/load_hour_to_snowflake.py took 0.078 seconds
[2025-07-30T15:10:47.445+0000] {processor.py:161} INFO - Started process (PID=602) to work on /opt/airflow/dags/load_hour_to_snowflake.py
[2025-07-30T15:10:47.446+0000] {processor.py:830} INFO - Processing file /opt/airflow/dags/load_hour_to_snowflake.py for tasks to queue
[2025-07-30T15:10:47.447+0000] {logging_mixin.py:188} INFO - [2025-07-30T15:10:47.447+0000] {dagbag.py:540} INFO - Filling up the DagBag from /opt/airflow/dags/load_hour_to_snowflake.py
[2025-07-30T15:10:47.464+0000] {processor.py:840} INFO - DAG(s) 'load_hour_to_snowflake' retrieved from /opt/airflow/dags/load_hour_to_snowflake.py
[2025-07-30T15:10:47.489+0000] {logging_mixin.py:188} INFO - [2025-07-30T15:10:47.489+0000] {dag.py:3096} INFO - Sync 1 DAGs
[2025-07-30T15:10:47.502+0000] {logging_mixin.py:188} INFO - [2025-07-30T15:10:47.501+0000] {dag.py:3954} INFO - Setting next_dagrun for load_hour_to_snowflake to None, run_after=None
[2025-07-30T15:10:47.521+0000] {processor.py:183} INFO - Processing /opt/airflow/dags/load_hour_to_snowflake.py took 0.081 seconds
[2025-07-30T15:11:17.658+0000] {processor.py:161} INFO - Started process (PID=637) to work on /opt/airflow/dags/load_hour_to_snowflake.py
[2025-07-30T15:11:17.659+0000] {processor.py:830} INFO - Processing file /opt/airflow/dags/load_hour_to_snowflake.py for tasks to queue
[2025-07-30T15:11:17.660+0000] {logging_mixin.py:188} INFO - [2025-07-30T15:11:17.660+0000] {dagbag.py:540} INFO - Filling up the DagBag from /opt/airflow/dags/load_hour_to_snowflake.py
[2025-07-30T15:11:17.674+0000] {processor.py:840} INFO - DAG(s) 'load_hour_to_snowflake' retrieved from /opt/airflow/dags/load_hour_to_snowflake.py
[2025-07-30T15:11:17.706+0000] {logging_mixin.py:188} INFO - [2025-07-30T15:11:17.706+0000] {dag.py:3096} INFO - Sync 1 DAGs
[2025-07-30T15:11:17.718+0000] {logging_mixin.py:188} INFO - [2025-07-30T15:11:17.717+0000] {dag.py:3954} INFO - Setting next_dagrun for load_hour_to_snowflake to None, run_after=None
[2025-07-30T15:11:17.734+0000] {processor.py:183} INFO - Processing /opt/airflow/dags/load_hour_to_snowflake.py took 0.081 seconds
[2025-07-30T15:11:48.718+0000] {processor.py:161} INFO - Started process (PID=672) to work on /opt/airflow/dags/load_hour_to_snowflake.py
[2025-07-30T15:11:48.719+0000] {processor.py:830} INFO - Processing file /opt/airflow/dags/load_hour_to_snowflake.py for tasks to queue
[2025-07-30T15:11:48.721+0000] {logging_mixin.py:188} INFO - [2025-07-30T15:11:48.721+0000] {dagbag.py:540} INFO - Filling up the DagBag from /opt/airflow/dags/load_hour_to_snowflake.py
[2025-07-30T15:11:48.736+0000] {processor.py:840} INFO - DAG(s) 'load_hour_to_snowflake' retrieved from /opt/airflow/dags/load_hour_to_snowflake.py
[2025-07-30T15:11:48.761+0000] {logging_mixin.py:188} INFO - [2025-07-30T15:11:48.761+0000] {dag.py:3096} INFO - Sync 1 DAGs
[2025-07-30T15:11:48.772+0000] {logging_mixin.py:188} INFO - [2025-07-30T15:11:48.772+0000] {dag.py:3954} INFO - Setting next_dagrun for load_hour_to_snowflake to None, run_after=None
[2025-07-30T15:11:48.791+0000] {processor.py:183} INFO - Processing /opt/airflow/dags/load_hour_to_snowflake.py took 0.078 seconds
[2025-07-30T15:12:18.985+0000] {processor.py:161} INFO - Started process (PID=707) to work on /opt/airflow/dags/load_hour_to_snowflake.py
[2025-07-30T15:12:18.986+0000] {processor.py:830} INFO - Processing file /opt/airflow/dags/load_hour_to_snowflake.py for tasks to queue
[2025-07-30T15:12:18.988+0000] {logging_mixin.py:188} INFO - [2025-07-30T15:12:18.988+0000] {dagbag.py:540} INFO - Filling up the DagBag from /opt/airflow/dags/load_hour_to_snowflake.py
[2025-07-30T15:12:19.005+0000] {processor.py:840} INFO - DAG(s) 'load_hour_to_snowflake' retrieved from /opt/airflow/dags/load_hour_to_snowflake.py
[2025-07-30T15:12:19.041+0000] {logging_mixin.py:188} INFO - [2025-07-30T15:12:19.041+0000] {dag.py:3096} INFO - Sync 1 DAGs
[2025-07-30T15:12:19.059+0000] {logging_mixin.py:188} INFO - [2025-07-30T15:12:19.059+0000] {dag.py:3954} INFO - Setting next_dagrun for load_hour_to_snowflake to None, run_after=None
[2025-07-30T15:12:19.081+0000] {processor.py:183} INFO - Processing /opt/airflow/dags/load_hour_to_snowflake.py took 0.102 seconds
[2025-07-30T15:12:49.186+0000] {processor.py:161} INFO - Started process (PID=742) to work on /opt/airflow/dags/load_hour_to_snowflake.py
[2025-07-30T15:12:49.187+0000] {processor.py:830} INFO - Processing file /opt/airflow/dags/load_hour_to_snowflake.py for tasks to queue
[2025-07-30T15:12:49.189+0000] {logging_mixin.py:188} INFO - [2025-07-30T15:12:49.189+0000] {dagbag.py:540} INFO - Filling up the DagBag from /opt/airflow/dags/load_hour_to_snowflake.py
[2025-07-30T15:12:49.212+0000] {processor.py:840} INFO - DAG(s) 'load_hour_to_snowflake' retrieved from /opt/airflow/dags/load_hour_to_snowflake.py
[2025-07-30T15:12:49.238+0000] {logging_mixin.py:188} INFO - [2025-07-30T15:12:49.237+0000] {dag.py:3096} INFO - Sync 1 DAGs
[2025-07-30T15:12:49.248+0000] {logging_mixin.py:188} INFO - [2025-07-30T15:12:49.248+0000] {dag.py:3954} INFO - Setting next_dagrun for load_hour_to_snowflake to None, run_after=None
[2025-07-30T15:12:49.273+0000] {processor.py:183} INFO - Processing /opt/airflow/dags/load_hour_to_snowflake.py took 0.093 seconds
[2025-07-30T15:13:19.585+0000] {processor.py:161} INFO - Started process (PID=775) to work on /opt/airflow/dags/load_hour_to_snowflake.py
[2025-07-30T15:13:19.586+0000] {processor.py:830} INFO - Processing file /opt/airflow/dags/load_hour_to_snowflake.py for tasks to queue
[2025-07-30T15:13:19.588+0000] {logging_mixin.py:188} INFO - [2025-07-30T15:13:19.588+0000] {dagbag.py:540} INFO - Filling up the DagBag from /opt/airflow/dags/load_hour_to_snowflake.py
[2025-07-30T15:13:19.607+0000] {processor.py:840} INFO - DAG(s) 'load_hour_to_snowflake' retrieved from /opt/airflow/dags/load_hour_to_snowflake.py
[2025-07-30T15:13:19.656+0000] {logging_mixin.py:188} INFO - [2025-07-30T15:13:19.656+0000] {dag.py:3096} INFO - Sync 1 DAGs
[2025-07-30T15:13:19.674+0000] {logging_mixin.py:188} INFO - [2025-07-30T15:13:19.674+0000] {dag.py:3954} INFO - Setting next_dagrun for load_hour_to_snowflake to None, run_after=None
[2025-07-30T15:13:19.697+0000] {processor.py:183} INFO - Processing /opt/airflow/dags/load_hour_to_snowflake.py took 0.117 seconds
[2025-07-30T15:13:50.434+0000] {processor.py:161} INFO - Started process (PID=812) to work on /opt/airflow/dags/load_hour_to_snowflake.py
[2025-07-30T15:13:50.435+0000] {processor.py:830} INFO - Processing file /opt/airflow/dags/load_hour_to_snowflake.py for tasks to queue
[2025-07-30T15:13:50.437+0000] {logging_mixin.py:188} INFO - [2025-07-30T15:13:50.436+0000] {dagbag.py:540} INFO - Filling up the DagBag from /opt/airflow/dags/load_hour_to_snowflake.py
[2025-07-30T15:13:50.450+0000] {processor.py:840} INFO - DAG(s) 'load_hour_to_snowflake' retrieved from /opt/airflow/dags/load_hour_to_snowflake.py
[2025-07-30T15:13:50.479+0000] {logging_mixin.py:188} INFO - [2025-07-30T15:13:50.478+0000] {dag.py:3096} INFO - Sync 1 DAGs
[2025-07-30T15:13:50.493+0000] {logging_mixin.py:188} INFO - [2025-07-30T15:13:50.492+0000] {dag.py:3954} INFO - Setting next_dagrun for load_hour_to_snowflake to None, run_after=None
[2025-07-30T15:13:50.513+0000] {processor.py:183} INFO - Processing /opt/airflow/dags/load_hour_to_snowflake.py took 0.084 seconds
[2025-07-30T15:14:21.073+0000] {processor.py:161} INFO - Started process (PID=847) to work on /opt/airflow/dags/load_hour_to_snowflake.py
[2025-07-30T15:14:21.074+0000] {processor.py:830} INFO - Processing file /opt/airflow/dags/load_hour_to_snowflake.py for tasks to queue
[2025-07-30T15:14:21.076+0000] {logging_mixin.py:188} INFO - [2025-07-30T15:14:21.076+0000] {dagbag.py:540} INFO - Filling up the DagBag from /opt/airflow/dags/load_hour_to_snowflake.py
[2025-07-30T15:14:21.091+0000] {processor.py:840} INFO - DAG(s) 'load_hour_to_snowflake' retrieved from /opt/airflow/dags/load_hour_to_snowflake.py
[2025-07-30T15:14:21.123+0000] {logging_mixin.py:188} INFO - [2025-07-30T15:14:21.122+0000] {dag.py:3096} INFO - Sync 1 DAGs
[2025-07-30T15:14:21.139+0000] {logging_mixin.py:188} INFO - [2025-07-30T15:14:21.139+0000] {dag.py:3954} INFO - Setting next_dagrun for load_hour_to_snowflake to None, run_after=None
[2025-07-30T15:14:21.161+0000] {processor.py:183} INFO - Processing /opt/airflow/dags/load_hour_to_snowflake.py took 0.096 seconds
[2025-07-30T15:14:51.555+0000] {processor.py:161} INFO - Started process (PID=882) to work on /opt/airflow/dags/load_hour_to_snowflake.py
[2025-07-30T15:14:51.556+0000] {processor.py:830} INFO - Processing file /opt/airflow/dags/load_hour_to_snowflake.py for tasks to queue
[2025-07-30T15:14:51.560+0000] {logging_mixin.py:188} INFO - [2025-07-30T15:14:51.559+0000] {dagbag.py:540} INFO - Filling up the DagBag from /opt/airflow/dags/load_hour_to_snowflake.py
[2025-07-30T15:14:51.580+0000] {processor.py:840} INFO - DAG(s) 'load_hour_to_snowflake' retrieved from /opt/airflow/dags/load_hour_to_snowflake.py
[2025-07-30T15:14:51.614+0000] {logging_mixin.py:188} INFO - [2025-07-30T15:14:51.613+0000] {dag.py:3096} INFO - Sync 1 DAGs
[2025-07-30T15:14:51.626+0000] {logging_mixin.py:188} INFO - [2025-07-30T15:14:51.626+0000] {dag.py:3954} INFO - Setting next_dagrun for load_hour_to_snowflake to None, run_after=None
[2025-07-30T15:14:51.651+0000] {processor.py:183} INFO - Processing /opt/airflow/dags/load_hour_to_snowflake.py took 0.103 seconds
[2025-07-30T15:15:22.132+0000] {processor.py:161} INFO - Started process (PID=917) to work on /opt/airflow/dags/load_hour_to_snowflake.py
[2025-07-30T15:15:22.133+0000] {processor.py:830} INFO - Processing file /opt/airflow/dags/load_hour_to_snowflake.py for tasks to queue
[2025-07-30T15:15:22.135+0000] {logging_mixin.py:188} INFO - [2025-07-30T15:15:22.135+0000] {dagbag.py:540} INFO - Filling up the DagBag from /opt/airflow/dags/load_hour_to_snowflake.py
[2025-07-30T15:15:22.158+0000] {processor.py:840} INFO - DAG(s) 'load_hour_to_snowflake' retrieved from /opt/airflow/dags/load_hour_to_snowflake.py
[2025-07-30T15:15:22.191+0000] {logging_mixin.py:188} INFO - [2025-07-30T15:15:22.191+0000] {dag.py:3096} INFO - Sync 1 DAGs
[2025-07-30T15:15:22.204+0000] {logging_mixin.py:188} INFO - [2025-07-30T15:15:22.203+0000] {dag.py:3954} INFO - Setting next_dagrun for load_hour_to_snowflake to None, run_after=None
[2025-07-30T15:15:22.225+0000] {processor.py:183} INFO - Processing /opt/airflow/dags/load_hour_to_snowflake.py took 0.098 seconds
[2025-07-30T15:15:54.354+0000] {processor.py:161} INFO - Started process (PID=952) to work on /opt/airflow/dags/load_hour_to_snowflake.py
[2025-07-30T15:15:54.355+0000] {processor.py:830} INFO - Processing file /opt/airflow/dags/load_hour_to_snowflake.py for tasks to queue
[2025-07-30T15:15:54.357+0000] {logging_mixin.py:188} INFO - [2025-07-30T15:15:54.356+0000] {dagbag.py:540} INFO - Filling up the DagBag from /opt/airflow/dags/load_hour_to_snowflake.py
[2025-07-30T15:15:54.374+0000] {processor.py:840} INFO - DAG(s) 'load_hour_to_snowflake' retrieved from /opt/airflow/dags/load_hour_to_snowflake.py
[2025-07-30T15:15:54.421+0000] {logging_mixin.py:188} INFO - [2025-07-30T15:15:54.420+0000] {dag.py:3096} INFO - Sync 1 DAGs
[2025-07-30T15:15:54.441+0000] {logging_mixin.py:188} INFO - [2025-07-30T15:15:54.440+0000] {dag.py:3954} INFO - Setting next_dagrun for load_hour_to_snowflake to None, run_after=None
[2025-07-30T15:15:54.469+0000] {processor.py:183} INFO - Processing /opt/airflow/dags/load_hour_to_snowflake.py took 0.120 seconds
[2025-07-30T15:16:26.795+0000] {processor.py:161} INFO - Started process (PID=987) to work on /opt/airflow/dags/load_hour_to_snowflake.py
[2025-07-30T15:16:26.797+0000] {processor.py:830} INFO - Processing file /opt/airflow/dags/load_hour_to_snowflake.py for tasks to queue
[2025-07-30T15:16:26.800+0000] {logging_mixin.py:188} INFO - [2025-07-30T15:16:26.800+0000] {dagbag.py:540} INFO - Filling up the DagBag from /opt/airflow/dags/load_hour_to_snowflake.py
[2025-07-30T15:16:26.822+0000] {processor.py:840} INFO - DAG(s) 'load_hour_to_snowflake' retrieved from /opt/airflow/dags/load_hour_to_snowflake.py
[2025-07-30T15:16:26.862+0000] {logging_mixin.py:188} INFO - [2025-07-30T15:16:26.861+0000] {dag.py:3096} INFO - Sync 1 DAGs
[2025-07-30T15:16:26.875+0000] {logging_mixin.py:188} INFO - [2025-07-30T15:16:26.875+0000] {dag.py:3954} INFO - Setting next_dagrun for load_hour_to_snowflake to None, run_after=None
[2025-07-30T15:16:26.903+0000] {processor.py:183} INFO - Processing /opt/airflow/dags/load_hour_to_snowflake.py took 0.116 seconds
[2025-07-30T15:16:59.031+0000] {processor.py:161} INFO - Started process (PID=1022) to work on /opt/airflow/dags/load_hour_to_snowflake.py
[2025-07-30T15:16:59.032+0000] {processor.py:830} INFO - Processing file /opt/airflow/dags/load_hour_to_snowflake.py for tasks to queue
[2025-07-30T15:16:59.034+0000] {logging_mixin.py:188} INFO - [2025-07-30T15:16:59.033+0000] {dagbag.py:540} INFO - Filling up the DagBag from /opt/airflow/dags/load_hour_to_snowflake.py
[2025-07-30T15:16:59.049+0000] {processor.py:840} INFO - DAG(s) 'load_hour_to_snowflake' retrieved from /opt/airflow/dags/load_hour_to_snowflake.py
[2025-07-30T15:16:59.084+0000] {logging_mixin.py:188} INFO - [2025-07-30T15:16:59.083+0000] {dag.py:3096} INFO - Sync 1 DAGs
[2025-07-30T15:16:59.099+0000] {logging_mixin.py:188} INFO - [2025-07-30T15:16:59.099+0000] {dag.py:3954} INFO - Setting next_dagrun for load_hour_to_snowflake to None, run_after=None
[2025-07-30T15:16:59.120+0000] {processor.py:183} INFO - Processing /opt/airflow/dags/load_hour_to_snowflake.py took 0.094 seconds
[2025-07-30T15:17:31.193+0000] {processor.py:161} INFO - Started process (PID=1055) to work on /opt/airflow/dags/load_hour_to_snowflake.py
[2025-07-30T15:17:31.194+0000] {processor.py:830} INFO - Processing file /opt/airflow/dags/load_hour_to_snowflake.py for tasks to queue
[2025-07-30T15:17:31.196+0000] {logging_mixin.py:188} INFO - [2025-07-30T15:17:31.196+0000] {dagbag.py:540} INFO - Filling up the DagBag from /opt/airflow/dags/load_hour_to_snowflake.py
[2025-07-30T15:17:31.209+0000] {processor.py:840} INFO - DAG(s) 'load_hour_to_snowflake' retrieved from /opt/airflow/dags/load_hour_to_snowflake.py
[2025-07-30T15:17:31.238+0000] {logging_mixin.py:188} INFO - [2025-07-30T15:17:31.238+0000] {dag.py:3096} INFO - Sync 1 DAGs
[2025-07-30T15:17:31.251+0000] {logging_mixin.py:188} INFO - [2025-07-30T15:17:31.250+0000] {dag.py:3954} INFO - Setting next_dagrun for load_hour_to_snowflake to None, run_after=None
[2025-07-30T15:17:31.267+0000] {processor.py:183} INFO - Processing /opt/airflow/dags/load_hour_to_snowflake.py took 0.079 seconds
[2025-07-30T15:18:03.420+0000] {processor.py:161} INFO - Started process (PID=1092) to work on /opt/airflow/dags/load_hour_to_snowflake.py
[2025-07-30T15:18:03.421+0000] {processor.py:830} INFO - Processing file /opt/airflow/dags/load_hour_to_snowflake.py for tasks to queue
[2025-07-30T15:18:03.423+0000] {logging_mixin.py:188} INFO - [2025-07-30T15:18:03.423+0000] {dagbag.py:540} INFO - Filling up the DagBag from /opt/airflow/dags/load_hour_to_snowflake.py
[2025-07-30T15:18:03.439+0000] {processor.py:840} INFO - DAG(s) 'load_hour_to_snowflake' retrieved from /opt/airflow/dags/load_hour_to_snowflake.py
[2025-07-30T15:18:03.463+0000] {logging_mixin.py:188} INFO - [2025-07-30T15:18:03.462+0000] {dag.py:3096} INFO - Sync 1 DAGs
[2025-07-30T15:18:03.474+0000] {logging_mixin.py:188} INFO - [2025-07-30T15:18:03.474+0000] {dag.py:3954} INFO - Setting next_dagrun for load_hour_to_snowflake to None, run_after=None
[2025-07-30T15:18:03.491+0000] {processor.py:183} INFO - Processing /opt/airflow/dags/load_hour_to_snowflake.py took 0.075 seconds
[2025-07-30T15:18:35.601+0000] {processor.py:161} INFO - Started process (PID=1127) to work on /opt/airflow/dags/load_hour_to_snowflake.py
[2025-07-30T15:18:35.602+0000] {processor.py:830} INFO - Processing file /opt/airflow/dags/load_hour_to_snowflake.py for tasks to queue
[2025-07-30T15:18:35.604+0000] {logging_mixin.py:188} INFO - [2025-07-30T15:18:35.604+0000] {dagbag.py:540} INFO - Filling up the DagBag from /opt/airflow/dags/load_hour_to_snowflake.py
[2025-07-30T15:18:35.620+0000] {processor.py:840} INFO - DAG(s) 'load_hour_to_snowflake' retrieved from /opt/airflow/dags/load_hour_to_snowflake.py
[2025-07-30T15:18:35.645+0000] {logging_mixin.py:188} INFO - [2025-07-30T15:18:35.644+0000] {dag.py:3096} INFO - Sync 1 DAGs
[2025-07-30T15:18:35.656+0000] {logging_mixin.py:188} INFO - [2025-07-30T15:18:35.656+0000] {dag.py:3954} INFO - Setting next_dagrun for load_hour_to_snowflake to None, run_after=None
[2025-07-30T15:18:35.672+0000] {processor.py:183} INFO - Processing /opt/airflow/dags/load_hour_to_snowflake.py took 0.077 seconds
[2025-07-30T15:19:06.531+0000] {processor.py:161} INFO - Started process (PID=1162) to work on /opt/airflow/dags/load_hour_to_snowflake.py
[2025-07-30T15:19:06.532+0000] {processor.py:830} INFO - Processing file /opt/airflow/dags/load_hour_to_snowflake.py for tasks to queue
[2025-07-30T15:19:06.534+0000] {logging_mixin.py:188} INFO - [2025-07-30T15:19:06.534+0000] {dagbag.py:540} INFO - Filling up the DagBag from /opt/airflow/dags/load_hour_to_snowflake.py
[2025-07-30T15:19:06.547+0000] {processor.py:840} INFO - DAG(s) 'load_hour_to_snowflake' retrieved from /opt/airflow/dags/load_hour_to_snowflake.py
[2025-07-30T15:19:06.582+0000] {logging_mixin.py:188} INFO - [2025-07-30T15:19:06.582+0000] {dag.py:3096} INFO - Sync 1 DAGs
[2025-07-30T15:19:06.599+0000] {logging_mixin.py:188} INFO - [2025-07-30T15:19:06.598+0000] {dag.py:3954} INFO - Setting next_dagrun for load_hour_to_snowflake to None, run_after=None
[2025-07-30T15:19:06.629+0000] {processor.py:183} INFO - Processing /opt/airflow/dags/load_hour_to_snowflake.py took 0.102 seconds
[2025-07-30T15:19:36.830+0000] {processor.py:161} INFO - Started process (PID=1197) to work on /opt/airflow/dags/load_hour_to_snowflake.py
[2025-07-30T15:19:36.831+0000] {processor.py:830} INFO - Processing file /opt/airflow/dags/load_hour_to_snowflake.py for tasks to queue
[2025-07-30T15:19:36.833+0000] {logging_mixin.py:188} INFO - [2025-07-30T15:19:36.833+0000] {dagbag.py:540} INFO - Filling up the DagBag from /opt/airflow/dags/load_hour_to_snowflake.py
[2025-07-30T15:19:36.847+0000] {processor.py:840} INFO - DAG(s) 'load_hour_to_snowflake' retrieved from /opt/airflow/dags/load_hour_to_snowflake.py
[2025-07-30T15:19:36.871+0000] {logging_mixin.py:188} INFO - [2025-07-30T15:19:36.870+0000] {dag.py:3096} INFO - Sync 1 DAGs
[2025-07-30T15:19:36.881+0000] {logging_mixin.py:188} INFO - [2025-07-30T15:19:36.881+0000] {dag.py:3954} INFO - Setting next_dagrun for load_hour_to_snowflake to None, run_after=None
[2025-07-30T15:19:36.899+0000] {processor.py:183} INFO - Processing /opt/airflow/dags/load_hour_to_snowflake.py took 0.074 seconds
[2025-07-30T15:20:07.017+0000] {processor.py:161} INFO - Started process (PID=1232) to work on /opt/airflow/dags/load_hour_to_snowflake.py
[2025-07-30T15:20:07.018+0000] {processor.py:830} INFO - Processing file /opt/airflow/dags/load_hour_to_snowflake.py for tasks to queue
[2025-07-30T15:20:07.020+0000] {logging_mixin.py:188} INFO - [2025-07-30T15:20:07.020+0000] {dagbag.py:540} INFO - Filling up the DagBag from /opt/airflow/dags/load_hour_to_snowflake.py
[2025-07-30T15:20:07.035+0000] {processor.py:840} INFO - DAG(s) 'load_hour_to_snowflake' retrieved from /opt/airflow/dags/load_hour_to_snowflake.py
[2025-07-30T15:20:07.061+0000] {logging_mixin.py:188} INFO - [2025-07-30T15:20:07.061+0000] {dag.py:3096} INFO - Sync 1 DAGs
[2025-07-30T15:20:07.073+0000] {logging_mixin.py:188} INFO - [2025-07-30T15:20:07.073+0000] {dag.py:3954} INFO - Setting next_dagrun for load_hour_to_snowflake to None, run_after=None
[2025-07-30T15:20:07.090+0000] {processor.py:183} INFO - Processing /opt/airflow/dags/load_hour_to_snowflake.py took 0.078 seconds
[2025-07-30T15:20:37.275+0000] {processor.py:161} INFO - Started process (PID=1267) to work on /opt/airflow/dags/load_hour_to_snowflake.py
[2025-07-30T15:20:37.276+0000] {processor.py:830} INFO - Processing file /opt/airflow/dags/load_hour_to_snowflake.py for tasks to queue
[2025-07-30T15:20:37.278+0000] {logging_mixin.py:188} INFO - [2025-07-30T15:20:37.278+0000] {dagbag.py:540} INFO - Filling up the DagBag from /opt/airflow/dags/load_hour_to_snowflake.py
[2025-07-30T15:20:37.292+0000] {processor.py:840} INFO - DAG(s) 'load_hour_to_snowflake' retrieved from /opt/airflow/dags/load_hour_to_snowflake.py
[2025-07-30T15:20:37.321+0000] {logging_mixin.py:188} INFO - [2025-07-30T15:20:37.321+0000] {dag.py:3096} INFO - Sync 1 DAGs
[2025-07-30T15:20:37.333+0000] {logging_mixin.py:188} INFO - [2025-07-30T15:20:37.332+0000] {dag.py:3954} INFO - Setting next_dagrun for load_hour_to_snowflake to None, run_after=None
[2025-07-30T15:20:37.352+0000] {processor.py:183} INFO - Processing /opt/airflow/dags/load_hour_to_snowflake.py took 0.081 seconds
[2025-07-30T15:21:07.502+0000] {processor.py:161} INFO - Started process (PID=1302) to work on /opt/airflow/dags/load_hour_to_snowflake.py
[2025-07-30T15:21:07.503+0000] {processor.py:830} INFO - Processing file /opt/airflow/dags/load_hour_to_snowflake.py for tasks to queue
[2025-07-30T15:21:07.506+0000] {logging_mixin.py:188} INFO - [2025-07-30T15:21:07.505+0000] {dagbag.py:540} INFO - Filling up the DagBag from /opt/airflow/dags/load_hour_to_snowflake.py
[2025-07-30T15:21:07.524+0000] {processor.py:840} INFO - DAG(s) 'load_hour_to_snowflake' retrieved from /opt/airflow/dags/load_hour_to_snowflake.py
[2025-07-30T15:21:07.553+0000] {logging_mixin.py:188} INFO - [2025-07-30T15:21:07.552+0000] {dag.py:3096} INFO - Sync 1 DAGs
[2025-07-30T15:21:07.566+0000] {logging_mixin.py:188} INFO - [2025-07-30T15:21:07.566+0000] {dag.py:3954} INFO - Setting next_dagrun for load_hour_to_snowflake to None, run_after=None
[2025-07-30T15:21:07.587+0000] {processor.py:183} INFO - Processing /opt/airflow/dags/load_hour_to_snowflake.py took 0.091 seconds
[2025-07-30T15:21:37.698+0000] {processor.py:161} INFO - Started process (PID=1337) to work on /opt/airflow/dags/load_hour_to_snowflake.py
[2025-07-30T15:21:37.699+0000] {processor.py:830} INFO - Processing file /opt/airflow/dags/load_hour_to_snowflake.py for tasks to queue
[2025-07-30T15:21:37.701+0000] {logging_mixin.py:188} INFO - [2025-07-30T15:21:37.701+0000] {dagbag.py:540} INFO - Filling up the DagBag from /opt/airflow/dags/load_hour_to_snowflake.py
[2025-07-30T15:21:37.717+0000] {processor.py:840} INFO - DAG(s) 'load_hour_to_snowflake' retrieved from /opt/airflow/dags/load_hour_to_snowflake.py
[2025-07-30T15:21:37.745+0000] {logging_mixin.py:188} INFO - [2025-07-30T15:21:37.745+0000] {dag.py:3096} INFO - Sync 1 DAGs
[2025-07-30T15:21:37.758+0000] {logging_mixin.py:188} INFO - [2025-07-30T15:21:37.758+0000] {dag.py:3954} INFO - Setting next_dagrun for load_hour_to_snowflake to None, run_after=None
[2025-07-30T15:21:37.777+0000] {processor.py:183} INFO - Processing /opt/airflow/dags/load_hour_to_snowflake.py took 0.083 seconds
[2025-07-30T15:22:07.996+0000] {processor.py:161} INFO - Started process (PID=1372) to work on /opt/airflow/dags/load_hour_to_snowflake.py
[2025-07-30T15:22:07.997+0000] {processor.py:830} INFO - Processing file /opt/airflow/dags/load_hour_to_snowflake.py for tasks to queue
[2025-07-30T15:22:07.999+0000] {logging_mixin.py:188} INFO - [2025-07-30T15:22:07.999+0000] {dagbag.py:540} INFO - Filling up the DagBag from /opt/airflow/dags/load_hour_to_snowflake.py
[2025-07-30T15:22:08.014+0000] {processor.py:840} INFO - DAG(s) 'load_hour_to_snowflake' retrieved from /opt/airflow/dags/load_hour_to_snowflake.py
[2025-07-30T15:22:08.041+0000] {logging_mixin.py:188} INFO - [2025-07-30T15:22:08.041+0000] {dag.py:3096} INFO - Sync 1 DAGs
[2025-07-30T15:22:08.054+0000] {logging_mixin.py:188} INFO - [2025-07-30T15:22:08.054+0000] {dag.py:3954} INFO - Setting next_dagrun for load_hour_to_snowflake to None, run_after=None
[2025-07-30T15:22:08.071+0000] {processor.py:183} INFO - Processing /opt/airflow/dags/load_hour_to_snowflake.py took 0.080 seconds
[2025-07-30T15:22:38.157+0000] {processor.py:161} INFO - Started process (PID=1407) to work on /opt/airflow/dags/load_hour_to_snowflake.py
[2025-07-30T15:22:38.158+0000] {processor.py:830} INFO - Processing file /opt/airflow/dags/load_hour_to_snowflake.py for tasks to queue
[2025-07-30T15:22:38.160+0000] {logging_mixin.py:188} INFO - [2025-07-30T15:22:38.159+0000] {dagbag.py:540} INFO - Filling up the DagBag from /opt/airflow/dags/load_hour_to_snowflake.py
[2025-07-30T15:22:38.175+0000] {processor.py:840} INFO - DAG(s) 'load_hour_to_snowflake' retrieved from /opt/airflow/dags/load_hour_to_snowflake.py
[2025-07-30T15:22:38.200+0000] {logging_mixin.py:188} INFO - [2025-07-30T15:22:38.200+0000] {dag.py:3096} INFO - Sync 1 DAGs
[2025-07-30T15:22:38.213+0000] {logging_mixin.py:188} INFO - [2025-07-30T15:22:38.213+0000] {dag.py:3954} INFO - Setting next_dagrun for load_hour_to_snowflake to None, run_after=None
[2025-07-30T15:22:38.234+0000] {processor.py:183} INFO - Processing /opt/airflow/dags/load_hour_to_snowflake.py took 0.082 seconds
[2025-07-30T15:23:08.331+0000] {processor.py:161} INFO - Started process (PID=1447) to work on /opt/airflow/dags/load_hour_to_snowflake.py
[2025-07-30T15:23:08.332+0000] {processor.py:830} INFO - Processing file /opt/airflow/dags/load_hour_to_snowflake.py for tasks to queue
[2025-07-30T15:23:08.334+0000] {logging_mixin.py:188} INFO - [2025-07-30T15:23:08.334+0000] {dagbag.py:540} INFO - Filling up the DagBag from /opt/airflow/dags/load_hour_to_snowflake.py
[2025-07-30T15:23:08.350+0000] {processor.py:840} INFO - DAG(s) 'load_hour_to_snowflake' retrieved from /opt/airflow/dags/load_hour_to_snowflake.py
[2025-07-30T15:23:08.374+0000] {logging_mixin.py:188} INFO - [2025-07-30T15:23:08.373+0000] {dag.py:3096} INFO - Sync 1 DAGs
[2025-07-30T15:23:08.384+0000] {logging_mixin.py:188} INFO - [2025-07-30T15:23:08.383+0000] {dag.py:3954} INFO - Setting next_dagrun for load_hour_to_snowflake to None, run_after=None
[2025-07-30T15:23:08.398+0000] {processor.py:183} INFO - Processing /opt/airflow/dags/load_hour_to_snowflake.py took 0.072 seconds
[2025-07-30T15:23:38.497+0000] {processor.py:161} INFO - Started process (PID=1482) to work on /opt/airflow/dags/load_hour_to_snowflake.py
[2025-07-30T15:23:38.498+0000] {processor.py:830} INFO - Processing file /opt/airflow/dags/load_hour_to_snowflake.py for tasks to queue
[2025-07-30T15:23:38.500+0000] {logging_mixin.py:188} INFO - [2025-07-30T15:23:38.499+0000] {dagbag.py:540} INFO - Filling up the DagBag from /opt/airflow/dags/load_hour_to_snowflake.py
[2025-07-30T15:23:38.514+0000] {processor.py:840} INFO - DAG(s) 'load_hour_to_snowflake' retrieved from /opt/airflow/dags/load_hour_to_snowflake.py
[2025-07-30T15:23:38.536+0000] {logging_mixin.py:188} INFO - [2025-07-30T15:23:38.535+0000] {dag.py:3096} INFO - Sync 1 DAGs
[2025-07-30T15:23:38.544+0000] {logging_mixin.py:188} INFO - [2025-07-30T15:23:38.544+0000] {dag.py:3954} INFO - Setting next_dagrun for load_hour_to_snowflake to None, run_after=None
[2025-07-30T15:23:38.558+0000] {processor.py:183} INFO - Processing /opt/airflow/dags/load_hour_to_snowflake.py took 0.066 seconds
[2025-07-30T15:24:08.675+0000] {processor.py:161} INFO - Started process (PID=1522) to work on /opt/airflow/dags/load_hour_to_snowflake.py
[2025-07-30T15:24:08.676+0000] {processor.py:830} INFO - Processing file /opt/airflow/dags/load_hour_to_snowflake.py for tasks to queue
[2025-07-30T15:24:08.678+0000] {logging_mixin.py:188} INFO - [2025-07-30T15:24:08.678+0000] {dagbag.py:540} INFO - Filling up the DagBag from /opt/airflow/dags/load_hour_to_snowflake.py
[2025-07-30T15:24:08.694+0000] {processor.py:840} INFO - DAG(s) 'load_hour_to_snowflake' retrieved from /opt/airflow/dags/load_hour_to_snowflake.py
[2025-07-30T15:24:08.720+0000] {logging_mixin.py:188} INFO - [2025-07-30T15:24:08.719+0000] {dag.py:3096} INFO - Sync 1 DAGs
[2025-07-30T15:24:08.731+0000] {logging_mixin.py:188} INFO - [2025-07-30T15:24:08.731+0000] {dag.py:3954} INFO - Setting next_dagrun for load_hour_to_snowflake to None, run_after=None
[2025-07-30T15:24:08.748+0000] {processor.py:183} INFO - Processing /opt/airflow/dags/load_hour_to_snowflake.py took 0.080 seconds
[2025-07-30T15:24:39.022+0000] {processor.py:161} INFO - Started process (PID=1557) to work on /opt/airflow/dags/load_hour_to_snowflake.py
[2025-07-30T15:24:39.025+0000] {processor.py:830} INFO - Processing file /opt/airflow/dags/load_hour_to_snowflake.py for tasks to queue
[2025-07-30T15:24:39.027+0000] {logging_mixin.py:188} INFO - [2025-07-30T15:24:39.027+0000] {dagbag.py:540} INFO - Filling up the DagBag from /opt/airflow/dags/load_hour_to_snowflake.py
[2025-07-30T15:24:39.049+0000] {processor.py:840} INFO - DAG(s) 'load_hour_to_snowflake' retrieved from /opt/airflow/dags/load_hour_to_snowflake.py
[2025-07-30T15:24:39.082+0000] {logging_mixin.py:188} INFO - [2025-07-30T15:24:39.081+0000] {dag.py:3096} INFO - Sync 1 DAGs
[2025-07-30T15:24:39.093+0000] {logging_mixin.py:188} INFO - [2025-07-30T15:24:39.093+0000] {dag.py:3954} INFO - Setting next_dagrun for load_hour_to_snowflake to None, run_after=None
[2025-07-30T15:24:39.112+0000] {processor.py:183} INFO - Processing /opt/airflow/dags/load_hour_to_snowflake.py took 0.096 seconds
[2025-07-30T15:25:09.365+0000] {processor.py:161} INFO - Started process (PID=1592) to work on /opt/airflow/dags/load_hour_to_snowflake.py
[2025-07-30T15:25:09.366+0000] {processor.py:830} INFO - Processing file /opt/airflow/dags/load_hour_to_snowflake.py for tasks to queue
[2025-07-30T15:25:09.368+0000] {logging_mixin.py:188} INFO - [2025-07-30T15:25:09.368+0000] {dagbag.py:540} INFO - Filling up the DagBag from /opt/airflow/dags/load_hour_to_snowflake.py
[2025-07-30T15:25:09.385+0000] {processor.py:840} INFO - DAG(s) 'load_hour_to_snowflake' retrieved from /opt/airflow/dags/load_hour_to_snowflake.py
[2025-07-30T15:25:09.409+0000] {logging_mixin.py:188} INFO - [2025-07-30T15:25:09.408+0000] {dag.py:3096} INFO - Sync 1 DAGs
[2025-07-30T15:25:09.418+0000] {logging_mixin.py:188} INFO - [2025-07-30T15:25:09.418+0000] {dag.py:3954} INFO - Setting next_dagrun for load_hour_to_snowflake to None, run_after=None
[2025-07-30T15:25:09.470+0000] {processor.py:183} INFO - Processing /opt/airflow/dags/load_hour_to_snowflake.py took 0.111 seconds
[2025-07-30T15:25:40.087+0000] {processor.py:161} INFO - Started process (PID=1625) to work on /opt/airflow/dags/load_hour_to_snowflake.py
[2025-07-30T15:25:40.095+0000] {processor.py:830} INFO - Processing file /opt/airflow/dags/load_hour_to_snowflake.py for tasks to queue
[2025-07-30T15:25:40.112+0000] {logging_mixin.py:188} INFO - [2025-07-30T15:25:40.110+0000] {dagbag.py:540} INFO - Filling up the DagBag from /opt/airflow/dags/load_hour_to_snowflake.py
[2025-07-30T15:25:40.147+0000] {processor.py:840} INFO - DAG(s) 'load_hour_to_snowflake' retrieved from /opt/airflow/dags/load_hour_to_snowflake.py
[2025-07-30T15:25:40.200+0000] {logging_mixin.py:188} INFO - [2025-07-30T15:25:40.199+0000] {dag.py:3096} INFO - Sync 1 DAGs
[2025-07-30T15:25:40.231+0000] {logging_mixin.py:188} INFO - [2025-07-30T15:25:40.231+0000] {dag.py:3954} INFO - Setting next_dagrun for load_hour_to_snowflake to None, run_after=None
[2025-07-30T15:25:40.259+0000] {processor.py:183} INFO - Processing /opt/airflow/dags/load_hour_to_snowflake.py took 0.179 seconds
[2025-07-30T15:26:11.428+0000] {processor.py:161} INFO - Started process (PID=1660) to work on /opt/airflow/dags/load_hour_to_snowflake.py
[2025-07-30T15:26:11.430+0000] {processor.py:830} INFO - Processing file /opt/airflow/dags/load_hour_to_snowflake.py for tasks to queue
[2025-07-30T15:26:11.432+0000] {logging_mixin.py:188} INFO - [2025-07-30T15:26:11.432+0000] {dagbag.py:540} INFO - Filling up the DagBag from /opt/airflow/dags/load_hour_to_snowflake.py
[2025-07-30T15:26:11.448+0000] {processor.py:840} INFO - DAG(s) 'load_hour_to_snowflake' retrieved from /opt/airflow/dags/load_hour_to_snowflake.py
[2025-07-30T15:26:11.484+0000] {logging_mixin.py:188} INFO - [2025-07-30T15:26:11.483+0000] {dag.py:3096} INFO - Sync 1 DAGs
[2025-07-30T15:26:11.502+0000] {logging_mixin.py:188} INFO - [2025-07-30T15:26:11.501+0000] {dag.py:3954} INFO - Setting next_dagrun for load_hour_to_snowflake to None, run_after=None
[2025-07-30T15:26:11.518+0000] {processor.py:183} INFO - Processing /opt/airflow/dags/load_hour_to_snowflake.py took 0.095 seconds
[2025-07-30T15:26:43.839+0000] {processor.py:161} INFO - Started process (PID=1697) to work on /opt/airflow/dags/load_hour_to_snowflake.py
[2025-07-30T15:26:43.840+0000] {processor.py:830} INFO - Processing file /opt/airflow/dags/load_hour_to_snowflake.py for tasks to queue
[2025-07-30T15:26:43.843+0000] {logging_mixin.py:188} INFO - [2025-07-30T15:26:43.842+0000] {dagbag.py:540} INFO - Filling up the DagBag from /opt/airflow/dags/load_hour_to_snowflake.py
[2025-07-30T15:26:43.857+0000] {processor.py:840} INFO - DAG(s) 'load_hour_to_snowflake' retrieved from /opt/airflow/dags/load_hour_to_snowflake.py
[2025-07-30T15:26:43.885+0000] {logging_mixin.py:188} INFO - [2025-07-30T15:26:43.885+0000] {dag.py:3096} INFO - Sync 1 DAGs
[2025-07-30T15:26:43.896+0000] {logging_mixin.py:188} INFO - [2025-07-30T15:26:43.895+0000] {dag.py:3954} INFO - Setting next_dagrun for load_hour_to_snowflake to None, run_after=None
[2025-07-30T15:26:43.912+0000] {processor.py:183} INFO - Processing /opt/airflow/dags/load_hour_to_snowflake.py took 0.079 seconds
[2025-07-30T15:27:14.246+0000] {processor.py:161} INFO - Started process (PID=1732) to work on /opt/airflow/dags/load_hour_to_snowflake.py
[2025-07-30T15:27:14.252+0000] {processor.py:830} INFO - Processing file /opt/airflow/dags/load_hour_to_snowflake.py for tasks to queue
[2025-07-30T15:27:14.270+0000] {logging_mixin.py:188} INFO - [2025-07-30T15:27:14.268+0000] {dagbag.py:540} INFO - Filling up the DagBag from /opt/airflow/dags/load_hour_to_snowflake.py
[2025-07-30T15:27:14.335+0000] {processor.py:840} INFO - DAG(s) 'load_hour_to_snowflake' retrieved from /opt/airflow/dags/load_hour_to_snowflake.py
[2025-07-30T15:27:14.409+0000] {logging_mixin.py:188} INFO - [2025-07-30T15:27:14.408+0000] {dag.py:3096} INFO - Sync 1 DAGs
[2025-07-30T15:27:14.419+0000] {logging_mixin.py:188} INFO - [2025-07-30T15:27:14.419+0000] {dag.py:3954} INFO - Setting next_dagrun for load_hour_to_snowflake to None, run_after=None
[2025-07-30T15:27:14.436+0000] {processor.py:183} INFO - Processing /opt/airflow/dags/load_hour_to_snowflake.py took 0.227 seconds
