[2025-07-31T12:35:19.714+0000] {local_task_job_runner.py:120} INFO - ::group::Pre task execution logs
[2025-07-31T12:35:19.739+0000] {taskinstance.py:2073} INFO - Dependencies all met for dep_context=non-requeueable deps ti=<TaskInstance: load_day_to_snowflake.load_day_data manual__2025-07-31T12:35:16.258802+00:00 [queued]>
[2025-07-31T12:35:19.745+0000] {taskinstance.py:2073} INFO - Dependencies all met for dep_context=requeueable deps ti=<TaskInstance: load_day_to_snowflake.load_day_data manual__2025-07-31T12:35:16.258802+00:00 [queued]>
[2025-07-31T12:35:19.747+0000] {taskinstance.py:2303} INFO - Starting attempt 1 of 1
[2025-07-31T12:35:19.758+0000] {taskinstance.py:2327} INFO - Executing <Task(SnowflakeOperator): load_day_data> on 2025-07-31 12:35:16.258802+00:00
[2025-07-31T12:35:19.766+0000] {standard_task_runner.py:90} INFO - Running: ['***', 'tasks', 'run', 'load_day_to_snowflake', 'load_day_data', 'manual__2025-07-31T12:35:16.258802+00:00', '--job-id', '77', '--raw', '--subdir', 'DAGS_FOLDER/load_day_to_snowflake.py', '--cfg-path', '/tmp/tmp2h_6c5vh']
[2025-07-31T12:35:19.777+0000] {logging_mixin.py:188} WARNING - /home/***/.local/lib/python3.12/site-packages/***/task/task_runner/standard_task_runner.py:61 DeprecationWarning: This process (pid=604) is multi-threaded, use of fork() may lead to deadlocks in the child.
[2025-07-31T12:35:19.781+0000] {standard_task_runner.py:91} INFO - Job 77: Subtask load_day_data
[2025-07-31T12:35:19.781+0000] {standard_task_runner.py:63} INFO - Started process 607 to run task
[2025-07-31T12:35:19.822+0000] {logging_mixin.py:188} WARNING - /home/***/.local/lib/python3.12/site-packages/***/settings.py:195 DeprecationWarning: The sql_alchemy_conn option in [core] has been moved to the sql_alchemy_conn option in [database] - the old setting has been used, but please update your config.
[2025-07-31T12:35:19.914+0000] {task_command.py:426} INFO - Running <TaskInstance: load_day_to_snowflake.load_day_data manual__2025-07-31T12:35:16.258802+00:00 [running]> on host b1b2079def93
[2025-07-31T12:35:20.050+0000] {taskinstance.py:2644} INFO - Exporting env vars: AIRFLOW_CTX_DAG_OWNER='datnguyen' AIRFLOW_CTX_DAG_ID='load_day_to_snowflake' AIRFLOW_CTX_TASK_ID='load_day_data' AIRFLOW_CTX_EXECUTION_DATE='2025-07-31T12:35:16.258802+00:00' AIRFLOW_CTX_TRY_NUMBER='1' AIRFLOW_CTX_DAG_RUN_ID='manual__2025-07-31T12:35:16.258802+00:00'
[2025-07-31T12:35:20.053+0000] {taskinstance.py:430} INFO - ::endgroup::
[2025-07-31T12:35:20.073+0000] {sql.py:276} INFO - Executing: 
        COPY INTO FACT_BIKE_RENTALS_DAY (
        DATE_KEY, SEASON_KEY, WEATHER_KEY, HOLIDAY_FLAG, WORKINGDAY_FLAG,
        TEMPERATURE, FEELING_TEMP, HUMIDITY, WINDSPEED,
        CASUAL, REGISTERED, TOTAL_COUNT
    )
    FROM @bike_stage/day_clean.csv
    FILE_FORMAT = (TYPE=CSV SKIP_HEADER=1 FIELD_OPTIONALLY_ENCLOSED_BY='"' 
                ERROR_ON_COLUMN_COUNT_MISMATCH=FALSE)
    ON_ERROR = 'CONTINUE';
    
[2025-07-31T12:35:20.087+0000] {base.py:84} INFO - Using connection ID 'my_snowflake_conn' for task execution.
[2025-07-31T12:35:20.102+0000] {base.py:84} INFO - Using connection ID 'my_snowflake_conn' for task execution.
[2025-07-31T12:35:20.103+0000] {connection.py:386} INFO - Snowflake Connector for Python Version: 3.7.1, Python Version: 3.12.2, Platform: Linux-6.6.87.2-microsoft-standard-WSL2-x86_64-with-glibc2.36
[2025-07-31T12:35:20.104+0000] {connection.py:1211} INFO - This connection is in OCSP Fail Open Mode. TLS Certificates would be checked for validity and revocation status. Any other Certificate Revocation related exceptions or OCSP Responder failures would be disregarded in favor of connectivity.
[2025-07-31T12:35:21.188+0000] {cursor.py:1032} INFO - query: [ALTER SESSION SET autocommit=False]
[2025-07-31T12:35:21.452+0000] {cursor.py:1045} INFO - query execution done
[2025-07-31T12:35:21.453+0000] {cursor.py:1205} INFO - Number of results in first chunk: 1
[2025-07-31T12:35:21.453+0000] {sql.py:457} INFO - Running statement: COPY INTO FACT_BIKE_RENTALS_DAY (
        DATE_KEY, SEASON_KEY, WEATHER_KEY, HOLIDAY_FLAG, WORKINGDAY_FLAG,
        TEMPERATURE, FEELING_TEMP, HUMIDITY, WINDSPEED,
        CASUAL, REGISTERED, TOTAL_COUNT
    )
    FROM @bike_stage/day_clean.csv
    FILE_FORMAT = (TYPE=CSV SKIP_HEADER=1 FIELD_OPTIONALLY_ENCLOSED_BY='"' 
                ERROR_ON_COLUMN_COUNT_MISMATCH=FALSE)
    ON_ERROR = 'CONTINUE';, parameters: None
[2025-07-31T12:35:21.454+0000] {cursor.py:1032} INFO - query: [COPY INTO FACT_BIKE_RENTALS_DAY ( DATE_KEY, SEASON_KEY, WEATHER_KEY, HOLIDAY_FLA...]
[2025-07-31T12:35:24.191+0000] {cursor.py:1045} INFO - query execution done
[2025-07-31T12:35:24.192+0000] {cursor.py:1205} INFO - Number of results in first chunk: 1
[2025-07-31T12:35:24.193+0000] {sql.py:466} INFO - Rows affected: 1
[2025-07-31T12:35:24.195+0000] {logging_mixin.py:188} WARNING - /home/***/.local/lib/python3.12/site-packages/***/providers/snowflake/hooks/snowflake.py:393 AirflowProviderDeprecationWarning: Call to deprecated method _make_common_data_structure. (The `_make_serializable` method is deprecated and support will be removed in a future version of the common.sql provider. Please update the DbApiHook's provider to a version based on common.sql >= 1.9.1.)
[2025-07-31T12:35:24.196+0000] {snowflake.py:402} INFO - Rows affected: 1
[2025-07-31T12:35:24.197+0000] {snowflake.py:403} INFO - Snowflake query id: 01be0e73-0000-a43d-0000-a8a10002e1c2
[2025-07-31T12:35:24.197+0000] {cursor.py:1032} INFO - query: [COMMIT]
[2025-07-31T12:35:24.675+0000] {cursor.py:1045} INFO - query execution done
[2025-07-31T12:35:24.676+0000] {cursor.py:1205} INFO - Number of results in first chunk: 1
[2025-07-31T12:35:24.676+0000] {connection.py:734} INFO - closed
[2025-07-31T12:35:24.890+0000] {connection.py:740} INFO - No async queries seem to be running, deleting session
[2025-07-31T12:35:25.196+0000] {taskinstance.py:441} INFO - ::group::Post task execution logs
[2025-07-31T12:35:25.233+0000] {taskinstance.py:1205} INFO - Marking task as SUCCESS. dag_id=load_day_to_snowflake, task_id=load_day_data, execution_date=20250731T123516, start_date=20250731T123519, end_date=20250731T123525
[2025-07-31T12:35:25.295+0000] {local_task_job_runner.py:240} INFO - Task exited with return code 0
[2025-07-31T12:35:25.314+0000] {taskinstance.py:3482} INFO - 0 downstream tasks scheduled from follow-on schedule check
[2025-07-31T12:35:25.323+0000] {local_task_job_runner.py:222} INFO - ::endgroup::
